<?xml version="1.0" encoding="UTF-8"?>
<!-- Generated by org.testng.reporters.JUnitXMLReporter -->
<testsuite ignored="18" hostname="ATPL" failures="0" tests="2" name="Test" time="176.932" errors="0" timestamp="2026-09-25T15:04:47 IST">
  <testcase classname="function.A_testClassDelete" name="deactiveAllActiveAlarms" time="80.874"/>
  <testcase classname="function.A_testClassDelete" name="deactiveBgTestActiveAlarmsFromPlaningList" time="52.694"/>
  <testcase classname="function.A_testClassDelete" name="deleteChatGroups" time="0.0">
    <ignored/>
  </testcase> <!-- deleteChatGroups -->
  <testcase classname="function.A_testClassDelete" name="deleteManualAlarm" time="0.0">
    <ignored/>
  </testcase> <!-- deleteManualAlarm -->
  <testcase classname="function.A_testClassDelete" name="deleteAlarmEscalation" time="0.0">
    <ignored/>
  </testcase> <!-- deleteAlarmEscalation -->
  <testcase classname="function.A_testClassDelete" name="deleteBhupeshTestAlarmFromAlarmList" time="0.0">
    <ignored/>
  </testcase> <!-- deleteBhupeshTestAlarmFromAlarmList -->
  <testcase classname="function.A_testClassDelete" name="deleteCalendarEventAll" time="0.0">
    <ignored/>
  </testcase> <!-- deleteCalendarEventAll -->
  <testcase classname="function.A_testClassDelete" name="deleteAvailabilityRequestFromHistory" time="0.0">
    <ignored/>
  </testcase> <!-- deleteAvailabilityRequestFromHistory -->
  <testcase classname="function.A_testClassDelete" name="deleteAlarmLoop" time="0.0">
    <ignored/>
  </testcase> <!-- deleteAlarmLoop -->
  <testcase classname="function.A_testClassDelete" name="deleteMonitorUsers" time="0.0">
    <ignored/>
  </testcase> <!-- deleteMonitorUsers -->
  <testcase classname="function.A_testClassDelete" name="deleteCalendarEvent" time="0.0">
    <ignored/>
  </testcase> <!-- deleteCalendarEvent -->
  <testcase classname="function.A_testClassDelete" name="deletedeleteEventCatogery" time="0.0">
    <ignored/>
  </testcase> <!-- deletedeleteEventCatogery -->
  <testcase classname="function.A_testClassDelete" name="deleteAvailabilityRequestFromList" time="0.0">
    <ignored/>
  </testcase> <!-- deleteAvailabilityRequestFromList -->
  <testcase classname="function.A_testClassDelete" name="deleteUsers" time="0.0">
    <ignored/>
  </testcase> <!-- deleteUsers -->
  <testcase classname="function.A_testClassDelete" name="deleteResource" time="0.0">
    <ignored/>
  </testcase> <!-- deleteResource -->
  <testcase classname="function.A_testClassDelete" name="delete_infoEvent" time="0.0">
    <ignored/>
  </testcase> <!-- delete_infoEvent -->
  <testcase classname="function.A_testClassDelete" name="deleteAlarmTemplate" time="0.0">
    <ignored/>
  </testcase> <!-- deleteAlarmTemplate -->
  <testcase classname="function.A_testClassDelete" name="deleteStaions" time="0.0">
    <ignored/>
  </testcase> <!-- deleteStaions -->
  <testcase classname="function.A_testClassDelete" name="deleteVehicleUsers" time="0.0">
    <ignored/>
  </testcase> <!-- deleteVehicleUsers -->
  <testcase classname="function.A_testClassDelete" name="deleteTestAlarmFromPlaningList" time="0.0">
    <ignored/>
  </testcase> <!-- deleteTestAlarmFromPlaningList -->
</testsuite> <!-- Test -->
