<?xml version="1.0" encoding="UTF-8"?>
<!-- Generated by org.testng.reporters.JUnitXMLReporter -->
<testsuite ignored="87" hostname="ATPL" failures="0" tests="22" name="Test" time="1018.332" errors="0" timestamp="2026-09-24T12:27:31 IST">
  <testcase classname="function.A_testClassCreate" name="createNewAlarmTemplateByResource" time="43.254"/>
  <testcase classname="function.A_testClassCreate" name="createNewAlarmTemplateByFirefighter" time="52.976"/>
  <testcase classname="function.A_testClassCreate" name="createNewAlarmLoop" time="24.838"/>
  <testcase classname="function.A_testClassCreate" name="createEventCategory" time="17.804"/>
  <testcase classname="function.A_testClassCreate" name="createChatFroupByAttributeMS" time="44.716"/>
  <testcase classname="function.A_testClassCreate" name="createChatFroupByResourceMS" time="36.537"/>
  <testcase classname="function.A_testClassCreate" name="createChatFroupByAlarmLoopsMS" time="36.923"/>
  <testcase classname="function.A_testClassCreate" name="createChatFroupByFireFighterMS" time="35.545"/>
  <testcase classname="function.A_testClassCreate" name="sendMessageToChatGroupCreatedByAttribute" time="18.251"/>
  <testcase classname="function.A_testClassCreate" name="sendMessageToChatGroupCreatedByResource" time="18.238"/>
  <testcase classname="function.A_testClassCreate" name="sendMessageToChatGroupCreatedByAlarmLoop" time="17.557"/>
  <testcase classname="function.A_testClassCreate" name="sendMessageToChatGroupCreatedByFireFighter" time="17.586"/>
  <testcase classname="function.A_testClassCreate" name="addAppUser" time="72.16"/>
  <testcase classname="function.A_testClassCreate" name="addStataionUser" time="39.395"/>
  <testcase classname="function.A_testClassCreate" name="addMultiRoleUser" time="73.676"/>
  <testcase classname="function.A_testClassCreate" name="addVehicleUser" time="25.907"/>
  <testcase classname="function.A_testClassCreate" name="addNewStation" time="19.693"/>
  <testcase classname="function.A_testClassCreate" name="editStation" time="30.95"/>
  <testcase classname="function.A_testClassCreate" name="addStationMonitor" time="30.765"/>
  <testcase classname="function.A_testClassCreate" name="editStationMonitor" time="24.885"/>
  <testcase classname="function.A_testClassCreate" name="addOverviewMonitor" time="24.629"/>
  <testcase classname="function.A_testClassCreate" name="editOverviewMonitor" time="23.852"/>
  <testcase classname="function.A_testClassCreate" name="sendMessageToApiEsclationAlarm" time="0.0">
    <ignored/>
  </testcase> <!-- sendMessageToApiEsclationAlarm -->
  <testcase classname="function.A_testClassCreate" name="createNewAlarmEscalation" time="0.0">
    <ignored/>
  </testcase> <!-- createNewAlarmEscalation -->
  <testcase classname="function.A_testClassCreate" name="CheckManualAlarmEscalationFunctionality" time="0.0">
    <ignored/>
  </testcase> <!-- CheckManualAlarmEscalationFunctionality -->
  <testcase classname="function.A_testClassCreate" name="SendMessageTo1DayInformationEventByFireFighter" time="0.0">
    <ignored/>
  </testcase> <!-- SendMessageTo1DayInformationEventByFireFighter -->
  <testcase classname="function.A_testClassCreate" name="Bhupesh_testAlarm_recursiv_monthly_date01_Attribute_0935" time="0.0">
    <ignored/>
  </testcase> <!-- Bhupesh_testAlarm_recursiv_monthly_date01_Attribute_0935 -->
  <testcase classname="function.A_testClassCreate" name="createMonitorInformationByFireFighter" time="0.0">
    <ignored/>
  </testcase> <!-- createMonitorInformationByFireFighter -->
  <testcase classname="function.A_testClassCreate" name="createCalendarEventByFireFughterMS" time="0.0">
    <ignored/>
  </testcase> <!-- createCalendarEventByFireFughterMS -->
  <testcase classname="function.A_testClassCreate" name="manualaByAttributeSingleStation" time="0.0">
    <ignored/>
  </testcase> <!-- manualaByAttributeSingleStation -->
  <testcase classname="function.A_testClassCreate" name="create1HrInformationEventByResource" time="0.0">
    <ignored/>
  </testcase> <!-- create1HrInformationEventByResource -->
  <testcase classname="function.A_testClassCreate" name="nextStage" time="0.0">
    <ignored/>
  </testcase> <!-- nextStage -->
  <testcase classname="function.A_testClassCreate" name="manualAlarmByOldEsclationTemplateFromSt02ToSt01" time="0.0">
    <ignored/>
  </testcase> <!-- manualAlarmByOldEsclationTemplateFromSt02ToSt01 -->
  <testcase classname="function.A_testClassCreate" name="TCNewAlarmLoopCheckingValidation" time="0.0">
    <ignored/>
  </testcase> <!-- TCNewAlarmLoopCheckingValidation -->
  <testcase classname="function.A_testClassCreate" name="ManualAlarForCheckEscalationAlarmCall" time="0.0">
    <ignored/>
  </testcase> <!-- ManualAlarForCheckEscalationAlarmCall -->
  <testcase classname="function.A_testClassCreate" name="Bhupesh_testAlarm_recursiv_monthly_frist_Saturday_Attribute_0920" time="0.0">
    <ignored/>
  </testcase> <!-- Bhupesh_testAlarm_recursiv_monthly_frist_Saturday_Attribute_0920 -->
  <testcase classname="function.A_testClassCreate" name="createCalendarEventByStationsMS" time="0.0">
    <ignored/>
  </testcase> <!-- createCalendarEventByStationsMS -->
  <testcase classname="function.A_testClassCreate" name="TCMonitorInformationValidationChecking" time="0.0">
    <ignored/>
  </testcase> <!-- TCMonitorInformationValidationChecking -->
  <testcase classname="function.A_testClassCreate" name="manualAlarmByNewTemplate" time="0.0">
    <ignored/>
  </testcase> <!-- manualAlarmByNewTemplate -->
  <testcase classname="function.A_testClassCreate" name="manualAlarmByEscResourceSingleStation" time="0.0">
    <ignored/>
  </testcase> <!-- manualAlarmByEscResourceSingleStation -->
  <testcase classname="function.A_testClassCreate" name="sendMessageToManualAlarmUser" time="0.0">
    <ignored/>
  </testcase> <!-- sendMessageToManualAlarmUser -->
  <testcase classname="function.A_testClassCreate" name="testAlarm_Direct_CallSmsEmail" time="0.0">
    <ignored/>
  </testcase> <!-- testAlarm_Direct_CallSmsEmail -->
  <testcase classname="function.A_testClassCreate" name="Bhupesh_testAlarm_recursiv_weekly_Wednesday_Resource_0915" time="0.0">
    <ignored/>
  </testcase> <!-- Bhupesh_testAlarm_recursiv_weekly_Wednesday_Resource_0915 -->
  <testcase classname="function.A_testClassCreate" name="createMonitorInformationByStations" time="0.0">
    <ignored/>
  </testcase> <!-- createMonitorInformationByStations -->
  <testcase classname="function.A_testClassCreate" name="TCAlarmTemplateCheckingValidation" time="0.0">
    <ignored/>
  </testcase> <!-- TCAlarmTemplateCheckingValidation -->
  <testcase classname="function.A_testClassCreate" name="TCResourceValidationChecking" time="0.0">
    <ignored/>
  </testcase> <!-- TCResourceValidationChecking -->
  <testcase classname="function.A_testClassCreate" name="TCCalenderEventValidationChecking" time="0.0">
    <ignored/>
  </testcase> <!-- TCCalenderEventValidationChecking -->
  <testcase classname="function.A_testClassCreate" name="createCalendarEventByAttribute" time="0.0">
    <ignored/>
  </testcase> <!-- createCalendarEventByAttribute -->
  <testcase classname="function.A_testClassCreate" name="addNewFile" time="0.0">
    <ignored/>
  </testcase> <!-- addNewFile -->
  <testcase classname="function.A_testClassCreate" name="smokeForEscalation" time="0.0">
    <ignored/>
  </testcase> <!-- smokeForEscalation -->
  <testcase classname="function.A_testClassCreate" name="createAlarmByNewlyAddedTemplateFromTemplateModule" time="0.0">
    <ignored/>
  </testcase> <!-- createAlarmByNewlyAddedTemplateFromTemplateModule -->
  <testcase classname="function.A_testClassCreate" name="Bhupesh_testAlarm_recursiv_daily_Attribute_0900" time="0.0">
    <ignored/>
  </testcase> <!-- Bhupesh_testAlarm_recursiv_daily_Attribute_0900 -->
  <testcase classname="function.A_testClassCreate" name="smokeForCalendar" time="0.0">
    <ignored/>
  </testcase> <!-- smokeForCalendar -->
  <testcase classname="function.A_testClassCreate" name="manualaByAttributeMSLP" time="0.0">
    <ignored/>
  </testcase> <!-- manualaByAttributeMSLP -->
  <testcase classname="function.A_testClassCreate" name="Bhupesh_testAlarm_recursiv_monthly_frist_friday_Attribute_0920" time="0.0">
    <ignored/>
  </testcase> <!-- Bhupesh_testAlarm_recursiv_monthly_frist_friday_Attribute_0920 -->
  <testcase classname="function.A_testClassCreate" name="verifyAllApiAlarmsCretaed" time="0.0">
    <ignored/>
  </testcase> <!-- verifyAllApiAlarmsCretaed -->
  <testcase classname="function.A_testClassCreate" name="create1DayInformationEventByFireFighter" time="0.0">
    <ignored/>
  </testcase> <!-- create1DayInformationEventByFireFighter -->
  <testcase classname="function.A_testClassCreate" name="createNewAlarmTemplateByAttribute" time="0.0">
    <ignored/>
  </testcase> <!-- createNewAlarmTemplateByAttribute -->
  <testcase classname="function.A_testClassCreate" name="Bhupesh_testAlarm_recursiv_weekly_friday_users_0915" time="0.0">
    <ignored/>
  </testcase> <!-- Bhupesh_testAlarm_recursiv_weekly_friday_users_0915 -->
  <testcase classname="function.A_testClassCreate" name="smokeForResource" time="0.0">
    <ignored/>
  </testcase> <!-- smokeForResource -->
  <testcase classname="function.A_testClassCreate" name="createMonitorInformationByResource" time="0.0">
    <ignored/>
  </testcase> <!-- createMonitorInformationByResource -->
  <testcase classname="function.A_testClassCreate" name="sendMessageToOldApiAlarmUser" time="0.0">
    <ignored/>
  </testcase> <!-- sendMessageToOldApiAlarmUser -->
  <testcase classname="function.A_testClassCreate" name="smokeForAlrmLoop" time="0.0">
    <ignored/>
  </testcase> <!-- smokeForAlrmLoop -->
  <testcase classname="function.A_testClassCreate" name="Bhupesh_testAlarm_recursiv_daily_Resource_1855" time="0.0">
    <ignored/>
  </testcase> <!-- Bhupesh_testAlarm_recursiv_daily_Resource_1855 -->
  <testcase classname="function.A_testClassCreate" name="TCManualAlarmMSCheckingValidation" time="0.0">
    <ignored/>
  </testcase> <!-- TCManualAlarmMSCheckingValidation -->
  <testcase classname="function.A_testClassCreate" name="CheckAlarmExtendFunctionalityNewApi" time="0.0">
    <ignored/>
  </testcase> <!-- CheckAlarmExtendFunctionalityNewApi -->
  <testcase classname="function.A_testClassCreate" name="CheckApiAlarmEscalationFunctionality" time="0.0">
    <ignored/>
  </testcase> <!-- CheckApiAlarmEscalationFunctionality -->
  <testcase classname="function.A_testClassCreate" name="Bhupes_addAttribute" time="0.0">
    <ignored/>
  </testcase> <!-- Bhupes_addAttribute -->
  <testcase classname="function.A_testClassCreate" name="create1MinInformationEventByAttribute" time="0.0">
    <ignored/>
  </testcase> <!-- create1MinInformationEventByAttribute -->
  <testcase classname="function.A_testClassCreate" name="createCalendarEventByResource" time="0.0">
    <ignored/>
  </testcase> <!-- createCalendarEventByResource -->
  <testcase classname="function.A_testClassCreate" name="Bhupesh_testAlarm_recursiv_daily_Resource_0905" time="0.0">
    <ignored/>
  </testcase> <!-- Bhupesh_testAlarm_recursiv_daily_Resource_0905 -->
  <testcase classname="function.A_testClassCreate" name="smokeForManualAlarm" time="0.0">
    <ignored/>
  </testcase> <!-- smokeForManualAlarm -->
  <testcase classname="function.A_testClassCreate" name="TestAlarm_OneTime_Attribute" time="0.0">
    <ignored/>
  </testcase> <!-- TestAlarm_OneTime_Attribute -->
  <testcase classname="function.A_testClassCreate" name="smokeForCreateManualAlarm" time="0.0">
    <ignored/>
  </testcase> <!-- smokeForCreateManualAlarm -->
  <testcase classname="function.A_testClassCreate" name="testAlarm_EscaltionCallSmsEmail" time="0.0">
    <ignored/>
  </testcase> <!-- testAlarm_EscaltionCallSmsEmail -->
  <testcase classname="function.A_testClassCreate" name="manualAlarmByEscResourceMs" time="0.0">
    <ignored/>
  </testcase> <!-- manualAlarmByEscResourceMs -->
  <testcase classname="function.A_testClassCreate" name="createMonitorInformationByAttributeWithAttachments" time="0.0">
    <ignored/>
  </testcase> <!-- createMonitorInformationByAttributeWithAttachments -->
  <testcase classname="function.A_testClassCreate" name="Bhupesh_testAlarm_recursiv_monthly_frist_friday_Resource_0925" time="0.0">
    <ignored/>
  </testcase> <!-- Bhupesh_testAlarm_recursiv_monthly_frist_friday_Resource_0925 -->
  <testcase classname="function.A_testClassCreate" name="Bhupesh_testAlarm_recursiv_monthly_date01_Resource_0940" time="0.0">
    <ignored/>
  </testcase> <!-- Bhupesh_testAlarm_recursiv_monthly_date01_Resource_0940 -->
  <testcase classname="function.A_testClassCreate" name="Bhupesh_testAlarm_recursiv_monthly_frist_friday_Users_0930" time="0.0">
    <ignored/>
  </testcase> <!-- Bhupesh_testAlarm_recursiv_monthly_frist_friday_Users_0930 -->
  <testcase classname="function.A_testClassCreate" name="testAlarm_recursiv_daily_Resource" time="0.0">
    <ignored/>
  </testcase> <!-- testAlarm_recursiv_daily_Resource -->
  <testcase classname="function.A_testClassCreate" name="Bhupesh_testAlarm_recursiv_monthly_date01_Users_0945" time="0.0">
    <ignored/>
  </testcase> <!-- Bhupesh_testAlarm_recursiv_monthly_date01_Users_0945 -->
  <testcase classname="function.A_testClassCreate" name="Bhupesh_testAlarm_recursiv_monthly_frist_Saturday_Resource_0925" time="0.0">
    <ignored/>
  </testcase> <!-- Bhupesh_testAlarm_recursiv_monthly_frist_Saturday_Resource_0925 -->
  <testcase classname="function.A_testClassCreate" name="Bhupesh_testAlarm_recursiv_weekly_monday_attribute_0915" time="0.0">
    <ignored/>
  </testcase> <!-- Bhupesh_testAlarm_recursiv_weekly_monday_attribute_0915 -->
  <testcase classname="function.A_testClassCreate" name="TestAlarm_Recursive_Monthly_DayWise_Attribute" time="0.0">
    <ignored/>
  </testcase> <!-- TestAlarm_Recursive_Monthly_DayWise_Attribute -->
  <testcase classname="function.A_testClassCreate" name="manualAlarmByUersMs" time="0.0">
    <ignored/>
  </testcase> <!-- manualAlarmByUersMs -->
  <testcase classname="function.A_testClassCreate" name="TestAlarm_Recursive_Monthly_DateyWise_Attribute" time="0.0">
    <ignored/>
  </testcase> <!-- TestAlarm_Recursive_Monthly_DateyWise_Attribute -->
  <testcase classname="function.A_testClassCreate" name="testAlarm_recursiv_weekly_users" time="0.0">
    <ignored/>
  </testcase> <!-- testAlarm_recursiv_weekly_users -->
  <testcase classname="function.A_testClassCreate" name="updateUser" time="0.0">
    <ignored/>
  </testcase> <!-- updateUser -->
  <testcase classname="function.A_testClassCreate" name="manualAlarmByNewREsource" time="0.0">
    <ignored/>
  </testcase> <!-- manualAlarmByNewREsource -->
  <testcase classname="function.A_testClassCreate" name="Bhupesh_testAlarm_recursiv_monthly_frist_Saturday_Users_0930" time="0.0">
    <ignored/>
  </testcase> <!-- Bhupesh_testAlarm_recursiv_monthly_frist_Saturday_Users_0930 -->
  <testcase classname="function.A_testClassCreate" name="manualAlarmByNewEscResource" time="0.0">
    <ignored/>
  </testcase> <!-- manualAlarmByNewEscResource -->
  <testcase classname="function.A_testClassCreate" name="createNewResource" time="0.0">
    <ignored/>
  </testcase> <!-- createNewResource -->
  <testcase classname="function.A_testClassCreate" name="createMonitorInformationByFireFighterForTwoStation" time="0.0">
    <ignored/>
  </testcase> <!-- createMonitorInformationByFireFighterForTwoStation -->
  <testcase classname="function.A_testClassCreate" name="createFullDayInformationEventByStation" time="0.0">
    <ignored/>
  </testcase> <!-- createFullDayInformationEventByStation -->
  <testcase classname="function.A_testClassCreate" name="ManualAlarForCheckExtendAlarmCall" time="0.0">
    <ignored/>
  </testcase> <!-- ManualAlarForCheckExtendAlarmCall -->
  <testcase classname="function.A_testClassCreate" name="smokeForEventCategory" time="0.0">
    <ignored/>
  </testcase> <!-- smokeForEventCategory -->
  <testcase classname="function.A_testClassCreate" name="sendMessageToNewApiAlarmUser" time="0.0">
    <ignored/>
  </testcase> <!-- sendMessageToNewApiAlarmUser -->
  <testcase classname="function.A_testClassCreate" name="manualaByAttributeExtend1To01StEscResourceFrom02" time="0.0">
    <ignored/>
  </testcase> <!-- manualaByAttributeExtend1To01StEscResourceFrom02 -->
  <testcase classname="function.A_testClassCreate" name="importEventWith1minReminder" time="0.0">
    <ignored/>
  </testcase> <!-- importEventWith1minReminder -->
  <testcase classname="function.A_testClassCreate" name="createNewEscalationResource" time="0.0">
    <ignored/>
  </testcase> <!-- createNewEscalationResource -->
  <testcase classname="function.A_testClassCreate" name="ManualAlarmForDircetCall" time="0.0">
    <ignored/>
  </testcase> <!-- ManualAlarmForDircetCall -->
  <testcase classname="function.A_testClassCreate" name="manualAlarmByResourceMsHP" time="0.0">
    <ignored/>
  </testcase> <!-- manualAlarmByResourceMsHP -->
  <testcase classname="function.A_testClassCreate" name="smokeForinformation" time="0.0">
    <ignored/>
  </testcase> <!-- smokeForinformation -->
  <testcase classname="function.A_testClassCreate" name="smokeAlarmTemplate" time="0.0">
    <ignored/>
  </testcase> <!-- smokeAlarmTemplate -->
  <testcase classname="function.A_testClassCreate" name="TCInfoeventValidationChecking" time="0.0">
    <ignored/>
  </testcase> <!-- TCInfoeventValidationChecking -->
  <testcase classname="function.A_testClassCreate" name="Bhupesh_testAlarm_recursiv_daily_Users_0910" time="0.0">
    <ignored/>
  </testcase> <!-- Bhupesh_testAlarm_recursiv_daily_Users_0910 -->
  <testcase classname="function.A_testClassCreate" name="manualAlarmByResourceMsLP" time="0.0">
    <ignored/>
  </testcase> <!-- manualAlarmByResourceMsLP -->
  <testcase classname="function.A_testClassCreate" name="importUser" time="0.0">
    <ignored/>
  </testcase> <!-- importUser -->
</testsuite> <!-- Test -->
