<?xml version="1.0" encoding="UTF-8"?>
<!-- Generated by org.testng.reporters.JUnitXMLReporter -->
<testsuite ignored="112" hostname="ATPL" failures="1" tests="1" name="Test" time="35.498" errors="0" timestamp="2026-09-25T11:27:17 IST">
  <testcase classname="function.A_testClassCreate" name="createAvailabilityRequestMultipleDays" time="12.117">
    <failure type="org.openqa.selenium.ElementNotInteractableException" message="element not interactable
  (Session info: chrome=153.0.8010.53)
Build info: version: &amp;apos;4.17.0&amp;apos;, revision: &amp;apos;e52b1be057*&amp;apos;
System info: os.name: &amp;apos;Windows 11&amp;apos;, os.arch: &amp;apos;amd64&amp;apos;, os.version: &amp;apos;10.0&amp;apos;, java.version: &amp;apos;21.0.11&amp;apos;
Driver info: org.openqa.selenium.chrome.ChromeDriver
Command: [89dc1e312a46879b54d7b7f9f95ff71b, clickElement {id=f.7AE2940C3D3D15C6B5E670D5774C00B9.d.4A0A426B05501CEAA5F417F126950857.e.2357}]
Capabilities {acceptInsecureCerts: false, browserName: chrome, browserVersion: 153.0.8010.53, chrome: {chromedriverVersion: 153.0.8010.52 (78e5e45d4bb4..., userDataDir: C:\Users\Bhupesh\AppData\Lo...}, fedcm:accounts: true, goog:chromeOptions: {debuggerAddress: localhost:61815}, goog:processID: 33128, networkConnectionEnabled: false, pageLoadStrategy: normal, platformName: windows, proxy: Proxy(), se:cdp: ws://localhost:61815/devtoo..., se:cdpVersion: 153.0.8010.53, setWindowRect: true, strictFileInteractability: false, timeouts: {implicit: 0, pageLoad: 300000, script: 30000}, unhandledPromptBehavior: dismiss and notify, webauthn:extension:cmtgKey: true, webauthn:extension:credBlob: true, webauthn:extension:largeBlob: true, webauthn:extension:minPinLength: true, webauthn:extension:prf: true, webauthn:virtualAuthenticators: true}
Element: [[ChromeDriver: chrome on windows (89dc1e312a46879b54d7b7f9f95ff71b)] -&amp;gt; xpath: //a[text()=&amp;quot;Availability Request&amp;quot;]]
Session ID: 89dc1e312a46879b54d7b7f9f95ff71b">
      <![CDATA[org.openqa.selenium.ElementNotInteractableException: element not interactable
  (Session info: chrome=153.0.8010.53)
Build info: version: '4.17.0', revision: 'e52b1be057*'
System info: os.name: 'Windows 11', os.arch: 'amd64', os.version: '10.0', java.version: '21.0.11'
Driver info: org.openqa.selenium.chrome.ChromeDriver
Command: [89dc1e312a46879b54d7b7f9f95ff71b, clickElement {id=f.7AE2940C3D3D15C6B5E670D5774C00B9.d.4A0A426B05501CEAA5F417F126950857.e.2357}]
Capabilities {acceptInsecureCerts: false, browserName: chrome, browserVersion: 153.0.8010.53, chrome: {chromedriverVersion: 153.0.8010.52 (78e5e45d4bb4..., userDataDir: C:\Users\Bhupesh\AppData\Lo...}, fedcm:accounts: true, goog:chromeOptions: {debuggerAddress: localhost:61815}, goog:processID: 33128, networkConnectionEnabled: false, pageLoadStrategy: normal, platformName: windows, proxy: Proxy(), se:cdp: ws://localhost:61815/devtoo..., se:cdpVersion: 153.0.8010.53, setWindowRect: true, strictFileInteractability: false, timeouts: {implicit: 0, pageLoad: 300000, script: 30000}, unhandledPromptBehavior: dismiss and notify, webauthn:extension:cmtgKey: true, webauthn:extension:credBlob: true, webauthn:extension:largeBlob: true, webauthn:extension:minPinLength: true, webauthn:extension:prf: true, webauthn:virtualAuthenticators: true}
Element: [[ChromeDriver: chrome on windows (89dc1e312a46879b54d7b7f9f95ff71b)] -> xpath: //a[text()="Availability Request"]]
Session ID: 89dc1e312a46879b54d7b7f9f95ff71b
at org.openqa.selenium.remote.codec.w3c.W3CHttpResponseCodec.createException(W3CHttpResponseCodec.java:185)
at org.openqa.selenium.remote.codec.w3c.W3CHttpResponseCodec.decode(W3CHttpResponseCodec.java:134)
at org.openqa.selenium.remote.codec.w3c.W3CHttpResponseCodec.decode(W3CHttpResponseCodec.java:51)
at org.openqa.selenium.remote.HttpCommandExecutor.execute(HttpCommandExecutor.java:190)
at org.openqa.selenium.remote.service.DriverCommandExecutor.invokeExecute(DriverCommandExecutor.java:216)
at org.openqa.selenium.remote.service.DriverCommandExecutor.execute(DriverCommandExecutor.java:174)
at org.openqa.selenium.remote.RemoteWebDriver.execute(RemoteWebDriver.java:519)
at org.openqa.selenium.remote.RemoteWebElement.execute(RemoteWebElement.java:223)
at org.openqa.selenium.remote.RemoteWebElement.click(RemoteWebElement.java:76)
at org.openqa.selenium.support.pagefactory.internal.LocatingElementHandler.invoke(LocatingElementHandler.java:51)
at jdk.proxy2/jdk.proxy2.$Proxy22.click(Unknown Source)
at function.S_AvailabilityRequest.createAvailabilityRequest(S_AvailabilityRequest.java:158)
at function.A_testClassCreate.createAvailabilityRequestMultipleDays(A_testClassCreate.java:237)
at java.base/java.util.ArrayList.forEach(ArrayList.java:1596)
... Removed 30 stack frames]]>
    </failure>
  </testcase> <!-- createAvailabilityRequestMultipleDays -->
  <testcase classname="function.A_testClassCreate" name="testAlarm_recursiv_weekly_users" time="0.0">
    <ignored/>
  </testcase> <!-- testAlarm_recursiv_weekly_users -->
  <testcase classname="function.A_testClassCreate" name="manualAlarmByUersMs" time="0.0">
    <ignored/>
  </testcase> <!-- manualAlarmByUersMs -->
  <testcase classname="function.A_testClassCreate" name="CheckAlarmExtendFunctionalityNewApi" time="0.0">
    <ignored/>
  </testcase> <!-- CheckAlarmExtendFunctionalityNewApi -->
  <testcase classname="function.A_testClassCreate" name="TestAlarm_Recursive_Monthly_DateyWise_Attribute" time="0.0">
    <ignored/>
  </testcase> <!-- TestAlarm_Recursive_Monthly_DateyWise_Attribute -->
  <testcase classname="function.A_testClassCreate" name="create1MinInformationEventByAttribute" time="0.0">
    <ignored/>
  </testcase> <!-- create1MinInformationEventByAttribute -->
  <testcase classname="function.A_testClassCreate" name="createCalendarEventByResource" time="0.0">
    <ignored/>
  </testcase> <!-- createCalendarEventByResource -->
  <testcase classname="function.A_testClassCreate" name="createChatFroupByAttributeMS" time="0.0">
    <ignored/>
  </testcase> <!-- createChatFroupByAttributeMS -->
  <testcase classname="function.A_testClassCreate" name="smokeForManualAlarm" time="0.0">
    <ignored/>
  </testcase> <!-- smokeForManualAlarm -->
  <testcase classname="function.A_testClassCreate" name="smokeAlarmTemplate" time="0.0">
    <ignored/>
  </testcase> <!-- smokeAlarmTemplate -->
  <testcase classname="function.A_testClassCreate" name="TestAlarm_OneTime_Attribute" time="0.0">
    <ignored/>
  </testcase> <!-- TestAlarm_OneTime_Attribute -->
  <testcase classname="function.A_testClassCreate" name="Bhupesh_testAlarm_recursiv_weekly_Wednesday_Resource_0915" time="0.0">
    <ignored/>
  </testcase> <!-- Bhupesh_testAlarm_recursiv_weekly_Wednesday_Resource_0915 -->
  <testcase classname="function.A_testClassCreate" name="Bhupesh_testAlarm_recursiv_daily_Resource_0905" time="0.0">
    <ignored/>
  </testcase> <!-- Bhupesh_testAlarm_recursiv_daily_Resource_0905 -->
  <testcase classname="function.A_testClassCreate" name="createAlarmByNewlyAddedTemplateFromTemplateModule" time="0.0">
    <ignored/>
  </testcase> <!-- createAlarmByNewlyAddedTemplateFromTemplateModule -->
  <testcase classname="function.A_testClassCreate" name="testAlarm_EscaltionCallSmsEmail" time="0.0">
    <ignored/>
  </testcase> <!-- testAlarm_EscaltionCallSmsEmail -->
  <testcase classname="function.A_testClassCreate" name="Bhupesh_testAlarm_recursiv_monthly_frist_Saturday_Resource_0925" time="0.0">
    <ignored/>
  </testcase> <!-- Bhupesh_testAlarm_recursiv_monthly_frist_Saturday_Resource_0925 -->
  <testcase classname="function.A_testClassCreate" name="Bhupesh_testAlarm_recursiv_daily_Attribute_0900" time="0.0">
    <ignored/>
  </testcase> <!-- Bhupesh_testAlarm_recursiv_daily_Attribute_0900 -->
  <testcase classname="function.A_testClassCreate" name="createChatFroupByResourceMS" time="0.0">
    <ignored/>
  </testcase> <!-- createChatFroupByResourceMS -->
  <testcase classname="function.A_testClassCreate" name="TestAlarm_Recursive_Monthly_DayWise_Attribute" time="0.0">
    <ignored/>
  </testcase> <!-- TestAlarm_Recursive_Monthly_DayWise_Attribute -->
  <testcase classname="function.A_testClassCreate" name="createCalendarEventByStationsMS" time="0.0">
    <ignored/>
  </testcase> <!-- createCalendarEventByStationsMS -->
  <testcase classname="function.A_testClassCreate" name="createMonitorInformationByFireFighterForTwoStation" time="0.0">
    <ignored/>
  </testcase> <!-- createMonitorInformationByFireFighterForTwoStation -->
  <testcase classname="function.A_testClassCreate" name="createNewResource" time="0.0">
    <ignored/>
  </testcase> <!-- createNewResource -->
  <testcase classname="function.A_testClassCreate" name="Bhupesh_testAlarm_recursiv_monthly_date01_Resource_0940" time="0.0">
    <ignored/>
  </testcase> <!-- Bhupesh_testAlarm_recursiv_monthly_date01_Resource_0940 -->
  <testcase classname="function.A_testClassCreate" name="ManualAlarForCheckExtendAlarmCall" time="0.0">
    <ignored/>
  </testcase> <!-- ManualAlarForCheckExtendAlarmCall -->
  <testcase classname="function.A_testClassCreate" name="testAlarm_recursiv_daily_Resource" time="0.0">
    <ignored/>
  </testcase> <!-- testAlarm_recursiv_daily_Resource -->
  <testcase classname="function.A_testClassCreate" name="Bhupesh_testAlarm_recursiv_monthly_frist_Saturday_Attribute_0920" time="0.0">
    <ignored/>
  </testcase> <!-- Bhupesh_testAlarm_recursiv_monthly_frist_Saturday_Attribute_0920 -->
  <testcase classname="function.A_testClassCreate" name="TCNewAlarmLoopCheckingValidation" time="0.0">
    <ignored/>
  </testcase> <!-- TCNewAlarmLoopCheckingValidation -->
  <testcase classname="function.A_testClassCreate" name="addStationMonitor" time="0.0">
    <ignored/>
  </testcase> <!-- addStationMonitor -->
  <testcase classname="function.A_testClassCreate" name="smokeForAlrmLoop" time="0.0">
    <ignored/>
  </testcase> <!-- smokeForAlrmLoop -->
  <testcase classname="function.A_testClassCreate" name="manualaByAttributeExtend1To01StEscResourceFrom02" time="0.0">
    <ignored/>
  </testcase> <!-- manualaByAttributeExtend1To01StEscResourceFrom02 -->
  <testcase classname="function.A_testClassCreate" name="sendMessageToChatGroupCreatedByFireFighter" time="0.0">
    <ignored/>
  </testcase> <!-- sendMessageToChatGroupCreatedByFireFighter -->
  <testcase classname="function.A_testClassCreate" name="sendMessageToChatGroupCreatedByResource" time="0.0">
    <ignored/>
  </testcase> <!-- sendMessageToChatGroupCreatedByResource -->
  <testcase classname="function.A_testClassCreate" name="TCMonitorInformationValidationChecking" time="0.0">
    <ignored/>
  </testcase> <!-- TCMonitorInformationValidationChecking -->
  <testcase classname="function.A_testClassCreate" name="manualAlarmByNewTemplate" time="0.0">
    <ignored/>
  </testcase> <!-- manualAlarmByNewTemplate -->
  <testcase classname="function.A_testClassCreate" name="Bhupes_addAttribute" time="0.0">
    <ignored/>
  </testcase> <!-- Bhupes_addAttribute -->
  <testcase classname="function.A_testClassCreate" name="editStation" time="0.0">
    <ignored/>
  </testcase> <!-- editStation -->
  <testcase classname="function.A_testClassCreate" name="Bhupesh_testAlarm_recursiv_daily_Resource_1855" time="0.0">
    <ignored/>
  </testcase> <!-- Bhupesh_testAlarm_recursiv_daily_Resource_1855 -->
  <testcase classname="function.A_testClassCreate" name="manualAlarmByResourceMsHP" time="0.0">
    <ignored/>
  </testcase> <!-- manualAlarmByResourceMsHP -->
  <testcase classname="function.A_testClassCreate" name="CheckManualAlarmEscalationFunctionality" time="0.0">
    <ignored/>
  </testcase> <!-- CheckManualAlarmEscalationFunctionality -->
  <testcase classname="function.A_testClassCreate" name="createMonitorInformationByResource" time="0.0">
    <ignored/>
  </testcase> <!-- createMonitorInformationByResource -->
  <testcase classname="function.A_testClassCreate" name="createMonitorInformationByStations" time="0.0">
    <ignored/>
  </testcase> <!-- createMonitorInformationByStations -->
  <testcase classname="function.A_testClassCreate" name="manualAlarmByNewEscResource" time="0.0">
    <ignored/>
  </testcase> <!-- manualAlarmByNewEscResource -->
  <testcase classname="function.A_testClassCreate" name="TCCalenderEventValidationChecking" time="0.0">
    <ignored/>
  </testcase> <!-- TCCalenderEventValidationChecking -->
  <testcase classname="function.A_testClassCreate" name="sendMessageToApiEsclationAlarm" time="0.0">
    <ignored/>
  </testcase> <!-- sendMessageToApiEsclationAlarm -->
  <testcase classname="function.A_testClassCreate" name="createNewEscalationResource" time="0.0">
    <ignored/>
  </testcase> <!-- createNewEscalationResource -->
  <testcase classname="function.A_testClassCreate" name="createCalendarEventByFireFughterMS" time="0.0">
    <ignored/>
  </testcase> <!-- createCalendarEventByFireFughterMS -->
  <testcase classname="function.A_testClassCreate" name="createCalendarEventByAttribute" time="0.0">
    <ignored/>
  </testcase> <!-- createCalendarEventByAttribute -->
  <testcase classname="function.A_testClassCreate" name="addNewStation" time="0.0">
    <ignored/>
  </testcase> <!-- addNewStation -->
  <testcase classname="function.A_testClassCreate" name="createFullDayInformationEventByStation" time="0.0">
    <ignored/>
  </testcase> <!-- createFullDayInformationEventByStation -->
  <testcase classname="function.A_testClassCreate" name="Bhupesh_testAlarm_recursiv_weekly_friday_users_0915" time="0.0">
    <ignored/>
  </testcase> <!-- Bhupesh_testAlarm_recursiv_weekly_friday_users_0915 -->
  <testcase classname="function.A_testClassCreate" name="sendMessageToOldApiAlarmUser" time="0.0">
    <ignored/>
  </testcase> <!-- sendMessageToOldApiAlarmUser -->
  <testcase classname="function.A_testClassCreate" name="Bhupesh_testAlarm_recursiv_weekly_monday_attribute_0915" time="0.0">
    <ignored/>
  </testcase> <!-- Bhupesh_testAlarm_recursiv_weekly_monday_attribute_0915 -->
  <testcase classname="function.A_testClassCreate" name="TCResourceValidationChecking" time="0.0">
    <ignored/>
  </testcase> <!-- TCResourceValidationChecking -->
  <testcase classname="function.A_testClassCreate" name="manualAlarmByOldEsclationTemplateFromSt02ToSt01" time="0.0">
    <ignored/>
  </testcase> <!-- manualAlarmByOldEsclationTemplateFromSt02ToSt01 -->
  <testcase classname="function.A_testClassCreate" name="testAlarm_Direct_CallSmsEmail" time="0.0">
    <ignored/>
  </testcase> <!-- testAlarm_Direct_CallSmsEmail -->
  <testcase classname="function.A_testClassCreate" name="manualAlarmByEscResourceSingleStation" time="0.0">
    <ignored/>
  </testcase> <!-- manualAlarmByEscResourceSingleStation -->
  <testcase classname="function.A_testClassCreate" name="TCManualAlarmMSCheckingValidation" time="0.0">
    <ignored/>
  </testcase> <!-- TCManualAlarmMSCheckingValidation -->
  <testcase classname="function.A_testClassCreate" name="smokeForResource" time="0.0">
    <ignored/>
  </testcase> <!-- smokeForResource -->
  <testcase classname="function.A_testClassCreate" name="createChatFroupByFireFighterMS" time="0.0">
    <ignored/>
  </testcase> <!-- createChatFroupByFireFighterMS -->
  <testcase classname="function.A_testClassCreate" name="createEventCategory" time="0.0">
    <ignored/>
  </testcase> <!-- createEventCategory -->
  <testcase classname="function.A_testClassCreate" name="smokeForEscalation" time="0.0">
    <ignored/>
  </testcase> <!-- smokeForEscalation -->
  <testcase classname="function.A_testClassCreate" name="verifyAllApiAlarmsCretaed" time="0.0">
    <ignored/>
  </testcase> <!-- verifyAllApiAlarmsCretaed -->
  <testcase classname="function.A_testClassCreate" name="ManualAlarmForDircetCall" time="0.0">
    <ignored/>
  </testcase> <!-- ManualAlarmForDircetCall -->
  <testcase classname="function.A_testClassCreate" name="createAvailabilityRequestRecursive" time="0.0">
    <ignored/>
  </testcase> <!-- createAvailabilityRequestRecursive -->
  <testcase classname="function.A_testClassCreate" name="addMultiRoleUser" time="0.0">
    <ignored/>
  </testcase> <!-- addMultiRoleUser -->
  <testcase classname="function.A_testClassCreate" name="createAvailabilityRequestOneTimeImmediate" time="0.0">
    <ignored/>
  </testcase> <!-- createAvailabilityRequestOneTimeImmediate -->
  <testcase classname="function.A_testClassCreate" name="updateUser" time="0.0">
    <ignored/>
  </testcase> <!-- updateUser -->
  <testcase classname="function.A_testClassCreate" name="addAppUser" time="0.0">
    <ignored/>
  </testcase> <!-- addAppUser -->
  <testcase classname="function.A_testClassCreate" name="Bhupesh_testAlarm_recursiv_monthly_date01_Users_0945" time="0.0">
    <ignored/>
  </testcase> <!-- Bhupesh_testAlarm_recursiv_monthly_date01_Users_0945 -->
  <testcase classname="function.A_testClassCreate" name="smokeForCreateManualAlarm" time="0.0">
    <ignored/>
  </testcase> <!-- smokeForCreateManualAlarm -->
  <testcase classname="function.A_testClassCreate" name="Bhupesh_testAlarm_recursiv_monthly_frist_friday_Resource_0925" time="0.0">
    <ignored/>
  </testcase> <!-- Bhupesh_testAlarm_recursiv_monthly_frist_friday_Resource_0925 -->
  <testcase classname="function.A_testClassCreate" name="smokeForCalendar" time="0.0">
    <ignored/>
  </testcase> <!-- smokeForCalendar -->
  <testcase classname="function.A_testClassCreate" name="createMonitorInformationByAttributeWithAttachments" time="0.0">
    <ignored/>
  </testcase> <!-- createMonitorInformationByAttributeWithAttachments -->
  <testcase classname="function.A_testClassCreate" name="smokeForEventCategory" time="0.0">
    <ignored/>
  </testcase> <!-- smokeForEventCategory -->
  <testcase classname="function.A_testClassCreate" name="smokeForinformation" time="0.0">
    <ignored/>
  </testcase> <!-- smokeForinformation -->
  <testcase classname="function.A_testClassCreate" name="TCInfoeventValidationChecking" time="0.0">
    <ignored/>
  </testcase> <!-- TCInfoeventValidationChecking -->
  <testcase classname="function.A_testClassCreate" name="Bhupesh_testAlarm_recursiv_monthly_frist_Saturday_Users_0930" time="0.0">
    <ignored/>
  </testcase> <!-- Bhupesh_testAlarm_recursiv_monthly_frist_Saturday_Users_0930 -->
  <testcase classname="function.A_testClassCreate" name="importEventWith1minReminder" time="0.0">
    <ignored/>
  </testcase> <!-- importEventWith1minReminder -->
  <testcase classname="function.A_testClassCreate" name="importUser" time="0.0">
    <ignored/>
  </testcase> <!-- importUser -->
  <testcase classname="function.A_testClassCreate" name="manualAlarmByResourceMsLP" time="0.0">
    <ignored/>
  </testcase> <!-- manualAlarmByResourceMsLP -->
  <testcase classname="function.A_testClassCreate" name="sendMessageToChatGroupCreatedByAttribute" time="0.0">
    <ignored/>
  </testcase> <!-- sendMessageToChatGroupCreatedByAttribute -->
  <testcase classname="function.A_testClassCreate" name="Bhupesh_testAlarm_recursiv_daily_Users_0910" time="0.0">
    <ignored/>
  </testcase> <!-- Bhupesh_testAlarm_recursiv_daily_Users_0910 -->
  <testcase classname="function.A_testClassCreate" name="Bhupesh_testAlarm_recursiv_monthly_date01_Attribute_0935" time="0.0">
    <ignored/>
  </testcase> <!-- Bhupesh_testAlarm_recursiv_monthly_date01_Attribute_0935 -->
  <testcase classname="function.A_testClassCreate" name="createNewAlarmTemplateByResource" time="0.0">
    <ignored/>
  </testcase> <!-- createNewAlarmTemplateByResource -->
  <testcase classname="function.A_testClassCreate" name="manualAlarmByNewREsource" time="0.0">
    <ignored/>
  </testcase> <!-- manualAlarmByNewREsource -->
  <testcase classname="function.A_testClassCreate" name="addVehicleUser" time="0.0">
    <ignored/>
  </testcase> <!-- addVehicleUser -->
  <testcase classname="function.A_testClassCreate" name="addOverviewMonitor" time="0.0">
    <ignored/>
  </testcase> <!-- addOverviewMonitor -->
  <testcase classname="function.A_testClassCreate" name="Bhupesh_testAlarm_recursiv_monthly_frist_friday_Users_0930" time="0.0">
    <ignored/>
  </testcase> <!-- Bhupesh_testAlarm_recursiv_monthly_frist_friday_Users_0930 -->
  <testcase classname="function.A_testClassCreate" name="manualaByAttributeSingleStation" time="0.0">
    <ignored/>
  </testcase> <!-- manualaByAttributeSingleStation -->
  <testcase classname="function.A_testClassCreate" name="sendMessageToNewApiAlarmUser" time="0.0">
    <ignored/>
  </testcase> <!-- sendMessageToNewApiAlarmUser -->
  <testcase classname="function.A_testClassCreate" name="createNewAlarmTemplateByAttribute" time="0.0">
    <ignored/>
  </testcase> <!-- createNewAlarmTemplateByAttribute -->
  <testcase classname="function.A_testClassCreate" name="createNewAlarmEscalation" time="0.0">
    <ignored/>
  </testcase> <!-- createNewAlarmEscalation -->
  <testcase classname="function.A_testClassCreate" name="ManualAlarForCheckEscalationAlarmCall" time="0.0">
    <ignored/>
  </testcase> <!-- ManualAlarForCheckEscalationAlarmCall -->
  <testcase classname="function.A_testClassCreate" name="createNewAlarmLoop" time="0.0">
    <ignored/>
  </testcase> <!-- createNewAlarmLoop -->
  <testcase classname="function.A_testClassCreate" name="createChatFroupByAlarmLoopsMS" time="0.0">
    <ignored/>
  </testcase> <!-- createChatFroupByAlarmLoopsMS -->
  <testcase classname="function.A_testClassCreate" name="editOverviewMonitor" time="0.0">
    <ignored/>
  </testcase> <!-- editOverviewMonitor -->
  <testcase classname="function.A_testClassCreate" name="nextStage" time="0.0">
    <ignored/>
  </testcase> <!-- nextStage -->
  <testcase classname="function.A_testClassCreate" name="sendMessageToManualAlarmUser" time="0.0">
    <ignored/>
  </testcase> <!-- sendMessageToManualAlarmUser -->
  <testcase classname="function.A_testClassCreate" name="create1HrInformationEventByResource" time="0.0">
    <ignored/>
  </testcase> <!-- create1HrInformationEventByResource -->
  <testcase classname="function.A_testClassCreate" name="editStationMonitor" time="0.0">
    <ignored/>
  </testcase> <!-- editStationMonitor -->
  <testcase classname="function.A_testClassCreate" name="addNewFile" time="0.0">
    <ignored/>
  </testcase> <!-- addNewFile -->
  <testcase classname="function.A_testClassCreate" name="createAvailabilityRequestOneTimeSchedule" time="0.0">
    <ignored/>
  </testcase> <!-- createAvailabilityRequestOneTimeSchedule -->
  <testcase classname="function.A_testClassCreate" name="CheckApiAlarmEscalationFunctionality" time="0.0">
    <ignored/>
  </testcase> <!-- CheckApiAlarmEscalationFunctionality -->
  <testcase classname="function.A_testClassCreate" name="TCAlarmTemplateCheckingValidation" time="0.0">
    <ignored/>
  </testcase> <!-- TCAlarmTemplateCheckingValidation -->
  <testcase classname="function.A_testClassCreate" name="createMonitorInformationByFireFighter" time="0.0">
    <ignored/>
  </testcase> <!-- createMonitorInformationByFireFighter -->
  <testcase classname="function.A_testClassCreate" name="addStataionUser" time="0.0">
    <ignored/>
  </testcase> <!-- addStataionUser -->
  <testcase classname="function.A_testClassCreate" name="create1DayInformationEventByFireFighter" time="0.0">
    <ignored/>
  </testcase> <!-- create1DayInformationEventByFireFighter -->
  <testcase classname="function.A_testClassCreate" name="createNewAlarmTemplateByFirefighter" time="0.0">
    <ignored/>
  </testcase> <!-- createNewAlarmTemplateByFirefighter -->
  <testcase classname="function.A_testClassCreate" name="sendMessageToChatGroupCreatedByAlarmLoop" time="0.0">
    <ignored/>
  </testcase> <!-- sendMessageToChatGroupCreatedByAlarmLoop -->
  <testcase classname="function.A_testClassCreate" name="SendMessageTo1DayInformationEventByFireFighter" time="0.0">
    <ignored/>
  </testcase> <!-- SendMessageTo1DayInformationEventByFireFighter -->
  <testcase classname="function.A_testClassCreate" name="manualaByAttributeMSLP" time="0.0">
    <ignored/>
  </testcase> <!-- manualaByAttributeMSLP -->
  <testcase classname="function.A_testClassCreate" name="manualAlarmByEscResourceMs" time="0.0">
    <ignored/>
  </testcase> <!-- manualAlarmByEscResourceMs -->
  <testcase classname="function.A_testClassCreate" name="Bhupesh_testAlarm_recursiv_monthly_frist_friday_Attribute_0920" time="0.0">
    <ignored/>
  </testcase> <!-- Bhupesh_testAlarm_recursiv_monthly_frist_friday_Attribute_0920 -->
</testsuite> <!-- Test -->
