<?xml version="1.0" encoding="UTF-8"?>
<!-- Generated by org.testng.reporters.JUnitXMLReporter -->
<testsuite ignored="11" hostname="LAPTOP-2GUMD0Q9" failures="2" tests="3" name="Test(failed)" time="172.617" errors="0" timestamp="2026-07-16T18:05:09 IST">
  <testcase classname="function.A_testClassDelete" name="deleteCalendarEvent" time="39.22">
    <failure type="org.openqa.selenium.ElementNotInteractableException" message="element not interactable
  (Session info: chrome=150.0.7871.115)
Build info: version: &amp;apos;4.17.0&amp;apos;, revision: &amp;apos;e52b1be057*&amp;apos;
System info: os.name: &amp;apos;Windows 11&amp;apos;, os.arch: &amp;apos;amd64&amp;apos;, os.version: &amp;apos;10.0&amp;apos;, java.version: &amp;apos;25.0.2&amp;apos;
Driver info: org.openqa.selenium.chrome.ChromeDriver
Command: [57862944de42ab3db31a8d4e9cc5257f, clickElement {id=f.E548107F559A892F8DBBC2A8F886DD78.d.06336A005C2423F7DA834F437C7E4652.e.1166}]
Capabilities {acceptInsecureCerts: false, browserName: chrome, browserVersion: 150.0.7871.115, chrome: {chromedriverVersion: 150.0.7871.124 (9261fd0a595..., userDataDir: C:\Users\BHUPESH\AppData\Lo...}, fedcm:accounts: true, goog:chromeOptions: {debuggerAddress: localhost:61208}, goog:processID: 22604, networkConnectionEnabled: false, pageLoadStrategy: normal, platformName: windows, proxy: Proxy(), se:cdp: ws://localhost:61208/devtoo..., se:cdpVersion: 150.0.7871.115, setWindowRect: true, strictFileInteractability: false, timeouts: {implicit: 0, pageLoad: 300000, script: 30000}, unhandledPromptBehavior: dismiss and notify, webauthn:extension:credBlob: true, webauthn:extension:largeBlob: true, webauthn:extension:minPinLength: true, webauthn:extension:prf: true, webauthn:virtualAuthenticators: true}
Element: [[ChromeDriver: chrome on windows (57862944de42ab3db31a8d4e9cc5257f)] -&amp;gt; xpath: (//div[@class=&amp;apos;title&amp;apos; and contains(translate(text(),&amp;apos;BG&amp;apos;,&amp;apos;bg&amp;apos;),&amp;apos;bg&amp;apos;)])[1]]
Session ID: 57862944de42ab3db31a8d4e9cc5257f">
      <![CDATA[org.openqa.selenium.ElementNotInteractableException: element not interactable
  (Session info: chrome=150.0.7871.115)
Build info: version: '4.17.0', revision: 'e52b1be057*'
System info: os.name: 'Windows 11', os.arch: 'amd64', os.version: '10.0', java.version: '25.0.2'
Driver info: org.openqa.selenium.chrome.ChromeDriver
Command: [57862944de42ab3db31a8d4e9cc5257f, clickElement {id=f.E548107F559A892F8DBBC2A8F886DD78.d.06336A005C2423F7DA834F437C7E4652.e.1166}]
Capabilities {acceptInsecureCerts: false, browserName: chrome, browserVersion: 150.0.7871.115, chrome: {chromedriverVersion: 150.0.7871.124 (9261fd0a595..., userDataDir: C:\Users\BHUPESH\AppData\Lo...}, fedcm:accounts: true, goog:chromeOptions: {debuggerAddress: localhost:61208}, goog:processID: 22604, networkConnectionEnabled: false, pageLoadStrategy: normal, platformName: windows, proxy: Proxy(), se:cdp: ws://localhost:61208/devtoo..., se:cdpVersion: 150.0.7871.115, setWindowRect: true, strictFileInteractability: false, timeouts: {implicit: 0, pageLoad: 300000, script: 30000}, unhandledPromptBehavior: dismiss and notify, webauthn:extension:credBlob: true, webauthn:extension:largeBlob: true, webauthn:extension:minPinLength: true, webauthn:extension:prf: true, webauthn:virtualAuthenticators: true}
Element: [[ChromeDriver: chrome on windows (57862944de42ab3db31a8d4e9cc5257f)] -> xpath: (//div[@class='title' and contains(translate(text(),'BG','bg'),'bg')])[1]]
Session ID: 57862944de42ab3db31a8d4e9cc5257f
at org.openqa.selenium.remote.codec.w3c.W3CHttpResponseCodec.createException(W3CHttpResponseCodec.java:185)
at org.openqa.selenium.remote.codec.w3c.W3CHttpResponseCodec.decode(W3CHttpResponseCodec.java:134)
at org.openqa.selenium.remote.codec.w3c.W3CHttpResponseCodec.decode(W3CHttpResponseCodec.java:51)
at org.openqa.selenium.remote.HttpCommandExecutor.execute(HttpCommandExecutor.java:190)
at org.openqa.selenium.remote.service.DriverCommandExecutor.invokeExecute(DriverCommandExecutor.java:216)
at org.openqa.selenium.remote.service.DriverCommandExecutor.execute(DriverCommandExecutor.java:174)
at org.openqa.selenium.remote.RemoteWebDriver.execute(RemoteWebDriver.java:519)
at org.openqa.selenium.remote.RemoteWebElement.execute(RemoteWebElement.java:223)
at org.openqa.selenium.remote.RemoteWebElement.click(RemoteWebElement.java:76)
at org.openqa.selenium.support.pagefactory.internal.LocatingElementHandler.invoke(LocatingElementHandler.java:51)
at jdk.proxy2/jdk.proxy2.$Proxy22.click(Unknown Source)
at function.K_calendar.deleteCalendarEvent(K_calendar.java:1004)
at function.A_testClassDelete.deleteCalendarEvent(A_testClassDelete.java:221)
at java.base/java.util.ArrayList.forEach(ArrayList.java:1604)
... Removed 30 stack frames]]>
    </failure>
  </testcase> <!-- deleteCalendarEvent -->
  <testcase classname="function.A_testClassDelete" name="deleteCalendarEventAll" time="37.23">
    <failure type="org.openqa.selenium.ElementNotInteractableException" message="element not interactable
  (Session info: chrome=150.0.7871.115)
Build info: version: &amp;apos;4.17.0&amp;apos;, revision: &amp;apos;e52b1be057*&amp;apos;
System info: os.name: &amp;apos;Windows 11&amp;apos;, os.arch: &amp;apos;amd64&amp;apos;, os.version: &amp;apos;10.0&amp;apos;, java.version: &amp;apos;25.0.2&amp;apos;
Driver info: org.openqa.selenium.chrome.ChromeDriver
Command: [57862944de42ab3db31a8d4e9cc5257f, clickElement {id=f.E548107F559A892F8DBBC2A8F886DD78.d.D4AB256D40269E6140FC92B7F03C6E90.e.2302}]
Capabilities {acceptInsecureCerts: false, browserName: chrome, browserVersion: 150.0.7871.115, chrome: {chromedriverVersion: 150.0.7871.124 (9261fd0a595..., userDataDir: C:\Users\BHUPESH\AppData\Lo...}, fedcm:accounts: true, goog:chromeOptions: {debuggerAddress: localhost:61208}, goog:processID: 22604, networkConnectionEnabled: false, pageLoadStrategy: normal, platformName: windows, proxy: Proxy(), se:cdp: ws://localhost:61208/devtoo..., se:cdpVersion: 150.0.7871.115, setWindowRect: true, strictFileInteractability: false, timeouts: {implicit: 0, pageLoad: 300000, script: 30000}, unhandledPromptBehavior: dismiss and notify, webauthn:extension:credBlob: true, webauthn:extension:largeBlob: true, webauthn:extension:minPinLength: true, webauthn:extension:prf: true, webauthn:virtualAuthenticators: true}
Element: [[ChromeDriver: chrome on windows (57862944de42ab3db31a8d4e9cc5257f)] -&amp;gt; xpath: (//div[@_ngcontent-ng-c2081891678 and @class=&amp;quot;month-template&amp;quot;])[1]]
Session ID: 57862944de42ab3db31a8d4e9cc5257f">
      <![CDATA[org.openqa.selenium.ElementNotInteractableException: element not interactable
  (Session info: chrome=150.0.7871.115)
Build info: version: '4.17.0', revision: 'e52b1be057*'
System info: os.name: 'Windows 11', os.arch: 'amd64', os.version: '10.0', java.version: '25.0.2'
Driver info: org.openqa.selenium.chrome.ChromeDriver
Command: [57862944de42ab3db31a8d4e9cc5257f, clickElement {id=f.E548107F559A892F8DBBC2A8F886DD78.d.D4AB256D40269E6140FC92B7F03C6E90.e.2302}]
Capabilities {acceptInsecureCerts: false, browserName: chrome, browserVersion: 150.0.7871.115, chrome: {chromedriverVersion: 150.0.7871.124 (9261fd0a595..., userDataDir: C:\Users\BHUPESH\AppData\Lo...}, fedcm:accounts: true, goog:chromeOptions: {debuggerAddress: localhost:61208}, goog:processID: 22604, networkConnectionEnabled: false, pageLoadStrategy: normal, platformName: windows, proxy: Proxy(), se:cdp: ws://localhost:61208/devtoo..., se:cdpVersion: 150.0.7871.115, setWindowRect: true, strictFileInteractability: false, timeouts: {implicit: 0, pageLoad: 300000, script: 30000}, unhandledPromptBehavior: dismiss and notify, webauthn:extension:credBlob: true, webauthn:extension:largeBlob: true, webauthn:extension:minPinLength: true, webauthn:extension:prf: true, webauthn:virtualAuthenticators: true}
Element: [[ChromeDriver: chrome on windows (57862944de42ab3db31a8d4e9cc5257f)] -> xpath: (//div[@_ngcontent-ng-c2081891678 and @class="month-template"])[1]]
Session ID: 57862944de42ab3db31a8d4e9cc5257f
at org.openqa.selenium.remote.codec.w3c.W3CHttpResponseCodec.createException(W3CHttpResponseCodec.java:185)
at org.openqa.selenium.remote.codec.w3c.W3CHttpResponseCodec.decode(W3CHttpResponseCodec.java:134)
at org.openqa.selenium.remote.codec.w3c.W3CHttpResponseCodec.decode(W3CHttpResponseCodec.java:51)
at org.openqa.selenium.remote.HttpCommandExecutor.execute(HttpCommandExecutor.java:190)
at org.openqa.selenium.remote.service.DriverCommandExecutor.invokeExecute(DriverCommandExecutor.java:216)
at org.openqa.selenium.remote.service.DriverCommandExecutor.execute(DriverCommandExecutor.java:174)
at org.openqa.selenium.remote.RemoteWebDriver.execute(RemoteWebDriver.java:519)
at org.openqa.selenium.remote.RemoteWebElement.execute(RemoteWebElement.java:223)
at org.openqa.selenium.remote.RemoteWebElement.click(RemoteWebElement.java:76)
at org.openqa.selenium.support.pagefactory.internal.LocatingElementHandler.invoke(LocatingElementHandler.java:51)
at jdk.proxy2/jdk.proxy2.$Proxy22.click(Unknown Source)
at function.K_calendar.deleteCalendarEventAll(K_calendar.java:1060)
at function.A_testClassDelete.deleteCalendarEventAll(A_testClassDelete.java:206)
at java.base/java.util.ArrayList.forEach(ArrayList.java:1604)
... Removed 30 stack frames]]>
    </failure>
  </testcase> <!-- deleteCalendarEventAll -->
  <testcase classname="function.A_testClassDelete" name="delete_infoEvent" time="35.379"/>
  <testcase classname="function.A_testClassDelete" name="deleteResource" time="0.0">
    <ignored/>
  </testcase> <!-- deleteResource -->
  <testcase classname="function.A_testClassDelete" name="deleteChatGroups" time="0.0">
    <ignored/>
  </testcase> <!-- deleteChatGroups -->
  <testcase classname="function.A_testClassDelete" name="deleteManualAlarm" time="0.0">
    <ignored/>
  </testcase> <!-- deleteManualAlarm -->
  <testcase classname="function.A_testClassDelete" name="deleteAlarmEscalation" time="0.0">
    <ignored/>
  </testcase> <!-- deleteAlarmEscalation -->
  <testcase classname="function.A_testClassDelete" name="deleteUsers" time="0.0">
    <ignored/>
  </testcase> <!-- deleteUsers -->
  <testcase classname="function.A_testClassDelete" name="deleteTestAlarmFromPlaningList" time="0.0">
    <ignored/>
  </testcase> <!-- deleteTestAlarmFromPlaningList -->
  <testcase classname="function.A_testClassDelete" name="deletedeleteEventCatogery" time="0.0">
    <ignored/>
  </testcase> <!-- deletedeleteEventCatogery -->
  <testcase classname="function.A_testClassDelete" name="deleteAlarmTemplate" time="0.0">
    <ignored/>
  </testcase> <!-- deleteAlarmTemplate -->
  <testcase classname="function.A_testClassDelete" name="deleteTestAlarmFromAlarmList" time="0.0">
    <ignored/>
  </testcase> <!-- deleteTestAlarmFromAlarmList -->
  <testcase classname="function.A_testClassDelete" name="deleteAlarmLoop" time="0.0">
    <ignored/>
  </testcase> <!-- deleteAlarmLoop -->
  <testcase classname="function.A_testClassDelete" name="deleteVehicleUsers" time="0.0">
    <ignored/>
  </testcase> <!-- deleteVehicleUsers -->
</testsuite> <!-- Test(failed) -->
