<?xml version="1.0" encoding="UTF-8"?>
<testng-results ignored="0" total="22" passed="22" failed="0" skipped="0">
  <reporter-output>
    <line>
      <![CDATA[Well come to RETTERAlarm Live branch-Andrew Department]]>
    </line>
    <line>
      <![CDATA[Logged in user-bhupesh+live_bhdeptuser@atinatechnology.in]]>
    </line>
    <line>
      <![CDATA[ ]]>
    </line>
    <line>
      <![CDATA[The process of creating new alarm template by resource is started.]]>
    </line>
    <line>
      <![CDATA[[32m✔ [0m[32m✔ [0mThe process of creating new alarm template by resource is complete.]]>
    </line>
    <line>
      <![CDATA[ ]]>
    </line>
    <line>
      <![CDATA[ ]]>
    </line>
    <line>
      <![CDATA[The process of creating new alarm template by fire fighter is started.]]>
    </line>
    <line>
      <![CDATA[[32m✔ [0m[32m✔ [0mThe process of creating new alarm template by fire fighter is complete.]]>
    </line>
    <line>
      <![CDATA[ ]]>
    </line>
    <line>
      <![CDATA[ ]]>
    </line>
    <line>
      <![CDATA[The process of creating new alarm loop is started.]]>
    </line>
    <line>
      <![CDATA[[32m✔ [0m[32m✔ [0mThe process of creating new alarm loop is is complete.]]>
    </line>
    <line>
      <![CDATA[ ]]>
    </line>
    <line>
      <![CDATA[ ]]>
    </line>
    <line>
      <![CDATA[The process for creating event category  has been initiated..]]>
    </line>
    <line>
      <![CDATA[[32m✔ [0m[32m✔ [0mThe process for ccreating event category has been completed successfully.]]>
    </line>
    <line>
      <![CDATA[ ]]>
    </line>
    <line>
      <![CDATA[ ]]>
    </line>
    <line>
      <![CDATA[The process of create chat group by attribute is started.]]>
    </line>
    <line>
      <![CDATA[[32m✔ [0m[32m✔ [0mThe process of create chat group by attribute is complete.]]>
    </line>
    <line>
      <![CDATA[ ]]>
    </line>
    <line>
      <![CDATA[ ]]>
    </line>
    <line>
      <![CDATA[The process of create chat group by resource is started.]]>
    </line>
    <line>
      <![CDATA[[32m✔ [0m[32m✔ [0mThe process of create chat group by resource is complete.]]>
    </line>
    <line>
      <![CDATA[ ]]>
    </line>
    <line>
      <![CDATA[ ]]>
    </line>
    <line>
      <![CDATA[The process of create chat group by alarm loop is started.]]>
    </line>
    <line>
      <![CDATA[[32m✔ [0m[32m✔ [0mThe process of create chat group by alarm loop is complete.]]>
    </line>
    <line>
      <![CDATA[ ]]>
    </line>
    <line>
      <![CDATA[ ]]>
    </line>
    <line>
      <![CDATA[The process of create chat group by fire fighter is started.]]>
    </line>
    <line>
      <![CDATA[[32m✔ [0m[32m✔ [0mThe process of create chat group by fire fighter is complete.]]>
    </line>
    <line>
      <![CDATA[ ]]>
    </line>
    <line>
      <![CDATA[ ]]>
    </line>
    <line>
      <![CDATA[The process of send message to chat group by attribute is started.]]>
    </line>
    <line>
      <![CDATA[[32m✔ [0m[32m✔ [0mThe process of send message to chat group by attribute is complete.]]>
    </line>
    <line>
      <![CDATA[ ]]>
    </line>
    <line>
      <![CDATA[ ]]>
    </line>
    <line>
      <![CDATA[The process of send message to chat group by resource is started.]]>
    </line>
    <line>
      <![CDATA[[32m✔ [0m[32m✔ [0mThe process of send message to chat group by resource is complete.]]>
    </line>
    <line>
      <![CDATA[ ]]>
    </line>
    <line>
      <![CDATA[ ]]>
    </line>
    <line>
      <![CDATA[The process of send message to chat group by alarm loop is started.]]>
    </line>
    <line>
      <![CDATA[[32m✔ [0m[32m✔ [0mThe process of send message to chat group by alarm loop is complete.]]>
    </line>
    <line>
      <![CDATA[ ]]>
    </line>
    <line>
      <![CDATA[ ]]>
    </line>
    <line>
      <![CDATA[The process of send message to chat group by fire fighter is started.]]>
    </line>
    <line>
      <![CDATA[[32m✔ [0m[32m✔ [0mThe process of send message to chat group by fire fighter is complete.]]>
    </line>
    <line>
      <![CDATA[ ]]>
    </line>
    <line>
      <![CDATA[ ]]>
    </line>
    <line>
      <![CDATA[The process of add firefighter is started.]]>
    </line>
    <line>
      <![CDATA[[32m✔ [0m[32m✔ [0mThe process of add App user is complete.]]>
    </line>
    <line>
      <![CDATA[ ]]>
    </line>
    <line>
      <![CDATA[ ]]>
    </line>
    <line>
      <![CDATA[The process of add station user is started.]]>
    </line>
    <line>
      <![CDATA[[32m✔ [0m[32m✔ [0mThe process of add Station user is complete.]]>
    </line>
    <line>
      <![CDATA[ ]]>
    </line>
    <line>
      <![CDATA[ ]]>
    </line>
    <line>
      <![CDATA[The process of add station user is started.]]>
    </line>
    <line>
      <![CDATA[[32m✔ [0m[32m✔ [0mThe process of add multi role user is complete.]]>
    </line>
    <line>
      <![CDATA[ ]]>
    </line>
    <line>
      <![CDATA[ ]]>
    </line>
    <line>
      <![CDATA[The process of add vehicle user is started.]]>
    </line>
    <line>
      <![CDATA[[32m✔ [0m[32m✔ [0mThe process of add vehicle user is complete.]]>
    </line>
    <line>
      <![CDATA[ ]]>
    </line>
    <line>
      <![CDATA[ ]]>
    </line>
    <line>
      <![CDATA[The process of add new station is started.]]>
    </line>
    <line>
      <![CDATA[[32m✔ [0m[32m✔ [0mThe process of add new station is complete.]]>
    </line>
    <line>
      <![CDATA[ ]]>
    </line>
    <line>
      <![CDATA[ ]]>
    </line>
    <line>
      <![CDATA[The process of edit new station is started.]]>
    </line>
    <line>
      <![CDATA[[32m✔ [0m[32m✔ [0mThe process of edit new station is complete.]]>
    </line>
    <line>
      <![CDATA[ ]]>
    </line>
    <line>
      <![CDATA[ ]]>
    </line>
    <line>
      <![CDATA[The process of add new station monitor is started.]]>
    </line>
    <line>
      <![CDATA[[32m✔ [0m[32m✔ [0mThe process of add new station monitor is complete.]]>
    </line>
    <line>
      <![CDATA[ ]]>
    </line>
    <line>
      <![CDATA[ ]]>
    </line>
    <line>
      <![CDATA[The process of edit new station monitor is started.]]>
    </line>
    <line>
      <![CDATA[[32m✔ [0m[32m✔ [0mThe process of edit new station monitor is complete.]]>
    </line>
    <line>
      <![CDATA[ ]]>
    </line>
    <line>
      <![CDATA[ ]]>
    </line>
    <line>
      <![CDATA[The process of add new overview monitor is started.]]>
    </line>
    <line>
      <![CDATA[[32m✔ [0m[32m✔ [0mThe process of add new overview monitor is complete.]]>
    </line>
    <line>
      <![CDATA[ ]]>
    </line>
    <line>
      <![CDATA[ ]]>
    </line>
    <line>
      <![CDATA[The process of edit new overview monitor is started.]]>
    </line>
    <line>
      <![CDATA[[32m✔ [0m[32m✔ [0mThe process of edit new overview monitor is complete.]]>
    </line>
    <line>
      <![CDATA[ ]]>
    </line>
    <line>
      <![CDATA[Logout sucessfully.]]>
    </line>
    <line>
      <![CDATA[ ]]>
    </line>
    <line>
      <![CDATA[Refresh the URL before successfully closing the browser.]]>
    </line>
    <line>
      <![CDATA[Browser close sucessfully.]]>
    </line>
    <line>
      <![CDATA[ ]]>
    </line>
    <line>
      <![CDATA[Good to see you again.]]>
    </line>
  </reporter-output>
  <suite started-at="2026-09-24T12:10:33 IST" name="Suite" finished-at="2026-09-24T12:27:31 IST" duration-ms="1018332">
    <groups>
    </groups>
    <test started-at="2026-09-24T12:10:33 IST" name="Test" finished-at="2026-09-24T12:27:31 IST" duration-ms="1018332">
      <class name="function.A_testClassCreate">
        <test-method is-config="true" signature="BeforeSuite()[pri:0, instance:function.A_testClassCreate@1e178745]" started-at="2026-09-24T12:10:27 IST" name="BeforeSuite" finished-at="2026-09-24T12:10:33 IST" duration-ms="5516" status="PASS">
          <reporter-output>
            <line>
              <![CDATA[Well come to RETTERAlarm Live branch-Andrew Department]]>
            </line>
          </reporter-output>
        </test-method> <!-- BeforeSuite -->
        <test-method is-config="true" signature="BeforeTest()[pri:0, instance:function.A_testClassCreate@1e178745]" started-at="2026-09-24T12:10:33 IST" name="BeforeTest" finished-at="2026-09-24T12:10:39 IST" duration-ms="6607" status="PASS">
          <reporter-output>
            <line>
              <![CDATA[Logged in user-bhupesh+live_bhdeptuser@atinatechnology.in]]>
            </line>
          </reporter-output>
        </test-method> <!-- BeforeTest -->
        <test-method is-config="true" signature="createObject()[pri:0, instance:function.A_testClassCreate@1e178745]" started-at="2026-09-24T12:10:39 IST" name="createObject" finished-at="2026-09-24T12:10:39 IST" duration-ms="5" status="PASS">
          <reporter-output>
          </reporter-output>
        </test-method> <!-- createObject -->
        <test-method is-config="true" signature="backToHomePage()[pri:0, instance:function.A_testClassCreate@1e178745]" started-at="2026-09-24T12:10:40 IST" name="backToHomePage" finished-at="2026-09-24T12:10:41 IST" duration-ms="1429" status="PASS">
          <reporter-output>
          </reporter-output>
        </test-method> <!-- backToHomePage -->
        <test-method signature="createNewAlarmTemplateByResource()[pri:0, instance:function.A_testClassCreate@1e178745]" started-at="2026-09-24T12:10:41 IST" name="createNewAlarmTemplateByResource" finished-at="2026-09-24T12:11:24 IST" duration-ms="43254" status="PASS">
          <reporter-output>
            <line>
              <![CDATA[ ]]>
            </line>
            <line>
              <![CDATA[The process of creating new alarm template by resource is started.]]>
            </line>
            <line>
              <![CDATA[[32m✔ [0m[32m✔ [0mThe process of creating new alarm template by resource is complete.]]>
            </line>
            <line>
              <![CDATA[ ]]>
            </line>
          </reporter-output>
        </test-method> <!-- createNewAlarmTemplateByResource -->
        <test-method is-config="true" signature="backToHomePage2(org.testng.ITestResult)[pri:0, instance:function.A_testClassCreate@1e178745]" started-at="2026-09-24T12:11:24 IST" name="backToHomePage2" finished-at="2026-09-24T12:11:35 IST" duration-ms="11237" status="PASS">
          <params>
            <param index="0">
              <value>
                <![CDATA[[TestResult name=createNewAlarmTemplateByResource status=SUCCESS method=A_testClassCreate.createNewAlarmTemplateByResource()[pri:0, instance:function.A_testClassCreate@1e178745]]]]>
              </value>
            </param>
          </params>
          <reporter-output>
          </reporter-output>
        </test-method> <!-- backToHomePage2 -->
        <test-method is-config="true" signature="backToHomePage()[pri:0, instance:function.A_testClassCreate@1e178745]" started-at="2026-09-24T12:11:35 IST" name="backToHomePage" finished-at="2026-09-24T12:11:37 IST" duration-ms="1321" status="PASS">
          <reporter-output>
          </reporter-output>
        </test-method> <!-- backToHomePage -->
        <test-method signature="createNewAlarmTemplateByFirefighter()[pri:0, instance:function.A_testClassCreate@1e178745]" started-at="2026-09-24T12:11:37 IST" name="createNewAlarmTemplateByFirefighter" finished-at="2026-09-24T12:12:30 IST" duration-ms="52976" status="PASS">
          <reporter-output>
            <line>
              <![CDATA[ ]]>
            </line>
            <line>
              <![CDATA[The process of creating new alarm template by fire fighter is started.]]>
            </line>
            <line>
              <![CDATA[[32m✔ [0m[32m✔ [0mThe process of creating new alarm template by fire fighter is complete.]]>
            </line>
            <line>
              <![CDATA[ ]]>
            </line>
          </reporter-output>
        </test-method> <!-- createNewAlarmTemplateByFirefighter -->
        <test-method is-config="true" signature="backToHomePage2(org.testng.ITestResult)[pri:0, instance:function.A_testClassCreate@1e178745]" started-at="2026-09-24T12:12:30 IST" name="backToHomePage2" finished-at="2026-09-24T12:12:41 IST" duration-ms="11024" status="PASS">
          <params>
            <param index="0">
              <value>
                <![CDATA[[TestResult name=createNewAlarmTemplateByFirefighter status=SUCCESS method=A_testClassCreate.createNewAlarmTemplateByFirefighter()[pri:0, instance:function.A_testClassCreate@1e178745]]]]>
              </value>
            </param>
          </params>
          <reporter-output>
          </reporter-output>
        </test-method> <!-- backToHomePage2 -->
        <test-method is-config="true" signature="backToHomePage()[pri:0, instance:function.A_testClassCreate@1e178745]" started-at="2026-09-24T12:12:41 IST" name="backToHomePage" finished-at="2026-09-24T12:12:42 IST" duration-ms="1378" status="PASS">
          <reporter-output>
          </reporter-output>
        </test-method> <!-- backToHomePage -->
        <test-method signature="createNewAlarmLoop()[pri:0, instance:function.A_testClassCreate@1e178745]" started-at="2026-09-24T12:12:42 IST" name="createNewAlarmLoop" finished-at="2026-09-24T12:13:07 IST" duration-ms="24838" status="PASS">
          <reporter-output>
            <line>
              <![CDATA[ ]]>
            </line>
            <line>
              <![CDATA[The process of creating new alarm loop is started.]]>
            </line>
            <line>
              <![CDATA[[32m✔ [0m[32m✔ [0mThe process of creating new alarm loop is is complete.]]>
            </line>
            <line>
              <![CDATA[ ]]>
            </line>
          </reporter-output>
        </test-method> <!-- createNewAlarmLoop -->
        <test-method is-config="true" signature="backToHomePage2(org.testng.ITestResult)[pri:0, instance:function.A_testClassCreate@1e178745]" started-at="2026-09-24T12:13:07 IST" name="backToHomePage2" finished-at="2026-09-24T12:13:18 IST" duration-ms="11020" status="PASS">
          <params>
            <param index="0">
              <value>
                <![CDATA[[TestResult name=createNewAlarmLoop status=SUCCESS method=A_testClassCreate.createNewAlarmLoop()[pri:0, instance:function.A_testClassCreate@1e178745]]]]>
              </value>
            </param>
          </params>
          <reporter-output>
          </reporter-output>
        </test-method> <!-- backToHomePage2 -->
        <test-method is-config="true" signature="backToHomePage()[pri:0, instance:function.A_testClassCreate@1e178745]" started-at="2026-09-24T12:13:18 IST" name="backToHomePage" finished-at="2026-09-24T12:13:19 IST" duration-ms="1437" status="PASS">
          <reporter-output>
          </reporter-output>
        </test-method> <!-- backToHomePage -->
        <test-method signature="createEventCategory()[pri:0, instance:function.A_testClassCreate@1e178745]" started-at="2026-09-24T12:13:19 IST" name="createEventCategory" finished-at="2026-09-24T12:13:37 IST" duration-ms="17804" status="PASS">
          <reporter-output>
            <line>
              <![CDATA[ ]]>
            </line>
            <line>
              <![CDATA[The process for creating event category  has been initiated..]]>
            </line>
            <line>
              <![CDATA[[32m✔ [0m[32m✔ [0mThe process for ccreating event category has been completed successfully.]]>
            </line>
            <line>
              <![CDATA[ ]]>
            </line>
          </reporter-output>
        </test-method> <!-- createEventCategory -->
        <test-method is-config="true" signature="backToHomePage2(org.testng.ITestResult)[pri:0, instance:function.A_testClassCreate@1e178745]" started-at="2026-09-24T12:13:37 IST" name="backToHomePage2" finished-at="2026-09-24T12:13:49 IST" duration-ms="11516" status="PASS">
          <params>
            <param index="0">
              <value>
                <![CDATA[[TestResult name=createEventCategory status=SUCCESS method=A_testClassCreate.createEventCategory()[pri:0, instance:function.A_testClassCreate@1e178745]]]]>
              </value>
            </param>
          </params>
          <reporter-output>
          </reporter-output>
        </test-method> <!-- backToHomePage2 -->
        <test-method is-config="true" signature="backToHomePage()[pri:0, instance:function.A_testClassCreate@1e178745]" started-at="2026-09-24T12:13:49 IST" name="backToHomePage" finished-at="2026-09-24T12:13:51 IST" duration-ms="1759" status="PASS">
          <reporter-output>
          </reporter-output>
        </test-method> <!-- backToHomePage -->
        <test-method signature="createChatFroupByAttributeMS()[pri:0, instance:function.A_testClassCreate@1e178745]" started-at="2026-09-24T12:13:51 IST" name="createChatFroupByAttributeMS" finished-at="2026-09-24T12:14:35 IST" duration-ms="44716" status="PASS">
          <reporter-output>
            <line>
              <![CDATA[ ]]>
            </line>
            <line>
              <![CDATA[The process of create chat group by attribute is started.]]>
            </line>
            <line>
              <![CDATA[[32m✔ [0m[32m✔ [0mThe process of create chat group by attribute is complete.]]>
            </line>
            <line>
              <![CDATA[ ]]>
            </line>
          </reporter-output>
        </test-method> <!-- createChatFroupByAttributeMS -->
        <test-method is-config="true" signature="backToHomePage2(org.testng.ITestResult)[pri:0, instance:function.A_testClassCreate@1e178745]" started-at="2026-09-24T12:14:35 IST" name="backToHomePage2" finished-at="2026-09-24T12:14:47 IST" duration-ms="11810" status="PASS">
          <params>
            <param index="0">
              <value>
                <![CDATA[[TestResult name=createChatFroupByAttributeMS status=SUCCESS method=A_testClassCreate.createChatFroupByAttributeMS()[pri:0, instance:function.A_testClassCreate@1e178745]]]]>
              </value>
            </param>
          </params>
          <reporter-output>
          </reporter-output>
        </test-method> <!-- backToHomePage2 -->
        <test-method is-config="true" signature="backToHomePage()[pri:0, instance:function.A_testClassCreate@1e178745]" started-at="2026-09-24T12:14:47 IST" name="backToHomePage" finished-at="2026-09-24T12:14:48 IST" duration-ms="1358" status="PASS">
          <reporter-output>
          </reporter-output>
        </test-method> <!-- backToHomePage -->
        <test-method signature="createChatFroupByResourceMS()[pri:0, instance:function.A_testClassCreate@1e178745]" started-at="2026-09-24T12:14:48 IST" name="createChatFroupByResourceMS" finished-at="2026-09-24T12:15:25 IST" duration-ms="36537" status="PASS">
          <reporter-output>
            <line>
              <![CDATA[ ]]>
            </line>
            <line>
              <![CDATA[The process of create chat group by resource is started.]]>
            </line>
            <line>
              <![CDATA[[32m✔ [0m[32m✔ [0mThe process of create chat group by resource is complete.]]>
            </line>
            <line>
              <![CDATA[ ]]>
            </line>
          </reporter-output>
        </test-method> <!-- createChatFroupByResourceMS -->
        <test-method is-config="true" signature="backToHomePage2(org.testng.ITestResult)[pri:0, instance:function.A_testClassCreate@1e178745]" started-at="2026-09-24T12:15:25 IST" name="backToHomePage2" finished-at="2026-09-24T12:15:37 IST" duration-ms="11663" status="PASS">
          <params>
            <param index="0">
              <value>
                <![CDATA[[TestResult name=createChatFroupByResourceMS status=SUCCESS method=A_testClassCreate.createChatFroupByResourceMS()[pri:0, instance:function.A_testClassCreate@1e178745]]]]>
              </value>
            </param>
          </params>
          <reporter-output>
          </reporter-output>
        </test-method> <!-- backToHomePage2 -->
        <test-method is-config="true" signature="backToHomePage()[pri:0, instance:function.A_testClassCreate@1e178745]" started-at="2026-09-24T12:15:37 IST" name="backToHomePage" finished-at="2026-09-24T12:15:38 IST" duration-ms="1358" status="PASS">
          <reporter-output>
          </reporter-output>
        </test-method> <!-- backToHomePage -->
        <test-method signature="createChatFroupByAlarmLoopsMS()[pri:0, instance:function.A_testClassCreate@1e178745]" started-at="2026-09-24T12:15:38 IST" name="createChatFroupByAlarmLoopsMS" finished-at="2026-09-24T12:16:15 IST" duration-ms="36923" status="PASS">
          <reporter-output>
            <line>
              <![CDATA[ ]]>
            </line>
            <line>
              <![CDATA[The process of create chat group by alarm loop is started.]]>
            </line>
            <line>
              <![CDATA[[32m✔ [0m[32m✔ [0mThe process of create chat group by alarm loop is complete.]]>
            </line>
            <line>
              <![CDATA[ ]]>
            </line>
          </reporter-output>
        </test-method> <!-- createChatFroupByAlarmLoopsMS -->
        <test-method is-config="true" signature="backToHomePage2(org.testng.ITestResult)[pri:0, instance:function.A_testClassCreate@1e178745]" started-at="2026-09-24T12:16:15 IST" name="backToHomePage2" finished-at="2026-09-24T12:16:26 IST" duration-ms="11060" status="PASS">
          <params>
            <param index="0">
              <value>
                <![CDATA[[TestResult name=createChatFroupByAlarmLoopsMS status=SUCCESS method=A_testClassCreate.createChatFroupByAlarmLoopsMS()[pri:0, instance:function.A_testClassCreate@1e178745]]]]>
              </value>
            </param>
          </params>
          <reporter-output>
          </reporter-output>
        </test-method> <!-- backToHomePage2 -->
        <test-method is-config="true" signature="backToHomePage()[pri:0, instance:function.A_testClassCreate@1e178745]" started-at="2026-09-24T12:16:26 IST" name="backToHomePage" finished-at="2026-09-24T12:16:27 IST" duration-ms="1383" status="PASS">
          <reporter-output>
          </reporter-output>
        </test-method> <!-- backToHomePage -->
        <test-method signature="createChatFroupByFireFighterMS()[pri:0, instance:function.A_testClassCreate@1e178745]" started-at="2026-09-24T12:16:27 IST" name="createChatFroupByFireFighterMS" finished-at="2026-09-24T12:17:03 IST" duration-ms="35545" status="PASS">
          <reporter-output>
            <line>
              <![CDATA[ ]]>
            </line>
            <line>
              <![CDATA[The process of create chat group by fire fighter is started.]]>
            </line>
            <line>
              <![CDATA[[32m✔ [0m[32m✔ [0mThe process of create chat group by fire fighter is complete.]]>
            </line>
            <line>
              <![CDATA[ ]]>
            </line>
          </reporter-output>
        </test-method> <!-- createChatFroupByFireFighterMS -->
        <test-method is-config="true" signature="backToHomePage2(org.testng.ITestResult)[pri:0, instance:function.A_testClassCreate@1e178745]" started-at="2026-09-24T12:17:03 IST" name="backToHomePage2" finished-at="2026-09-24T12:17:14 IST" duration-ms="11411" status="PASS">
          <params>
            <param index="0">
              <value>
                <![CDATA[[TestResult name=createChatFroupByFireFighterMS status=SUCCESS method=A_testClassCreate.createChatFroupByFireFighterMS()[pri:0, instance:function.A_testClassCreate@1e178745]]]]>
              </value>
            </param>
          </params>
          <reporter-output>
          </reporter-output>
        </test-method> <!-- backToHomePage2 -->
        <test-method is-config="true" signature="backToHomePage()[pri:0, instance:function.A_testClassCreate@1e178745]" started-at="2026-09-24T12:17:14 IST" name="backToHomePage" finished-at="2026-09-24T12:17:16 IST" duration-ms="1486" status="PASS">
          <reporter-output>
          </reporter-output>
        </test-method> <!-- backToHomePage -->
        <test-method signature="sendMessageToChatGroupCreatedByAttribute()[pri:0, instance:function.A_testClassCreate@1e178745]" started-at="2026-09-24T12:17:16 IST" name="sendMessageToChatGroupCreatedByAttribute" finished-at="2026-09-24T12:17:34 IST" duration-ms="18251" status="PASS">
          <reporter-output>
            <line>
              <![CDATA[ ]]>
            </line>
            <line>
              <![CDATA[The process of send message to chat group by attribute is started.]]>
            </line>
            <line>
              <![CDATA[[32m✔ [0m[32m✔ [0mThe process of send message to chat group by attribute is complete.]]>
            </line>
            <line>
              <![CDATA[ ]]>
            </line>
          </reporter-output>
        </test-method> <!-- sendMessageToChatGroupCreatedByAttribute -->
        <test-method is-config="true" signature="backToHomePage2(org.testng.ITestResult)[pri:0, instance:function.A_testClassCreate@1e178745]" started-at="2026-09-24T12:17:34 IST" name="backToHomePage2" finished-at="2026-09-24T12:17:45 IST" duration-ms="11174" status="PASS">
          <params>
            <param index="0">
              <value>
                <![CDATA[[TestResult name=sendMessageToChatGroupCreatedByAttribute status=SUCCESS method=A_testClassCreate.sendMessageToChatGroupCreatedByAttribute()[pri:0, instance:function.A_testClassCreate@1e178745]]]]>
              </value>
            </param>
          </params>
          <reporter-output>
          </reporter-output>
        </test-method> <!-- backToHomePage2 -->
        <test-method is-config="true" signature="backToHomePage()[pri:0, instance:function.A_testClassCreate@1e178745]" started-at="2026-09-24T12:17:45 IST" name="backToHomePage" finished-at="2026-09-24T12:17:47 IST" duration-ms="1434" status="PASS">
          <reporter-output>
          </reporter-output>
        </test-method> <!-- backToHomePage -->
        <test-method signature="sendMessageToChatGroupCreatedByResource()[pri:0, instance:function.A_testClassCreate@1e178745]" started-at="2026-09-24T12:17:47 IST" name="sendMessageToChatGroupCreatedByResource" finished-at="2026-09-24T12:18:05 IST" duration-ms="18238" status="PASS">
          <reporter-output>
            <line>
              <![CDATA[ ]]>
            </line>
            <line>
              <![CDATA[The process of send message to chat group by resource is started.]]>
            </line>
            <line>
              <![CDATA[[32m✔ [0m[32m✔ [0mThe process of send message to chat group by resource is complete.]]>
            </line>
            <line>
              <![CDATA[ ]]>
            </line>
          </reporter-output>
        </test-method> <!-- sendMessageToChatGroupCreatedByResource -->
        <test-method is-config="true" signature="backToHomePage2(org.testng.ITestResult)[pri:0, instance:function.A_testClassCreate@1e178745]" started-at="2026-09-24T12:18:05 IST" name="backToHomePage2" finished-at="2026-09-24T12:18:16 IST" duration-ms="11058" status="PASS">
          <params>
            <param index="0">
              <value>
                <![CDATA[[TestResult name=sendMessageToChatGroupCreatedByResource status=SUCCESS method=A_testClassCreate.sendMessageToChatGroupCreatedByResource()[pri:0, instance:function.A_testClassCreate@1e178745]]]]>
              </value>
            </param>
          </params>
          <reporter-output>
          </reporter-output>
        </test-method> <!-- backToHomePage2 -->
        <test-method is-config="true" signature="backToHomePage()[pri:0, instance:function.A_testClassCreate@1e178745]" started-at="2026-09-24T12:18:16 IST" name="backToHomePage" finished-at="2026-09-24T12:18:17 IST" duration-ms="1365" status="PASS">
          <reporter-output>
          </reporter-output>
        </test-method> <!-- backToHomePage -->
        <test-method signature="sendMessageToChatGroupCreatedByAlarmLoop()[pri:0, instance:function.A_testClassCreate@1e178745]" started-at="2026-09-24T12:18:17 IST" name="sendMessageToChatGroupCreatedByAlarmLoop" finished-at="2026-09-24T12:18:35 IST" duration-ms="17557" status="PASS">
          <reporter-output>
            <line>
              <![CDATA[ ]]>
            </line>
            <line>
              <![CDATA[The process of send message to chat group by alarm loop is started.]]>
            </line>
            <line>
              <![CDATA[[32m✔ [0m[32m✔ [0mThe process of send message to chat group by alarm loop is complete.]]>
            </line>
            <line>
              <![CDATA[ ]]>
            </line>
          </reporter-output>
        </test-method> <!-- sendMessageToChatGroupCreatedByAlarmLoop -->
        <test-method is-config="true" signature="backToHomePage2(org.testng.ITestResult)[pri:0, instance:function.A_testClassCreate@1e178745]" started-at="2026-09-24T12:18:35 IST" name="backToHomePage2" finished-at="2026-09-24T12:18:46 IST" duration-ms="11223" status="PASS">
          <params>
            <param index="0">
              <value>
                <![CDATA[[TestResult name=sendMessageToChatGroupCreatedByAlarmLoop status=SUCCESS method=A_testClassCreate.sendMessageToChatGroupCreatedByAlarmLoop()[pri:0, instance:function.A_testClassCreate@1e178745]]]]>
              </value>
            </param>
          </params>
          <reporter-output>
          </reporter-output>
        </test-method> <!-- backToHomePage2 -->
        <test-method is-config="true" signature="backToHomePage()[pri:0, instance:function.A_testClassCreate@1e178745]" started-at="2026-09-24T12:18:46 IST" name="backToHomePage" finished-at="2026-09-24T12:18:47 IST" duration-ms="1363" status="PASS">
          <reporter-output>
          </reporter-output>
        </test-method> <!-- backToHomePage -->
        <test-method signature="sendMessageToChatGroupCreatedByFireFighter()[pri:0, instance:function.A_testClassCreate@1e178745]" started-at="2026-09-24T12:18:47 IST" name="sendMessageToChatGroupCreatedByFireFighter" finished-at="2026-09-24T12:19:05 IST" duration-ms="17586" status="PASS">
          <reporter-output>
            <line>
              <![CDATA[ ]]>
            </line>
            <line>
              <![CDATA[The process of send message to chat group by fire fighter is started.]]>
            </line>
            <line>
              <![CDATA[[32m✔ [0m[32m✔ [0mThe process of send message to chat group by fire fighter is complete.]]>
            </line>
            <line>
              <![CDATA[ ]]>
            </line>
          </reporter-output>
        </test-method> <!-- sendMessageToChatGroupCreatedByFireFighter -->
        <test-method is-config="true" signature="backToHomePage2(org.testng.ITestResult)[pri:0, instance:function.A_testClassCreate@1e178745]" started-at="2026-09-24T12:19:05 IST" name="backToHomePage2" finished-at="2026-09-24T12:19:16 IST" duration-ms="11072" status="PASS">
          <params>
            <param index="0">
              <value>
                <![CDATA[[TestResult name=sendMessageToChatGroupCreatedByFireFighter status=SUCCESS method=A_testClassCreate.sendMessageToChatGroupCreatedByFireFighter()[pri:0, instance:function.A_testClassCreate@1e178745]]]]>
              </value>
            </param>
          </params>
          <reporter-output>
          </reporter-output>
        </test-method> <!-- backToHomePage2 -->
        <test-method is-config="true" signature="backToHomePage()[pri:0, instance:function.A_testClassCreate@1e178745]" started-at="2026-09-24T12:19:16 IST" name="backToHomePage" finished-at="2026-09-24T12:19:17 IST" duration-ms="1355" status="PASS">
          <reporter-output>
          </reporter-output>
        </test-method> <!-- backToHomePage -->
        <test-method signature="addAppUser()[pri:0, instance:function.A_testClassCreate@1e178745]" started-at="2026-09-24T12:19:17 IST" name="addAppUser" finished-at="2026-09-24T12:20:30 IST" duration-ms="72160" status="PASS">
          <reporter-output>
            <line>
              <![CDATA[ ]]>
            </line>
            <line>
              <![CDATA[The process of add firefighter is started.]]>
            </line>
            <line>
              <![CDATA[[32m✔ [0m[32m✔ [0mThe process of add App user is complete.]]>
            </line>
            <line>
              <![CDATA[ ]]>
            </line>
          </reporter-output>
        </test-method> <!-- addAppUser -->
        <test-method is-config="true" signature="backToHomePage2(org.testng.ITestResult)[pri:0, instance:function.A_testClassCreate@1e178745]" started-at="2026-09-24T12:20:30 IST" name="backToHomePage2" finished-at="2026-09-24T12:20:41 IST" duration-ms="11085" status="PASS">
          <params>
            <param index="0">
              <value>
                <![CDATA[[TestResult name=addAppUser status=SUCCESS method=A_testClassCreate.addAppUser()[pri:0, instance:function.A_testClassCreate@1e178745]]]]>
              </value>
            </param>
          </params>
          <reporter-output>
          </reporter-output>
        </test-method> <!-- backToHomePage2 -->
        <test-method is-config="true" signature="backToHomePage()[pri:0, instance:function.A_testClassCreate@1e178745]" started-at="2026-09-24T12:20:41 IST" name="backToHomePage" finished-at="2026-09-24T12:20:43 IST" duration-ms="1931" status="PASS">
          <reporter-output>
          </reporter-output>
        </test-method> <!-- backToHomePage -->
        <test-method signature="addStataionUser()[pri:0, instance:function.A_testClassCreate@1e178745]" started-at="2026-09-24T12:20:43 IST" name="addStataionUser" finished-at="2026-09-24T12:21:22 IST" duration-ms="39395" status="PASS">
          <reporter-output>
            <line>
              <![CDATA[ ]]>
            </line>
            <line>
              <![CDATA[The process of add station user is started.]]>
            </line>
            <line>
              <![CDATA[[32m✔ [0m[32m✔ [0mThe process of add Station user is complete.]]>
            </line>
            <line>
              <![CDATA[ ]]>
            </line>
          </reporter-output>
        </test-method> <!-- addStataionUser -->
        <test-method is-config="true" signature="backToHomePage2(org.testng.ITestResult)[pri:0, instance:function.A_testClassCreate@1e178745]" started-at="2026-09-24T12:21:22 IST" name="backToHomePage2" finished-at="2026-09-24T12:21:33 IST" duration-ms="10956" status="PASS">
          <params>
            <param index="0">
              <value>
                <![CDATA[[TestResult name=addStataionUser status=SUCCESS method=A_testClassCreate.addStataionUser()[pri:0, instance:function.A_testClassCreate@1e178745]]]]>
              </value>
            </param>
          </params>
          <reporter-output>
          </reporter-output>
        </test-method> <!-- backToHomePage2 -->
        <test-method is-config="true" signature="backToHomePage()[pri:0, instance:function.A_testClassCreate@1e178745]" started-at="2026-09-24T12:21:33 IST" name="backToHomePage" finished-at="2026-09-24T12:21:34 IST" duration-ms="1264" status="PASS">
          <reporter-output>
          </reporter-output>
        </test-method> <!-- backToHomePage -->
        <test-method signature="addMultiRoleUser()[pri:0, instance:function.A_testClassCreate@1e178745]" started-at="2026-09-24T12:21:34 IST" name="addMultiRoleUser" finished-at="2026-09-24T12:22:48 IST" duration-ms="73676" status="PASS">
          <reporter-output>
            <line>
              <![CDATA[ ]]>
            </line>
            <line>
              <![CDATA[The process of add station user is started.]]>
            </line>
            <line>
              <![CDATA[[32m✔ [0m[32m✔ [0mThe process of add multi role user is complete.]]>
            </line>
            <line>
              <![CDATA[ ]]>
            </line>
          </reporter-output>
        </test-method> <!-- addMultiRoleUser -->
        <test-method is-config="true" signature="backToHomePage2(org.testng.ITestResult)[pri:0, instance:function.A_testClassCreate@1e178745]" started-at="2026-09-24T12:22:48 IST" name="backToHomePage2" finished-at="2026-09-24T12:22:59 IST" duration-ms="11029" status="PASS">
          <params>
            <param index="0">
              <value>
                <![CDATA[[TestResult name=addMultiRoleUser status=SUCCESS method=A_testClassCreate.addMultiRoleUser()[pri:0, instance:function.A_testClassCreate@1e178745]]]]>
              </value>
            </param>
          </params>
          <reporter-output>
          </reporter-output>
        </test-method> <!-- backToHomePage2 -->
        <test-method is-config="true" signature="backToHomePage()[pri:0, instance:function.A_testClassCreate@1e178745]" started-at="2026-09-24T12:22:59 IST" name="backToHomePage" finished-at="2026-09-24T12:23:00 IST" duration-ms="1393" status="PASS">
          <reporter-output>
          </reporter-output>
        </test-method> <!-- backToHomePage -->
        <test-method signature="addVehicleUser()[pri:0, instance:function.A_testClassCreate@1e178745]" started-at="2026-09-24T12:23:00 IST" name="addVehicleUser" finished-at="2026-09-24T12:23:26 IST" duration-ms="25907" status="PASS">
          <reporter-output>
            <line>
              <![CDATA[ ]]>
            </line>
            <line>
              <![CDATA[The process of add vehicle user is started.]]>
            </line>
            <line>
              <![CDATA[[32m✔ [0m[32m✔ [0mThe process of add vehicle user is complete.]]>
            </line>
            <line>
              <![CDATA[ ]]>
            </line>
          </reporter-output>
        </test-method> <!-- addVehicleUser -->
        <test-method is-config="true" signature="backToHomePage2(org.testng.ITestResult)[pri:0, instance:function.A_testClassCreate@1e178745]" started-at="2026-09-24T12:23:26 IST" name="backToHomePage2" finished-at="2026-09-24T12:23:37 IST" duration-ms="11222" status="PASS">
          <params>
            <param index="0">
              <value>
                <![CDATA[[TestResult name=addVehicleUser status=SUCCESS method=A_testClassCreate.addVehicleUser()[pri:0, instance:function.A_testClassCreate@1e178745]]]]>
              </value>
            </param>
          </params>
          <reporter-output>
          </reporter-output>
        </test-method> <!-- backToHomePage2 -->
        <test-method is-config="true" signature="backToHomePage()[pri:0, instance:function.A_testClassCreate@1e178745]" started-at="2026-09-24T12:23:37 IST" name="backToHomePage" finished-at="2026-09-24T12:23:39 IST" duration-ms="1329" status="PASS">
          <reporter-output>
          </reporter-output>
        </test-method> <!-- backToHomePage -->
        <test-method signature="addNewStation()[pri:0, instance:function.A_testClassCreate@1e178745]" started-at="2026-09-24T12:23:39 IST" name="addNewStation" finished-at="2026-09-24T12:23:58 IST" duration-ms="19693" status="PASS">
          <reporter-output>
            <line>
              <![CDATA[ ]]>
            </line>
            <line>
              <![CDATA[The process of add new station is started.]]>
            </line>
            <line>
              <![CDATA[[32m✔ [0m[32m✔ [0mThe process of add new station is complete.]]>
            </line>
            <line>
              <![CDATA[ ]]>
            </line>
          </reporter-output>
        </test-method> <!-- addNewStation -->
        <test-method is-config="true" signature="backToHomePage2(org.testng.ITestResult)[pri:0, instance:function.A_testClassCreate@1e178745]" started-at="2026-09-24T12:23:58 IST" name="backToHomePage2" finished-at="2026-09-24T12:24:10 IST" duration-ms="11294" status="PASS">
          <params>
            <param index="0">
              <value>
                <![CDATA[[TestResult name=addNewStation status=SUCCESS method=A_testClassCreate.addNewStation()[pri:0, instance:function.A_testClassCreate@1e178745]]]]>
              </value>
            </param>
          </params>
          <reporter-output>
          </reporter-output>
        </test-method> <!-- backToHomePage2 -->
        <test-method is-config="true" signature="backToHomePage()[pri:0, instance:function.A_testClassCreate@1e178745]" started-at="2026-09-24T12:24:10 IST" name="backToHomePage" finished-at="2026-09-24T12:24:11 IST" duration-ms="1379" status="PASS">
          <reporter-output>
          </reporter-output>
        </test-method> <!-- backToHomePage -->
        <test-method signature="editStation()[pri:0, instance:function.A_testClassCreate@1e178745]" started-at="2026-09-24T12:24:11 IST" name="editStation" finished-at="2026-09-24T12:24:42 IST" duration-ms="30950" status="PASS">
          <reporter-output>
            <line>
              <![CDATA[ ]]>
            </line>
            <line>
              <![CDATA[The process of edit new station is started.]]>
            </line>
            <line>
              <![CDATA[[32m✔ [0m[32m✔ [0mThe process of edit new station is complete.]]>
            </line>
            <line>
              <![CDATA[ ]]>
            </line>
          </reporter-output>
        </test-method> <!-- editStation -->
        <test-method is-config="true" signature="backToHomePage2(org.testng.ITestResult)[pri:0, instance:function.A_testClassCreate@1e178745]" started-at="2026-09-24T12:24:42 IST" name="backToHomePage2" finished-at="2026-09-24T12:24:53 IST" duration-ms="11184" status="PASS">
          <params>
            <param index="0">
              <value>
                <![CDATA[[TestResult name=editStation status=SUCCESS method=A_testClassCreate.editStation()[pri:0, instance:function.A_testClassCreate@1e178745]]]]>
              </value>
            </param>
          </params>
          <reporter-output>
          </reporter-output>
        </test-method> <!-- backToHomePage2 -->
        <test-method is-config="true" signature="backToHomePage()[pri:0, instance:function.A_testClassCreate@1e178745]" started-at="2026-09-24T12:24:53 IST" name="backToHomePage" finished-at="2026-09-24T12:24:55 IST" duration-ms="1880" status="PASS">
          <reporter-output>
          </reporter-output>
        </test-method> <!-- backToHomePage -->
        <test-method signature="addStationMonitor()[pri:0, instance:function.A_testClassCreate@1e178745]" started-at="2026-09-24T12:24:55 IST" name="addStationMonitor" finished-at="2026-09-24T12:25:26 IST" duration-ms="30765" status="PASS">
          <reporter-output>
            <line>
              <![CDATA[ ]]>
            </line>
            <line>
              <![CDATA[The process of add new station monitor is started.]]>
            </line>
            <line>
              <![CDATA[[32m✔ [0m[32m✔ [0mThe process of add new station monitor is complete.]]>
            </line>
            <line>
              <![CDATA[ ]]>
            </line>
          </reporter-output>
        </test-method> <!-- addStationMonitor -->
        <test-method is-config="true" signature="backToHomePage2(org.testng.ITestResult)[pri:0, instance:function.A_testClassCreate@1e178745]" started-at="2026-09-24T12:25:26 IST" name="backToHomePage2" finished-at="2026-09-24T12:25:37 IST" duration-ms="11081" status="PASS">
          <params>
            <param index="0">
              <value>
                <![CDATA[[TestResult name=addStationMonitor status=SUCCESS method=A_testClassCreate.addStationMonitor()[pri:0, instance:function.A_testClassCreate@1e178745]]]]>
              </value>
            </param>
          </params>
          <reporter-output>
          </reporter-output>
        </test-method> <!-- backToHomePage2 -->
        <test-method is-config="true" signature="backToHomePage()[pri:0, instance:function.A_testClassCreate@1e178745]" started-at="2026-09-24T12:25:37 IST" name="backToHomePage" finished-at="2026-09-24T12:25:38 IST" duration-ms="1325" status="PASS">
          <reporter-output>
          </reporter-output>
        </test-method> <!-- backToHomePage -->
        <test-method signature="editStationMonitor()[pri:0, instance:function.A_testClassCreate@1e178745]" started-at="2026-09-24T12:25:38 IST" name="editStationMonitor" finished-at="2026-09-24T12:26:03 IST" duration-ms="24885" status="PASS">
          <reporter-output>
            <line>
              <![CDATA[ ]]>
            </line>
            <line>
              <![CDATA[The process of edit new station monitor is started.]]>
            </line>
            <line>
              <![CDATA[[32m✔ [0m[32m✔ [0mThe process of edit new station monitor is complete.]]>
            </line>
            <line>
              <![CDATA[ ]]>
            </line>
          </reporter-output>
        </test-method> <!-- editStationMonitor -->
        <test-method is-config="true" signature="backToHomePage2(org.testng.ITestResult)[pri:0, instance:function.A_testClassCreate@1e178745]" started-at="2026-09-24T12:26:03 IST" name="backToHomePage2" finished-at="2026-09-24T12:26:14 IST" duration-ms="11033" status="PASS">
          <params>
            <param index="0">
              <value>
                <![CDATA[[TestResult name=editStationMonitor status=SUCCESS method=A_testClassCreate.editStationMonitor()[pri:0, instance:function.A_testClassCreate@1e178745]]]]>
              </value>
            </param>
          </params>
          <reporter-output>
          </reporter-output>
        </test-method> <!-- backToHomePage2 -->
        <test-method is-config="true" signature="backToHomePage()[pri:0, instance:function.A_testClassCreate@1e178745]" started-at="2026-09-24T12:26:14 IST" name="backToHomePage" finished-at="2026-09-24T12:26:16 IST" duration-ms="1326" status="PASS">
          <reporter-output>
          </reporter-output>
        </test-method> <!-- backToHomePage -->
        <test-method signature="addOverviewMonitor()[pri:0, instance:function.A_testClassCreate@1e178745]" started-at="2026-09-24T12:26:16 IST" name="addOverviewMonitor" finished-at="2026-09-24T12:26:40 IST" duration-ms="24629" status="PASS">
          <reporter-output>
            <line>
              <![CDATA[ ]]>
            </line>
            <line>
              <![CDATA[The process of add new overview monitor is started.]]>
            </line>
            <line>
              <![CDATA[[32m✔ [0m[32m✔ [0mThe process of add new overview monitor is complete.]]>
            </line>
            <line>
              <![CDATA[ ]]>
            </line>
          </reporter-output>
        </test-method> <!-- addOverviewMonitor -->
        <test-method is-config="true" signature="backToHomePage2(org.testng.ITestResult)[pri:0, instance:function.A_testClassCreate@1e178745]" started-at="2026-09-24T12:26:40 IST" name="backToHomePage2" finished-at="2026-09-24T12:26:51 IST" duration-ms="11151" status="PASS">
          <params>
            <param index="0">
              <value>
                <![CDATA[[TestResult name=addOverviewMonitor status=SUCCESS method=A_testClassCreate.addOverviewMonitor()[pri:0, instance:function.A_testClassCreate@1e178745]]]]>
              </value>
            </param>
          </params>
          <reporter-output>
          </reporter-output>
        </test-method> <!-- backToHomePage2 -->
        <test-method is-config="true" signature="backToHomePage()[pri:0, instance:function.A_testClassCreate@1e178745]" started-at="2026-09-24T12:26:51 IST" name="backToHomePage" finished-at="2026-09-24T12:26:53 IST" duration-ms="1255" status="PASS">
          <reporter-output>
          </reporter-output>
        </test-method> <!-- backToHomePage -->
        <test-method signature="editOverviewMonitor()[pri:0, instance:function.A_testClassCreate@1e178745]" started-at="2026-09-24T12:26:53 IST" name="editOverviewMonitor" finished-at="2026-09-24T12:27:16 IST" duration-ms="23852" status="PASS">
          <reporter-output>
            <line>
              <![CDATA[ ]]>
            </line>
            <line>
              <![CDATA[The process of edit new overview monitor is started.]]>
            </line>
            <line>
              <![CDATA[[32m✔ [0m[32m✔ [0mThe process of edit new overview monitor is complete.]]>
            </line>
            <line>
              <![CDATA[ ]]>
            </line>
          </reporter-output>
        </test-method> <!-- editOverviewMonitor -->
        <test-method is-config="true" signature="backToHomePage2(org.testng.ITestResult)[pri:0, instance:function.A_testClassCreate@1e178745]" started-at="2026-09-24T12:27:16 IST" name="backToHomePage2" finished-at="2026-09-24T12:27:28 IST" duration-ms="11042" status="PASS">
          <params>
            <param index="0">
              <value>
                <![CDATA[[TestResult name=editOverviewMonitor status=SUCCESS method=A_testClassCreate.editOverviewMonitor()[pri:0, instance:function.A_testClassCreate@1e178745]]]]>
              </value>
            </param>
          </params>
          <reporter-output>
          </reporter-output>
        </test-method> <!-- backToHomePage2 -->
        <test-method is-config="true" signature="logOut()[pri:0, instance:function.A_testClassCreate@1e178745]" started-at="2026-09-24T12:27:28 IST" name="logOut" finished-at="2026-09-24T12:27:31 IST" duration-ms="3651" status="PASS">
          <reporter-output>
            <line>
              <![CDATA[Logout sucessfully.]]>
            </line>
            <line>
              <![CDATA[ ]]>
            </line>
          </reporter-output>
        </test-method> <!-- logOut -->
        <test-method is-config="true" signature="AfterTest()[pri:0, instance:function.A_testClassCreate@1e178745]" started-at="2026-09-24T12:27:31 IST" name="AfterTest" finished-at="2026-09-24T12:27:31 IST" duration-ms="0" status="PASS">
          <reporter-output>
            <line>
              <![CDATA[Refresh the URL before successfully closing the browser.]]>
            </line>
          </reporter-output>
        </test-method> <!-- AfterTest -->
        <test-method is-config="true" signature="AfterSute()[pri:0, instance:function.A_testClassCreate@1e178745]" started-at="2026-09-24T12:27:31 IST" name="AfterSute" finished-at="2026-09-24T12:27:32 IST" duration-ms="316" status="PASS">
          <reporter-output>
            <line>
              <![CDATA[Browser close sucessfully.]]>
            </line>
            <line>
              <![CDATA[ ]]>
            </line>
            <line>
              <![CDATA[Good to see you again.]]>
            </line>
          </reporter-output>
        </test-method> <!-- AfterSute -->
      </class> <!-- function.A_testClassCreate -->
    </test> <!-- Test -->
  </suite> <!-- Suite -->
</testng-results>
