<?xml version="1.0" encoding="UTF-8"?>
<!-- Generated by org.testng.reporters.JUnitReportReporter -->
<testsuite hostname="DESKTOP-T6L47BI" failures="0" tests="2" name="function.A_testClassDelte" time="116.510" errors="0" timestamp="2026-06-24T12:52:30 IST" skipped="0">
  <testcase classname="function.A_testClassDelte" name="deleteVehicleUsers" time="55.103">
    <system-out>
      <![CDATA[ 
The process of delete vehicle users  is started.
[32m✔ [0m[32m✔ [0mThe process of delete vehicle users is complete.
 ]]>
    </system-out>
  </testcase> <!-- deleteVehicleUsers -->
  <testcase classname="function.A_testClassDelte" name="deleteUsers" time="61.407">
    <system-out>
      <![CDATA[ 
The process of delete users is started.
[32m✔ [0m[32m✔ [0mThe process of delete users is complete.
 ]]>
    </system-out>
  </testcase> <!-- deleteUsers -->
  <system-out>
    <![CDATA[Well come to RETTERAlarm Live branch
Logged in user-6039-DE-andrew-deptu-2
 
The process of delete users is started.
[32m✔ [0m[32m✔ [0mThe process of delete users is complete.
 
 
The process of delete vehicle users  is started.
[32m✔ [0m[32m✔ [0mThe process of delete vehicle users is complete.
 
Logout sucessfully.
 
Refresh the URL before successfully closing the browser.
Browser close sucessfully.
 
Good to see you again.]]>
  </system-out>
</testsuite> <!-- function.A_testClassDelte -->
