<?xml version="1.0" encoding="UTF-8"?>
<!-- Generated by org.testng.reporters.JUnitReportReporter -->
<testsuite hostname="ATPL" failures="0" tests="22" name="function.A_testClassCreate" time="1007.990" errors="0" timestamp="2026-09-24T12:27:32 IST" skipped="0">
  <testcase classname="function.A_testClassCreate" name="createChatFroupByFireFighterMS" time="48.232">
    <system-out>
      <![CDATA[ 
The process of create chat group by fire fighter is started.
[32m✔ [0m[32m✔ [0mThe process of create chat group by fire fighter is complete.
 ]]>
    </system-out>
  </testcase> <!-- createChatFroupByFireFighterMS -->
  <testcase classname="function.A_testClassCreate" name="addStataionUser" time="52.469">
    <system-out>
      <![CDATA[ 
The process of add station user is started.
[32m✔ [0m[32m✔ [0mThe process of add Station user is complete.
 ]]>
    </system-out>
  </testcase> <!-- addStataionUser -->
  <testcase classname="function.A_testClassCreate" name="sendMessageToChatGroupCreatedByAlarmLoop" time="29.994">
    <system-out>
      <![CDATA[ 
The process of send message to chat group by alarm loop is started.
[32m✔ [0m[32m✔ [0mThe process of send message to chat group by alarm loop is complete.
 ]]>
    </system-out>
  </testcase> <!-- sendMessageToChatGroupCreatedByAlarmLoop -->
  <testcase classname="function.A_testClassCreate" name="createNewAlarmLoop" time="37.490">
    <system-out>
      <![CDATA[ 
The process of creating new alarm loop is started.
[32m✔ [0m[32m✔ [0mThe process of creating new alarm loop is is complete.
 ]]>
    </system-out>
  </testcase> <!-- createNewAlarmLoop -->
  <testcase classname="function.A_testClassCreate" name="createNewAlarmTemplateByFirefighter" time="65.415">
    <system-out>
      <![CDATA[ 
The process of creating new alarm template by fire fighter is started.
[32m✔ [0m[32m✔ [0mThe process of creating new alarm template by fire fighter is complete.
 ]]>
    </system-out>
  </testcase> <!-- createNewAlarmTemplateByFirefighter -->
  <testcase classname="function.A_testClassCreate" name="createChatFroupByResourceMS" time="49.158">
    <system-out>
      <![CDATA[ 
The process of create chat group by resource is started.
[32m✔ [0m[32m✔ [0mThe process of create chat group by resource is complete.
 ]]>
    </system-out>
  </testcase> <!-- createChatFroupByResourceMS -->
  <testcase classname="function.A_testClassCreate" name="addOverviewMonitor" time="37.000">
    <system-out>
      <![CDATA[ 
The process of add new overview monitor is started.
[32m✔ [0m[32m✔ [0mThe process of add new overview monitor is complete.
 ]]>
    </system-out>
  </testcase> <!-- addOverviewMonitor -->
  <testcase classname="function.A_testClassCreate" name="addVehicleUser" time="38.413">
    <system-out>
      <![CDATA[ 
The process of add vehicle user is started.
[32m✔ [0m[32m✔ [0mThe process of add vehicle user is complete.
 ]]>
    </system-out>
  </testcase> <!-- addVehicleUser -->
  <testcase classname="function.A_testClassCreate" name="editStationMonitor" time="37.199">
    <system-out>
      <![CDATA[ 
The process of edit new station monitor is started.
[32m✔ [0m[32m✔ [0mThe process of edit new station monitor is complete.
 ]]>
    </system-out>
  </testcase> <!-- editStationMonitor -->
  <testcase classname="function.A_testClassCreate" name="addMultiRoleUser" time="86.234">
    <system-out>
      <![CDATA[ 
The process of add station user is started.
[32m✔ [0m[32m✔ [0mThe process of add multi role user is complete.
 ]]>
    </system-out>
  </testcase> <!-- addMultiRoleUser -->
  <testcase classname="function.A_testClassCreate" name="sendMessageToChatGroupCreatedByFireFighter" time="30.688">
    <system-out>
      <![CDATA[ 
The process of send message to chat group by fire fighter is started.
[32m✔ [0m[32m✔ [0mThe process of send message to chat group by fire fighter is complete.
 ]]>
    </system-out>
  </testcase> <!-- sendMessageToChatGroupCreatedByFireFighter -->
  <testcase classname="function.A_testClassCreate" name="createNewAlarmTemplateByResource" time="55.753">
    <system-out>
      <![CDATA[ 
The process of creating new alarm template by resource is started.
[32m✔ [0m[32m✔ [0mThe process of creating new alarm template by resource is complete.
 ]]>
    </system-out>
  </testcase> <!-- createNewAlarmTemplateByResource -->
  <testcase classname="function.A_testClassCreate" name="createChatFroupByAttributeMS" time="57.128">
    <system-out>
      <![CDATA[ 
The process of create chat group by attribute is started.
[32m✔ [0m[32m✔ [0mThe process of create chat group by attribute is complete.
 ]]>
    </system-out>
  </testcase> <!-- createChatFroupByAttributeMS -->
  <testcase classname="function.A_testClassCreate" name="editStation" time="43.341">
    <system-out>
      <![CDATA[ 
The process of edit new station is started.
[32m✔ [0m[32m✔ [0mThe process of edit new station is complete.
 ]]>
    </system-out>
  </testcase> <!-- editStation -->
  <testcase classname="function.A_testClassCreate" name="sendMessageToChatGroupCreatedByResource" time="31.264">
    <system-out>
      <![CDATA[ 
The process of send message to chat group by resource is started.
[32m✔ [0m[32m✔ [0mThe process of send message to chat group by resource is complete.
 ]]>
    </system-out>
  </testcase> <!-- sendMessageToChatGroupCreatedByResource -->
  <testcase classname="function.A_testClassCreate" name="createChatFroupByAlarmLoopsMS" time="49.767">
    <system-out>
      <![CDATA[ 
The process of create chat group by alarm loop is started.
[32m✔ [0m[32m✔ [0mThe process of create chat group by alarm loop is complete.
 ]]>
    </system-out>
  </testcase> <!-- createChatFroupByAlarmLoopsMS -->
  <testcase classname="function.A_testClassCreate" name="addStationMonitor" time="43.715">
    <system-out>
      <![CDATA[ 
The process of add new station monitor is started.
[32m✔ [0m[32m✔ [0mThe process of add new station monitor is complete.
 ]]>
    </system-out>
  </testcase> <!-- addStationMonitor -->
  <testcase classname="function.A_testClassCreate" name="editOverviewMonitor" time="36.311">
    <system-out>
      <![CDATA[ 
The process of edit new overview monitor is started.
[32m✔ [0m[32m✔ [0mThe process of edit new overview monitor is complete.
 ]]>
    </system-out>
  </testcase> <!-- editOverviewMonitor -->
  <testcase classname="function.A_testClassCreate" name="createEventCategory" time="30.150">
    <system-out>
      <![CDATA[ 
The process for creating event category  has been initiated..
[32m✔ [0m[32m✔ [0mThe process for ccreating event category has been completed successfully.
 ]]>
    </system-out>
  </testcase> <!-- createEventCategory -->
  <testcase classname="function.A_testClassCreate" name="sendMessageToChatGroupCreatedByAttribute" time="31.240">
    <system-out>
      <![CDATA[ 
The process of send message to chat group by attribute is started.
[32m✔ [0m[32m✔ [0mThe process of send message to chat group by attribute is complete.
 ]]>
    </system-out>
  </testcase> <!-- sendMessageToChatGroupCreatedByAttribute -->
  <testcase classname="function.A_testClassCreate" name="addAppUser" time="84.439">
    <system-out>
      <![CDATA[ 
The process of add firefighter is started.
[32m✔ [0m[32m✔ [0mThe process of add App user is complete.
 ]]>
    </system-out>
  </testcase> <!-- addAppUser -->
  <testcase classname="function.A_testClassCreate" name="addNewStation" time="32.590">
    <system-out>
      <![CDATA[ 
The process of add new station is started.
[32m✔ [0m[32m✔ [0mThe process of add new station is complete.
 ]]>
    </system-out>
  </testcase> <!-- addNewStation -->
  <system-out>
    <![CDATA[Well come to RETTERAlarm Live branch-Andrew Department
Logged in user-bhupesh+live_bhdeptuser@atinatechnology.in
 
The process of creating new alarm template by resource is started.
[32m✔ [0m[32m✔ [0mThe process of creating new alarm template by resource is complete.
 
 
The process of creating new alarm template by fire fighter is started.
[32m✔ [0m[32m✔ [0mThe process of creating new alarm template by fire fighter is complete.
 
 
The process of creating new alarm loop is started.
[32m✔ [0m[32m✔ [0mThe process of creating new alarm loop is is complete.
 
 
The process for creating event category  has been initiated..
[32m✔ [0m[32m✔ [0mThe process for ccreating event category has been completed successfully.
 
 
The process of create chat group by attribute is started.
[32m✔ [0m[32m✔ [0mThe process of create chat group by attribute is complete.
 
 
The process of create chat group by resource is started.
[32m✔ [0m[32m✔ [0mThe process of create chat group by resource is complete.
 
 
The process of create chat group by alarm loop is started.
[32m✔ [0m[32m✔ [0mThe process of create chat group by alarm loop is complete.
 
 
The process of create chat group by fire fighter is started.
[32m✔ [0m[32m✔ [0mThe process of create chat group by fire fighter is complete.
 
 
The process of send message to chat group by attribute is started.
[32m✔ [0m[32m✔ [0mThe process of send message to chat group by attribute is complete.
 
 
The process of send message to chat group by resource is started.
[32m✔ [0m[32m✔ [0mThe process of send message to chat group by resource is complete.
 
 
The process of send message to chat group by alarm loop is started.
[32m✔ [0m[32m✔ [0mThe process of send message to chat group by alarm loop is complete.
 
 
The process of send message to chat group by fire fighter is started.
[32m✔ [0m[32m✔ [0mThe process of send message to chat group by fire fighter is complete.
 
 
The process of add firefighter is started.
[32m✔ [0m[32m✔ [0mThe process of add App user is complete.
 
 
The process of add station user is started.
[32m✔ [0m[32m✔ [0mThe process of add Station user is complete.
 
 
The process of add station user is started.
[32m✔ [0m[32m✔ [0mThe process of add multi role user is complete.
 
 
The process of add vehicle user is started.
[32m✔ [0m[32m✔ [0mThe process of add vehicle user is complete.
 
 
The process of add new station is started.
[32m✔ [0m[32m✔ [0mThe process of add new station is complete.
 
 
The process of edit new station is started.
[32m✔ [0m[32m✔ [0mThe process of edit new station is complete.
 
 
The process of add new station monitor is started.
[32m✔ [0m[32m✔ [0mThe process of add new station monitor is complete.
 
 
The process of edit new station monitor is started.
[32m✔ [0m[32m✔ [0mThe process of edit new station monitor is complete.
 
 
The process of add new overview monitor is started.
[32m✔ [0m[32m✔ [0mThe process of add new overview monitor is complete.
 
 
The process of edit new overview monitor is started.
[32m✔ [0m[32m✔ [0mThe process of edit new overview monitor is complete.
 
Logout sucessfully.
 
Refresh the URL before successfully closing the browser.
Browser close sucessfully.
 
Good to see you again.]]>
  </system-out>
</testsuite> <!-- function.A_testClassCreate -->
