<?xml version="1.0" encoding="UTF-8"?>
<!-- Generated by org.testng.reporters.JUnitReportReporter -->
<testsuite hostname="ATPL" failures="0" tests="2" name="function.A_testClassDelete" time="162.687" errors="0" timestamp="2026-09-25T15:04:47 IST" skipped="0">
  <testcase classname="function.A_testClassDelete" name="deactiveBgTestActiveAlarmsFromPlaningList" time="67.136">
    <system-out>
      <![CDATA[ 
The process of deactive Test alarms is started.
[32m✔ [0m[32m✔ [0mThe process of deactive Test alarms is complete.
 ]]>
    </system-out>
  </testcase> <!-- deactiveBgTestActiveAlarmsFromPlaningList -->
  <testcase classname="function.A_testClassDelete" name="deactiveAllActiveAlarms" time="95.551">
    <system-out>
      <![CDATA[ 
The process of deactive alarm is started.
The process of deactive alarm is complete.
 ]]>
    </system-out>
  </testcase> <!-- deactiveAllActiveAlarms -->
  <system-out>
    <![CDATA[Well come to RETTERAlarm Testing branch
Logged in user-914-IN-U11-U011-1
 
The process of deactive alarm is started.
The process of deactive alarm is complete.
 
 
The process of deactive Test alarms is started.
[32m✔ [0m[32m✔ [0mThe process of deactive Test alarms is complete.
 
Logout sucessfully.
 
Refresh the URL before successfully closing the browser.
Browser close sucessfully.
 
Good to see you again.]]>
  </system-out>
</testsuite> <!-- function.A_testClassDelete -->
