<?xml version="1.0" encoding="UTF-8"?>
<!-- Generated by org.testng.reporters.JUnitXMLReporter -->
<testsuite ignored="0" hostname="DESKTOP-T6L47BI" failures="0" tests="4" name="Test" time="369.134" errors="0" timestamp="2025-07-11T16:11:09 IST">
  <testcase classname="function.A_testClassDelte" name="deleteManualAlarm" time="101.404"/>
  <testcase classname="function.A_testClassDelte" name="deleteResource" time="54.003"/>
  <testcase classname="function.A_testClassDelte" name="deleteAlarmLoop" time="59.566"/>
  <testcase classname="function.A_testClassDelte" name="deleteAlarmTemplate" time="60.149"/>
</testsuite> <!-- Test -->
