<?xml version="1.0" encoding="UTF-8"?>
<!-- Generated by org.testng.reporters.JUnitXMLReporter -->
<testsuite ignored="0" hostname="DESKTOP-T6L47BI" failures="0" tests="8" name="Test" time="431.546" errors="0" timestamp="2026-02-04T19:05:20 IST">
  <testcase classname="function.A_testClassDelte" name="deleteAlarmEscalation" time="25.754"/>
  <testcase classname="function.A_testClassDelte" name="deleteAlarmLoop" time="39.847"/>
  <testcase classname="function.A_testClassDelte" name="deleteAlarmTemplate" time="39.186"/>
  <testcase classname="function.A_testClassDelte" name="deleteCalendarEvent" time="70.486"/>
  <testcase classname="function.A_testClassDelte" name="deleteManualAlarm" time="48.357"/>
  <testcase classname="function.A_testClassDelte" name="deleteResource" time="37.122"/>
  <testcase classname="function.A_testClassDelte" name="delete_infoEvent" time="32.847"/>
  <testcase classname="function.A_testClassDelte" name="deletedeleteEventCatogery" time="33.665"/>
</testsuite> <!-- Test -->
