<?xml version="1.0" encoding="UTF-8"?>
<!-- Generated by org.testng.reporters.JUnitXMLReporter -->
<testsuite ignored="0" hostname="DESKTOP-T6L47BI" failures="0" tests="8" name="Test" time="433.058" errors="0" timestamp="2026-02-17T18:22:08 IST">
  <testcase classname="function.A_testClassDelte" name="deleteManualAlarm" time="51.166"/>
  <testcase classname="function.A_testClassDelte" name="deleteCalendarEvent" time="68.667"/>
  <testcase classname="function.A_testClassDelte" name="delete_infoEvent" time="33.611"/>
  <testcase classname="function.A_testClassDelte" name="deleteResource" time="40.32"/>
  <testcase classname="function.A_testClassDelte" name="deleteAlarmEscalation" time="22.109"/>
  <testcase classname="function.A_testClassDelte" name="deleteAlarmLoop" time="41.29"/>
  <testcase classname="function.A_testClassDelte" name="deleteAlarmTemplate" time="40.289"/>
  <testcase classname="function.A_testClassDelte" name="deletedeleteEventCatogery" time="33.119"/>
</testsuite> <!-- Test -->
