<?xml version="1.0" encoding="UTF-8"?>
<!-- Generated by org.testng.reporters.JUnitXMLReporter -->
<testsuite ignored="0" hostname="DESKTOP-T6L47BI" failures="0" tests="4" name="Test" time="326.906" errors="0" timestamp="2025-06-09T19:06:23 IST">
  <testcase classname="function.A_testClassDelte" name="deleteManualAlarm" time="99.78"/>
  <testcase classname="function.A_testClassDelte" name="deleteResource" time="40.489"/>
  <testcase classname="function.A_testClassDelte" name="deleteAlarmLoop" time="49.242"/>
  <testcase classname="function.A_testClassDelte" name="deleteAlarmTemplate" time="48.142"/>
</testsuite> <!-- Test -->
