<?xml version="1.0" encoding="UTF-8"?>
<!-- Generated by org.testng.reporters.JUnitXMLReporter -->
<testsuite ignored="0" hostname="DESKTOP-T6L47BI" failures="0" tests="8" name="Test" time="647.349" errors="0" timestamp="2026-02-13T16:57:40 IST">
  <testcase classname="function.A_testClassDelte" name="deleteManualAlarm" time="90.289"/>
  <testcase classname="function.A_testClassDelte" name="deleteCalendarEvent" time="159.944"/>
  <testcase classname="function.A_testClassDelte" name="delete_infoEvent" time="73.452"/>
  <testcase classname="function.A_testClassDelte" name="deleteResource" time="48.879"/>
  <testcase classname="function.A_testClassDelte" name="deleteAlarmEscalation" time="22.196"/>
  <testcase classname="function.A_testClassDelte" name="deleteAlarmLoop" time="52.616"/>
  <testcase classname="function.A_testClassDelte" name="deleteAlarmTemplate" time="51.342"/>
  <testcase classname="function.A_testClassDelte" name="deletedeleteEventCatogery" time="42.739"/>
</testsuite> <!-- Test -->
