<?xml version="1.0" encoding="UTF-8"?>
<!-- Generated by org.testng.reporters.JUnitXMLReporter -->
<testsuite ignored="0" hostname="DESKTOP-T6L47BI" failures="0" tests="8" name="Test" time="0.106" errors="0" timestamp="2026-02-11T12:32:17 IST">
  <testcase classname="function.A_testClassDelte" name="@BeforeTest BeforeTest" time="0.038">
    <failure type="org.openqa.selenium.NoSuchWindowException" message="no such window: target window already closed
from unknown error: web view not found
  (Session info: chrome=144.0.7559.133)
Build info: version: &amp;apos;4.17.0&amp;apos;, revision: &amp;apos;e52b1be057*&amp;apos;
System info: os.name: &amp;apos;Windows 11&amp;apos;, os.arch: &amp;apos;amd64&amp;apos;, os.version: &amp;apos;10.0&amp;apos;, java.version: &amp;apos;17.0.9&amp;apos;
Driver info: org.openqa.selenium.chrome.ChromeDriver
Command: [9695772ccedbc9e8bd3132fe94d28c59, findElement {using=xpath, value=//input[@id=&amp;quot;u&amp;quot;]}]
Capabilities {acceptInsecureCerts: false, browserName: chrome, browserVersion: 144.0.7559.133, chrome: {chromedriverVersion: 144.0.7559.133 (7da823b1d59..., userDataDir: C:\Users\BHUPESH\AppData\Lo...}, fedcm:accounts: true, goog:chromeOptions: {debuggerAddress: localhost:61677}, goog:processID: 9252, networkConnectionEnabled: false, pageLoadStrategy: normal, platformName: windows, proxy: Proxy(), se:cdp: ws://localhost:61677/devtoo..., se:cdpVersion: 144.0.7559.133, setWindowRect: true, strictFileInteractability: false, timeouts: {implicit: 0, pageLoad: 300000, script: 30000}, unhandledPromptBehavior: dismiss and notify, webauthn:extension:credBlob: true, webauthn:extension:largeBlob: true, webauthn:extension:minPinLength: true, webauthn:extension:prf: true, webauthn:virtualAuthenticators: true}
Session ID: 9695772ccedbc9e8bd3132fe94d28c59">
      <![CDATA[org.openqa.selenium.NoSuchWindowException: no such window: target window already closed
from unknown error: web view not found
  (Session info: chrome=144.0.7559.133)
Build info: version: '4.17.0', revision: 'e52b1be057*'
System info: os.name: 'Windows 11', os.arch: 'amd64', os.version: '10.0', java.version: '17.0.9'
Driver info: org.openqa.selenium.chrome.ChromeDriver
Command: [9695772ccedbc9e8bd3132fe94d28c59, findElement {using=xpath, value=//input[@id="u"]}]
Capabilities {acceptInsecureCerts: false, browserName: chrome, browserVersion: 144.0.7559.133, chrome: {chromedriverVersion: 144.0.7559.133 (7da823b1d59..., userDataDir: C:\Users\BHUPESH\AppData\Lo...}, fedcm:accounts: true, goog:chromeOptions: {debuggerAddress: localhost:61677}, goog:processID: 9252, networkConnectionEnabled: false, pageLoadStrategy: normal, platformName: windows, proxy: Proxy(), se:cdp: ws://localhost:61677/devtoo..., se:cdpVersion: 144.0.7559.133, setWindowRect: true, strictFileInteractability: false, timeouts: {implicit: 0, pageLoad: 300000, script: 30000}, unhandledPromptBehavior: dismiss and notify, webauthn:extension:credBlob: true, webauthn:extension:largeBlob: true, webauthn:extension:minPinLength: true, webauthn:extension:prf: true, webauthn:virtualAuthenticators: true}
Session ID: 9695772ccedbc9e8bd3132fe94d28c59
at org.openqa.selenium.remote.codec.w3c.W3CHttpResponseCodec.createException(W3CHttpResponseCodec.java:185)
at org.openqa.selenium.remote.codec.w3c.W3CHttpResponseCodec.decode(W3CHttpResponseCodec.java:134)
at org.openqa.selenium.remote.codec.w3c.W3CHttpResponseCodec.decode(W3CHttpResponseCodec.java:51)
at org.openqa.selenium.remote.HttpCommandExecutor.execute(HttpCommandExecutor.java:190)
at org.openqa.selenium.remote.service.DriverCommandExecutor.invokeExecute(DriverCommandExecutor.java:216)
at org.openqa.selenium.remote.service.DriverCommandExecutor.execute(DriverCommandExecutor.java:174)
at org.openqa.selenium.remote.RemoteWebDriver.execute(RemoteWebDriver.java:519)
at org.openqa.selenium.remote.ElementLocation$ElementFinder$2.findElement(ElementLocation.java:165)
at org.openqa.selenium.remote.ElementLocation.findElement(ElementLocation.java:59)
at org.openqa.selenium.remote.RemoteWebDriver.findElement(RemoteWebDriver.java:356)
at org.openqa.selenium.remote.RemoteWebDriver.findElement(RemoteWebDriver.java:350)
at org.openqa.selenium.support.pagefactory.DefaultElementLocator.findElement(DefaultElementLocator.java:68)
at org.openqa.selenium.support.pagefactory.internal.LocatingElementHandler.invoke(LocatingElementHandler.java:38)
at jdk.proxy2/jdk.proxy2.$Proxy22.click(Unknown Source)
at function.C_logIn_logOut.logInUser(C_logIn_logOut.java:27)
at function.A_testClassDelte.BeforeTest(A_testClassDelte.java:49)
... Removed 29 stack frames]]>
    </failure>
  </testcase> <!-- @BeforeTest BeforeTest -->
  <testcase classname="function.A_testClassDelte" name="@BeforeClass createObject" time="0.0">
    <skipped/>
  </testcase> <!-- @BeforeClass createObject -->
  <testcase classname="function.A_testClassDelte" name="@BeforeMethod backToHomePage" time="0.0">
    <skipped/>
  </testcase> <!-- @BeforeMethod backToHomePage -->
  <testcase classname="function.A_testClassDelte" name="@AfterMethod backToHomePage2" time="0.0">
    <skipped/>
  </testcase> <!-- @AfterMethod backToHomePage2 -->
  <testcase classname="function.A_testClassDelte" name="@BeforeMethod backToHomePage" time="0.0">
    <skipped/>
  </testcase> <!-- @BeforeMethod backToHomePage -->
  <testcase classname="function.A_testClassDelte" name="@AfterMethod backToHomePage2" time="0.0">
    <skipped/>
  </testcase> <!-- @AfterMethod backToHomePage2 -->
  <testcase classname="function.A_testClassDelte" name="@BeforeMethod backToHomePage" time="0.0">
    <skipped/>
  </testcase> <!-- @BeforeMethod backToHomePage -->
  <testcase classname="function.A_testClassDelte" name="@AfterMethod backToHomePage2" time="0.0">
    <skipped/>
  </testcase> <!-- @AfterMethod backToHomePage2 -->
  <testcase classname="function.A_testClassDelte" name="@BeforeMethod backToHomePage" time="0.0">
    <skipped/>
  </testcase> <!-- @BeforeMethod backToHomePage -->
  <testcase classname="function.A_testClassDelte" name="@AfterMethod backToHomePage2" time="0.0">
    <skipped/>
  </testcase> <!-- @AfterMethod backToHomePage2 -->
  <testcase classname="function.A_testClassDelte" name="@BeforeMethod backToHomePage" time="0.0">
    <skipped/>
  </testcase> <!-- @BeforeMethod backToHomePage -->
  <testcase classname="function.A_testClassDelte" name="@AfterMethod backToHomePage2" time="0.0">
    <skipped/>
  </testcase> <!-- @AfterMethod backToHomePage2 -->
  <testcase classname="function.A_testClassDelte" name="@BeforeMethod backToHomePage" time="0.0">
    <skipped/>
  </testcase> <!-- @BeforeMethod backToHomePage -->
  <testcase classname="function.A_testClassDelte" name="@AfterMethod backToHomePage2" time="0.0">
    <skipped/>
  </testcase> <!-- @AfterMethod backToHomePage2 -->
  <testcase classname="function.A_testClassDelte" name="@BeforeMethod backToHomePage" time="0.0">
    <skipped/>
  </testcase> <!-- @BeforeMethod backToHomePage -->
  <testcase classname="function.A_testClassDelte" name="@AfterMethod backToHomePage2" time="0.0">
    <skipped/>
  </testcase> <!-- @AfterMethod backToHomePage2 -->
  <testcase classname="function.A_testClassDelte" name="@BeforeMethod backToHomePage" time="0.0">
    <skipped/>
  </testcase> <!-- @BeforeMethod backToHomePage -->
  <testcase classname="function.A_testClassDelte" name="@AfterMethod backToHomePage2" time="0.0">
    <skipped/>
  </testcase> <!-- @AfterMethod backToHomePage2 -->
  <testcase classname="function.A_testClassDelte" name="@AfterClass logOut" time="0.0">
    <skipped/>
  </testcase> <!-- @AfterClass logOut -->
  <testcase classname="function.A_testClassDelte" name="@AfterTest AfterTest" time="0.0">
    <skipped/>
  </testcase> <!-- @AfterTest AfterTest -->
  <testcase classname="function.A_testClassDelte" name="deleteManualAlarm" time="0.0">
    <skipped/>
  </testcase> <!-- deleteManualAlarm -->
  <testcase classname="function.A_testClassDelte" name="deleteCalendarEvent" time="0.0">
    <skipped/>
  </testcase> <!-- deleteCalendarEvent -->
  <testcase classname="function.A_testClassDelte" name="delete_infoEvent" time="0.001">
    <skipped/>
  </testcase> <!-- delete_infoEvent -->
  <testcase classname="function.A_testClassDelte" name="deleteResource" time="0.0">
    <skipped/>
  </testcase> <!-- deleteResource -->
  <testcase classname="function.A_testClassDelte" name="deleteAlarmEscalation" time="0.0">
    <skipped/>
  </testcase> <!-- deleteAlarmEscalation -->
  <testcase classname="function.A_testClassDelte" name="deleteAlarmLoop" time="0.0">
    <skipped/>
  </testcase> <!-- deleteAlarmLoop -->
  <testcase classname="function.A_testClassDelte" name="deleteAlarmTemplate" time="0.0">
    <skipped/>
  </testcase> <!-- deleteAlarmTemplate -->
  <testcase classname="function.A_testClassDelte" name="deletedeleteEventCatogery" time="0.0">
    <skipped/>
  </testcase> <!-- deletedeleteEventCatogery -->
</testsuite> <!-- Test -->
