<?xml version="1.0" encoding="UTF-8"?>
<!-- Generated by org.testng.reporters.JUnitXMLReporter -->
<testsuite ignored="0" hostname="DESKTOP-T6L47BI" failures="0" tests="4" name="Test" time="367.006" errors="0" timestamp="2025-07-03T18:47:11 IST">
  <testcase classname="function.A_testClassDelte" name="deleteManualAlarm" time="101.167"/>
  <testcase classname="function.A_testClassDelte" name="deleteResource" time="54.334"/>
  <testcase classname="function.A_testClassDelte" name="deleteAlarmLoop" time="62.756"/>
  <testcase classname="function.A_testClassDelte" name="deleteAlarmTemplate" time="60.133"/>
</testsuite> <!-- Test -->
