<?xml version="1.0" encoding="UTF-8"?>
<!-- Generated by org.testng.reporters.JUnitXMLReporter -->
<testsuite ignored="0" hostname="DESKTOP-T6L47BI" failures="0" tests="8" name="Test" time="781.154" errors="0" timestamp="2026-04-06T12:46:15 IST">
  <testcase classname="function.A_testClassDelte" name="deleteManualAlarm" time="92.635"/>
  <testcase classname="function.A_testClassDelte" name="deleteCalendarEvent" time="256.798"/>
  <testcase classname="function.A_testClassDelte" name="delete_infoEvent" time="72.328"/>
  <testcase classname="function.A_testClassDelte" name="deleteResource" time="51.022"/>
  <testcase classname="function.A_testClassDelte" name="deleteAlarmEscalation" time="23.336"/>
  <testcase classname="function.A_testClassDelte" name="deleteAlarmLoop" time="53.185"/>
  <testcase classname="function.A_testClassDelte" name="deleteAlarmTemplate" time="50.222"/>
  <testcase classname="function.A_testClassDelte" name="deletedeleteEventCatogery" time="42.011"/>
</testsuite> <!-- Test -->
