<?xml version="1.0" encoding="UTF-8"?>
<!-- Generated by org.testng.reporters.JUnitXMLReporter -->
<testsuite ignored="1" hostname="DESKTOP-T6L47BI" failures="1" tests="9" name="Test" time="839.567" errors="0" timestamp="2026-05-06T15:13:39 IST">
  <testcase classname="function.A_testClassDelte" name="deleteManualAlarm" time="94.689"/>
  <testcase classname="function.A_testClassDelte" name="deleteCalendarEvent" time="231.188"/>
  <testcase classname="function.A_testClassDelte" name="delete_infoEvent" time="72.233"/>
  <testcase classname="function.A_testClassDelte" name="deleteResource" time="49.803"/>
  <testcase classname="function.A_testClassDelte" name="deleteAlarmEscalation" time="21.953"/>
  <testcase classname="function.A_testClassDelte" name="deleteAlarmLoop" time="52.388"/>
  <testcase classname="function.A_testClassDelte" name="deleteAlarmTemplate" time="50.558"/>
  <testcase classname="function.A_testClassDelte" name="deletedeleteEventCatogery" time="81.645">
    <failure type="org.openqa.selenium.ElementNotInteractableException" message="element not interactable
  (Session info: chrome=147.0.7727.138)
Build info: version: &amp;apos;4.17.0&amp;apos;, revision: &amp;apos;e52b1be057*&amp;apos;
System info: os.name: &amp;apos;Windows 11&amp;apos;, os.arch: &amp;apos;amd64&amp;apos;, os.version: &amp;apos;10.0&amp;apos;, java.version: &amp;apos;17.0.9&amp;apos;
Driver info: org.openqa.selenium.chrome.ChromeDriver
Command: [9ee711867da0dfce6b6152ae550417ab, clickElement {id=f.9291103B188EA2DC83C9F5DBCC45EB5B.d.A78723B152E0D4FFA7D2287854803B91.e.92978}]
Capabilities {acceptInsecureCerts: false, browserName: chrome, browserVersion: 147.0.7727.138, chrome: {chromedriverVersion: 147.0.7727.117 (474cc805edd..., userDataDir: C:\Users\BHUPESH\AppData\Lo...}, fedcm:accounts: true, goog:chromeOptions: {debuggerAddress: localhost:52716}, goog:processID: 19500, networkConnectionEnabled: false, pageLoadStrategy: normal, platformName: windows, proxy: Proxy(), se:cdp: ws://localhost:52716/devtoo..., se:cdpVersion: 147.0.7727.138, setWindowRect: true, strictFileInteractability: false, timeouts: {implicit: 0, pageLoad: 300000, script: 30000}, unhandledPromptBehavior: dismiss and notify, webauthn:extension:credBlob: true, webauthn:extension:largeBlob: true, webauthn:extension:minPinLength: true, webauthn:extension:prf: true, webauthn:virtualAuthenticators: true}
Element: [[ChromeDriver: chrome on windows (9ee711867da0dfce6b6152ae550417ab)] -&amp;gt; xpath: //dx-button[contains(@class,&amp;apos;delete-option&amp;apos;)]]
Session ID: 9ee711867da0dfce6b6152ae550417ab">
      <![CDATA[org.openqa.selenium.ElementNotInteractableException: element not interactable
  (Session info: chrome=147.0.7727.138)
Build info: version: '4.17.0', revision: 'e52b1be057*'
System info: os.name: 'Windows 11', os.arch: 'amd64', os.version: '10.0', java.version: '17.0.9'
Driver info: org.openqa.selenium.chrome.ChromeDriver
Command: [9ee711867da0dfce6b6152ae550417ab, clickElement {id=f.9291103B188EA2DC83C9F5DBCC45EB5B.d.A78723B152E0D4FFA7D2287854803B91.e.92978}]
Capabilities {acceptInsecureCerts: false, browserName: chrome, browserVersion: 147.0.7727.138, chrome: {chromedriverVersion: 147.0.7727.117 (474cc805edd..., userDataDir: C:\Users\BHUPESH\AppData\Lo...}, fedcm:accounts: true, goog:chromeOptions: {debuggerAddress: localhost:52716}, goog:processID: 19500, networkConnectionEnabled: false, pageLoadStrategy: normal, platformName: windows, proxy: Proxy(), se:cdp: ws://localhost:52716/devtoo..., se:cdpVersion: 147.0.7727.138, setWindowRect: true, strictFileInteractability: false, timeouts: {implicit: 0, pageLoad: 300000, script: 30000}, unhandledPromptBehavior: dismiss and notify, webauthn:extension:credBlob: true, webauthn:extension:largeBlob: true, webauthn:extension:minPinLength: true, webauthn:extension:prf: true, webauthn:virtualAuthenticators: true}
Element: [[ChromeDriver: chrome on windows (9ee711867da0dfce6b6152ae550417ab)] -> xpath: //dx-button[contains(@class,'delete-option')]]
Session ID: 9ee711867da0dfce6b6152ae550417ab
at org.openqa.selenium.remote.codec.w3c.W3CHttpResponseCodec.createException(W3CHttpResponseCodec.java:185)
at org.openqa.selenium.remote.codec.w3c.W3CHttpResponseCodec.decode(W3CHttpResponseCodec.java:134)
at org.openqa.selenium.remote.codec.w3c.W3CHttpResponseCodec.decode(W3CHttpResponseCodec.java:51)
at org.openqa.selenium.remote.HttpCommandExecutor.execute(HttpCommandExecutor.java:190)
at org.openqa.selenium.remote.service.DriverCommandExecutor.invokeExecute(DriverCommandExecutor.java:216)
at org.openqa.selenium.remote.service.DriverCommandExecutor.execute(DriverCommandExecutor.java:174)
at org.openqa.selenium.remote.RemoteWebDriver.execute(RemoteWebDriver.java:519)
at org.openqa.selenium.remote.RemoteWebElement.execute(RemoteWebElement.java:223)
at org.openqa.selenium.remote.RemoteWebElement.click(RemoteWebElement.java:76)
at org.openqa.selenium.support.pagefactory.internal.LocatingElementHandler.invoke(LocatingElementHandler.java:51)
at jdk.proxy2/jdk.proxy2.$Proxy22.click(Unknown Source)
at function.K_calendar.deleteEventCatogery(K_calendar.java:542)
at function.A_testClassDelte.deletedeleteEventCatogery(A_testClassDelte.java:119)
at java.base/java.util.ArrayList.forEach(ArrayList.java:1511)
... Removed 35 stack frames]]>
    </failure>
  </testcase> <!-- deletedeleteEventCatogery -->
  <testcase classname="function.A_testClassDelte" name="deleteChatGroups" time="35.239"/>
  <testcase classname="function.A_testClassDelte" name="deleteCalendarEventAll" time="0.0">
    <ignored/>
  </testcase> <!-- deleteCalendarEventAll -->
</testsuite> <!-- Test -->
