<?xml version="1.0" encoding="UTF-8"?>
<!-- Generated by org.testng.reporters.JUnitXMLReporter -->
<testsuite ignored="0" hostname="DESKTOP-T6L47BI" failures="0" tests="5" name="Test" time="474.024" errors="0" timestamp="2025-10-23T17:49:30 IST">
  <testcase classname="function.A_testClassDelte" name="deleteManualAlarm" time="142.987"/>
  <testcase classname="function.A_testClassDelte" name="deleteAlarmEscalation" time="50.122"/>
  <testcase classname="function.A_testClassDelte" name="deleteResource" time="56.184"/>
  <testcase classname="function.A_testClassDelte" name="deleteAlarmLoop" time="62.951"/>
  <testcase classname="function.A_testClassDelte" name="deleteAlarmTemplate" time="59.907"/>
</testsuite> <!-- Test -->
