<?xml version="1.0" encoding="UTF-8"?>
<!-- Generated by org.testng.reporters.JUnitXMLReporter -->
<testsuite ignored="3" hostname="DESKTOP-T6L47BI" failures="0" tests="1" name="Test" time="92.323" errors="0" timestamp="2025-06-09T11:53:04 IST">
  <testcase classname="function.A_testClassDelte" name="deleteAlarmTemplate" time="61.909"/>
  <testcase classname="function.A_testClassDelte" name="deleteAlarmLoop" time="0.0">
    <ignored/>
  </testcase> <!-- deleteAlarmLoop -->
  <testcase classname="function.A_testClassDelte" name="deleteManualAlarm" time="0.0">
    <ignored/>
  </testcase> <!-- deleteManualAlarm -->
  <testcase classname="function.A_testClassDelte" name="deleteResource" time="0.0">
    <ignored/>
  </testcase> <!-- deleteResource -->
</testsuite> <!-- Test -->
