<?xml version="1.0" encoding="UTF-8"?>
<!-- Generated by org.testng.reporters.JUnitXMLReporter -->
<testsuite ignored="1" hostname="DESKTOP-T6L47BI" failures="1" tests="8" name="Test" time="200.058" errors="0" timestamp="2026-04-27T16:00:34 IST">
  <testcase classname="function.A_testClassDelte" name="@AfterMethod backToHomePage2" time="1.818">
    <failure type="org.openqa.selenium.NoSuchSessionException" message="invalid session id: session deleted as the browser has closed the connection
from disconnected: not connected to DevTools
  (Session info: chrome=147.0.7727.116)
Build info: version: &amp;apos;4.17.0&amp;apos;, revision: &amp;apos;e52b1be057*&amp;apos;
System info: os.name: &amp;apos;Windows 11&amp;apos;, os.arch: &amp;apos;amd64&amp;apos;, os.version: &amp;apos;10.0&amp;apos;, java.version: &amp;apos;17.0.9&amp;apos;
Driver info: org.openqa.selenium.chrome.ChromeDriver
Command: [9e6dbed31435d0a1be890544cef9ec57, refresh {}]
Capabilities {acceptInsecureCerts: false, browserName: chrome, browserVersion: 147.0.7727.116, chrome: {chromedriverVersion: 147.0.7727.117 (474cc805edd..., userDataDir: C:\Users\BHUPESH\AppData\Lo...}, fedcm:accounts: true, goog:chromeOptions: {debuggerAddress: localhost:55170}, goog:processID: 15400, networkConnectionEnabled: false, pageLoadStrategy: normal, platformName: windows, proxy: Proxy(), se:cdp: ws://localhost:55170/devtoo..., se:cdpVersion: 147.0.7727.116, setWindowRect: true, strictFileInteractability: false, timeouts: {implicit: 0, pageLoad: 300000, script: 30000}, unhandledPromptBehavior: dismiss and notify, webauthn:extension:credBlob: true, webauthn:extension:largeBlob: true, webauthn:extension:minPinLength: true, webauthn:extension:prf: true, webauthn:virtualAuthenticators: true}
Session ID: 9e6dbed31435d0a1be890544cef9ec57">
      <![CDATA[org.openqa.selenium.NoSuchSessionException: invalid session id: session deleted as the browser has closed the connection
from disconnected: not connected to DevTools
  (Session info: chrome=147.0.7727.116)
Build info: version: '4.17.0', revision: 'e52b1be057*'
System info: os.name: 'Windows 11', os.arch: 'amd64', os.version: '10.0', java.version: '17.0.9'
Driver info: org.openqa.selenium.chrome.ChromeDriver
Command: [9e6dbed31435d0a1be890544cef9ec57, refresh {}]
Capabilities {acceptInsecureCerts: false, browserName: chrome, browserVersion: 147.0.7727.116, chrome: {chromedriverVersion: 147.0.7727.117 (474cc805edd..., userDataDir: C:\Users\BHUPESH\AppData\Lo...}, fedcm:accounts: true, goog:chromeOptions: {debuggerAddress: localhost:55170}, goog:processID: 15400, networkConnectionEnabled: false, pageLoadStrategy: normal, platformName: windows, proxy: Proxy(), se:cdp: ws://localhost:55170/devtoo..., se:cdpVersion: 147.0.7727.116, setWindowRect: true, strictFileInteractability: false, timeouts: {implicit: 0, pageLoad: 300000, script: 30000}, unhandledPromptBehavior: dismiss and notify, webauthn:extension:credBlob: true, webauthn:extension:largeBlob: true, webauthn:extension:minPinLength: true, webauthn:extension:prf: true, webauthn:virtualAuthenticators: true}
Session ID: 9e6dbed31435d0a1be890544cef9ec57
at org.openqa.selenium.remote.codec.w3c.W3CHttpResponseCodec.createException(W3CHttpResponseCodec.java:185)
at org.openqa.selenium.remote.codec.w3c.W3CHttpResponseCodec.decode(W3CHttpResponseCodec.java:134)
at org.openqa.selenium.remote.codec.w3c.W3CHttpResponseCodec.decode(W3CHttpResponseCodec.java:51)
at org.openqa.selenium.remote.HttpCommandExecutor.execute(HttpCommandExecutor.java:190)
at org.openqa.selenium.remote.service.DriverCommandExecutor.invokeExecute(DriverCommandExecutor.java:216)
at org.openqa.selenium.remote.service.DriverCommandExecutor.execute(DriverCommandExecutor.java:174)
at org.openqa.selenium.remote.RemoteWebDriver.execute(RemoteWebDriver.java:519)
at org.openqa.selenium.remote.RemoteWebDriver.execute(RemoteWebDriver.java:592)
at org.openqa.selenium.remote.RemoteWebDriver.execute(RemoteWebDriver.java:596)
at org.openqa.selenium.remote.RemoteWebDriver$RemoteNavigation.refresh(RemoteWebDriver.java:1074)
at function.A_testClassDelte.backToHomePage2(A_testClassDelte.java:231)
at java.base/java.util.ArrayList.forEach(ArrayList.java:1511)
... Removed 37 stack frames]]>
    </failure>
  </testcase> <!-- @AfterMethod backToHomePage2 -->
  <testcase classname="function.A_testClassDelte" name="@BeforeMethod backToHomePage" time="0.0">
    <skipped/>
  </testcase> <!-- @BeforeMethod backToHomePage -->
  <testcase classname="function.A_testClassDelte" name="@AfterMethod backToHomePage2" time="0.0">
    <skipped/>
  </testcase> <!-- @AfterMethod backToHomePage2 -->
  <testcase classname="function.A_testClassDelte" name="@BeforeMethod backToHomePage" time="0.0">
    <skipped/>
  </testcase> <!-- @BeforeMethod backToHomePage -->
  <testcase classname="function.A_testClassDelte" name="@AfterMethod backToHomePage2" time="0.0">
    <skipped/>
  </testcase> <!-- @AfterMethod backToHomePage2 -->
  <testcase classname="function.A_testClassDelte" name="@BeforeMethod backToHomePage" time="0.0">
    <skipped/>
  </testcase> <!-- @BeforeMethod backToHomePage -->
  <testcase classname="function.A_testClassDelte" name="@AfterMethod backToHomePage2" time="0.0">
    <skipped/>
  </testcase> <!-- @AfterMethod backToHomePage2 -->
  <testcase classname="function.A_testClassDelte" name="@BeforeMethod backToHomePage" time="0.0">
    <skipped/>
  </testcase> <!-- @BeforeMethod backToHomePage -->
  <testcase classname="function.A_testClassDelte" name="@AfterMethod backToHomePage2" time="0.0">
    <skipped/>
  </testcase> <!-- @AfterMethod backToHomePage2 -->
  <testcase classname="function.A_testClassDelte" name="@BeforeMethod backToHomePage" time="0.0">
    <skipped/>
  </testcase> <!-- @BeforeMethod backToHomePage -->
  <testcase classname="function.A_testClassDelte" name="@AfterMethod backToHomePage2" time="0.0">
    <skipped/>
  </testcase> <!-- @AfterMethod backToHomePage2 -->
  <testcase classname="function.A_testClassDelte" name="@BeforeMethod backToHomePage" time="0.0">
    <skipped/>
  </testcase> <!-- @BeforeMethod backToHomePage -->
  <testcase classname="function.A_testClassDelte" name="@AfterMethod backToHomePage2" time="0.0">
    <skipped/>
  </testcase> <!-- @AfterMethod backToHomePage2 -->
  <testcase classname="function.A_testClassDelte" name="@AfterClass logOut" time="0.0">
    <skipped/>
  </testcase> <!-- @AfterClass logOut -->
  <testcase classname="function.A_testClassDelte" name="@AfterTest AfterTest" time="0.0">
    <skipped/>
  </testcase> <!-- @AfterTest AfterTest -->
  <testcase classname="function.A_testClassDelte" name="deleteManualAlarm" time="90.956"/>
  <testcase classname="function.A_testClassDelte" name="deleteCalendarEvent" time="73.418">
    <failure type="org.openqa.selenium.WebDriverException" message="target frame detached
  (failed to check if window was closed: disconnected: Unable to receive message from renderer)
  (Session info: chrome=147.0.7727.116)
Build info: version: &amp;apos;4.17.0&amp;apos;, revision: &amp;apos;e52b1be057*&amp;apos;
System info: os.name: &amp;apos;Windows 11&amp;apos;, os.arch: &amp;apos;amd64&amp;apos;, os.version: &amp;apos;10.0&amp;apos;, java.version: &amp;apos;17.0.9&amp;apos;
Driver info: org.openqa.selenium.chrome.ChromeDriver
Command: [9e6dbed31435d0a1be890544cef9ec57, findElements {value=//div[@class=&amp;apos;title&amp;apos; and contains(translate(text(),&amp;apos;BG&amp;apos;,&amp;apos;bg&amp;apos;),&amp;apos;bg&amp;apos;)], using=xpath}]
Capabilities {acceptInsecureCerts: false, browserName: chrome, browserVersion: 147.0.7727.116, chrome: {chromedriverVersion: 147.0.7727.117 (474cc805edd..., userDataDir: C:\Users\BHUPESH\AppData\Lo...}, fedcm:accounts: true, goog:chromeOptions: {debuggerAddress: localhost:55170}, goog:processID: 15400, networkConnectionEnabled: false, pageLoadStrategy: normal, platformName: windows, proxy: Proxy(), se:cdp: ws://localhost:55170/devtoo..., se:cdpVersion: 147.0.7727.116, setWindowRect: true, strictFileInteractability: false, timeouts: {implicit: 0, pageLoad: 300000, script: 30000}, unhandledPromptBehavior: dismiss and notify, webauthn:extension:credBlob: true, webauthn:extension:largeBlob: true, webauthn:extension:minPinLength: true, webauthn:extension:prf: true, webauthn:virtualAuthenticators: true}
Session ID: 9e6dbed31435d0a1be890544cef9ec57">
      <![CDATA[org.openqa.selenium.WebDriverException: target frame detached
  (failed to check if window was closed: disconnected: Unable to receive message from renderer)
  (Session info: chrome=147.0.7727.116)
Build info: version: '4.17.0', revision: 'e52b1be057*'
System info: os.name: 'Windows 11', os.arch: 'amd64', os.version: '10.0', java.version: '17.0.9'
Driver info: org.openqa.selenium.chrome.ChromeDriver
Command: [9e6dbed31435d0a1be890544cef9ec57, findElements {value=//div[@class='title' and contains(translate(text(),'BG','bg'),'bg')], using=xpath}]
Capabilities {acceptInsecureCerts: false, browserName: chrome, browserVersion: 147.0.7727.116, chrome: {chromedriverVersion: 147.0.7727.117 (474cc805edd..., userDataDir: C:\Users\BHUPESH\AppData\Lo...}, fedcm:accounts: true, goog:chromeOptions: {debuggerAddress: localhost:55170}, goog:processID: 15400, networkConnectionEnabled: false, pageLoadStrategy: normal, platformName: windows, proxy: Proxy(), se:cdp: ws://localhost:55170/devtoo..., se:cdpVersion: 147.0.7727.116, setWindowRect: true, strictFileInteractability: false, timeouts: {implicit: 0, pageLoad: 300000, script: 30000}, unhandledPromptBehavior: dismiss and notify, webauthn:extension:credBlob: true, webauthn:extension:largeBlob: true, webauthn:extension:minPinLength: true, webauthn:extension:prf: true, webauthn:virtualAuthenticators: true}
Session ID: 9e6dbed31435d0a1be890544cef9ec57
at org.openqa.selenium.remote.codec.w3c.W3CHttpResponseCodec.createException(W3CHttpResponseCodec.java:185)
at org.openqa.selenium.remote.codec.w3c.W3CHttpResponseCodec.decode(W3CHttpResponseCodec.java:134)
at org.openqa.selenium.remote.codec.w3c.W3CHttpResponseCodec.decode(W3CHttpResponseCodec.java:51)
at org.openqa.selenium.remote.HttpCommandExecutor.execute(HttpCommandExecutor.java:190)
at org.openqa.selenium.remote.service.DriverCommandExecutor.invokeExecute(DriverCommandExecutor.java:216)
at org.openqa.selenium.remote.service.DriverCommandExecutor.execute(DriverCommandExecutor.java:174)
at org.openqa.selenium.remote.RemoteWebDriver.execute(RemoteWebDriver.java:519)
at org.openqa.selenium.remote.ElementLocation$ElementFinder$2.findElements(ElementLocation.java:182)
at org.openqa.selenium.remote.ElementLocation.findElements(ElementLocation.java:103)
at org.openqa.selenium.remote.RemoteWebDriver.findElements(RemoteWebDriver.java:369)
at org.openqa.selenium.remote.RemoteWebDriver.findElements(RemoteWebDriver.java:363)
at org.openqa.selenium.support.pagefactory.DefaultElementLocator.findElements(DefaultElementLocator.java:83)
at org.openqa.selenium.support.pagefactory.internal.LocatingElementListHandler.invoke(LocatingElementListHandler.java:36)
at jdk.proxy2/jdk.proxy2.$Proxy23.size(Unknown Source)
at function.K_calendar.deleteCalendarEvent(K_calendar.java:1000)
at function.A_testClassDelte.deleteCalendarEvent(A_testClassDelte.java:172)
at java.base/java.util.ArrayList.forEach(ArrayList.java:1511)
... Removed 32 stack frames]]>
    </failure>
  </testcase> <!-- deleteCalendarEvent -->
  <testcase classname="function.A_testClassDelte" name="delete_infoEvent" time="0.0">
    <skipped/>
  </testcase> <!-- delete_infoEvent -->
  <testcase classname="function.A_testClassDelte" name="deleteResource" time="0.0">
    <skipped/>
  </testcase> <!-- deleteResource -->
  <testcase classname="function.A_testClassDelte" name="deleteAlarmEscalation" time="0.0">
    <skipped/>
  </testcase> <!-- deleteAlarmEscalation -->
  <testcase classname="function.A_testClassDelte" name="deleteAlarmLoop" time="0.001">
    <skipped/>
  </testcase> <!-- deleteAlarmLoop -->
  <testcase classname="function.A_testClassDelte" name="deleteAlarmTemplate" time="0.0">
    <skipped/>
  </testcase> <!-- deleteAlarmTemplate -->
  <testcase classname="function.A_testClassDelte" name="deletedeleteEventCatogery" time="0.0">
    <skipped/>
  </testcase> <!-- deletedeleteEventCatogery -->
  <testcase classname="function.A_testClassDelte" name="deleteCalendarEventAll" time="0.0">
    <ignored/>
  </testcase> <!-- deleteCalendarEventAll -->
</testsuite> <!-- Test -->
