<?xml version="1.0" encoding="UTF-8"?>
<!-- Generated by org.testng.reporters.JUnitXMLReporter -->
<testsuite ignored="61" hostname="DESKTOP-T6L47BI" failures="0" tests="1" name="Test(failed)(failed)" time="4.663" errors="0" timestamp="2026-05-06T13:44:35 IST">
  <testcase classname="function.A_testClassCreate" name="@BeforeTest BeforeTest" time="4.624">
    <failure type="org.openqa.selenium.NoSuchSessionException" message="invalid session id: session deleted as the browser has closed the connection
from disconnected: unable to send message to renderer
  (Session info: chrome=147.0.7727.138)
Build info: version: &amp;apos;4.17.0&amp;apos;, revision: &amp;apos;e52b1be057*&amp;apos;
System info: os.name: &amp;apos;Windows 11&amp;apos;, os.arch: &amp;apos;amd64&amp;apos;, os.version: &amp;apos;10.0&amp;apos;, java.version: &amp;apos;17.0.9&amp;apos;
Driver info: org.openqa.selenium.chrome.ChromeDriver
Command: [04bf5c9dced5566be70a99c871f3de87, findElement {value=//select[@name=&amp;quot;data[app_type]&amp;quot;], using=xpath}]
Capabilities {acceptInsecureCerts: false, browserName: chrome, browserVersion: 147.0.7727.138, chrome: {chromedriverVersion: 147.0.7727.117 (474cc805edd..., userDataDir: C:\Users\BHUPESH\AppData\Lo...}, fedcm:accounts: true, goog:chromeOptions: {debuggerAddress: localhost:62048}, goog:processID: 27084, networkConnectionEnabled: false, pageLoadStrategy: normal, platformName: windows, proxy: Proxy(), se:cdp: ws://localhost:62048/devtoo..., se:cdpVersion: 147.0.7727.138, setWindowRect: true, strictFileInteractability: false, timeouts: {implicit: 0, pageLoad: 300000, script: 30000}, unhandledPromptBehavior: dismiss and notify, webauthn:extension:credBlob: true, webauthn:extension:largeBlob: true, webauthn:extension:minPinLength: true, webauthn:extension:prf: true, webauthn:virtualAuthenticators: true}
Session ID: 04bf5c9dced5566be70a99c871f3de87">
      <![CDATA[org.openqa.selenium.NoSuchSessionException: invalid session id: session deleted as the browser has closed the connection
from disconnected: unable to send message to renderer
  (Session info: chrome=147.0.7727.138)
Build info: version: '4.17.0', revision: 'e52b1be057*'
System info: os.name: 'Windows 11', os.arch: 'amd64', os.version: '10.0', java.version: '17.0.9'
Driver info: org.openqa.selenium.chrome.ChromeDriver
Command: [04bf5c9dced5566be70a99c871f3de87, findElement {value=//select[@name="data[app_type]"], using=xpath}]
Capabilities {acceptInsecureCerts: false, browserName: chrome, browserVersion: 147.0.7727.138, chrome: {chromedriverVersion: 147.0.7727.117 (474cc805edd..., userDataDir: C:\Users\BHUPESH\AppData\Lo...}, fedcm:accounts: true, goog:chromeOptions: {debuggerAddress: localhost:62048}, goog:processID: 27084, networkConnectionEnabled: false, pageLoadStrategy: normal, platformName: windows, proxy: Proxy(), se:cdp: ws://localhost:62048/devtoo..., se:cdpVersion: 147.0.7727.138, setWindowRect: true, strictFileInteractability: false, timeouts: {implicit: 0, pageLoad: 300000, script: 30000}, unhandledPromptBehavior: dismiss and notify, webauthn:extension:credBlob: true, webauthn:extension:largeBlob: true, webauthn:extension:minPinLength: true, webauthn:extension:prf: true, webauthn:virtualAuthenticators: true}
Session ID: 04bf5c9dced5566be70a99c871f3de87
at org.openqa.selenium.remote.codec.w3c.W3CHttpResponseCodec.createException(W3CHttpResponseCodec.java:185)
at org.openqa.selenium.remote.codec.w3c.W3CHttpResponseCodec.decode(W3CHttpResponseCodec.java:134)
at org.openqa.selenium.remote.codec.w3c.W3CHttpResponseCodec.decode(W3CHttpResponseCodec.java:51)
at org.openqa.selenium.remote.HttpCommandExecutor.execute(HttpCommandExecutor.java:190)
at org.openqa.selenium.remote.service.DriverCommandExecutor.invokeExecute(DriverCommandExecutor.java:216)
at org.openqa.selenium.remote.service.DriverCommandExecutor.execute(DriverCommandExecutor.java:174)
at org.openqa.selenium.remote.RemoteWebDriver.execute(RemoteWebDriver.java:519)
at org.openqa.selenium.remote.ElementLocation$ElementFinder$2.findElement(ElementLocation.java:165)
at org.openqa.selenium.remote.ElementLocation.findElement(ElementLocation.java:59)
at org.openqa.selenium.remote.RemoteWebDriver.findElement(RemoteWebDriver.java:356)
at org.openqa.selenium.remote.RemoteWebDriver.findElement(RemoteWebDriver.java:350)
at org.openqa.selenium.support.pagefactory.DefaultElementLocator.findElement(DefaultElementLocator.java:68)
at org.openqa.selenium.support.pagefactory.internal.LocatingElementHandler.invoke(LocatingElementHandler.java:38)
at jdk.proxy2/jdk.proxy2.$Proxy22.getTagName(Unknown Source)
at org.openqa.selenium.support.ui.Select.<init>(Select.java:43)
at function.D_homePage.langChange(D_homePage.java:30)
at function.A_testClassCreate.BeforeTest(A_testClassCreate.java:66)
... Removed 29 stack frames]]>
    </failure>
  </testcase> <!-- @BeforeTest BeforeTest -->
  <testcase classname="function.A_testClassCreate" name="@BeforeClass createObject" time="0.0">
    <skipped/>
  </testcase> <!-- @BeforeClass createObject -->
  <testcase classname="function.A_testClassCreate" name="@BeforeMethod backToHomePage" time="0.0">
    <skipped/>
  </testcase> <!-- @BeforeMethod backToHomePage -->
  <testcase classname="function.A_testClassCreate" name="@AfterMethod backToHomePage2" time="0.0">
    <skipped/>
  </testcase> <!-- @AfterMethod backToHomePage2 -->
  <testcase classname="function.A_testClassCreate" name="@AfterClass logOut" time="0.0">
    <skipped/>
  </testcase> <!-- @AfterClass logOut -->
  <testcase classname="function.A_testClassCreate" name="@AfterTest AfterTest" time="0.0">
    <skipped/>
  </testcase> <!-- @AfterTest AfterTest -->
  <testcase classname="function.A_testClassCreate" name="createChatFroupByAlarmLoopsMS" time="0.0">
    <skipped/>
  </testcase> <!-- createChatFroupByAlarmLoopsMS -->
  <testcase classname="function.A_testClassCreate" name="manualaByAttributeExtend1To01StEscResourceFrom02" time="0.0">
    <ignored/>
  </testcase> <!-- manualaByAttributeExtend1To01StEscResourceFrom02 -->
  <testcase classname="function.A_testClassCreate" name="createMonitorInformationByAttribute" time="0.0">
    <ignored/>
  </testcase> <!-- createMonitorInformationByAttribute -->
  <testcase classname="function.A_testClassCreate" name="createNewEscalationResource" time="0.0">
    <ignored/>
  </testcase> <!-- createNewEscalationResource -->
  <testcase classname="function.A_testClassCreate" name="smokeForAlrmLoop" time="0.0">
    <ignored/>
  </testcase> <!-- smokeForAlrmLoop -->
  <testcase classname="function.A_testClassCreate" name="createCalendarEventByFireFughterMS" time="0.0">
    <ignored/>
  </testcase> <!-- createCalendarEventByFireFughterMS -->
  <testcase classname="function.A_testClassCreate" name="createNewAlarmTemplateByAttribute" time="0.0">
    <ignored/>
  </testcase> <!-- createNewAlarmTemplateByAttribute -->
  <testcase classname="function.A_testClassCreate" name="createCalendarEventByAttribute" time="0.0">
    <ignored/>
  </testcase> <!-- createCalendarEventByAttribute -->
  <testcase classname="function.A_testClassCreate" name="SendMessageTo1DayInformationEventByFireFighter" time="0.0">
    <ignored/>
  </testcase> <!-- SendMessageTo1DayInformationEventByFireFighter -->
  <testcase classname="function.A_testClassCreate" name="sendMessageToManualAlarmUser" time="0.0">
    <ignored/>
  </testcase> <!-- sendMessageToManualAlarmUser -->
  <testcase classname="function.A_testClassCreate" name="createNewAlarmEscalation" time="0.0">
    <ignored/>
  </testcase> <!-- createNewAlarmEscalation -->
  <testcase classname="function.A_testClassCreate" name="TCResourceValidationChecking" time="0.0">
    <ignored/>
  </testcase> <!-- TCResourceValidationChecking -->
  <testcase classname="function.A_testClassCreate" name="manualAlarmByFirefighterMs" time="0.0">
    <ignored/>
  </testcase> <!-- manualAlarmByFirefighterMs -->
  <testcase classname="function.A_testClassCreate" name="smokeForinformation" time="0.0">
    <ignored/>
  </testcase> <!-- smokeForinformation -->
  <testcase classname="function.A_testClassCreate" name="TCInfoeventValidationChecking" time="0.0">
    <ignored/>
  </testcase> <!-- TCInfoeventValidationChecking -->
  <testcase classname="function.A_testClassCreate" name="CheckApiAlarmEscalationFunctionality" time="0.0">
    <ignored/>
  </testcase> <!-- CheckApiAlarmEscalationFunctionality -->
  <testcase classname="function.A_testClassCreate" name="smokeForCalendar" time="0.0">
    <ignored/>
  </testcase> <!-- smokeForCalendar -->
  <testcase classname="function.A_testClassCreate" name="createMonitorInformationByResource" time="0.0">
    <ignored/>
  </testcase> <!-- createMonitorInformationByResource -->
  <testcase classname="function.A_testClassCreate" name="smokeForCreateManualAlarm" time="0.0">
    <ignored/>
  </testcase> <!-- smokeForCreateManualAlarm -->
  <testcase classname="function.A_testClassCreate" name="manualaByAttributeSingleStation" time="0.0">
    <ignored/>
  </testcase> <!-- manualaByAttributeSingleStation -->
  <testcase classname="function.A_testClassCreate" name="sendMessageToNewApiAlarmUser" time="0.0">
    <ignored/>
  </testcase> <!-- sendMessageToNewApiAlarmUser -->
  <testcase classname="function.A_testClassCreate" name="create1MinInformationEventByAttribute" time="0.0">
    <ignored/>
  </testcase> <!-- create1MinInformationEventByAttribute -->
  <testcase classname="function.A_testClassCreate" name="TCCalenderEventValidationChecking" time="0.0">
    <ignored/>
  </testcase> <!-- TCCalenderEventValidationChecking -->
  <testcase classname="function.A_testClassCreate" name="manualAlarmByNewREsource" time="0.0">
    <ignored/>
  </testcase> <!-- manualAlarmByNewREsource -->
  <testcase classname="function.A_testClassCreate" name="createCalendarEventByStationsMS" time="0.0">
    <ignored/>
  </testcase> <!-- createCalendarEventByStationsMS -->
  <testcase classname="function.A_testClassCreate" name="createMonitorInformationByFireFighterForTwoStation" time="0.0">
    <ignored/>
  </testcase> <!-- createMonitorInformationByFireFighterForTwoStation -->
  <testcase classname="function.A_testClassCreate" name="createNewAlarmTemplateByResource" time="0.0">
    <ignored/>
  </testcase> <!-- createNewAlarmTemplateByResource -->
  <testcase classname="function.A_testClassCreate" name="createMonitorInformationByStations" time="0.0">
    <ignored/>
  </testcase> <!-- createMonitorInformationByStations -->
  <testcase classname="function.A_testClassCreate" name="TCNewAlarmLoopCheckingValidation" time="0.0">
    <ignored/>
  </testcase> <!-- TCNewAlarmLoopCheckingValidation -->
  <testcase classname="function.A_testClassCreate" name="manualAlarmByResourceMs" time="0.0">
    <ignored/>
  </testcase> <!-- manualAlarmByResourceMs -->
  <testcase classname="function.A_testClassCreate" name="sendMessageToChatGroupCreatedByAttribute" time="0.0">
    <ignored/>
  </testcase> <!-- sendMessageToChatGroupCreatedByAttribute -->
  <testcase classname="function.A_testClassCreate" name="createNewAlarmLoop" time="0.0">
    <ignored/>
  </testcase> <!-- createNewAlarmLoop -->
  <testcase classname="function.A_testClassCreate" name="TCMonitorInformationValidationChecking" time="0.0">
    <ignored/>
  </testcase> <!-- TCMonitorInformationValidationChecking -->
  <testcase classname="function.A_testClassCreate" name="create1DayInformationEventByFireFighter" time="0.0">
    <ignored/>
  </testcase> <!-- create1DayInformationEventByFireFighter -->
  <testcase classname="function.A_testClassCreate" name="createAlarmByNewlyAddedTemplateFromTemplateModule" time="0.0">
    <ignored/>
  </testcase> <!-- createAlarmByNewlyAddedTemplateFromTemplateModule -->
  <testcase classname="function.A_testClassCreate" name="CheckAlarmExtendFunctionality" time="0.0">
    <ignored/>
  </testcase> <!-- CheckAlarmExtendFunctionality -->
  <testcase classname="function.A_testClassCreate" name="manualaByAttributeMSLP" time="0.0">
    <ignored/>
  </testcase> <!-- manualaByAttributeMSLP -->
  <testcase classname="function.A_testClassCreate" name="createEventCategory" time="0.0">
    <ignored/>
  </testcase> <!-- createEventCategory -->
  <testcase classname="function.A_testClassCreate" name="createNewResource" time="0.0">
    <ignored/>
  </testcase> <!-- createNewResource -->
  <testcase classname="function.A_testClassCreate" name="createCalendarEventByResource" time="0.0">
    <ignored/>
  </testcase> <!-- createCalendarEventByResource -->
  <testcase classname="function.A_testClassCreate" name="smokeAlarmTemplate" time="0.0">
    <ignored/>
  </testcase> <!-- smokeAlarmTemplate -->
  <testcase classname="function.A_testClassCreate" name="createChatFroupByAttributeMS" time="0.0">
    <ignored/>
  </testcase> <!-- createChatFroupByAttributeMS -->
  <testcase classname="function.A_testClassCreate" name="TCManualAlarmMSCheckingValidation" time="0.0">
    <ignored/>
  </testcase> <!-- TCManualAlarmMSCheckingValidation -->
  <testcase classname="function.A_testClassCreate" name="manualAlarmByOldEsclationTemplateFromSt02ToSt01" time="0.0">
    <ignored/>
  </testcase> <!-- manualAlarmByOldEsclationTemplateFromSt02ToSt01 -->
  <testcase classname="function.A_testClassCreate" name="createNewAlarmTemplateByFirefighter" time="0.0">
    <ignored/>
  </testcase> <!-- createNewAlarmTemplateByFirefighter -->
  <testcase classname="function.A_testClassCreate" name="createChatFroupByResourceMS" time="0.0">
    <ignored/>
  </testcase> <!-- createChatFroupByResourceMS -->
  <testcase classname="function.A_testClassCreate" name="sendMessageToOldApiAlarmUser" time="0.0">
    <ignored/>
  </testcase> <!-- sendMessageToOldApiAlarmUser -->
  <testcase classname="function.A_testClassCreate" name="smokeForResource" time="0.0">
    <ignored/>
  </testcase> <!-- smokeForResource -->
  <testcase classname="function.A_testClassCreate" name="CheckManualAlarmEscalationFunctionality" time="0.0">
    <ignored/>
  </testcase> <!-- CheckManualAlarmEscalationFunctionality -->
  <testcase classname="function.A_testClassCreate" name="smokeForManualAlarm" time="0.0">
    <ignored/>
  </testcase> <!-- smokeForManualAlarm -->
  <testcase classname="function.A_testClassCreate" name="smokeForEscalation" time="0.0">
    <ignored/>
  </testcase> <!-- smokeForEscalation -->
  <testcase classname="function.A_testClassCreate" name="createFullDayInformationEventByStation" time="0.0">
    <ignored/>
  </testcase> <!-- createFullDayInformationEventByStation -->
  <testcase classname="function.A_testClassCreate" name="createMonitorInformationByFireFighter" time="0.0">
    <ignored/>
  </testcase> <!-- createMonitorInformationByFireFighter -->
  <testcase classname="function.A_testClassCreate" name="manualAlarmByEscResourceMs" time="0.0">
    <ignored/>
  </testcase> <!-- manualAlarmByEscResourceMs -->
  <testcase classname="function.A_testClassCreate" name="create1HrInformationEventByResource" time="0.0">
    <ignored/>
  </testcase> <!-- create1HrInformationEventByResource -->
  <testcase classname="function.A_testClassCreate" name="smokeForEventCategory" time="0.0">
    <ignored/>
  </testcase> <!-- smokeForEventCategory -->
  <testcase classname="function.A_testClassCreate" name="createChatFroupByFireFighterMS" time="0.0">
    <ignored/>
  </testcase> <!-- createChatFroupByFireFighterMS -->
  <testcase classname="function.A_testClassCreate" name="manualAlarmByNewEscResource" time="0.0">
    <ignored/>
  </testcase> <!-- manualAlarmByNewEscResource -->
  <testcase classname="function.A_testClassCreate" name="sendMessageToApiEsclationAlarm" time="0.0">
    <ignored/>
  </testcase> <!-- sendMessageToApiEsclationAlarm -->
  <testcase classname="function.A_testClassCreate" name="TCAlarmTemplateCheckingValidation" time="0.0">
    <ignored/>
  </testcase> <!-- TCAlarmTemplateCheckingValidation -->
  <testcase classname="function.A_testClassCreate" name="manualAlarmByEscResourceSingleStation" time="0.0">
    <ignored/>
  </testcase> <!-- manualAlarmByEscResourceSingleStation -->
  <testcase classname="function.A_testClassCreate" name="manualAlarmByNewTemplate" time="0.0">
    <ignored/>
  </testcase> <!-- manualAlarmByNewTemplate -->
</testsuite> <!-- Test(failed)(failed) -->
