<?xml version="1.0" encoding="UTF-8"?>
<!-- Generated by org.testng.reporters.JUnitXMLReporter -->
<testsuite ignored="37" hostname="DESKTOP-T6L47BI" failures="0" tests="9" name="Test" time="229.775" errors="0" timestamp="2026-02-05T14:55:01 IST">
  <testcase classname="function.A_testClassCreate" name="smokeForManualAlarm" time="12.192"/>
  <testcase classname="function.A_testClassCreate" name="smokeForCreateManualAlarm" time="25.267"/>
  <testcase classname="function.A_testClassCreate" name="smokeForResource" time="9.792"/>
  <testcase classname="function.A_testClassCreate" name="smokeForAlrmLoop" time="7.519"/>
  <testcase classname="function.A_testClassCreate" name="smokeAlarmTemplate" time="6.766"/>
  <testcase classname="function.A_testClassCreate" name="smokeForEscalation" time="2.393"/>
  <testcase classname="function.A_testClassCreate" name="smokeForCalendar" time="5.722"/>
  <testcase classname="function.A_testClassCreate" name="smokeForEventCategory" time="9.756"/>
  <testcase classname="function.A_testClassCreate" name="smokeForinformation" time="12.653"/>
  <testcase classname="function.A_testClassCreate" name="createNewAlarmTemplateByFirefighter" time="0.0">
    <ignored/>
  </testcase> <!-- createNewAlarmTemplateByFirefighter -->
  <testcase classname="function.A_testClassCreate" name="sendMessageToOldApiAlarmUser" time="0.0">
    <ignored/>
  </testcase> <!-- sendMessageToOldApiAlarmUser -->
  <testcase classname="function.A_testClassCreate" name="createMonitorInformationByResource" time="0.0">
    <ignored/>
  </testcase> <!-- createMonitorInformationByResource -->
  <testcase classname="function.A_testClassCreate" name="manualAlarmByOldEsclationTemplateFromSt02ToSt01" time="0.0">
    <ignored/>
  </testcase> <!-- manualAlarmByOldEsclationTemplateFromSt02ToSt01 -->
  <testcase classname="function.A_testClassCreate" name="manualaByAttributeSingleStation" time="0.0">
    <ignored/>
  </testcase> <!-- manualaByAttributeSingleStation -->
  <testcase classname="function.A_testClassCreate" name="createMonitorInformationByFireFighter" time="0.0">
    <ignored/>
  </testcase> <!-- createMonitorInformationByFireFighter -->
  <testcase classname="function.A_testClassCreate" name="createFullDayInformationEventByStation" time="0.0">
    <ignored/>
  </testcase> <!-- createFullDayInformationEventByStation -->
  <testcase classname="function.A_testClassCreate" name="sendMessageToNewApiAlarmUser" time="0.0">
    <ignored/>
  </testcase> <!-- sendMessageToNewApiAlarmUser -->
  <testcase classname="function.A_testClassCreate" name="create1HrInformationEventByResource" time="0.0">
    <ignored/>
  </testcase> <!-- create1HrInformationEventByResource -->
  <testcase classname="function.A_testClassCreate" name="manualAlarmByEscResourceMs" time="0.0">
    <ignored/>
  </testcase> <!-- manualAlarmByEscResourceMs -->
  <testcase classname="function.A_testClassCreate" name="sendMessageToManualAlarmUser" time="0.0">
    <ignored/>
  </testcase> <!-- sendMessageToManualAlarmUser -->
  <testcase classname="function.A_testClassCreate" name="manualAlarmByFirefighterMs" time="0.0">
    <ignored/>
  </testcase> <!-- manualAlarmByFirefighterMs -->
  <testcase classname="function.A_testClassCreate" name="createCalendarEventByResource" time="0.0">
    <ignored/>
  </testcase> <!-- createCalendarEventByResource -->
  <testcase classname="function.A_testClassCreate" name="createNewResource" time="0.0">
    <ignored/>
  </testcase> <!-- createNewResource -->
  <testcase classname="function.A_testClassCreate" name="createNewAlarmEscalation" time="0.0">
    <ignored/>
  </testcase> <!-- createNewAlarmEscalation -->
  <testcase classname="function.A_testClassCreate" name="manualaByAttributeExtend1StStResource" time="0.0">
    <ignored/>
  </testcase> <!-- manualaByAttributeExtend1StStResource -->
  <testcase classname="function.A_testClassCreate" name="createAlarmByNewlyAddedTemplateFromTemplateModule" time="0.0">
    <ignored/>
  </testcase> <!-- createAlarmByNewlyAddedTemplateFromTemplateModule -->
  <testcase classname="function.A_testClassCreate" name="createNewEscalationResource" time="0.0">
    <ignored/>
  </testcase> <!-- createNewEscalationResource -->
  <testcase classname="function.A_testClassCreate" name="create1DayInformationEventByFireFighter" time="0.0">
    <ignored/>
  </testcase> <!-- create1DayInformationEventByFireFighter -->
  <testcase classname="function.A_testClassCreate" name="createMonitorInformationByAttribute" time="0.0">
    <ignored/>
  </testcase> <!-- createMonitorInformationByAttribute -->
  <testcase classname="function.A_testClassCreate" name="createNewAlarmTemplateByAttribute" time="0.0">
    <ignored/>
  </testcase> <!-- createNewAlarmTemplateByAttribute -->
  <testcase classname="function.A_testClassCreate" name="createCalendarEventByFireFughterMS" time="0.0">
    <ignored/>
  </testcase> <!-- createCalendarEventByFireFughterMS -->
  <testcase classname="function.A_testClassCreate" name="SendMessageTo1DayInformationEventByFireFighter" time="0.0">
    <ignored/>
  </testcase> <!-- SendMessageTo1DayInformationEventByFireFighter -->
  <testcase classname="function.A_testClassCreate" name="manualaByAttributeMSLP" time="0.0">
    <ignored/>
  </testcase> <!-- manualaByAttributeMSLP -->
  <testcase classname="function.A_testClassCreate" name="createCalendarEventByAttribute" time="0.0">
    <ignored/>
  </testcase> <!-- createCalendarEventByAttribute -->
  <testcase classname="function.A_testClassCreate" name="create1MinInformationEventByAttribute" time="0.0">
    <ignored/>
  </testcase> <!-- create1MinInformationEventByAttribute -->
  <testcase classname="function.A_testClassCreate" name="manualAlarmByNewREsource" time="0.0">
    <ignored/>
  </testcase> <!-- manualAlarmByNewREsource -->
  <testcase classname="function.A_testClassCreate" name="createEventCategory" time="0.0">
    <ignored/>
  </testcase> <!-- createEventCategory -->
  <testcase classname="function.A_testClassCreate" name="createNewAlarmTemplateByResource" time="0.0">
    <ignored/>
  </testcase> <!-- createNewAlarmTemplateByResource -->
  <testcase classname="function.A_testClassCreate" name="createMonitorInformationByStations" time="0.0">
    <ignored/>
  </testcase> <!-- createMonitorInformationByStations -->
  <testcase classname="function.A_testClassCreate" name="manualAlarmByNewEscResource" time="0.0">
    <ignored/>
  </testcase> <!-- manualAlarmByNewEscResource -->
  <testcase classname="function.A_testClassCreate" name="createMonitorInformationByFireFighterForTwoStation" time="0.0">
    <ignored/>
  </testcase> <!-- createMonitorInformationByFireFighterForTwoStation -->
  <testcase classname="function.A_testClassCreate" name="createCalendarEventByStationsMS" time="0.0">
    <ignored/>
  </testcase> <!-- createCalendarEventByStationsMS -->
  <testcase classname="function.A_testClassCreate" name="manualAlarmByResourceMs" time="0.0">
    <ignored/>
  </testcase> <!-- manualAlarmByResourceMs -->
  <testcase classname="function.A_testClassCreate" name="manualAlarmByNewTemplate" time="0.0">
    <ignored/>
  </testcase> <!-- manualAlarmByNewTemplate -->
  <testcase classname="function.A_testClassCreate" name="createNewAlarmLoop" time="0.0">
    <ignored/>
  </testcase> <!-- createNewAlarmLoop -->
  <testcase classname="function.A_testClassCreate" name="manualAlarmByEscResourceSingleStation" time="0.0">
    <ignored/>
  </testcase> <!-- manualAlarmByEscResourceSingleStation -->
</testsuite> <!-- Test -->
