<html>
<head>
<title>TestNG:  Test</title>
<link href="../testng.css" rel="stylesheet" type="text/css" />
<link href="../my-testng.css" rel="stylesheet" type="text/css" />

<style type="text/css">
.log { display: none;} 
.stack-trace { display: none;} 
</style>
<script type="text/javascript">
<!--
function flip(e) {
  current = e.style.display;
  if (current == 'block') {
    e.style.display = 'none';
    return 0;
  }
  else {
    e.style.display = 'block';
    return 1;
  }
}

function toggleBox(szDivId, elem, msg1, msg2)
{
  var res = -1;  if (document.getElementById) {
    res = flip(document.getElementById(szDivId));
  }
  else if (document.all) {
    // this is the way old msie versions work
    res = flip(document.all[szDivId]);
  }
  if(elem) {
    if(res == 0) elem.innerHTML = msg1; else elem.innerHTML = msg2;
  }

}

function toggleAllBoxes() {
  if (document.getElementsByTagName) {
    d = document.getElementsByTagName('div');
    for (i = 0; i < d.length; i++) {
      if (d[i].className == 'log') {
        flip(d[i]);
      }
    }
  }
}

// -->
</script>

</head>
<body>
<h2 align='center'>Test</h2><table border='1' align="center">
<tr>
<td>Tests passed/Failed/Skipped:</td><td>34/2/0</td>
</tr><tr>
<td>Started on:</td><td>Fri Feb 20 17:20:16 IST 2026</td>
</tr>
<tr><td>Total time:</td><td>2020 seconds (2020802 ms)</td>
</tr><tr>
<td>Included groups:</td><td></td>
</tr><tr>
<td>Excluded groups:</td><td></td>
</tr>
</table><p/>
<small><i>(Hover the method name to see the test class name)</i></small><p/>
<table width='100%' border='1' class='invocation-failed'>
<tr><td colspan='4' align='center'><b>FAILED TESTS</b></td></tr>
<tr><td><b>Test method</b></td>
<td><b>Attribute(s)</b></td>
<td width="30%"><b>Exception</b></td>
<td width="10%"><b>Time (seconds)</b></td>
<td><b>Instance</b></td>
</tr>
<tr>
<td title='function.A_testClassCreate.sendMessageToNewApiAlarmUser()'><b>sendMessageToNewApiAlarmUser</b><br>Test class: function.A_testClassCreate<br/>
<a href="#Output-182926464" onClick='toggleBox("Output-182926464", this, "Show output", "Hide output");'>Show output</a>

<a href="#Output-182926464" onClick="toggleAllBoxes();">Show all outputs</a>
<div class='log' id="Output-182926464">
 <br/>
The process of send message to new api alarm user is started.<br/>
</div>
</td>
<td><div><pre>org.openqa.selenium.NoSuchElementException: no such element: Unable to locate element: {&quot;method&quot;:&quot;xpath&quot;,&quot;selector&quot;:&quot;(//i[@class=&quot;dx-icon dx-icon-overflow&quot;])[2]&quot;}
  (Session info: chrome=145.0.7632.76)
For documentation on this error, please visit: https://www.selenium.dev/documentation/webdriver/troubleshooting/errors#no-such-element-exception
Build info: version: &apos;4.17.0&apos;, revision: &apos;e52b1be057*&apos;
System info: os.name: &apos;Windows 11&apos;, os.arch: &apos;amd64&apos;, os.version: &apos;10.0&apos;, java.version: &apos;17.0.9&apos;
Driver info: org.openqa.selenium.chrome.ChromeDriver
Command: [26db152cac2fc59cca192e3eee48875a, findElement {using=xpath, value=(//i[@class=&quot;dx-icon dx-icon-overflow&quot;])[2]}]
Capabilities {acceptInsecureCerts: false, browserName: chrome, browserVersion: 145.0.7632.76, chrome: {chromedriverVersion: 145.0.7632.77 (da516187054a..., userDataDir: C:\Users\BHUPESH\AppData\Lo...}, fedcm:accounts: true, goog:chromeOptions: {debuggerAddress: localhost:54610}, goog:processID: 19796, networkConnectionEnabled: false, pageLoadStrategy: normal, platformName: windows, proxy: Proxy(), se:cdp: ws://localhost:54610/devtoo..., se:cdpVersion: 145.0.7632.76, setWindowRect: true, strictFileInteractability: false, timeouts: {implicit: 0, pageLoad: 300000, script: 30000}, unhandledPromptBehavior: dismiss and notify, webauthn:extension:credBlob: true, webauthn:extension:largeBlob: true, webauthn:extension:minPinLength: true, webauthn:extension:prf: true, webauthn:virtualAuthenticators: true}
Session ID: 26db152cac2fc59cca192e3eee48875a
	at org.openqa.selenium.remote.codec.w3c.W3CHttpResponseCodec.createException(W3CHttpResponseCodec.java:185)
	at org.openqa.selenium.remote.codec.w3c.W3CHttpResponseCodec.decode(W3CHttpResponseCodec.java:134)
	at org.openqa.selenium.remote.codec.w3c.W3CHttpResponseCodec.decode(W3CHttpResponseCodec.java:51)
	at org.openqa.selenium.remote.HttpCommandExecutor.execute(HttpCommandExecutor.java:190)
	at org.openqa.selenium.remote.service.DriverCommandExecutor.invokeExecute(DriverCommandExecutor.java:216)
	at org.openqa.selenium.remote.service.DriverCommandExecutor.execute(DriverCommandExecutor.java:174)
	at org.openqa.selenium.remote.RemoteWebDriver.execute(RemoteWebDriver.java:519)
	at org.openqa.selenium.remote.ElementLocation$ElementFinder$2.findElement(ElementLocation.java:165)
	at org.openqa.selenium.remote.ElementLocation.findElement(ElementLocation.java:59)
	at org.openqa.selenium.remote.RemoteWebDriver.findElement(RemoteWebDriver.java:356)
	at org.openqa.selenium.remote.RemoteWebDriver.findElement(RemoteWebDriver.java:350)
	at org.openqa.selenium.support.pagefactory.DefaultElementLocator.findElement(DefaultElementLocator.java:68)
	at org.openqa.selenium.support.pagefactory.internal.LocatingElementHandler.invoke(LocatingElementHandler.java:38)
	at jdk.proxy2/jdk.proxy2.$Proxy22.click(Unknown Source)
	at function.F_manualAlarm.sendMessageToNewApiAlarmUser(F_manualAlarm.java:1039)
	at function.A_testClassCreate.sendMessageToNewApiAlarmUser(A_testClassCreate.java:746)
	at java.base/java.util.ArrayList.forEach(ArrayList.java:1511)
... Removed 32 stack frames</pre></div><a href='#' onClick='toggleBox("stack-trace182926464", this, "Click to show all stack frames", "Click to hide stack frames")'>Click to show all stack frames</a>
<div class='stack-trace' id='stack-trace182926464'><pre>org.openqa.selenium.NoSuchElementException: no such element: Unable to locate element: {&quot;method&quot;:&quot;xpath&quot;,&quot;selector&quot;:&quot;(//i[@class=&quot;dx-icon dx-icon-overflow&quot;])[2]&quot;}
  (Session info: chrome=145.0.7632.76)
For documentation on this error, please visit: https://www.selenium.dev/documentation/webdriver/troubleshooting/errors#no-such-element-exception
Build info: version: &apos;4.17.0&apos;, revision: &apos;e52b1be057*&apos;
System info: os.name: &apos;Windows 11&apos;, os.arch: &apos;amd64&apos;, os.version: &apos;10.0&apos;, java.version: &apos;17.0.9&apos;
Driver info: org.openqa.selenium.chrome.ChromeDriver
Command: [26db152cac2fc59cca192e3eee48875a, findElement {using=xpath, value=(//i[@class=&quot;dx-icon dx-icon-overflow&quot;])[2]}]
Capabilities {acceptInsecureCerts: false, browserName: chrome, browserVersion: 145.0.7632.76, chrome: {chromedriverVersion: 145.0.7632.77 (da516187054a..., userDataDir: C:\Users\BHUPESH\AppData\Lo...}, fedcm:accounts: true, goog:chromeOptions: {debuggerAddress: localhost:54610}, goog:processID: 19796, networkConnectionEnabled: false, pageLoadStrategy: normal, platformName: windows, proxy: Proxy(), se:cdp: ws://localhost:54610/devtoo..., se:cdpVersion: 145.0.7632.76, setWindowRect: true, strictFileInteractability: false, timeouts: {implicit: 0, pageLoad: 300000, script: 30000}, unhandledPromptBehavior: dismiss and notify, webauthn:extension:credBlob: true, webauthn:extension:largeBlob: true, webauthn:extension:minPinLength: true, webauthn:extension:prf: true, webauthn:virtualAuthenticators: true}
Session ID: 26db152cac2fc59cca192e3eee48875a
	at java.base/jdk.internal.reflect.NativeConstructorAccessorImpl.newInstance0(Native Method)
	at java.base/jdk.internal.reflect.NativeConstructorAccessorImpl.newInstance(NativeConstructorAccessorImpl.java:77)
	at java.base/jdk.internal.reflect.DelegatingConstructorAccessorImpl.newInstance(DelegatingConstructorAccessorImpl.java:45)
	at java.base/java.lang.reflect.Constructor.newInstanceWithCaller(Constructor.java:499)
	at java.base/java.lang.reflect.Constructor.newInstance(Constructor.java:480)
	at org.openqa.selenium.remote.codec.w3c.W3CHttpResponseCodec.createException(W3CHttpResponseCodec.java:185)
	at org.openqa.selenium.remote.codec.w3c.W3CHttpResponseCodec.decode(W3CHttpResponseCodec.java:134)
	at org.openqa.selenium.remote.codec.w3c.W3CHttpResponseCodec.decode(W3CHttpResponseCodec.java:51)
	at org.openqa.selenium.remote.HttpCommandExecutor.execute(HttpCommandExecutor.java:190)
	at org.openqa.selenium.remote.service.DriverCommandExecutor.invokeExecute(DriverCommandExecutor.java:216)
	at org.openqa.selenium.remote.service.DriverCommandExecutor.execute(DriverCommandExecutor.java:174)
	at org.openqa.selenium.remote.RemoteWebDriver.execute(RemoteWebDriver.java:519)
	at org.openqa.selenium.remote.ElementLocation$ElementFinder$2.findElement(ElementLocation.java:165)
	at org.openqa.selenium.remote.ElementLocation.findElement(ElementLocation.java:59)
	at org.openqa.selenium.remote.RemoteWebDriver.findElement(RemoteWebDriver.java:356)
	at org.openqa.selenium.remote.RemoteWebDriver.findElement(RemoteWebDriver.java:350)
	at org.openqa.selenium.support.pagefactory.DefaultElementLocator.findElement(DefaultElementLocator.java:68)
	at org.openqa.selenium.support.pagefactory.internal.LocatingElementHandler.invoke(LocatingElementHandler.java:38)
	at jdk.proxy2/jdk.proxy2.$Proxy22.click(Unknown Source)
	at function.F_manualAlarm.sendMessageToNewApiAlarmUser(F_manualAlarm.java:1039)
	at function.A_testClassCreate.sendMessageToNewApiAlarmUser(A_testClassCreate.java:746)
	at java.base/jdk.internal.reflect.NativeMethodAccessorImpl.invoke0(Native Method)
	at java.base/jdk.internal.reflect.NativeMethodAccessorImpl.invoke(NativeMethodAccessorImpl.java:77)
	at java.base/jdk.internal.reflect.DelegatingMethodAccessorImpl.invoke(DelegatingMethodAccessorImpl.java:43)
	at java.base/java.lang.reflect.Method.invoke(Method.java:568)
	at org.testng.internal.invokers.MethodInvocationHelper.invokeMethod(MethodInvocationHelper.java:139)
	at org.testng.internal.invokers.TestInvoker.invokeMethod(TestInvoker.java:664)
	at org.testng.internal.invokers.TestInvoker.invokeTestMethod(TestInvoker.java:228)
	at org.testng.internal.invokers.MethodRunner.runInSequence(MethodRunner.java:63)
	at org.testng.internal.invokers.TestInvoker$MethodInvocationAgent.invoke(TestInvoker.java:961)
	at org.testng.internal.invokers.TestInvoker.invokeTestMethods(TestInvoker.java:201)
	at org.testng.internal.invokers.TestMethodWorker.invokeTestMethods(TestMethodWorker.java:148)
	at org.testng.internal.invokers.TestMethodWorker.run(TestMethodWorker.java:128)
	at java.base/java.util.ArrayList.forEach(ArrayList.java:1511)
	at org.testng.TestRunner.privateRun(TestRunner.java:819)
	at org.testng.TestRunner.run(TestRunner.java:619)
	at org.testng.SuiteRunner.runTest(SuiteRunner.java:443)
	at org.testng.SuiteRunner.runSequentially(SuiteRunner.java:437)
	at org.testng.SuiteRunner.privateRun(SuiteRunner.java:397)
	at org.testng.SuiteRunner.run(SuiteRunner.java:336)
	at org.testng.SuiteRunnerWorker.runSuite(SuiteRunnerWorker.java:52)
	at org.testng.SuiteRunnerWorker.run(SuiteRunnerWorker.java:95)
	at org.testng.TestNG.runSuitesSequentially(TestNG.java:1301)
	at org.testng.TestNG.runSuitesLocally(TestNG.java:1228)
	at org.testng.TestNG.runSuites(TestNG.java:1134)
	at org.testng.TestNG.run(TestNG.java:1101)
	at org.testng.remote.AbstractRemoteTestNG.run(AbstractRemoteTestNG.java:115)
	at org.testng.remote.RemoteTestNG.initAndRun(RemoteTestNG.java:251)
	at org.testng.remote.RemoteTestNG.main(RemoteTestNG.java:77)
</pre></div></td>
<td>38</td>
<td>function.A_testClassCreate@496bc455</td></tr>
<tr>
<td title='function.A_testClassCreate.sendMessageToOldApiAlarmUser()'><b>sendMessageToOldApiAlarmUser</b><br>Test class: function.A_testClassCreate<br/>
<a href="#Output-1789376127" onClick='toggleBox("Output-1789376127", this, "Show output", "Hide output");'>Show output</a>

<a href="#Output-1789376127" onClick="toggleAllBoxes();">Show all outputs</a>
<div class='log' id="Output-1789376127">
 <br/>
The process of send message to old api alarm user is started.<br/>
</div>
</td>
<td><div><pre>org.openqa.selenium.NoSuchElementException: no such element: Unable to locate element: {&quot;method&quot;:&quot;xpath&quot;,&quot;selector&quot;:&quot;(//i[@class=&quot;dx-icon dx-icon-overflow&quot;])[2]&quot;}
  (Session info: chrome=145.0.7632.76)
For documentation on this error, please visit: https://www.selenium.dev/documentation/webdriver/troubleshooting/errors#no-such-element-exception
Build info: version: &apos;4.17.0&apos;, revision: &apos;e52b1be057*&apos;
System info: os.name: &apos;Windows 11&apos;, os.arch: &apos;amd64&apos;, os.version: &apos;10.0&apos;, java.version: &apos;17.0.9&apos;
Driver info: org.openqa.selenium.chrome.ChromeDriver
Command: [26db152cac2fc59cca192e3eee48875a, findElement {using=xpath, value=(//i[@class=&quot;dx-icon dx-icon-overflow&quot;])[2]}]
Capabilities {acceptInsecureCerts: false, browserName: chrome, browserVersion: 145.0.7632.76, chrome: {chromedriverVersion: 145.0.7632.77 (da516187054a..., userDataDir: C:\Users\BHUPESH\AppData\Lo...}, fedcm:accounts: true, goog:chromeOptions: {debuggerAddress: localhost:54610}, goog:processID: 19796, networkConnectionEnabled: false, pageLoadStrategy: normal, platformName: windows, proxy: Proxy(), se:cdp: ws://localhost:54610/devtoo..., se:cdpVersion: 145.0.7632.76, setWindowRect: true, strictFileInteractability: false, timeouts: {implicit: 0, pageLoad: 300000, script: 30000}, unhandledPromptBehavior: dismiss and notify, webauthn:extension:credBlob: true, webauthn:extension:largeBlob: true, webauthn:extension:minPinLength: true, webauthn:extension:prf: true, webauthn:virtualAuthenticators: true}
Session ID: 26db152cac2fc59cca192e3eee48875a
	at org.openqa.selenium.remote.codec.w3c.W3CHttpResponseCodec.createException(W3CHttpResponseCodec.java:185)
	at org.openqa.selenium.remote.codec.w3c.W3CHttpResponseCodec.decode(W3CHttpResponseCodec.java:134)
	at org.openqa.selenium.remote.codec.w3c.W3CHttpResponseCodec.decode(W3CHttpResponseCodec.java:51)
	at org.openqa.selenium.remote.HttpCommandExecutor.execute(HttpCommandExecutor.java:190)
	at org.openqa.selenium.remote.service.DriverCommandExecutor.invokeExecute(DriverCommandExecutor.java:216)
	at org.openqa.selenium.remote.service.DriverCommandExecutor.execute(DriverCommandExecutor.java:174)
	at org.openqa.selenium.remote.RemoteWebDriver.execute(RemoteWebDriver.java:519)
	at org.openqa.selenium.remote.ElementLocation$ElementFinder$2.findElement(ElementLocation.java:165)
	at org.openqa.selenium.remote.ElementLocation.findElement(ElementLocation.java:59)
	at org.openqa.selenium.remote.RemoteWebDriver.findElement(RemoteWebDriver.java:356)
	at org.openqa.selenium.remote.RemoteWebDriver.findElement(RemoteWebDriver.java:350)
	at org.openqa.selenium.support.pagefactory.DefaultElementLocator.findElement(DefaultElementLocator.java:68)
	at org.openqa.selenium.support.pagefactory.internal.LocatingElementHandler.invoke(LocatingElementHandler.java:38)
	at jdk.proxy2/jdk.proxy2.$Proxy22.click(Unknown Source)
	at function.F_manualAlarm.sendMessageToOldApiAlarmUser(F_manualAlarm.java:966)
	at function.A_testClassCreate.sendMessageToOldApiAlarmUser(A_testClassCreate.java:732)
	at java.base/java.util.ArrayList.forEach(ArrayList.java:1511)
... Removed 32 stack frames</pre></div><a href='#' onClick='toggleBox("stack-trace1789376127", this, "Click to show all stack frames", "Click to hide stack frames")'>Click to show all stack frames</a>
<div class='stack-trace' id='stack-trace1789376127'><pre>org.openqa.selenium.NoSuchElementException: no such element: Unable to locate element: {&quot;method&quot;:&quot;xpath&quot;,&quot;selector&quot;:&quot;(//i[@class=&quot;dx-icon dx-icon-overflow&quot;])[2]&quot;}
  (Session info: chrome=145.0.7632.76)
For documentation on this error, please visit: https://www.selenium.dev/documentation/webdriver/troubleshooting/errors#no-such-element-exception
Build info: version: &apos;4.17.0&apos;, revision: &apos;e52b1be057*&apos;
System info: os.name: &apos;Windows 11&apos;, os.arch: &apos;amd64&apos;, os.version: &apos;10.0&apos;, java.version: &apos;17.0.9&apos;
Driver info: org.openqa.selenium.chrome.ChromeDriver
Command: [26db152cac2fc59cca192e3eee48875a, findElement {using=xpath, value=(//i[@class=&quot;dx-icon dx-icon-overflow&quot;])[2]}]
Capabilities {acceptInsecureCerts: false, browserName: chrome, browserVersion: 145.0.7632.76, chrome: {chromedriverVersion: 145.0.7632.77 (da516187054a..., userDataDir: C:\Users\BHUPESH\AppData\Lo...}, fedcm:accounts: true, goog:chromeOptions: {debuggerAddress: localhost:54610}, goog:processID: 19796, networkConnectionEnabled: false, pageLoadStrategy: normal, platformName: windows, proxy: Proxy(), se:cdp: ws://localhost:54610/devtoo..., se:cdpVersion: 145.0.7632.76, setWindowRect: true, strictFileInteractability: false, timeouts: {implicit: 0, pageLoad: 300000, script: 30000}, unhandledPromptBehavior: dismiss and notify, webauthn:extension:credBlob: true, webauthn:extension:largeBlob: true, webauthn:extension:minPinLength: true, webauthn:extension:prf: true, webauthn:virtualAuthenticators: true}
Session ID: 26db152cac2fc59cca192e3eee48875a
	at java.base/jdk.internal.reflect.NativeConstructorAccessorImpl.newInstance0(Native Method)
	at java.base/jdk.internal.reflect.NativeConstructorAccessorImpl.newInstance(NativeConstructorAccessorImpl.java:77)
	at java.base/jdk.internal.reflect.DelegatingConstructorAccessorImpl.newInstance(DelegatingConstructorAccessorImpl.java:45)
	at java.base/java.lang.reflect.Constructor.newInstanceWithCaller(Constructor.java:499)
	at java.base/java.lang.reflect.Constructor.newInstance(Constructor.java:480)
	at org.openqa.selenium.remote.codec.w3c.W3CHttpResponseCodec.createException(W3CHttpResponseCodec.java:185)
	at org.openqa.selenium.remote.codec.w3c.W3CHttpResponseCodec.decode(W3CHttpResponseCodec.java:134)
	at org.openqa.selenium.remote.codec.w3c.W3CHttpResponseCodec.decode(W3CHttpResponseCodec.java:51)
	at org.openqa.selenium.remote.HttpCommandExecutor.execute(HttpCommandExecutor.java:190)
	at org.openqa.selenium.remote.service.DriverCommandExecutor.invokeExecute(DriverCommandExecutor.java:216)
	at org.openqa.selenium.remote.service.DriverCommandExecutor.execute(DriverCommandExecutor.java:174)
	at org.openqa.selenium.remote.RemoteWebDriver.execute(RemoteWebDriver.java:519)
	at org.openqa.selenium.remote.ElementLocation$ElementFinder$2.findElement(ElementLocation.java:165)
	at org.openqa.selenium.remote.ElementLocation.findElement(ElementLocation.java:59)
	at org.openqa.selenium.remote.RemoteWebDriver.findElement(RemoteWebDriver.java:356)
	at org.openqa.selenium.remote.RemoteWebDriver.findElement(RemoteWebDriver.java:350)
	at org.openqa.selenium.support.pagefactory.DefaultElementLocator.findElement(DefaultElementLocator.java:68)
	at org.openqa.selenium.support.pagefactory.internal.LocatingElementHandler.invoke(LocatingElementHandler.java:38)
	at jdk.proxy2/jdk.proxy2.$Proxy22.click(Unknown Source)
	at function.F_manualAlarm.sendMessageToOldApiAlarmUser(F_manualAlarm.java:966)
	at function.A_testClassCreate.sendMessageToOldApiAlarmUser(A_testClassCreate.java:732)
	at java.base/jdk.internal.reflect.NativeMethodAccessorImpl.invoke0(Native Method)
	at java.base/jdk.internal.reflect.NativeMethodAccessorImpl.invoke(NativeMethodAccessorImpl.java:77)
	at java.base/jdk.internal.reflect.DelegatingMethodAccessorImpl.invoke(DelegatingMethodAccessorImpl.java:43)
	at java.base/java.lang.reflect.Method.invoke(Method.java:568)
	at org.testng.internal.invokers.MethodInvocationHelper.invokeMethod(MethodInvocationHelper.java:139)
	at org.testng.internal.invokers.TestInvoker.invokeMethod(TestInvoker.java:664)
	at org.testng.internal.invokers.TestInvoker.invokeTestMethod(TestInvoker.java:228)
	at org.testng.internal.invokers.MethodRunner.runInSequence(MethodRunner.java:63)
	at org.testng.internal.invokers.TestInvoker$MethodInvocationAgent.invoke(TestInvoker.java:961)
	at org.testng.internal.invokers.TestInvoker.invokeTestMethods(TestInvoker.java:201)
	at org.testng.internal.invokers.TestMethodWorker.invokeTestMethods(TestMethodWorker.java:148)
	at org.testng.internal.invokers.TestMethodWorker.run(TestMethodWorker.java:128)
	at java.base/java.util.ArrayList.forEach(ArrayList.java:1511)
	at org.testng.TestRunner.privateRun(TestRunner.java:819)
	at org.testng.TestRunner.run(TestRunner.java:619)
	at org.testng.SuiteRunner.runTest(SuiteRunner.java:443)
	at org.testng.SuiteRunner.runSequentially(SuiteRunner.java:437)
	at org.testng.SuiteRunner.privateRun(SuiteRunner.java:397)
	at org.testng.SuiteRunner.run(SuiteRunner.java:336)
	at org.testng.SuiteRunnerWorker.runSuite(SuiteRunnerWorker.java:52)
	at org.testng.SuiteRunnerWorker.run(SuiteRunnerWorker.java:95)
	at org.testng.TestNG.runSuitesSequentially(TestNG.java:1301)
	at org.testng.TestNG.runSuitesLocally(TestNG.java:1228)
	at org.testng.TestNG.runSuites(TestNG.java:1134)
	at org.testng.TestNG.run(TestNG.java:1101)
	at org.testng.remote.AbstractRemoteTestNG.run(AbstractRemoteTestNG.java:115)
	at org.testng.remote.RemoteTestNG.initAndRun(RemoteTestNG.java:251)
	at org.testng.remote.RemoteTestNG.main(RemoteTestNG.java:77)
</pre></div></td>
<td>27</td>
<td>function.A_testClassCreate@496bc455</td></tr>
</table><p>
<table width='100%' border='1' class='invocation-passed'>
<tr><td colspan='4' align='center'><b>PASSED TESTS</b></td></tr>
<tr><td><b>Test method</b></td>
<td><b>Attribute(s)</b></td>
<td width="30%"><b>Exception</b></td>
<td width="10%"><b>Time (seconds)</b></td>
<td><b>Instance</b></td>
</tr>
<tr>
<td title='function.A_testClassCreate.createMonitorInformationByResource()'><b>createMonitorInformationByResource</b><br>Test class: function.A_testClassCreate<br/>
<a href="#Output-282017359" onClick='toggleBox("Output-282017359", this, "Show output", "Hide output");'>Show output</a>

<a href="#Output-282017359" onClick="toggleAllBoxes();">Show all outputs</a>
<div class='log' id="Output-282017359">
 <br/>
The process for creating a new monitor information using Resource has been initiated.<br/>
The process for creating a new monitor information using Resource has been completed successfully.<br/>
 <br/>
</div>
</td>
<td></td>
<td>54</td>
<td>function.A_testClassCreate@496bc455</td></tr>
<tr>
<td title='function.A_testClassCreate.createMonitorInformationByStations()'><b>createMonitorInformationByStations</b><br>Test class: function.A_testClassCreate<br/>
<a href="#Output-746855108" onClick='toggleBox("Output-746855108", this, "Show output", "Hide output");'>Show output</a>

<a href="#Output-746855108" onClick="toggleAllBoxes();">Show all outputs</a>
<div class='log' id="Output-746855108">
 <br/>
The process for creating a new monitor information using Fire Stations has been initiated.<br/>
The process for creating a new monitor information using Stations has been completed successfully.<br/>
 <br/>
</div>
</td>
<td></td>
<td>52</td>
<td>function.A_testClassCreate@496bc455</td></tr>
<tr>
<td title='function.A_testClassCreate.manualaByAttributeMSLP()'><b>manualaByAttributeMSLP</b><br>Test class: function.A_testClassCreate<br/>
<a href="#Output-1163706136" onClick='toggleBox("Output-1163706136", this, "Show output", "Hide output");'>Show output</a>

<a href="#Output-1163706136" onClick="toggleAllBoxes();">Show all outputs</a>
<div class='log' id="Output-1163706136">
 <br/>
The process of creating a low priority multi station manual alarm by attribute  is started.<br/>
The process of creating a low priority multi station manual alarm by attribute is complete.<br/>
 <br/>
</div>
</td>
<td></td>
<td>37</td>
<td>function.A_testClassCreate@496bc455</td></tr>
<tr>
<td title='function.A_testClassCreate.createNewAlarmTemplateByResource()'><b>createNewAlarmTemplateByResource</b><br>Test class: function.A_testClassCreate<br/>
<a href="#Output-1323685667" onClick='toggleBox("Output-1323685667", this, "Show output", "Hide output");'>Show output</a>

<a href="#Output-1323685667" onClick="toggleAllBoxes();">Show all outputs</a>
<div class='log' id="Output-1323685667">
 <br/>
The process of creating new alarm template by resource is started.<br/>
The process of creating new alarm template by resource is complete.<br/>
 <br/>
</div>
</td>
<td></td>
<td>36</td>
<td>function.A_testClassCreate@496bc455</td></tr>
<tr>
<td title='function.A_testClassCreate.manualAlarmByEscResourceSingleStation()'><b>manualAlarmByEscResourceSingleStation</b><br>Test class: function.A_testClassCreate<br/>
<a href="#Output-454992345" onClick='toggleBox("Output-454992345", this, "Show output", "Hide output");'>Show output</a>

<a href="#Output-454992345" onClick="toggleAllBoxes();">Show all outputs</a>
<div class='log' id="Output-454992345">
 <br/>
The process of creating a manual alarm by escaltion resource-single station is started.<br/>
The process of creating a manual alarm by escaltion resource-single station is complete.<br/>
 <br/>
</div>
</td>
<td></td>
<td>26</td>
<td>function.A_testClassCreate@496bc455</td></tr>
<tr>
<td title='function.A_testClassCreate.manualAlarmByFirefighterMs()'><b>manualAlarmByFirefighterMs</b><br>Test class: function.A_testClassCreate<br/>
<a href="#Output-1616909419" onClick='toggleBox("Output-1616909419", this, "Show output", "Hide output");'>Show output</a>

<a href="#Output-1616909419" onClick="toggleAllBoxes();">Show all outputs</a>
<div class='log' id="Output-1616909419">
 <br/>
The process of creating a manual alarm by firefighter is started.<br/>
The process of creating a manual alarm by firefighter is complete.<br/>
 <br/>
</div>
</td>
<td></td>
<td>50</td>
<td>function.A_testClassCreate@496bc455</td></tr>
<tr>
<td title='function.A_testClassCreate.createCalendarEventByAttribute()'><b>createCalendarEventByAttribute</b><br>Test class: function.A_testClassCreate<br/>
<a href="#Output-1752515641" onClick='toggleBox("Output-1752515641", this, "Show output", "Hide output");'>Show output</a>

<a href="#Output-1752515641" onClick="toggleAllBoxes();">Show all outputs</a>
<div class='log' id="Output-1752515641">
 <br/>
The process for creating calendar event by attribute has been initiated..<br/>
The process for creating calendar event by attribute has been completed successfully.<br/>
 <br/>
</div>
</td>
<td></td>
<td>43</td>
<td>function.A_testClassCreate@496bc455</td></tr>
<tr>
<td title='function.A_testClassCreate.createCalendarEventByStationsMS()'><b>createCalendarEventByStationsMS</b><br>Test class: function.A_testClassCreate<br/>
<a href="#Output-1106638010" onClick='toggleBox("Output-1106638010", this, "Show output", "Hide output");'>Show output</a>

<a href="#Output-1106638010" onClick="toggleAllBoxes();">Show all outputs</a>
<div class='log' id="Output-1106638010">
 <br/>
The process for creating calendar event by stations has been initiated..<br/>
The process for creating calendar event by stations has been completed successfully.<br/>
 <br/>
</div>
</td>
<td></td>
<td>37</td>
<td>function.A_testClassCreate@496bc455</td></tr>
<tr>
<td title='function.A_testClassCreate.createMonitorInformationByFireFighterForTwoStation()'><b>createMonitorInformationByFireFighterForTwoStation</b><br>Test class: function.A_testClassCreate<br/>
<a href="#Output-1420395577" onClick='toggleBox("Output-1420395577", this, "Show output", "Hide output");'>Show output</a>

<a href="#Output-1420395577" onClick="toggleAllBoxes();">Show all outputs</a>
<div class='log' id="Output-1420395577">
 <br/>
The process for creating a new monitor information using Fire Stations has been initiated.<br/>
The process for creating a new monitor information using Stations has been completed successfully.<br/>
 <br/>
</div>
</td>
<td></td>
<td>59</td>
<td>function.A_testClassCreate@496bc455</td></tr>
<tr>
<td title='function.A_testClassCreate.create1HrInformationEventByResource()'><b>create1HrInformationEventByResource</b><br>Test class: function.A_testClassCreate<br/>
<a href="#Output-1992289519" onClick='toggleBox("Output-1992289519", this, "Show output", "Hide output");'>Show output</a>

<a href="#Output-1992289519" onClick="toggleAllBoxes();">Show all outputs</a>
<div class='log' id="Output-1992289519">
 <br/>
The process for creating a new Information-Event using resource has been initiated.<br/>
The process for creating a new Information-Event using resource has been completed successfully.<br/>
 <br/>
</div>
</td>
<td></td>
<td>59</td>
<td>function.A_testClassCreate@496bc455</td></tr>
<tr>
<td title='function.A_testClassCreate.createAlarmByNewlyAddedTemplateFromTemplateModule()'><b>createAlarmByNewlyAddedTemplateFromTemplateModule</b><br>Test class: function.A_testClassCreate<br/>
<a href="#Output-2083424441" onClick='toggleBox("Output-2083424441", this, "Show output", "Hide output");'>Show output</a>

<a href="#Output-2083424441" onClick="toggleAllBoxes();">Show all outputs</a>
<div class='log' id="Output-2083424441">
 <br/>
The process for creating Alarm By Newly Added Template From Template Module has been initiated.<br/>
The process for creating Alarm By Newly Added Template From Template Module has been completed successfully.<br/>
 <br/>
</div>
</td>
<td></td>
<td>32</td>
<td>function.A_testClassCreate@496bc455</td></tr>
<tr>
<td title='function.A_testClassCreate.createMonitorInformationByAttribute()'><b>createMonitorInformationByAttribute</b><br>Test class: function.A_testClassCreate<br/>
<a href="#Output-633170154" onClick='toggleBox("Output-633170154", this, "Show output", "Hide output");'>Show output</a>

<a href="#Output-633170154" onClick="toggleAllBoxes();">Show all outputs</a>
<div class='log' id="Output-633170154">
 <br/>
The process for creating a new monitor information using attributes has been initiated.<br/>
The process for creating a new monitor information using attributes has been completed successfully.<br/>
 <br/>
</div>
</td>
<td></td>
<td>54</td>
<td>function.A_testClassCreate@496bc455</td></tr>
<tr>
<td title='function.A_testClassCreate.create1MinInformationEventByAttribute()'><b>create1MinInformationEventByAttribute</b><br>Test class: function.A_testClassCreate<br/>
<a href="#Output-447631609" onClick='toggleBox("Output-447631609", this, "Show output", "Hide output");'>Show output</a>

<a href="#Output-447631609" onClick="toggleAllBoxes();">Show all outputs</a>
<div class='log' id="Output-447631609">
 <br/>
The process for creating a new Information-Event using attribute has been initiated.<br/>
The process for creating a new Information-Event using attribute has been completed successfully.<br/>
 <br/>
</div>
</td>
<td></td>
<td>59</td>
<td>function.A_testClassCreate@496bc455</td></tr>
<tr>
<td title='function.A_testClassCreate.createMonitorInformationByFireFighter()'><b>createMonitorInformationByFireFighter</b><br>Test class: function.A_testClassCreate<br/>
<a href="#Output-889054115" onClick='toggleBox("Output-889054115", this, "Show output", "Hide output");'>Show output</a>

<a href="#Output-889054115" onClick="toggleAllBoxes();">Show all outputs</a>
<div class='log' id="Output-889054115">
 <br/>
The process for creating a new monitor information using Fire Fighters has been initiated.<br/>
The process for creating a new monitor information using Fire Fighters has been completed successfully.<br/>
 <br/>
</div>
</td>
<td></td>
<td>54</td>
<td>function.A_testClassCreate@496bc455</td></tr>
<tr>
<td title='function.A_testClassCreate.create1DayInformationEventByFireFighter()'><b>create1DayInformationEventByFireFighter</b><br>Test class: function.A_testClassCreate<br/>
<a href="#Output-18012493" onClick='toggleBox("Output-18012493", this, "Show output", "Hide output");'>Show output</a>

<a href="#Output-18012493" onClick="toggleAllBoxes();">Show all outputs</a>
<div class='log' id="Output-18012493">
 <br/>
The process for creating a new Information-Event using fire fighter  has been initiated.<br/>
The process for creating a new Information-Event using fire fighter has been completed successfully.<br/>
 <br/>
</div>
</td>
<td></td>
<td>67</td>
<td>function.A_testClassCreate@496bc455</td></tr>
<tr>
<td title='function.A_testClassCreate.manualAlarmByResourceMs()'><b>manualAlarmByResourceMs</b><br>Test class: function.A_testClassCreate<br/>
<a href="#Output-2103895364" onClick='toggleBox("Output-2103895364", this, "Show output", "Hide output");'>Show output</a>

<a href="#Output-2103895364" onClick="toggleAllBoxes();">Show all outputs</a>
<div class='log' id="Output-2103895364">
 <br/>
The process of creating a manual alarm by resource is started.<br/>
The process of creating a manual alarm by resource is complete.<br/>
 <br/>
</div>
</td>
<td></td>
<td>42</td>
<td>function.A_testClassCreate@496bc455</td></tr>
<tr>
<td title='function.A_testClassCreate.sendMessageToManualAlarmUser()'><b>sendMessageToManualAlarmUser</b><br>Test class: function.A_testClassCreate<br/>
<a href="#Output-1005445961" onClick='toggleBox("Output-1005445961", this, "Show output", "Hide output");'>Show output</a>

<a href="#Output-1005445961" onClick="toggleAllBoxes();">Show all outputs</a>
<div class='log' id="Output-1005445961">
 <br/>
The process of send message to manual alarm user is started.<br/>
The process of send message to manual alarm user is complete.<br/>
 <br/>
</div>
</td>
<td></td>
<td>34</td>
<td>function.A_testClassCreate@496bc455</td></tr>
<tr>
<td title='function.A_testClassCreate.createNewAlarmTemplateByFirefighter()'><b>createNewAlarmTemplateByFirefighter</b><br>Test class: function.A_testClassCreate<br/>
<a href="#Output-4700386" onClick='toggleBox("Output-4700386", this, "Show output", "Hide output");'>Show output</a>

<a href="#Output-4700386" onClick="toggleAllBoxes();">Show all outputs</a>
<div class='log' id="Output-4700386">
 <br/>
The process of creating new alarm template by fire fighter is started.<br/>
The process of creating new alarm template by fire fighter is complete.<br/>
 <br/>
</div>
</td>
<td></td>
<td>47</td>
<td>function.A_testClassCreate@496bc455</td></tr>
<tr>
<td title='function.A_testClassCreate.createFullDayInformationEventByStation()'><b>createFullDayInformationEventByStation</b><br>Test class: function.A_testClassCreate<br/>
<a href="#Output-1231645761" onClick='toggleBox("Output-1231645761", this, "Show output", "Hide output");'>Show output</a>

<a href="#Output-1231645761" onClick="toggleAllBoxes();">Show all outputs</a>
<div class='log' id="Output-1231645761">
 <br/>
The process for creating a new Information-Event full day using stations has been initiated.<br/>
The process for creating a new  Information-Event full day using stations has been completed successfully.<br/>
 <br/>
</div>
</td>
<td></td>
<td>46</td>
<td>function.A_testClassCreate@496bc455</td></tr>
<tr>
<td title='function.A_testClassCreate.manualAlarmByOldEsclationTemplateFromSt02ToSt01()'><b>manualAlarmByOldEsclationTemplateFromSt02ToSt01</b><br>Test class: function.A_testClassCreate<br/>
<a href="#Output-1141137903" onClick='toggleBox("Output-1141137903", this, "Show output", "Hide output");'>Show output</a>

<a href="#Output-1141137903" onClick="toggleAllBoxes();">Show all outputs</a>
<div class='log' id="Output-1141137903">
 <br/>
The process of creating a manual alarm by template is started.<br/>
The process of creating a manual alarm by template is complete.<br/>
 <br/>
</div>
</td>
<td></td>
<td>31</td>
<td>function.A_testClassCreate@496bc455</td></tr>
<tr>
<td title='function.A_testClassCreate.createCalendarEventByFireFughterMS()'><b>createCalendarEventByFireFughterMS</b><br>Test class: function.A_testClassCreate<br/>
<a href="#Output-29095760" onClick='toggleBox("Output-29095760", this, "Show output", "Hide output");'>Show output</a>

<a href="#Output-29095760" onClick="toggleAllBoxes();">Show all outputs</a>
<div class='log' id="Output-29095760">
 <br/>
The process for creating calendar event by fire fighters has been initiated..<br/>
The process for creating calendar event by fire fighters has been completed successfully.<br/>
 <br/>
</div>
</td>
<td></td>
<td>50</td>
<td>function.A_testClassCreate@496bc455</td></tr>
<tr>
<td title='function.A_testClassCreate.createNewEscalationResource()'><b>createNewEscalationResource</b><br>Test class: function.A_testClassCreate<br/>
<a href="#Output-666642000" onClick='toggleBox("Output-666642000", this, "Show output", "Hide output");'>Show output</a>

<a href="#Output-666642000" onClick="toggleAllBoxes();">Show all outputs</a>
<div class='log' id="Output-666642000">
 <br/>
The process of creating new escaltion resource is started.<br/>
The process of creating new escaltion resource is complete.<br/>
 <br/>
</div>
</td>
<td></td>
<td>32</td>
<td>function.A_testClassCreate@496bc455</td></tr>
<tr>
<td title='function.A_testClassCreate.createNewAlarmTemplateByAttribute()'><b>createNewAlarmTemplateByAttribute</b><br>Test class: function.A_testClassCreate<br/>
<a href="#Output-1229121199" onClick='toggleBox("Output-1229121199", this, "Show output", "Hide output");'>Show output</a>

<a href="#Output-1229121199" onClick="toggleAllBoxes();">Show all outputs</a>
<div class='log' id="Output-1229121199">
 <br/>
The process of creating new alarm template by attribute is started.<br/>
The process of creating new alarm template by attribute is complete.<br/>
 <br/>
</div>
</td>
<td></td>
<td>46</td>
<td>function.A_testClassCreate@496bc455</td></tr>
<tr>
<td title='function.A_testClassCreate.manualaByAttributeSingleStation()'><b>manualaByAttributeSingleStation</b><br>Test class: function.A_testClassCreate<br/>
<a href="#Output-1215456927" onClick='toggleBox("Output-1215456927", this, "Show output", "Hide output");'>Show output</a>

<a href="#Output-1215456927" onClick="toggleAllBoxes();">Show all outputs</a>
<div class='log' id="Output-1215456927">
 <br/>
The process of creating a manual alarm by attribute  is started.<br/>
The process of creating a manual alarm by attribute is complete.<br/>
 <br/>
</div>
</td>
<td></td>
<td>46</td>
<td>function.A_testClassCreate@496bc455</td></tr>
<tr>
<td title='function.A_testClassCreate.manualAlarmByEscResourceMs()'><b>manualAlarmByEscResourceMs</b><br>Test class: function.A_testClassCreate<br/>
<a href="#Output-605683311" onClick='toggleBox("Output-605683311", this, "Show output", "Hide output");'>Show output</a>

<a href="#Output-605683311" onClick="toggleAllBoxes();">Show all outputs</a>
<div class='log' id="Output-605683311">
 <br/>
The process of creating a manual alarm by escaltion resource-multi station is started.<br/>
The process of creating a manual alarm by escaltion resource-multi station is complete.<br/>
 <br/>
</div>
</td>
<td></td>
<td>28</td>
<td>function.A_testClassCreate@496bc455</td></tr>
<tr>
<td title='function.A_testClassCreate.manualAlarmByNewEscResource()'><b>manualAlarmByNewEscResource</b><br>Test class: function.A_testClassCreate<br/>
<a href="#Output-1168376659" onClick='toggleBox("Output-1168376659", this, "Show output", "Hide output");'>Show output</a>

<a href="#Output-1168376659" onClick="toggleAllBoxes();">Show all outputs</a>
<div class='log' id="Output-1168376659">
 <br/>
The process of creating manual alarm by new escalation resource is started.<br/>
The process of creating nmanual alarm by new escalation resource is complete.<br/>
 <br/>
</div>
</td>
<td></td>
<td>25</td>
<td>function.A_testClassCreate@496bc455</td></tr>
<tr>
<td title='function.A_testClassCreate.createNewAlarmLoop()'><b>createNewAlarmLoop</b><br>Test class: function.A_testClassCreate<br/>
<a href="#Output-305259590" onClick='toggleBox("Output-305259590", this, "Show output", "Hide output");'>Show output</a>

<a href="#Output-305259590" onClick="toggleAllBoxes();">Show all outputs</a>
<div class='log' id="Output-305259590">
 <br/>
The process of creating new alarm loop is started.<br/>
The process of creating new alarm loop is is complete.<br/>
 <br/>
</div>
</td>
<td></td>
<td>25</td>
<td>function.A_testClassCreate@496bc455</td></tr>
<tr>
<td title='function.A_testClassCreate.createNewAlarmEscalation()'><b>createNewAlarmEscalation</b><br>Test class: function.A_testClassCreate<br/>
<a href="#Output-899869274" onClick='toggleBox("Output-899869274", this, "Show output", "Hide output");'>Show output</a>

<a href="#Output-899869274" onClick="toggleAllBoxes();">Show all outputs</a>
<div class='log' id="Output-899869274">
 <br/>
The process of creating new alarm escaltion is started.<br/>
The process of creating new aalarm escaltion is complete.<br/>
 <br/>
</div>
</td>
<td></td>
<td>28</td>
<td>function.A_testClassCreate@496bc455</td></tr>
<tr>
<td title='function.A_testClassCreate.createCalendarEventByResource()'><b>createCalendarEventByResource</b><br>Test class: function.A_testClassCreate<br/>
<a href="#Output-1141753079" onClick='toggleBox("Output-1141753079", this, "Show output", "Hide output");'>Show output</a>

<a href="#Output-1141753079" onClick="toggleAllBoxes();">Show all outputs</a>
<div class='log' id="Output-1141753079">
 <br/>
The process for creating calendar event by Resource has been initiated..<br/>
The process for creating calendar event by Resource has been completed successfully.<br/>
 <br/>
</div>
</td>
<td></td>
<td>43</td>
<td>function.A_testClassCreate@496bc455</td></tr>
<tr>
<td title='function.A_testClassCreate.createEventCategory()'><b>createEventCategory</b><br>Test class: function.A_testClassCreate<br/>
<a href="#Output-1170739892" onClick='toggleBox("Output-1170739892", this, "Show output", "Hide output");'>Show output</a>

<a href="#Output-1170739892" onClick="toggleAllBoxes();">Show all outputs</a>
<div class='log' id="Output-1170739892">
 <br/>
The process for creating event category  has been initiated..<br/>
The process for ccreating event category has been completed successfully.<br/>
 <br/>
</div>
</td>
<td></td>
<td>17</td>
<td>function.A_testClassCreate@496bc455</td></tr>
<tr>
<td title='function.A_testClassCreate.createNewResource()'><b>createNewResource</b><br>Test class: function.A_testClassCreate<br/>
<a href="#Output-42047036" onClick='toggleBox("Output-42047036", this, "Show output", "Hide output");'>Show output</a>

<a href="#Output-42047036" onClick="toggleAllBoxes();">Show all outputs</a>
<div class='log' id="Output-42047036">
 <br/>
The process of creating new alarm resource is started.<br/>
The process of creating new alarm resource is complete.<br/>
 <br/>
</div>
</td>
<td></td>
<td>38</td>
<td>function.A_testClassCreate@496bc455</td></tr>
<tr>
<td title='function.A_testClassCreate.manualAlarmByNewREsource()'><b>manualAlarmByNewREsource</b><br>Test class: function.A_testClassCreate<br/>
<a href="#Output-1059487259" onClick='toggleBox("Output-1059487259", this, "Show output", "Hide output");'>Show output</a>

<a href="#Output-1059487259" onClick="toggleAllBoxes();">Show all outputs</a>
<div class='log' id="Output-1059487259">
 <br/>
The process of creating a manual alarm by new resource  is started.<br/>
The process of creating a manual alarm by new resource is complete.<br/>
 <br/>
</div>
</td>
<td></td>
<td>27</td>
<td>function.A_testClassCreate@496bc455</td></tr>
<tr>
<td title='function.A_testClassCreate.SendMessageTo1DayInformationEventByFireFighter()'><b>SendMessageTo1DayInformationEventByFireFighter</b><br>Test class: function.A_testClassCreate<br/>
<a href="#Output-579868782" onClick='toggleBox("Output-579868782", this, "Show output", "Hide output");'>Show output</a>

<a href="#Output-579868782" onClick="toggleAllBoxes();">Show all outputs</a>
<div class='log' id="Output-579868782">
 <br/>
The process for sending messages for full-day Information Events using stations has been initiated..<br/>
The process for sending messages for full-day Information Events using stations  has been completed successfully.<br/>
 <br/>
</div>
</td>
<td></td>
<td>26</td>
<td>function.A_testClassCreate@496bc455</td></tr>
<tr>
<td title='function.A_testClassCreate.manualaByAttributeExtend1To01StEscResourceFrom02()'><b>manualaByAttributeExtend1To01StEscResourceFrom02</b><br>Test class: function.A_testClassCreate<br/>
<a href="#Output-1774331901" onClick='toggleBox("Output-1774331901", this, "Show output", "Hide output");'>Show output</a>

<a href="#Output-1774331901" onClick="toggleAllBoxes();">Show all outputs</a>
<div class='log' id="Output-1774331901">
 <br/>
The process of creating a manual alarm by attribute st2 and extend to st1 by resource is started.<br/>
The process of creating a manual alarm by attribute st2 and extend to st1 by resource is complete.<br/>
 <br/>
</div>
</td>
<td></td>
<td>61</td>
<td>function.A_testClassCreate@496bc455</td></tr>
</table><p>
</body>
</html>