<?xml version="1.0" encoding="UTF-8"?>
<!-- Generated by org.testng.reporters.JUnitXMLReporter -->
<testsuite ignored="0" hostname="DESKTOP-T6L47BI" failures="0" tests="16" name="Test" time="1085.475" errors="0" timestamp="2025-06-13T11:47:27 IST">
  <testcase classname="function.A_testClassCreate" name="sendMessageToOldApiAlarmUser" time="36.28"/>
  <testcase classname="function.A_testClassCreate" name="sendMessageToNewApiAlarmUser" time="72.179"/>
  <testcase classname="function.A_testClassCreate" name="manualaByAttributeSingleStation" time="45.76"/>
  <testcase classname="function.A_testClassCreate" name="manualAlarmByResourceMs" time="31.823"/>
  <testcase classname="function.A_testClassCreate" name="manualAlarmByFirefighterMs" time="53.149"/>
  <testcase classname="function.A_testClassCreate" name="manualaByAttributeMSLP" time="40.866"/>
  <testcase classname="function.A_testClassCreate" name="manualAlarmByEscResourceSingleStation" time="30.707"/>
  <testcase classname="function.A_testClassCreate" name="manualAlarmByEscResourceMs" time="27.158"/>
  <testcase classname="function.A_testClassCreate" name="manualaByAttributeExtend1StStResource" time="58.705"/>
  <testcase classname="function.A_testClassCreate" name="manualAlarmByTemplate" time="32.27"/>
  <testcase classname="function.A_testClassCreate" name="sendMessageToManualAlarmUser" time="35.504"/>
  <testcase classname="function.A_testClassCreate" name="createNewResource" time="32.641"/>
  <testcase classname="function.A_testClassCreate" name="createNewAlarmLoop" time="24.794"/>
  <testcase classname="function.A_testClassCreate" name="createNewAlarmTemplateByAttribute" time="41.196"/>
  <testcase classname="function.A_testClassCreate" name="createNewAlarmTemplateByResource" time="33.642"/>
  <testcase classname="function.A_testClassCreate" name="createNewAlarmTemplateByFirefighter" time="45.357"/>
</testsuite> <!-- Test -->
