<?xml version="1.0" encoding="UTF-8"?>
<!-- Generated by org.testng.reporters.JUnitXMLReporter -->
<testsuite ignored="0" hostname="DESKTOP-T6L47BI" failures="0" tests="18" name="Test" time="1180.866" errors="0" timestamp="2025-07-25T11:49:45 IST">
  <testcase classname="function.A_testClassCreate" name="sendMessageToNewApiAlarmUser" time="75.8"/>
  <testcase classname="function.A_testClassCreate" name="sendMessageToOldApiAlarmUser" time="32.92"/>
  <testcase classname="function.A_testClassCreate" name="manualaByAttributeSingleStation" time="45.705"/>
  <testcase classname="function.A_testClassCreate" name="manualAlarmByResourceMs" time="30.825"/>
  <testcase classname="function.A_testClassCreate" name="manualAlarmByFirefighterMs" time="51.972"/>
  <testcase classname="function.A_testClassCreate" name="manualaByAttributeMSLP" time="39.124"/>
  <testcase classname="function.A_testClassCreate" name="manualAlarmByEscResourceSingleStation" time="29.427"/>
  <testcase classname="function.A_testClassCreate" name="manualAlarmByEscResourceMs" time="28.946"/>
  <testcase classname="function.A_testClassCreate" name="manualaByAttributeExtend1StStResource" time="56.838"/>
  <testcase classname="function.A_testClassCreate" name="manualAlarmByTemplate" time="31.882"/>
  <testcase classname="function.A_testClassCreate" name="sendMessageToManualAlarmUser" time="32.344"/>
  <testcase classname="function.A_testClassCreate" name="createNewAlarmTemplateByAttribute" time="42.064"/>
  <testcase classname="function.A_testClassCreate" name="manualAlarmByNewTemplate" time="34.654"/>
  <testcase classname="function.A_testClassCreate" name="createNewResource" time="32.806"/>
  <testcase classname="function.A_testClassCreate" name="manualAlarmByNewREsource" time="27.047"/>
  <testcase classname="function.A_testClassCreate" name="createNewAlarmTemplateByResource" time="34.221"/>
  <testcase classname="function.A_testClassCreate" name="createNewAlarmTemplateByFirefighter" time="44.739"/>
  <testcase classname="function.A_testClassCreate" name="createNewAlarmLoop" time="24.606"/>
</testsuite> <!-- Test -->
