<?xml version="1.0" encoding="UTF-8"?>
<!-- Generated by org.testng.reporters.JUnitXMLReporter -->
<testsuite ignored="0" hostname="DESKTOP-T6L47BI" failures="0" tests="11" name="Test" time="772.268" errors="0" timestamp="2025-05-12T11:05:13 IST">
  <testcase classname="function.A_testClassCreate" name="sendMessageToOldApiAlarmUser" time="37.007"/>
  <testcase classname="function.A_testClassCreate" name="sendMessageToNewApiAlarmUser" time="70.559"/>
  <testcase classname="function.A_testClassCreate" name="manualaByAttributeSingleStation" time="45.342"/>
  <testcase classname="function.A_testClassCreate" name="manualAlarmByResourceMs" time="31.927"/>
  <testcase classname="function.A_testClassCreate" name="manualAlarmByFirefighterMs" time="52.215"/>
  <testcase classname="function.A_testClassCreate" name="manualaByAttributeMSLP" time="38.665"/>
  <testcase classname="function.A_testClassCreate" name="manualAlarmByEscResourceSingleStation" time="30.305"/>
  <testcase classname="function.A_testClassCreate" name="manualAlarmByEscResourceMs" time="27.76"/>
  <testcase classname="function.A_testClassCreate" name="manualaByAttributeExtend1StStResource" time="58.551"/>
  <testcase classname="function.A_testClassCreate" name="manualAlarmByTemplate" time="31.741"/>
  <testcase classname="function.A_testClassCreate" name="sendMessageToManualAlarmUser" time="31.862"/>
</testsuite> <!-- Test -->
