<?xml version="1.0" encoding="UTF-8"?>
<!-- Generated by org.testng.reporters.JUnitXMLReporter -->
<testsuite ignored="2" hostname="DESKTOP-T6L47BI" failures="0" tests="14" name="Test" time="932.288" errors="0" timestamp="2025-06-19T11:21:17 IST">
  <testcase classname="function.A_testClassCreate" name="manualaByAttributeSingleStation" time="49.607"/>
  <testcase classname="function.A_testClassCreate" name="manualAlarmByResourceMs" time="30.708"/>
  <testcase classname="function.A_testClassCreate" name="manualAlarmByFirefighterMs" time="51.005"/>
  <testcase classname="function.A_testClassCreate" name="manualaByAttributeMSLP" time="38.372"/>
  <testcase classname="function.A_testClassCreate" name="manualAlarmByEscResourceSingleStation" time="31.197"/>
  <testcase classname="function.A_testClassCreate" name="manualAlarmByEscResourceMs" time="30.717"/>
  <testcase classname="function.A_testClassCreate" name="manualaByAttributeExtend1StStResource" time="60.277"/>
  <testcase classname="function.A_testClassCreate" name="manualAlarmByTemplate" time="33.375"/>
  <testcase classname="function.A_testClassCreate" name="sendMessageToManualAlarmUser" time="37.477"/>
  <testcase classname="function.A_testClassCreate" name="createNewResource" time="32.889"/>
  <testcase classname="function.A_testClassCreate" name="createNewAlarmLoop" time="24.562"/>
  <testcase classname="function.A_testClassCreate" name="createNewAlarmTemplateByAttribute" time="41.496"/>
  <testcase classname="function.A_testClassCreate" name="createNewAlarmTemplateByResource" time="33.165"/>
  <testcase classname="function.A_testClassCreate" name="createNewAlarmTemplateByFirefighter" time="45.823"/>
  <testcase classname="function.A_testClassCreate" name="sendMessageToNewApiAlarmUser" time="0.0">
    <ignored/>
  </testcase> <!-- sendMessageToNewApiAlarmUser -->
  <testcase classname="function.A_testClassCreate" name="sendMessageToOldApiAlarmUser" time="0.0">
    <ignored/>
  </testcase> <!-- sendMessageToOldApiAlarmUser -->
</testsuite> <!-- Test -->
