<?xml version="1.0" encoding="UTF-8"?>
<!-- Generated by org.testng.reporters.JUnitXMLReporter -->
<testsuite ignored="0" hostname="DESKTOP-T6L47BI" failures="0" tests="21" name="Test" time="1348.299" errors="0" timestamp="2025-10-28T11:00:31 IST">
  <testcase classname="function.A_testClassCreate" name="sendMessageToNewApiAlarmUser" time="76.894"/>
  <testcase classname="function.A_testClassCreate" name="sendMessageToOldApiAlarmUser" time="34.269"/>
  <testcase classname="function.A_testClassCreate" name="manualaByAttributeSingleStation" time="53.018"/>
  <testcase classname="function.A_testClassCreate" name="manualAlarmByResourceMs" time="33.613"/>
  <testcase classname="function.A_testClassCreate" name="manualAlarmByFirefighterMs" time="52.744"/>
  <testcase classname="function.A_testClassCreate" name="manualaByAttributeMSLP" time="39.748"/>
  <testcase classname="function.A_testClassCreate" name="manualAlarmByEscResourceSingleStation" time="29.393"/>
  <testcase classname="function.A_testClassCreate" name="manualAlarmByEscResourceMs" time="31.798"/>
  <testcase classname="function.A_testClassCreate" name="manualaByAttributeExtend1StStResource" time="58.604"/>
  <testcase classname="function.A_testClassCreate" name="manualAlarmByTemplate" time="32.175"/>
  <testcase classname="function.A_testClassCreate" name="sendMessageToManualAlarmUser" time="33.692"/>
  <testcase classname="function.A_testClassCreate" name="createNewAlarmTemplateByAttribute" time="43.394"/>
  <testcase classname="function.A_testClassCreate" name="manualAlarmByNewTemplate" time="33.6"/>
  <testcase classname="function.A_testClassCreate" name="createNewResource" time="32.968"/>
  <testcase classname="function.A_testClassCreate" name="createNewResourceEsc" time="26.969"/>
  <testcase classname="function.A_testClassCreate" name="createNewAlarmEscalation" time="35.072"/>
  <testcase classname="function.A_testClassCreate" name="manualAlarmByNewREsource" time="29.909"/>
  <testcase classname="function.A_testClassCreate" name="manualAlarmByNewEscResource" time="28.429"/>
  <testcase classname="function.A_testClassCreate" name="createNewAlarmTemplateByResource" time="31.632"/>
  <testcase classname="function.A_testClassCreate" name="createNewAlarmTemplateByFirefighter" time="44.414"/>
  <testcase classname="function.A_testClassCreate" name="createNewAlarmLoop" time="22.683"/>
</testsuite> <!-- Test -->
