<?xml version="1.0" encoding="UTF-8"?>
<!-- Generated by org.testng.reporters.JUnitXMLReporter -->
<testsuite ignored="0" hostname="DESKTOP-T6L47BI" failures="1" tests="21" name="Test" time="1354.921" errors="0" timestamp="2025-10-29T14:59:35 IST">
  <testcase classname="function.A_testClassCreate" name="sendMessageToNewApiAlarmUser" time="77.805"/>
  <testcase classname="function.A_testClassCreate" name="sendMessageToOldApiAlarmUser" time="38.879"/>
  <testcase classname="function.A_testClassCreate" name="manualaByAttributeSingleStation" time="61.289"/>
  <testcase classname="function.A_testClassCreate" name="manualAlarmByResourceMs" time="4.712">
    <failure type="org.openqa.selenium.StaleElementReferenceException" message="stale element reference: stale element not found in the current frame
  (Session info: chrome=141.0.7390.123)
For documentation on this error, please visit: https://www.selenium.dev/documentation/webdriver/troubleshooting/errors#stale-element-reference-exception
Build info: version: &amp;apos;4.17.0&amp;apos;, revision: &amp;apos;e52b1be057*&amp;apos;
System info: os.name: &amp;apos;Windows 11&amp;apos;, os.arch: &amp;apos;amd64&amp;apos;, os.version: &amp;apos;10.0&amp;apos;, java.version: &amp;apos;17.0.9&amp;apos;
Driver info: org.openqa.selenium.chrome.ChromeDriver
Command: [24f966398f314ba66f09aa8459286c86, clickElement {id=f.0817A0CD2E93C9890FDCB2627A326259.d.2FECBE13AB4705AA7C4815BA4F6017C5.e.65218}]
Capabilities {acceptInsecureCerts: false, browserName: chrome, browserVersion: 141.0.7390.123, chrome: {chromedriverVersion: 141.0.7390.122 (b477534e7e1..., userDataDir: C:\Users\BHUPESH\AppData\Lo...}, fedcm:accounts: true, goog:chromeOptions: {debuggerAddress: localhost:50869}, networkConnectionEnabled: false, pageLoadStrategy: normal, platformName: windows, proxy: Proxy(), se:cdp: ws://localhost:50869/devtoo..., se:cdpVersion: 141.0.7390.123, setWindowRect: true, strictFileInteractability: false, timeouts: {implicit: 0, pageLoad: 300000, script: 30000}, unhandledPromptBehavior: dismiss and notify, webauthn:extension:credBlob: true, webauthn:extension:largeBlob: true, webauthn:extension:minPinLength: true, webauthn:extension:prf: true, webauthn:virtualAuthenticators: true}
Element: [[ChromeDriver: chrome on windows (24f966398f314ba66f09aa8459286c86)] -&amp;gt; xpath: //i[@class=&amp;quot;dx-icon ri ri-settings-3-line&amp;quot;]]
Session ID: 24f966398f314ba66f09aa8459286c86">
      <![CDATA[org.openqa.selenium.StaleElementReferenceException: stale element reference: stale element not found in the current frame
  (Session info: chrome=141.0.7390.123)
For documentation on this error, please visit: https://www.selenium.dev/documentation/webdriver/troubleshooting/errors#stale-element-reference-exception
Build info: version: '4.17.0', revision: 'e52b1be057*'
System info: os.name: 'Windows 11', os.arch: 'amd64', os.version: '10.0', java.version: '17.0.9'
Driver info: org.openqa.selenium.chrome.ChromeDriver
Command: [24f966398f314ba66f09aa8459286c86, clickElement {id=f.0817A0CD2E93C9890FDCB2627A326259.d.2FECBE13AB4705AA7C4815BA4F6017C5.e.65218}]
Capabilities {acceptInsecureCerts: false, browserName: chrome, browserVersion: 141.0.7390.123, chrome: {chromedriverVersion: 141.0.7390.122 (b477534e7e1..., userDataDir: C:\Users\BHUPESH\AppData\Lo...}, fedcm:accounts: true, goog:chromeOptions: {debuggerAddress: localhost:50869}, networkConnectionEnabled: false, pageLoadStrategy: normal, platformName: windows, proxy: Proxy(), se:cdp: ws://localhost:50869/devtoo..., se:cdpVersion: 141.0.7390.123, setWindowRect: true, strictFileInteractability: false, timeouts: {implicit: 0, pageLoad: 300000, script: 30000}, unhandledPromptBehavior: dismiss and notify, webauthn:extension:credBlob: true, webauthn:extension:largeBlob: true, webauthn:extension:minPinLength: true, webauthn:extension:prf: true, webauthn:virtualAuthenticators: true}
Element: [[ChromeDriver: chrome on windows (24f966398f314ba66f09aa8459286c86)] -> xpath: //i[@class="dx-icon ri ri-settings-3-line"]]
Session ID: 24f966398f314ba66f09aa8459286c86
at org.openqa.selenium.remote.codec.w3c.W3CHttpResponseCodec.createException(W3CHttpResponseCodec.java:185)
at org.openqa.selenium.remote.codec.w3c.W3CHttpResponseCodec.decode(W3CHttpResponseCodec.java:134)
at org.openqa.selenium.remote.codec.w3c.W3CHttpResponseCodec.decode(W3CHttpResponseCodec.java:51)
at org.openqa.selenium.remote.HttpCommandExecutor.execute(HttpCommandExecutor.java:190)
at org.openqa.selenium.remote.service.DriverCommandExecutor.invokeExecute(DriverCommandExecutor.java:216)
at org.openqa.selenium.remote.service.DriverCommandExecutor.execute(DriverCommandExecutor.java:174)
at org.openqa.selenium.remote.RemoteWebDriver.execute(RemoteWebDriver.java:519)
at org.openqa.selenium.remote.RemoteWebElement.execute(RemoteWebElement.java:223)
at org.openqa.selenium.remote.RemoteWebElement.click(RemoteWebElement.java:76)
at org.openqa.selenium.support.pagefactory.internal.LocatingElementHandler.invoke(LocatingElementHandler.java:51)
at jdk.proxy2/jdk.proxy2.$Proxy22.click(Unknown Source)
at function.F_manualAlarm.manualAlarmCommon(F_manualAlarm.java:185)
at function.A_testClassCreate.manualAlarmByResourceMs(A_testClassCreate.java:333)
at java.base/java.util.ArrayList.forEach(ArrayList.java:1511)
... Removed 35 stack frames]]>
    </failure>
  </testcase> <!-- manualAlarmByResourceMs -->
  <testcase classname="function.A_testClassCreate" name="manualAlarmByFirefighterMs" time="51.777"/>
  <testcase classname="function.A_testClassCreate" name="manualaByAttributeMSLP" time="41.244"/>
  <testcase classname="function.A_testClassCreate" name="manualAlarmByEscResourceSingleStation" time="29.984"/>
  <testcase classname="function.A_testClassCreate" name="manualAlarmByEscResourceMs" time="28.024"/>
  <testcase classname="function.A_testClassCreate" name="manualaByAttributeExtend1StStResource" time="57.971"/>
  <testcase classname="function.A_testClassCreate" name="manualAlarmByTemplate" time="32.176"/>
  <testcase classname="function.A_testClassCreate" name="sendMessageToManualAlarmUser" time="33.537"/>
  <testcase classname="function.A_testClassCreate" name="createNewAlarmTemplateByAttribute" time="40.966"/>
  <testcase classname="function.A_testClassCreate" name="manualAlarmByNewTemplate" time="34.152"/>
  <testcase classname="function.A_testClassCreate" name="createNewResource" time="37.312"/>
  <testcase classname="function.A_testClassCreate" name="createNewResourceEsc" time="28.105"/>
  <testcase classname="function.A_testClassCreate" name="createNewAlarmEscalation" time="36.319"/>
  <testcase classname="function.A_testClassCreate" name="manualAlarmByNewREsource" time="28.436"/>
  <testcase classname="function.A_testClassCreate" name="manualAlarmByNewEscResource" time="30.279"/>
  <testcase classname="function.A_testClassCreate" name="createNewAlarmTemplateByResource" time="33.878"/>
  <testcase classname="function.A_testClassCreate" name="createNewAlarmTemplateByFirefighter" time="67.493"/>
  <testcase classname="function.A_testClassCreate" name="createNewAlarmLoop" time="26.124"/>
</testsuite> <!-- Test -->
