<?xml version="1.0" encoding="UTF-8"?>
<!-- Generated by org.testng.reporters.JUnitXMLReporter -->
<testsuite ignored="17" hostname="DESKTOP-T6L47BI" failures="0" tests="40" name="Test" time="2362.145" errors="0" timestamp="2026-04-06T12:09:09 IST">
  <testcase classname="function.A_testClassCreate" name="sendMessageToNewApiAlarmUser" time="70.572"/>
  <testcase classname="function.A_testClassCreate" name="sendMessageToOldApiAlarmUser" time="25.323"/>
  <testcase classname="function.A_testClassCreate" name="sendMessageToApiEsclationAlarm" time="24.81"/>
  <testcase classname="function.A_testClassCreate" name="manualaByAttributeSingleStation" time="61.784"/>
  <testcase classname="function.A_testClassCreate" name="manualAlarmByResourceMs" time="34.493"/>
  <testcase classname="function.A_testClassCreate" name="manualAlarmByFirefighterMs" time="49.759"/>
  <testcase classname="function.A_testClassCreate" name="manualaByAttributeMSLP" time="36.818"/>
  <testcase classname="function.A_testClassCreate" name="manualAlarmByEscResourceSingleStation" time="26.505"/>
  <testcase classname="function.A_testClassCreate" name="manualAlarmByEscResourceMs" time="24.359"/>
  <testcase classname="function.A_testClassCreate" name="manualaByAttributeExtend1To01StEscResourceFrom02" time="79.511"/>
  <testcase classname="function.A_testClassCreate" name="manualAlarmByOldEsclationTemplateFromSt02ToSt01" time="31.788"/>
  <testcase classname="function.A_testClassCreate" name="createNewAlarmTemplateByAttribute" time="45.382"/>
  <testcase classname="function.A_testClassCreate" name="createAlarmByNewlyAddedTemplateFromTemplateModule" time="32.816"/>
  <testcase classname="function.A_testClassCreate" name="createNewResource" time="38.198"/>
  <testcase classname="function.A_testClassCreate" name="manualAlarmByNewREsource" time="27.55"/>
  <testcase classname="function.A_testClassCreate" name="createNewEscalationResource" time="32.161"/>
  <testcase classname="function.A_testClassCreate" name="createNewAlarmEscalation" time="27.036"/>
  <testcase classname="function.A_testClassCreate" name="manualAlarmByNewEscResource" time="24.403"/>
  <testcase classname="function.A_testClassCreate" name="sendMessageToManualAlarmUser" time="34.956"/>
  <testcase classname="function.A_testClassCreate" name="CheckAlarmExtendFunctionality" time="30.099"/>
  <testcase classname="function.A_testClassCreate" name="CheckApiAlarmEscalationFunctionality" time="27.038"/>
  <testcase classname="function.A_testClassCreate" name="CheckManualAlarmEscalationFunctionality" time="29.666"/>
  <testcase classname="function.A_testClassCreate" name="createMonitorInformationByAttribute" time="52.651"/>
  <testcase classname="function.A_testClassCreate" name="createMonitorInformationByResource" time="55.006"/>
  <testcase classname="function.A_testClassCreate" name="createMonitorInformationByFireFighter" time="53.963"/>
  <testcase classname="function.A_testClassCreate" name="createMonitorInformationByStations" time="51.306"/>
  <testcase classname="function.A_testClassCreate" name="createMonitorInformationByFireFighterForTwoStation" time="57.512"/>
  <testcase classname="function.A_testClassCreate" name="create1MinInformationEventByAttribute" time="59.022"/>
  <testcase classname="function.A_testClassCreate" name="create1HrInformationEventByResource" time="59.753"/>
  <testcase classname="function.A_testClassCreate" name="create1DayInformationEventByFireFighter" time="69.927"/>
  <testcase classname="function.A_testClassCreate" name="createFullDayInformationEventByStation" time="46.239"/>
  <testcase classname="function.A_testClassCreate" name="SendMessageTo1DayInformationEventByFireFighter" time="26.239"/>
  <testcase classname="function.A_testClassCreate" name="createCalendarEventByAttribute" time="67.52"/>
  <testcase classname="function.A_testClassCreate" name="createCalendarEventByResource" time="42.424"/>
  <testcase classname="function.A_testClassCreate" name="createCalendarEventByFireFughterMS" time="53.697"/>
  <testcase classname="function.A_testClassCreate" name="createCalendarEventByStationsMS" time="39.115"/>
  <testcase classname="function.A_testClassCreate" name="createNewAlarmTemplateByResource" time="35.618"/>
  <testcase classname="function.A_testClassCreate" name="createNewAlarmTemplateByFirefighter" time="47.939"/>
  <testcase classname="function.A_testClassCreate" name="createNewAlarmLoop" time="24.771"/>
  <testcase classname="function.A_testClassCreate" name="createEventCategory" time="17.198"/>
  <testcase classname="function.A_testClassCreate" name="TCMonitorInformationValidationChecking" time="0.0">
    <ignored/>
  </testcase> <!-- TCMonitorInformationValidationChecking -->
  <testcase classname="function.A_testClassCreate" name="smokeForEscalation" time="0.0">
    <ignored/>
  </testcase> <!-- smokeForEscalation -->
  <testcase classname="function.A_testClassCreate" name="TCManualAlarmMSCheckingValidation" time="0.0">
    <ignored/>
  </testcase> <!-- TCManualAlarmMSCheckingValidation -->
  <testcase classname="function.A_testClassCreate" name="TCResourceValidationChecking" time="0.0">
    <ignored/>
  </testcase> <!-- TCResourceValidationChecking -->
  <testcase classname="function.A_testClassCreate" name="smokeForEventCategory" time="0.0">
    <ignored/>
  </testcase> <!-- smokeForEventCategory -->
  <testcase classname="function.A_testClassCreate" name="TCNewAlarmLoopCheckingValidation" time="0.0">
    <ignored/>
  </testcase> <!-- TCNewAlarmLoopCheckingValidation -->
  <testcase classname="function.A_testClassCreate" name="smokeForAlrmLoop" time="0.0">
    <ignored/>
  </testcase> <!-- smokeForAlrmLoop -->
  <testcase classname="function.A_testClassCreate" name="smokeForCalendar" time="0.0">
    <ignored/>
  </testcase> <!-- smokeForCalendar -->
  <testcase classname="function.A_testClassCreate" name="smokeForManualAlarm" time="0.0">
    <ignored/>
  </testcase> <!-- smokeForManualAlarm -->
  <testcase classname="function.A_testClassCreate" name="smokeForResource" time="0.0">
    <ignored/>
  </testcase> <!-- smokeForResource -->
  <testcase classname="function.A_testClassCreate" name="smokeForCreateManualAlarm" time="0.0">
    <ignored/>
  </testcase> <!-- smokeForCreateManualAlarm -->
  <testcase classname="function.A_testClassCreate" name="smokeAlarmTemplate" time="0.0">
    <ignored/>
  </testcase> <!-- smokeAlarmTemplate -->
  <testcase classname="function.A_testClassCreate" name="TCAlarmTemplateCheckingValidation" time="0.0">
    <ignored/>
  </testcase> <!-- TCAlarmTemplateCheckingValidation -->
  <testcase classname="function.A_testClassCreate" name="manualAlarmByNewTemplate" time="0.0">
    <ignored/>
  </testcase> <!-- manualAlarmByNewTemplate -->
  <testcase classname="function.A_testClassCreate" name="TCCalenderEventValidationChecking" time="0.0">
    <ignored/>
  </testcase> <!-- TCCalenderEventValidationChecking -->
  <testcase classname="function.A_testClassCreate" name="smokeForinformation" time="0.0">
    <ignored/>
  </testcase> <!-- smokeForinformation -->
  <testcase classname="function.A_testClassCreate" name="TCInfoeventValidationChecking" time="0.0">
    <ignored/>
  </testcase> <!-- TCInfoeventValidationChecking -->
</testsuite> <!-- Test -->
