<?xml version="1.0" encoding="UTF-8"?>
<!-- Generated by org.testng.reporters.JUnitXMLReporter -->
<testsuite ignored="0" hostname="DESKTOP-T6L47BI" failures="0" tests="16" name="Test" time="1257.498" errors="0" timestamp="2025-07-03T10:48:54 IST">
  <testcase classname="function.A_testClassCreate" name="sendMessageToNewApiAlarmUser" time="227.188"/>
  <testcase classname="function.A_testClassCreate" name="sendMessageToOldApiAlarmUser" time="35.297"/>
  <testcase classname="function.A_testClassCreate" name="manualaByAttributeSingleStation" time="46.044"/>
  <testcase classname="function.A_testClassCreate" name="manualAlarmByResourceMs" time="33.14"/>
  <testcase classname="function.A_testClassCreate" name="manualAlarmByFirefighterMs" time="50.425"/>
  <testcase classname="function.A_testClassCreate" name="manualaByAttributeMSLP" time="39.447"/>
  <testcase classname="function.A_testClassCreate" name="manualAlarmByEscResourceSingleStation" time="29.717"/>
  <testcase classname="function.A_testClassCreate" name="manualAlarmByEscResourceMs" time="30.452"/>
  <testcase classname="function.A_testClassCreate" name="manualaByAttributeExtend1StStResource" time="56.85"/>
  <testcase classname="function.A_testClassCreate" name="manualAlarmByTemplate" time="33.661"/>
  <testcase classname="function.A_testClassCreate" name="sendMessageToManualAlarmUser" time="34.083"/>
  <testcase classname="function.A_testClassCreate" name="createNewResource" time="33.103"/>
  <testcase classname="function.A_testClassCreate" name="createNewAlarmLoop" time="23.721"/>
  <testcase classname="function.A_testClassCreate" name="createNewAlarmTemplateByAttribute" time="40.83"/>
  <testcase classname="function.A_testClassCreate" name="createNewAlarmTemplateByResource" time="35.453"/>
  <testcase classname="function.A_testClassCreate" name="createNewAlarmTemplateByFirefighter" time="46.85"/>
</testsuite> <!-- Test -->
