<?xml version="1.0" encoding="UTF-8"?>
<!-- Generated by org.testng.reporters.JUnitXMLReporter -->
<testsuite ignored="6" hostname="DESKTOP-T6L47BI" failures="0" tests="10" name="Test(failed)" time="669.773" errors="0" timestamp="2025-06-18T12:03:46 IST">
  <testcase classname="function.A_testClassCreate" name="manualAlarmByEscResourceSingleStation" time="35.653"/>
  <testcase classname="function.A_testClassCreate" name="createNewAlarmTemplateByAttribute" time="41.045"/>
  <testcase classname="function.A_testClassCreate" name="manualAlarmByEscResourceMs" time="28.182"/>
  <testcase classname="function.A_testClassCreate" name="createNewAlarmTemplateByResource" time="32.873"/>
  <testcase classname="function.A_testClassCreate" name="manualAlarmByTemplate" time="34.718"/>
  <testcase classname="function.A_testClassCreate" name="manualaByAttributeExtend1StStResource" time="58.845"/>
  <testcase classname="function.A_testClassCreate" name="createNewAlarmLoop" time="26.231"/>
  <testcase classname="function.A_testClassCreate" name="createNewResource" time="32.605"/>
  <testcase classname="function.A_testClassCreate" name="createNewAlarmTemplateByFirefighter" time="48.293"/>
  <testcase classname="function.A_testClassCreate" name="sendMessageToManualAlarmUser" time="39.85"/>
  <testcase classname="function.A_testClassCreate" name="manualAlarmByFirefighterMs" time="0.0">
    <ignored/>
  </testcase> <!-- manualAlarmByFirefighterMs -->
  <testcase classname="function.A_testClassCreate" name="sendMessageToNewApiAlarmUser" time="0.0">
    <ignored/>
  </testcase> <!-- sendMessageToNewApiAlarmUser -->
  <testcase classname="function.A_testClassCreate" name="manualAlarmByResourceMs" time="0.0">
    <ignored/>
  </testcase> <!-- manualAlarmByResourceMs -->
  <testcase classname="function.A_testClassCreate" name="manualaByAttributeMSLP" time="0.0">
    <ignored/>
  </testcase> <!-- manualaByAttributeMSLP -->
  <testcase classname="function.A_testClassCreate" name="manualaByAttributeSingleStation" time="0.0">
    <ignored/>
  </testcase> <!-- manualaByAttributeSingleStation -->
  <testcase classname="function.A_testClassCreate" name="sendMessageToOldApiAlarmUser" time="0.0">
    <ignored/>
  </testcase> <!-- sendMessageToOldApiAlarmUser -->
</testsuite> <!-- Test(failed) -->
