<?xml version="1.0" encoding="UTF-8"?>
<!-- Generated by org.testng.reporters.JUnitXMLReporter -->
<testsuite ignored="16" hostname="DESKTOP-T6L47BI" failures="2" tests="5" name="Test(failed)" time="296.495" errors="0" timestamp="2025-10-24T11:11:40 IST">
  <testcase classname="function.A_testClassCreate" name="manualAlarmByEscResourceSingleStation" time="33.254"/>
  <testcase classname="function.A_testClassCreate" name="manualaByAttributeMSLP" time="41.883"/>
  <testcase classname="function.A_testClassCreate" name="manualAlarmByNewREsource" time="29.713"/>
  <testcase classname="function.A_testClassCreate" name="manualAlarmByEscResourceMs" time="30.126">
    <failure type="org.openqa.selenium.ElementNotInteractableException" message="element not interactable: Element is not currently visible and may not be manipulated
  (Session info: chrome=141.0.7390.122)
Build info: version: &amp;apos;4.17.0&amp;apos;, revision: &amp;apos;e52b1be057*&amp;apos;
System info: os.name: &amp;apos;Windows 11&amp;apos;, os.arch: &amp;apos;amd64&amp;apos;, os.version: &amp;apos;10.0&amp;apos;, java.version: &amp;apos;17.0.9&amp;apos;
Driver info: org.openqa.selenium.chrome.ChromeDriver
Command: [d986bd681e33483735bafbb7e4de17ab, clickElement {id=f.C8F1FF3F8405A5C634572E039363B14A.d.D997729B9887A986A19E9BC887381BAD.e.67853}]
Capabilities {acceptInsecureCerts: false, browserName: chrome, browserVersion: 141.0.7390.122, chrome: {chromedriverVersion: 141.0.7390.122 (b477534e7e1..., userDataDir: C:\Users\BHUPESH\AppData\Lo...}, fedcm:accounts: true, goog:chromeOptions: {debuggerAddress: localhost:61898}, networkConnectionEnabled: false, pageLoadStrategy: normal, platformName: windows, proxy: Proxy(), se:cdp: ws://localhost:61898/devtoo..., se:cdpVersion: 141.0.7390.122, setWindowRect: true, strictFileInteractability: false, timeouts: {implicit: 0, pageLoad: 300000, script: 30000}, unhandledPromptBehavior: dismiss and notify, webauthn:extension:credBlob: true, webauthn:extension:largeBlob: true, webauthn:extension:minPinLength: true, webauthn:extension:prf: true, webauthn:virtualAuthenticators: true}
Element: [[ChromeDriver: chrome on windows (d986bd681e33483735bafbb7e4de17ab)] -&amp;gt; xpath: //option[text()=&amp;quot; andrew department &amp;quot;]]
Session ID: d986bd681e33483735bafbb7e4de17ab">
      <![CDATA[org.openqa.selenium.ElementNotInteractableException: element not interactable: Element is not currently visible and may not be manipulated
  (Session info: chrome=141.0.7390.122)
Build info: version: '4.17.0', revision: 'e52b1be057*'
System info: os.name: 'Windows 11', os.arch: 'amd64', os.version: '10.0', java.version: '17.0.9'
Driver info: org.openqa.selenium.chrome.ChromeDriver
Command: [d986bd681e33483735bafbb7e4de17ab, clickElement {id=f.C8F1FF3F8405A5C634572E039363B14A.d.D997729B9887A986A19E9BC887381BAD.e.67853}]
Capabilities {acceptInsecureCerts: false, browserName: chrome, browserVersion: 141.0.7390.122, chrome: {chromedriverVersion: 141.0.7390.122 (b477534e7e1..., userDataDir: C:\Users\BHUPESH\AppData\Lo...}, fedcm:accounts: true, goog:chromeOptions: {debuggerAddress: localhost:61898}, networkConnectionEnabled: false, pageLoadStrategy: normal, platformName: windows, proxy: Proxy(), se:cdp: ws://localhost:61898/devtoo..., se:cdpVersion: 141.0.7390.122, setWindowRect: true, strictFileInteractability: false, timeouts: {implicit: 0, pageLoad: 300000, script: 30000}, unhandledPromptBehavior: dismiss and notify, webauthn:extension:credBlob: true, webauthn:extension:largeBlob: true, webauthn:extension:minPinLength: true, webauthn:extension:prf: true, webauthn:virtualAuthenticators: true}
Element: [[ChromeDriver: chrome on windows (d986bd681e33483735bafbb7e4de17ab)] -> xpath: //option[text()=" andrew department "]]
Session ID: d986bd681e33483735bafbb7e4de17ab
at org.openqa.selenium.remote.codec.w3c.W3CHttpResponseCodec.createException(W3CHttpResponseCodec.java:185)
at org.openqa.selenium.remote.codec.w3c.W3CHttpResponseCodec.decode(W3CHttpResponseCodec.java:134)
at org.openqa.selenium.remote.codec.w3c.W3CHttpResponseCodec.decode(W3CHttpResponseCodec.java:51)
at org.openqa.selenium.remote.HttpCommandExecutor.execute(HttpCommandExecutor.java:190)
at org.openqa.selenium.remote.service.DriverCommandExecutor.invokeExecute(DriverCommandExecutor.java:216)
at org.openqa.selenium.remote.service.DriverCommandExecutor.execute(DriverCommandExecutor.java:174)
at org.openqa.selenium.remote.RemoteWebDriver.execute(RemoteWebDriver.java:519)
at org.openqa.selenium.remote.RemoteWebElement.execute(RemoteWebElement.java:223)
at org.openqa.selenium.remote.RemoteWebElement.click(RemoteWebElement.java:76)
at org.openqa.selenium.support.pagefactory.internal.LocatingElementHandler.invoke(LocatingElementHandler.java:51)
at jdk.proxy2/jdk.proxy2.$Proxy22.click(Unknown Source)
at function.F_manualAlarm.manualAlarmCommon(F_manualAlarm.java:197)
at function.A_testClassCreate.manualAlarmByEscResourceMs(A_testClassCreate.java:400)
at java.base/java.util.ArrayList.forEach(ArrayList.java:1511)
... Removed 35 stack frames]]>
    </failure>
  </testcase> <!-- manualAlarmByEscResourceMs -->
  <testcase classname="function.A_testClassCreate" name="manualAlarmByFirefighterMs" time="9.127">
    <failure type="org.openqa.selenium.ElementNotInteractableException" message="element not interactable: Element is not currently visible and may not be manipulated
  (Session info: chrome=141.0.7390.122)
Build info: version: &amp;apos;4.17.0&amp;apos;, revision: &amp;apos;e52b1be057*&amp;apos;
System info: os.name: &amp;apos;Windows 11&amp;apos;, os.arch: &amp;apos;amd64&amp;apos;, os.version: &amp;apos;10.0&amp;apos;, java.version: &amp;apos;17.0.9&amp;apos;
Driver info: org.openqa.selenium.chrome.ChromeDriver
Command: [d986bd681e33483735bafbb7e4de17ab, clickElement {id=f.C8F1FF3F8405A5C634572E039363B14A.d.E18074FDBA3AE3FE418E041A67C5A5FD.e.76010}]
Capabilities {acceptInsecureCerts: false, browserName: chrome, browserVersion: 141.0.7390.122, chrome: {chromedriverVersion: 141.0.7390.122 (b477534e7e1..., userDataDir: C:\Users\BHUPESH\AppData\Lo...}, fedcm:accounts: true, goog:chromeOptions: {debuggerAddress: localhost:61898}, networkConnectionEnabled: false, pageLoadStrategy: normal, platformName: windows, proxy: Proxy(), se:cdp: ws://localhost:61898/devtoo..., se:cdpVersion: 141.0.7390.122, setWindowRect: true, strictFileInteractability: false, timeouts: {implicit: 0, pageLoad: 300000, script: 30000}, unhandledPromptBehavior: dismiss and notify, webauthn:extension:credBlob: true, webauthn:extension:largeBlob: true, webauthn:extension:minPinLength: true, webauthn:extension:prf: true, webauthn:virtualAuthenticators: true}
Element: [[ChromeDriver: chrome on windows (d986bd681e33483735bafbb7e4de17ab)] -&amp;gt; xpath: //option[text()=&amp;quot; andrew department &amp;quot;]]
Session ID: d986bd681e33483735bafbb7e4de17ab">
      <![CDATA[org.openqa.selenium.ElementNotInteractableException: element not interactable: Element is not currently visible and may not be manipulated
  (Session info: chrome=141.0.7390.122)
Build info: version: '4.17.0', revision: 'e52b1be057*'
System info: os.name: 'Windows 11', os.arch: 'amd64', os.version: '10.0', java.version: '17.0.9'
Driver info: org.openqa.selenium.chrome.ChromeDriver
Command: [d986bd681e33483735bafbb7e4de17ab, clickElement {id=f.C8F1FF3F8405A5C634572E039363B14A.d.E18074FDBA3AE3FE418E041A67C5A5FD.e.76010}]
Capabilities {acceptInsecureCerts: false, browserName: chrome, browserVersion: 141.0.7390.122, chrome: {chromedriverVersion: 141.0.7390.122 (b477534e7e1..., userDataDir: C:\Users\BHUPESH\AppData\Lo...}, fedcm:accounts: true, goog:chromeOptions: {debuggerAddress: localhost:61898}, networkConnectionEnabled: false, pageLoadStrategy: normal, platformName: windows, proxy: Proxy(), se:cdp: ws://localhost:61898/devtoo..., se:cdpVersion: 141.0.7390.122, setWindowRect: true, strictFileInteractability: false, timeouts: {implicit: 0, pageLoad: 300000, script: 30000}, unhandledPromptBehavior: dismiss and notify, webauthn:extension:credBlob: true, webauthn:extension:largeBlob: true, webauthn:extension:minPinLength: true, webauthn:extension:prf: true, webauthn:virtualAuthenticators: true}
Element: [[ChromeDriver: chrome on windows (d986bd681e33483735bafbb7e4de17ab)] -> xpath: //option[text()=" andrew department "]]
Session ID: d986bd681e33483735bafbb7e4de17ab
at org.openqa.selenium.remote.codec.w3c.W3CHttpResponseCodec.createException(W3CHttpResponseCodec.java:185)
at org.openqa.selenium.remote.codec.w3c.W3CHttpResponseCodec.decode(W3CHttpResponseCodec.java:134)
at org.openqa.selenium.remote.codec.w3c.W3CHttpResponseCodec.decode(W3CHttpResponseCodec.java:51)
at org.openqa.selenium.remote.HttpCommandExecutor.execute(HttpCommandExecutor.java:190)
at org.openqa.selenium.remote.service.DriverCommandExecutor.invokeExecute(DriverCommandExecutor.java:216)
at org.openqa.selenium.remote.service.DriverCommandExecutor.execute(DriverCommandExecutor.java:174)
at org.openqa.selenium.remote.RemoteWebDriver.execute(RemoteWebDriver.java:519)
at org.openqa.selenium.remote.RemoteWebElement.execute(RemoteWebElement.java:223)
at org.openqa.selenium.remote.RemoteWebElement.click(RemoteWebElement.java:76)
at org.openqa.selenium.support.pagefactory.internal.LocatingElementHandler.invoke(LocatingElementHandler.java:51)
at jdk.proxy2/jdk.proxy2.$Proxy22.click(Unknown Source)
at function.F_manualAlarm.manualAlarmCommon(F_manualAlarm.java:197)
at function.A_testClassCreate.manualAlarmByFirefighterMs(A_testClassCreate.java:435)
at java.base/java.util.ArrayList.forEach(ArrayList.java:1511)
... Removed 35 stack frames]]>
    </failure>
  </testcase> <!-- manualAlarmByFirefighterMs -->
  <testcase classname="function.A_testClassCreate" name="manualAlarmByResourceMs" time="0.0">
    <ignored/>
  </testcase> <!-- manualAlarmByResourceMs -->
  <testcase classname="function.A_testClassCreate" name="manualAlarmByTemplate" time="0.0">
    <ignored/>
  </testcase> <!-- manualAlarmByTemplate -->
  <testcase classname="function.A_testClassCreate" name="sendMessageToNewApiAlarmUser" time="0.0">
    <ignored/>
  </testcase> <!-- sendMessageToNewApiAlarmUser -->
  <testcase classname="function.A_testClassCreate" name="createNewResource" time="0.0">
    <ignored/>
  </testcase> <!-- createNewResource -->
  <testcase classname="function.A_testClassCreate" name="sendMessageToOldApiAlarmUser" time="0.0">
    <ignored/>
  </testcase> <!-- sendMessageToOldApiAlarmUser -->
  <testcase classname="function.A_testClassCreate" name="createNewAlarmTemplateByFirefighter" time="0.0">
    <ignored/>
  </testcase> <!-- createNewAlarmTemplateByFirefighter -->
  <testcase classname="function.A_testClassCreate" name="manualaByAttributeExtend1StStResource" time="0.0">
    <ignored/>
  </testcase> <!-- manualaByAttributeExtend1StStResource -->
  <testcase classname="function.A_testClassCreate" name="createNewAlarmTemplateByAttribute" time="0.0">
    <ignored/>
  </testcase> <!-- createNewAlarmTemplateByAttribute -->
  <testcase classname="function.A_testClassCreate" name="createNewAlarmEscalation" time="0.0">
    <ignored/>
  </testcase> <!-- createNewAlarmEscalation -->
  <testcase classname="function.A_testClassCreate" name="manualAlarmByNewEscResource" time="0.0">
    <ignored/>
  </testcase> <!-- manualAlarmByNewEscResource -->
  <testcase classname="function.A_testClassCreate" name="createNewResourceEsc" time="0.0">
    <ignored/>
  </testcase> <!-- createNewResourceEsc -->
  <testcase classname="function.A_testClassCreate" name="manualaByAttributeSingleStation" time="0.0">
    <ignored/>
  </testcase> <!-- manualaByAttributeSingleStation -->
  <testcase classname="function.A_testClassCreate" name="manualAlarmByNewTemplate" time="0.0">
    <ignored/>
  </testcase> <!-- manualAlarmByNewTemplate -->
  <testcase classname="function.A_testClassCreate" name="createNewAlarmLoop" time="0.0">
    <ignored/>
  </testcase> <!-- createNewAlarmLoop -->
  <testcase classname="function.A_testClassCreate" name="sendMessageToManualAlarmUser" time="0.0">
    <ignored/>
  </testcase> <!-- sendMessageToManualAlarmUser -->
  <testcase classname="function.A_testClassCreate" name="createNewAlarmTemplateByResource" time="0.0">
    <ignored/>
  </testcase> <!-- createNewAlarmTemplateByResource -->
</testsuite> <!-- Test(failed) -->
