<?xml version="1.0" encoding="UTF-8"?>
<!-- Generated by org.testng.reporters.JUnitXMLReporter -->
<testsuite ignored="4" hostname="DESKTOP-T6L47BI" failures="1" tests="7" name="Test(failed)" time="471.232" errors="0" timestamp="2025-06-03T18:05:30 IST">
  <testcase classname="function.A_testClassCreate" name="manualAlarmByEscResourceSingleStation" time="34.57"/>
  <testcase classname="function.A_testClassCreate" name="manualaByAttributeMSLP" time="39.738"/>
  <testcase classname="function.A_testClassCreate" name="manualAlarmByEscResourceMs" time="28.372"/>
  <testcase classname="function.A_testClassCreate" name="manualAlarmByFirefighterMs" time="51.258"/>
  <testcase classname="function.A_testClassCreate" name="manualAlarmByTemplate" time="34.679"/>
  <testcase classname="function.A_testClassCreate" name="manualaByAttributeExtend1StStResource" time="45.49">
    <failure type="org.openqa.selenium.NoSuchElementException" message="no such element: Unable to locate element: {&amp;quot;method&amp;quot;:&amp;quot;xpath&amp;quot;,&amp;quot;selector&amp;quot;:&amp;quot;//input[@placeholder=&amp;quot;Select Firestation&amp;quot;]&amp;quot;}
  (Session info: chrome=136.0.7103.114)
For documentation on this error, please visit: https://www.selenium.dev/documentation/webdriver/troubleshooting/errors#no-such-element-exception
Build info: version: &amp;apos;4.17.0&amp;apos;, revision: &amp;apos;e52b1be057*&amp;apos;
System info: os.name: &amp;apos;Windows 11&amp;apos;, os.arch: &amp;apos;amd64&amp;apos;, os.version: &amp;apos;10.0&amp;apos;, java.version: &amp;apos;17.0.9&amp;apos;
Driver info: org.openqa.selenium.chrome.ChromeDriver
Command: [03493eb5477a1c3e201be9703b26b373, findElement {using=xpath, value=//input[@placeholder=&amp;quot;Select Firestation&amp;quot;]}]
Capabilities {acceptInsecureCerts: false, browserName: chrome, browserVersion: 136.0.7103.114, chrome: {chromedriverVersion: 136.0.7103.113 (76fa3c17824..., userDataDir: C:\Users\BHUPESH\AppData\Lo...}, fedcm:accounts: true, goog:chromeOptions: {debuggerAddress: localhost:60501}, networkConnectionEnabled: false, pageLoadStrategy: normal, platformName: windows, proxy: Proxy(), se:cdp: ws://localhost:60501/devtoo..., se:cdpVersion: 136.0.7103.114, setWindowRect: true, strictFileInteractability: false, timeouts: {implicit: 0, pageLoad: 300000, script: 30000}, unhandledPromptBehavior: dismiss and notify, webauthn:extension:credBlob: true, webauthn:extension:largeBlob: true, webauthn:extension:minPinLength: true, webauthn:extension:prf: true, webauthn:virtualAuthenticators: true}
Session ID: 03493eb5477a1c3e201be9703b26b373">
      <![CDATA[org.openqa.selenium.NoSuchElementException: no such element: Unable to locate element: {"method":"xpath","selector":"//input[@placeholder="Select Firestation"]"}
  (Session info: chrome=136.0.7103.114)
For documentation on this error, please visit: https://www.selenium.dev/documentation/webdriver/troubleshooting/errors#no-such-element-exception
Build info: version: '4.17.0', revision: 'e52b1be057*'
System info: os.name: 'Windows 11', os.arch: 'amd64', os.version: '10.0', java.version: '17.0.9'
Driver info: org.openqa.selenium.chrome.ChromeDriver
Command: [03493eb5477a1c3e201be9703b26b373, findElement {using=xpath, value=//input[@placeholder="Select Firestation"]}]
Capabilities {acceptInsecureCerts: false, browserName: chrome, browserVersion: 136.0.7103.114, chrome: {chromedriverVersion: 136.0.7103.113 (76fa3c17824..., userDataDir: C:\Users\BHUPESH\AppData\Lo...}, fedcm:accounts: true, goog:chromeOptions: {debuggerAddress: localhost:60501}, networkConnectionEnabled: false, pageLoadStrategy: normal, platformName: windows, proxy: Proxy(), se:cdp: ws://localhost:60501/devtoo..., se:cdpVersion: 136.0.7103.114, setWindowRect: true, strictFileInteractability: false, timeouts: {implicit: 0, pageLoad: 300000, script: 30000}, unhandledPromptBehavior: dismiss and notify, webauthn:extension:credBlob: true, webauthn:extension:largeBlob: true, webauthn:extension:minPinLength: true, webauthn:extension:prf: true, webauthn:virtualAuthenticators: true}
Session ID: 03493eb5477a1c3e201be9703b26b373
at org.openqa.selenium.remote.codec.w3c.W3CHttpResponseCodec.createException(W3CHttpResponseCodec.java:185)
at org.openqa.selenium.remote.codec.w3c.W3CHttpResponseCodec.decode(W3CHttpResponseCodec.java:134)
at org.openqa.selenium.remote.codec.w3c.W3CHttpResponseCodec.decode(W3CHttpResponseCodec.java:51)
at org.openqa.selenium.remote.HttpCommandExecutor.execute(HttpCommandExecutor.java:190)
at org.openqa.selenium.remote.service.DriverCommandExecutor.invokeExecute(DriverCommandExecutor.java:216)
at org.openqa.selenium.remote.service.DriverCommandExecutor.execute(DriverCommandExecutor.java:174)
at org.openqa.selenium.remote.RemoteWebDriver.execute(RemoteWebDriver.java:519)
at org.openqa.selenium.remote.ElementLocation$ElementFinder$2.findElement(ElementLocation.java:165)
at org.openqa.selenium.remote.ElementLocation.findElement(ElementLocation.java:59)
at org.openqa.selenium.remote.RemoteWebDriver.findElement(RemoteWebDriver.java:356)
at org.openqa.selenium.remote.RemoteWebDriver.findElement(RemoteWebDriver.java:350)
at org.openqa.selenium.support.pagefactory.DefaultElementLocator.findElement(DefaultElementLocator.java:68)
at org.openqa.selenium.support.pagefactory.internal.LocatingElementHandler.invoke(LocatingElementHandler.java:38)
at jdk.proxy2/jdk.proxy2.$Proxy22.click(Unknown Source)
at function.F_manualAlarm.manualaByAttributeExtend1StStResource(F_manualAlarm.java:666)
at function.A_testClassCreate.manualaByAttributeExtend1StStResource(A_testClassCreate.java:179)
at java.base/java.util.ArrayList.forEach(ArrayList.java:1511)
... Removed 32 stack frames]]>
    </failure>
  </testcase> <!-- manualaByAttributeExtend1StStResource -->
  <testcase classname="function.A_testClassCreate" name="sendMessageToManualAlarmUser" time="35.917"/>
  <testcase classname="function.A_testClassCreate" name="manualaByAttributeSingleStation" time="0.0">
    <ignored/>
  </testcase> <!-- manualaByAttributeSingleStation -->
  <testcase classname="function.A_testClassCreate" name="manualAlarmByResourceMs" time="0.0">
    <ignored/>
  </testcase> <!-- manualAlarmByResourceMs -->
  <testcase classname="function.A_testClassCreate" name="sendMessageToNewApiAlarmUser" time="0.0">
    <ignored/>
  </testcase> <!-- sendMessageToNewApiAlarmUser -->
  <testcase classname="function.A_testClassCreate" name="sendMessageToOldApiAlarmUser" time="0.0">
    <ignored/>
  </testcase> <!-- sendMessageToOldApiAlarmUser -->
</testsuite> <!-- Test(failed) -->
