<?xml version="1.0" encoding="UTF-8"?>
<testng-results ignored="0" total="8" passed="8" failed="0" skipped="0">
  <reporter-output>
    <line>
      <![CDATA[Well come to RETTERAlarm Live branch]]>
    </line>
    <line>
      <![CDATA[Logged in user-6039-DE-andrew-deptu-2]]>
    </line>
    <line>
      <![CDATA[ ]]>
    </line>
    <line>
      <![CDATA[The process of create chat group by attribute is started.]]>
    </line>
    <line>
      <![CDATA[The process of create chat group by attribute is complete.]]>
    </line>
    <line>
      <![CDATA[ ]]>
    </line>
    <line>
      <![CDATA[ ]]>
    </line>
    <line>
      <![CDATA[The process of create chat group by resource is started.]]>
    </line>
    <line>
      <![CDATA[The process of create chat group by resource is complete.]]>
    </line>
    <line>
      <![CDATA[ ]]>
    </line>
    <line>
      <![CDATA[ ]]>
    </line>
    <line>
      <![CDATA[The process of create chat group by alarm loop is started.]]>
    </line>
    <line>
      <![CDATA[The process of create chat group by alarm loop is complete.]]>
    </line>
    <line>
      <![CDATA[ ]]>
    </line>
    <line>
      <![CDATA[ ]]>
    </line>
    <line>
      <![CDATA[The process of create chat group by fire fighter is started.]]>
    </line>
    <line>
      <![CDATA[The process of create chat group by fire fighter is complete.]]>
    </line>
    <line>
      <![CDATA[ ]]>
    </line>
    <line>
      <![CDATA[ ]]>
    </line>
    <line>
      <![CDATA[The process of send message to chat group by attribute is started.]]>
    </line>
    <line>
      <![CDATA[The process of send message to chat group by attribute is complete.]]>
    </line>
    <line>
      <![CDATA[ ]]>
    </line>
    <line>
      <![CDATA[ ]]>
    </line>
    <line>
      <![CDATA[The process of send message to chat group by resource is started.]]>
    </line>
    <line>
      <![CDATA[The process of send message to chat group by resource is complete.]]>
    </line>
    <line>
      <![CDATA[ ]]>
    </line>
    <line>
      <![CDATA[ ]]>
    </line>
    <line>
      <![CDATA[The process of send message to chat group by alarm loop is started.]]>
    </line>
    <line>
      <![CDATA[The process of send message to chat group by alarm loop is complete.]]>
    </line>
    <line>
      <![CDATA[ ]]>
    </line>
    <line>
      <![CDATA[ ]]>
    </line>
    <line>
      <![CDATA[The process of send message to chat group by fire fighter is started.]]>
    </line>
    <line>
      <![CDATA[The process of send message to chat group by fire fighter is complete.]]>
    </line>
    <line>
      <![CDATA[ ]]>
    </line>
    <line>
      <![CDATA[Logout sucessfully.]]>
    </line>
    <line>
      <![CDATA[ ]]>
    </line>
    <line>
      <![CDATA[Refresh the URL before successfully closing the browser.]]>
    </line>
    <line>
      <![CDATA[Browser close sucessfully.]]>
    </line>
    <line>
      <![CDATA[ ]]>
    </line>
    <line>
      <![CDATA[Good to see you again.]]>
    </line>
  </reporter-output>
  <suite started-at="2026-05-06T18:20:11 IST" name="Suite" finished-at="2026-05-06T18:26:13 IST" duration-ms="361881">
    <groups>
    </groups>
    <test started-at="2026-05-06T18:20:11 IST" name="Test" finished-at="2026-05-06T18:26:13 IST" duration-ms="361881">
      <class name="function.A_testClassCreate">
        <test-method is-config="true" signature="BeforeSuite()[pri:0, instance:function.A_testClassCreate@2b30a42c]" started-at="2026-05-06T18:20:07 IST" name="BeforeSuite" finished-at="2026-05-06T18:20:11 IST" duration-ms="4828" status="PASS">
          <reporter-output>
            <line>
              <![CDATA[Well come to RETTERAlarm Live branch]]>
            </line>
          </reporter-output>
        </test-method> <!-- BeforeSuite -->
        <test-method is-config="true" signature="BeforeTest()[pri:0, instance:function.A_testClassCreate@2b30a42c]" started-at="2026-05-06T18:20:11 IST" name="BeforeTest" finished-at="2026-05-06T18:20:24 IST" duration-ms="12192" status="PASS">
          <reporter-output>
            <line>
              <![CDATA[Logged in user-6039-DE-andrew-deptu-2]]>
            </line>
          </reporter-output>
        </test-method> <!-- BeforeTest -->
        <test-method is-config="true" signature="createObject()[pri:0, instance:function.A_testClassCreate@2b30a42c]" started-at="2026-05-06T18:20:24 IST" name="createObject" finished-at="2026-05-06T18:20:24 IST" duration-ms="11" status="PASS">
          <reporter-output>
          </reporter-output>
        </test-method> <!-- createObject -->
        <test-method is-config="true" signature="backToHomePage()[pri:0, instance:function.A_testClassCreate@2b30a42c]" started-at="2026-05-06T18:20:24 IST" name="backToHomePage" finished-at="2026-05-06T18:20:30 IST" duration-ms="6742" status="PASS">
          <reporter-output>
          </reporter-output>
        </test-method> <!-- backToHomePage -->
        <test-method signature="createChatFroupByAttributeMS()[pri:0, instance:function.A_testClassCreate@2b30a42c]" started-at="2026-05-06T18:20:30 IST" name="createChatFroupByAttributeMS" finished-at="2026-05-06T18:21:08 IST" duration-ms="37453" status="PASS">
          <reporter-output>
            <line>
              <![CDATA[ ]]>
            </line>
            <line>
              <![CDATA[The process of create chat group by attribute is started.]]>
            </line>
            <line>
              <![CDATA[The process of create chat group by attribute is complete.]]>
            </line>
            <line>
              <![CDATA[ ]]>
            </line>
          </reporter-output>
        </test-method> <!-- createChatFroupByAttributeMS -->
        <test-method is-config="true" signature="backToHomePage2(org.testng.ITestResult)[pri:0, instance:function.A_testClassCreate@2b30a42c]" started-at="2026-05-06T18:21:08 IST" name="backToHomePage2" finished-at="2026-05-06T18:21:16 IST" duration-ms="8346" status="PASS">
          <params>
            <param index="0">
              <value>
                <![CDATA[[TestResult name=createChatFroupByAttributeMS status=SUCCESS method=A_testClassCreate.createChatFroupByAttributeMS()[pri:0, instance:function.A_testClassCreate@2b30a42c]]]]>
              </value>
            </param>
          </params>
          <reporter-output>
          </reporter-output>
        </test-method> <!-- backToHomePage2 -->
        <test-method is-config="true" signature="backToHomePage()[pri:0, instance:function.A_testClassCreate@2b30a42c]" started-at="2026-05-06T18:21:16 IST" name="backToHomePage" finished-at="2026-05-06T18:21:23 IST" duration-ms="6530" status="PASS">
          <reporter-output>
          </reporter-output>
        </test-method> <!-- backToHomePage -->
        <test-method signature="createChatFroupByResourceMS()[pri:0, instance:function.A_testClassCreate@2b30a42c]" started-at="2026-05-06T18:21:23 IST" name="createChatFroupByResourceMS" finished-at="2026-05-06T18:21:58 IST" duration-ms="35540" status="PASS">
          <reporter-output>
            <line>
              <![CDATA[ ]]>
            </line>
            <line>
              <![CDATA[The process of create chat group by resource is started.]]>
            </line>
            <line>
              <![CDATA[The process of create chat group by resource is complete.]]>
            </line>
            <line>
              <![CDATA[ ]]>
            </line>
          </reporter-output>
        </test-method> <!-- createChatFroupByResourceMS -->
        <test-method is-config="true" signature="backToHomePage2(org.testng.ITestResult)[pri:0, instance:function.A_testClassCreate@2b30a42c]" started-at="2026-05-06T18:21:58 IST" name="backToHomePage2" finished-at="2026-05-06T18:22:08 IST" duration-ms="9593" status="PASS">
          <params>
            <param index="0">
              <value>
                <![CDATA[[TestResult name=createChatFroupByResourceMS status=SUCCESS method=A_testClassCreate.createChatFroupByResourceMS()[pri:0, instance:function.A_testClassCreate@2b30a42c]]]]>
              </value>
            </param>
          </params>
          <reporter-output>
          </reporter-output>
        </test-method> <!-- backToHomePage2 -->
        <test-method is-config="true" signature="backToHomePage()[pri:0, instance:function.A_testClassCreate@2b30a42c]" started-at="2026-05-06T18:22:08 IST" name="backToHomePage" finished-at="2026-05-06T18:22:14 IST" duration-ms="6666" status="PASS">
          <reporter-output>
          </reporter-output>
        </test-method> <!-- backToHomePage -->
        <test-method signature="createChatFroupByAlarmLoopsMS()[pri:0, instance:function.A_testClassCreate@2b30a42c]" started-at="2026-05-06T18:22:14 IST" name="createChatFroupByAlarmLoopsMS" finished-at="2026-05-06T18:22:49 IST" duration-ms="34589" status="PASS">
          <reporter-output>
            <line>
              <![CDATA[ ]]>
            </line>
            <line>
              <![CDATA[The process of create chat group by alarm loop is started.]]>
            </line>
            <line>
              <![CDATA[The process of create chat group by alarm loop is complete.]]>
            </line>
            <line>
              <![CDATA[ ]]>
            </line>
          </reporter-output>
        </test-method> <!-- createChatFroupByAlarmLoopsMS -->
        <test-method is-config="true" signature="backToHomePage2(org.testng.ITestResult)[pri:0, instance:function.A_testClassCreate@2b30a42c]" started-at="2026-05-06T18:22:49 IST" name="backToHomePage2" finished-at="2026-05-06T18:22:57 IST" duration-ms="8328" status="PASS">
          <params>
            <param index="0">
              <value>
                <![CDATA[[TestResult name=createChatFroupByAlarmLoopsMS status=SUCCESS method=A_testClassCreate.createChatFroupByAlarmLoopsMS()[pri:0, instance:function.A_testClassCreate@2b30a42c]]]]>
              </value>
            </param>
          </params>
          <reporter-output>
          </reporter-output>
        </test-method> <!-- backToHomePage2 -->
        <test-method is-config="true" signature="backToHomePage()[pri:0, instance:function.A_testClassCreate@2b30a42c]" started-at="2026-05-06T18:22:57 IST" name="backToHomePage" finished-at="2026-05-06T18:23:04 IST" duration-ms="6710" status="PASS">
          <reporter-output>
          </reporter-output>
        </test-method> <!-- backToHomePage -->
        <test-method signature="createChatFroupByFireFighterMS()[pri:0, instance:function.A_testClassCreate@2b30a42c]" started-at="2026-05-06T18:23:04 IST" name="createChatFroupByFireFighterMS" finished-at="2026-05-06T18:23:50 IST" duration-ms="45735" status="PASS">
          <reporter-output>
            <line>
              <![CDATA[ ]]>
            </line>
            <line>
              <![CDATA[The process of create chat group by fire fighter is started.]]>
            </line>
            <line>
              <![CDATA[The process of create chat group by fire fighter is complete.]]>
            </line>
            <line>
              <![CDATA[ ]]>
            </line>
          </reporter-output>
        </test-method> <!-- createChatFroupByFireFighterMS -->
        <test-method is-config="true" signature="backToHomePage2(org.testng.ITestResult)[pri:0, instance:function.A_testClassCreate@2b30a42c]" started-at="2026-05-06T18:23:50 IST" name="backToHomePage2" finished-at="2026-05-06T18:23:59 IST" duration-ms="9153" status="PASS">
          <params>
            <param index="0">
              <value>
                <![CDATA[[TestResult name=createChatFroupByFireFighterMS status=SUCCESS method=A_testClassCreate.createChatFroupByFireFighterMS()[pri:0, instance:function.A_testClassCreate@2b30a42c]]]]>
              </value>
            </param>
          </params>
          <reporter-output>
          </reporter-output>
        </test-method> <!-- backToHomePage2 -->
        <test-method is-config="true" signature="backToHomePage()[pri:0, instance:function.A_testClassCreate@2b30a42c]" started-at="2026-05-06T18:23:59 IST" name="backToHomePage" finished-at="2026-05-06T18:24:06 IST" duration-ms="6641" status="PASS">
          <reporter-output>
          </reporter-output>
        </test-method> <!-- backToHomePage -->
        <test-method signature="sendMessageToChatGroupCreatedByAttribute()[pri:0, instance:function.A_testClassCreate@2b30a42c]" started-at="2026-05-06T18:24:06 IST" name="sendMessageToChatGroupCreatedByAttribute" finished-at="2026-05-06T18:24:22 IST" duration-ms="16803" status="PASS">
          <reporter-output>
            <line>
              <![CDATA[ ]]>
            </line>
            <line>
              <![CDATA[The process of send message to chat group by attribute is started.]]>
            </line>
            <line>
              <![CDATA[The process of send message to chat group by attribute is complete.]]>
            </line>
            <line>
              <![CDATA[ ]]>
            </line>
          </reporter-output>
        </test-method> <!-- sendMessageToChatGroupCreatedByAttribute -->
        <test-method is-config="true" signature="backToHomePage2(org.testng.ITestResult)[pri:0, instance:function.A_testClassCreate@2b30a42c]" started-at="2026-05-06T18:24:22 IST" name="backToHomePage2" finished-at="2026-05-06T18:24:31 IST" duration-ms="8380" status="PASS">
          <params>
            <param index="0">
              <value>
                <![CDATA[[TestResult name=sendMessageToChatGroupCreatedByAttribute status=SUCCESS method=A_testClassCreate.sendMessageToChatGroupCreatedByAttribute()[pri:0, instance:function.A_testClassCreate@2b30a42c]]]]>
              </value>
            </param>
          </params>
          <reporter-output>
          </reporter-output>
        </test-method> <!-- backToHomePage2 -->
        <test-method is-config="true" signature="backToHomePage()[pri:0, instance:function.A_testClassCreate@2b30a42c]" started-at="2026-05-06T18:24:31 IST" name="backToHomePage" finished-at="2026-05-06T18:24:38 IST" duration-ms="7152" status="PASS">
          <reporter-output>
          </reporter-output>
        </test-method> <!-- backToHomePage -->
        <test-method signature="sendMessageToChatGroupCreatedByResource()[pri:0, instance:function.A_testClassCreate@2b30a42c]" started-at="2026-05-06T18:24:38 IST" name="sendMessageToChatGroupCreatedByResource" finished-at="2026-05-06T18:24:57 IST" duration-ms="19031" status="PASS">
          <reporter-output>
            <line>
              <![CDATA[ ]]>
            </line>
            <line>
              <![CDATA[The process of send message to chat group by resource is started.]]>
            </line>
            <line>
              <![CDATA[The process of send message to chat group by resource is complete.]]>
            </line>
            <line>
              <![CDATA[ ]]>
            </line>
          </reporter-output>
        </test-method> <!-- sendMessageToChatGroupCreatedByResource -->
        <test-method is-config="true" signature="backToHomePage2(org.testng.ITestResult)[pri:0, instance:function.A_testClassCreate@2b30a42c]" started-at="2026-05-06T18:24:57 IST" name="backToHomePage2" finished-at="2026-05-06T18:25:05 IST" duration-ms="8389" status="PASS">
          <params>
            <param index="0">
              <value>
                <![CDATA[[TestResult name=sendMessageToChatGroupCreatedByResource status=SUCCESS method=A_testClassCreate.sendMessageToChatGroupCreatedByResource()[pri:0, instance:function.A_testClassCreate@2b30a42c]]]]>
              </value>
            </param>
          </params>
          <reporter-output>
          </reporter-output>
        </test-method> <!-- backToHomePage2 -->
        <test-method is-config="true" signature="backToHomePage()[pri:0, instance:function.A_testClassCreate@2b30a42c]" started-at="2026-05-06T18:25:05 IST" name="backToHomePage" finished-at="2026-05-06T18:25:12 IST" duration-ms="6760" status="PASS">
          <reporter-output>
          </reporter-output>
        </test-method> <!-- backToHomePage -->
        <test-method signature="sendMessageToChatGroupCreatedByAlarmLoop()[pri:0, instance:function.A_testClassCreate@2b30a42c]" started-at="2026-05-06T18:25:12 IST" name="sendMessageToChatGroupCreatedByAlarmLoop" finished-at="2026-05-06T18:25:29 IST" duration-ms="16456" status="PASS">
          <reporter-output>
            <line>
              <![CDATA[ ]]>
            </line>
            <line>
              <![CDATA[The process of send message to chat group by alarm loop is started.]]>
            </line>
            <line>
              <![CDATA[The process of send message to chat group by alarm loop is complete.]]>
            </line>
            <line>
              <![CDATA[ ]]>
            </line>
          </reporter-output>
        </test-method> <!-- sendMessageToChatGroupCreatedByAlarmLoop -->
        <test-method is-config="true" signature="backToHomePage2(org.testng.ITestResult)[pri:0, instance:function.A_testClassCreate@2b30a42c]" started-at="2026-05-06T18:25:29 IST" name="backToHomePage2" finished-at="2026-05-06T18:25:37 IST" duration-ms="8444" status="PASS">
          <params>
            <param index="0">
              <value>
                <![CDATA[[TestResult name=sendMessageToChatGroupCreatedByAlarmLoop status=SUCCESS method=A_testClassCreate.sendMessageToChatGroupCreatedByAlarmLoop()[pri:0, instance:function.A_testClassCreate@2b30a42c]]]]>
              </value>
            </param>
          </params>
          <reporter-output>
          </reporter-output>
        </test-method> <!-- backToHomePage2 -->
        <test-method is-config="true" signature="backToHomePage()[pri:0, instance:function.A_testClassCreate@2b30a42c]" started-at="2026-05-06T18:25:37 IST" name="backToHomePage" finished-at="2026-05-06T18:25:44 IST" duration-ms="6732" status="PASS">
          <reporter-output>
          </reporter-output>
        </test-method> <!-- backToHomePage -->
        <test-method signature="sendMessageToChatGroupCreatedByFireFighter()[pri:0, instance:function.A_testClassCreate@2b30a42c]" started-at="2026-05-06T18:25:44 IST" name="sendMessageToChatGroupCreatedByFireFighter" finished-at="2026-05-06T18:26:01 IST" duration-ms="17586" status="PASS">
          <reporter-output>
            <line>
              <![CDATA[ ]]>
            </line>
            <line>
              <![CDATA[The process of send message to chat group by fire fighter is started.]]>
            </line>
            <line>
              <![CDATA[The process of send message to chat group by fire fighter is complete.]]>
            </line>
            <line>
              <![CDATA[ ]]>
            </line>
          </reporter-output>
        </test-method> <!-- sendMessageToChatGroupCreatedByFireFighter -->
        <test-method is-config="true" signature="backToHomePage2(org.testng.ITestResult)[pri:0, instance:function.A_testClassCreate@2b30a42c]" started-at="2026-05-06T18:26:01 IST" name="backToHomePage2" finished-at="2026-05-06T18:26:10 IST" duration-ms="8229" status="PASS">
          <params>
            <param index="0">
              <value>
                <![CDATA[[TestResult name=sendMessageToChatGroupCreatedByFireFighter status=SUCCESS method=A_testClassCreate.sendMessageToChatGroupCreatedByFireFighter()[pri:0, instance:function.A_testClassCreate@2b30a42c]]]]>
              </value>
            </param>
          </params>
          <reporter-output>
          </reporter-output>
        </test-method> <!-- backToHomePage2 -->
        <test-method is-config="true" signature="logOut()[pri:0, instance:function.A_testClassCreate@2b30a42c]" started-at="2026-05-06T18:26:10 IST" name="logOut" finished-at="2026-05-06T18:26:13 IST" duration-ms="3657" status="PASS">
          <reporter-output>
            <line>
              <![CDATA[Logout sucessfully.]]>
            </line>
            <line>
              <![CDATA[ ]]>
            </line>
          </reporter-output>
        </test-method> <!-- logOut -->
        <test-method is-config="true" signature="AfterTest()[pri:0, instance:function.A_testClassCreate@2b30a42c]" started-at="2026-05-06T18:26:13 IST" name="AfterTest" finished-at="2026-05-06T18:26:13 IST" duration-ms="0" status="PASS">
          <reporter-output>
            <line>
              <![CDATA[Refresh the URL before successfully closing the browser.]]>
            </line>
          </reporter-output>
        </test-method> <!-- AfterTest -->
        <test-method is-config="true" signature="AfterSute()[pri:0, instance:function.A_testClassCreate@2b30a42c]" started-at="2026-05-06T18:26:13 IST" name="AfterSute" finished-at="2026-05-06T18:26:13 IST" duration-ms="137" status="PASS">
          <reporter-output>
            <line>
              <![CDATA[Browser close sucessfully.]]>
            </line>
            <line>
              <![CDATA[ ]]>
            </line>
            <line>
              <![CDATA[Good to see you again.]]>
            </line>
          </reporter-output>
        </test-method> <!-- AfterSute -->
      </class> <!-- function.A_testClassCreate -->
    </test> <!-- Test -->
  </suite> <!-- Suite -->
</testng-results>
