<?xml version="1.0" encoding="UTF-8"?>
<testng-results ignored="0" total="1" passed="1" failed="0" skipped="0">
  <reporter-output>
    <line>
      <![CDATA[Well come to RETTERAlarm Testing branch]]>
    </line>
    <line>
      <![CDATA[Logged in user-914-IN-U11-U011-1]]>
    </line>
    <line>
      <![CDATA[ ]]>
    </line>
    <line>
      <![CDATA[The process for creating event category  has been initiated..]]>
    </line>
    <line>
      <![CDATA[The process for ccreating event category has been completed successfully.]]>
    </line>
    <line>
      <![CDATA[ ]]>
    </line>
    <line>
      <![CDATA[Logout sucessfully.]]>
    </line>
    <line>
      <![CDATA[ ]]>
    </line>
    <line>
      <![CDATA[Refresh the URL before successfully closing the browser.]]>
    </line>
    <line>
      <![CDATA[Browser close sucessfully.]]>
    </line>
    <line>
      <![CDATA[ ]]>
    </line>
    <line>
      <![CDATA[Good to see you again.]]>
    </line>
  </reporter-output>
  <suite started-at="2026-02-20T16:11:38 IST" name="Suite" finished-at="2026-02-20T16:12:28 IST" duration-ms="50003">
    <groups>
    </groups>
    <test started-at="2026-02-20T16:11:38 IST" name="Test" finished-at="2026-02-20T16:12:28 IST" duration-ms="50003">
      <class name="function.A_testClassCreate">
        <test-method is-config="true" signature="BeforeSuite()[pri:0, instance:function.A_testClassCreate@496bc455]" started-at="2026-02-20T16:11:32 IST" name="BeforeSuite" finished-at="2026-02-20T16:11:38 IST" duration-ms="5275" status="PASS">
          <reporter-output>
            <line>
              <![CDATA[Well come to RETTERAlarm Testing branch]]>
            </line>
          </reporter-output>
        </test-method> <!-- BeforeSuite -->
        <test-method is-config="true" signature="BeforeTest()[pri:0, instance:function.A_testClassCreate@496bc455]" started-at="2026-02-20T16:11:38 IST" name="BeforeTest" finished-at="2026-02-20T16:11:50 IST" duration-ms="12478" status="PASS">
          <reporter-output>
            <line>
              <![CDATA[Logged in user-914-IN-U11-U011-1]]>
            </line>
          </reporter-output>
        </test-method> <!-- BeforeTest -->
        <test-method is-config="true" signature="createObject()[pri:0, instance:function.A_testClassCreate@496bc455]" started-at="2026-02-20T16:11:50 IST" name="createObject" finished-at="2026-02-20T16:11:50 IST" duration-ms="10" status="PASS">
          <reporter-output>
          </reporter-output>
        </test-method> <!-- createObject -->
        <test-method is-config="true" signature="backToHomePage()[pri:0, instance:function.A_testClassCreate@496bc455]" started-at="2026-02-20T16:11:50 IST" name="backToHomePage" finished-at="2026-02-20T16:11:57 IST" duration-ms="7290" status="PASS">
          <reporter-output>
          </reporter-output>
        </test-method> <!-- backToHomePage -->
        <test-method signature="createEventCategory()[pri:0, instance:function.A_testClassCreate@496bc455]" started-at="2026-02-20T16:11:57 IST" name="createEventCategory" finished-at="2026-02-20T16:12:17 IST" duration-ms="19522" status="PASS">
          <reporter-output>
            <line>
              <![CDATA[ ]]>
            </line>
            <line>
              <![CDATA[The process for creating event category  has been initiated..]]>
            </line>
            <line>
              <![CDATA[The process for ccreating event category has been completed successfully.]]>
            </line>
            <line>
              <![CDATA[ ]]>
            </line>
          </reporter-output>
        </test-method> <!-- createEventCategory -->
        <test-method is-config="true" signature="backToHomePage2(org.testng.ITestResult)[pri:0, instance:function.A_testClassCreate@496bc455]" started-at="2026-02-20T16:12:17 IST" name="backToHomePage2" finished-at="2026-02-20T16:12:23 IST" duration-ms="6423" status="PASS">
          <params>
            <param index="0">
              <value>
                <![CDATA[[TestResult name=createEventCategory status=SUCCESS method=A_testClassCreate.createEventCategory()[pri:0, instance:function.A_testClassCreate@496bc455]]]]>
              </value>
            </param>
          </params>
          <reporter-output>
          </reporter-output>
        </test-method> <!-- backToHomePage2 -->
        <test-method is-config="true" signature="logOut()[pri:0, instance:function.A_testClassCreate@496bc455]" started-at="2026-02-20T16:12:23 IST" name="logOut" finished-at="2026-02-20T16:12:28 IST" duration-ms="4250" status="PASS">
          <reporter-output>
            <line>
              <![CDATA[Logout sucessfully.]]>
            </line>
            <line>
              <![CDATA[ ]]>
            </line>
          </reporter-output>
        </test-method> <!-- logOut -->
        <test-method is-config="true" signature="AfterTest()[pri:0, instance:function.A_testClassCreate@496bc455]" started-at="2026-02-20T16:12:28 IST" name="AfterTest" finished-at="2026-02-20T16:12:28 IST" duration-ms="0" status="PASS">
          <reporter-output>
            <line>
              <![CDATA[Refresh the URL before successfully closing the browser.]]>
            </line>
          </reporter-output>
        </test-method> <!-- AfterTest -->
        <test-method is-config="true" signature="AfterSute()[pri:0, instance:function.A_testClassCreate@496bc455]" started-at="2026-02-20T16:12:28 IST" name="AfterSute" finished-at="2026-02-20T16:12:28 IST" duration-ms="163" status="PASS">
          <reporter-output>
            <line>
              <![CDATA[Browser close sucessfully.]]>
            </line>
            <line>
              <![CDATA[ ]]>
            </line>
            <line>
              <![CDATA[Good to see you again.]]>
            </line>
          </reporter-output>
        </test-method> <!-- AfterSute -->
      </class> <!-- function.A_testClassCreate -->
    </test> <!-- Test -->
  </suite> <!-- Suite -->
</testng-results>
