<?xml version="1.0" encoding="UTF-8"?>
<testng-results ignored="0" total="4" passed="4" failed="0" skipped="0">
  <reporter-output>
    <line>
      <![CDATA[Well come to RETTERAlarm Live branch]]>
    </line>
    <line>
      <![CDATA[Logged in user-6039-DE-andrew-deptu-2]]>
    </line>
    <line>
      <![CDATA[ ]]>
    </line>
    <line>
      <![CDATA[The process for creating calendar event by attribute has been initiated..]]>
    </line>
    <line>
      <![CDATA[The process for creating calendar event by attribute has been completed successfully.]]>
    </line>
    <line>
      <![CDATA[ ]]>
    </line>
    <line>
      <![CDATA[ ]]>
    </line>
    <line>
      <![CDATA[The process for creating calendar event by Resource has been initiated..]]>
    </line>
    <line>
      <![CDATA[The process for creating calendar event by Resource has been completed successfully.]]>
    </line>
    <line>
      <![CDATA[ ]]>
    </line>
    <line>
      <![CDATA[ ]]>
    </line>
    <line>
      <![CDATA[The process for creating calendar event by fire fighters has been initiated..]]>
    </line>
    <line>
      <![CDATA[The process for creating calendar event by fire fighters has been completed successfully.]]>
    </line>
    <line>
      <![CDATA[ ]]>
    </line>
    <line>
      <![CDATA[ ]]>
    </line>
    <line>
      <![CDATA[The process for creating calendar event by stations has been initiated..]]>
    </line>
    <line>
      <![CDATA[The process for creating calendar event by stations has been completed successfully.]]>
    </line>
    <line>
      <![CDATA[ ]]>
    </line>
    <line>
      <![CDATA[Logout sucessfully.]]>
    </line>
    <line>
      <![CDATA[ ]]>
    </line>
    <line>
      <![CDATA[Refresh the URL before successfully closing the browser.]]>
    </line>
    <line>
      <![CDATA[Browser close sucessfully.]]>
    </line>
    <line>
      <![CDATA[ ]]>
    </line>
    <line>
      <![CDATA[Good to see you again.]]>
    </line>
  </reporter-output>
  <suite started-at="2026-02-04T19:06:28 IST" name="Suite" finished-at="2026-02-04T19:10:58 IST" duration-ms="269022">
    <groups>
    </groups>
    <test started-at="2026-02-04T19:06:28 IST" name="Test" finished-at="2026-02-04T19:10:58 IST" duration-ms="269022">
      <class name="function.A_testClassCreate">
        <test-method is-config="true" signature="BeforeSuite()[pri:0, instance:function.A_testClassCreate@710c2b53]" started-at="2026-02-04T19:06:19 IST" name="BeforeSuite" finished-at="2026-02-04T19:06:28 IST" duration-ms="9232" status="PASS">
          <reporter-output>
            <line>
              <![CDATA[Well come to RETTERAlarm Live branch]]>
            </line>
          </reporter-output>
        </test-method> <!-- BeforeSuite -->
        <test-method is-config="true" signature="BeforeTest()[pri:0, instance:function.A_testClassCreate@710c2b53]" started-at="2026-02-04T19:06:28 IST" name="BeforeTest" finished-at="2026-02-04T19:06:44 IST" duration-ms="15330" status="PASS">
          <reporter-output>
            <line>
              <![CDATA[Logged in user-6039-DE-andrew-deptu-2]]>
            </line>
          </reporter-output>
        </test-method> <!-- BeforeTest -->
        <test-method is-config="true" signature="createObject()[pri:0, instance:function.A_testClassCreate@710c2b53]" started-at="2026-02-04T19:06:44 IST" name="createObject" finished-at="2026-02-04T19:06:44 IST" duration-ms="10" status="PASS">
          <reporter-output>
          </reporter-output>
        </test-method> <!-- createObject -->
        <test-method is-config="true" signature="backToHomePage()[pri:0, instance:function.A_testClassCreate@710c2b53]" started-at="2026-02-04T19:06:44 IST" name="backToHomePage" finished-at="2026-02-04T19:06:51 IST" duration-ms="7500" status="PASS">
          <reporter-output>
          </reporter-output>
        </test-method> <!-- backToHomePage -->
        <test-method signature="createCalendarEventByAttribute()[pri:0, instance:function.A_testClassCreate@710c2b53]" started-at="2026-02-04T19:06:51 IST" name="createCalendarEventByAttribute" finished-at="2026-02-04T19:07:38 IST" duration-ms="46358" status="PASS">
          <reporter-output>
            <line>
              <![CDATA[ ]]>
            </line>
            <line>
              <![CDATA[The process for creating calendar event by attribute has been initiated..]]>
            </line>
            <line>
              <![CDATA[The process for creating calendar event by attribute has been completed successfully.]]>
            </line>
            <line>
              <![CDATA[ ]]>
            </line>
          </reporter-output>
        </test-method> <!-- createCalendarEventByAttribute -->
        <test-method is-config="true" signature="backToHomePage2()[pri:0, instance:function.A_testClassCreate@710c2b53]" started-at="2026-02-04T19:07:38 IST" name="backToHomePage2" finished-at="2026-02-04T19:07:43 IST" duration-ms="5676" status="PASS">
          <reporter-output>
          </reporter-output>
        </test-method> <!-- backToHomePage2 -->
        <test-method is-config="true" signature="backToHomePage()[pri:0, instance:function.A_testClassCreate@710c2b53]" started-at="2026-02-04T19:07:43 IST" name="backToHomePage" finished-at="2026-02-04T19:07:51 IST" duration-ms="7448" status="PASS">
          <reporter-output>
          </reporter-output>
        </test-method> <!-- backToHomePage -->
        <test-method signature="createCalendarEventByResource()[pri:0, instance:function.A_testClassCreate@710c2b53]" started-at="2026-02-04T19:07:51 IST" name="createCalendarEventByResource" finished-at="2026-02-04T19:08:35 IST" duration-ms="44289" status="PASS">
          <reporter-output>
            <line>
              <![CDATA[ ]]>
            </line>
            <line>
              <![CDATA[The process for creating calendar event by Resource has been initiated..]]>
            </line>
            <line>
              <![CDATA[The process for creating calendar event by Resource has been completed successfully.]]>
            </line>
            <line>
              <![CDATA[ ]]>
            </line>
          </reporter-output>
        </test-method> <!-- createCalendarEventByResource -->
        <test-method is-config="true" signature="backToHomePage2()[pri:0, instance:function.A_testClassCreate@710c2b53]" started-at="2026-02-04T19:08:35 IST" name="backToHomePage2" finished-at="2026-02-04T19:08:41 IST" duration-ms="6304" status="PASS">
          <reporter-output>
          </reporter-output>
        </test-method> <!-- backToHomePage2 -->
        <test-method is-config="true" signature="backToHomePage()[pri:0, instance:function.A_testClassCreate@710c2b53]" started-at="2026-02-04T19:08:41 IST" name="backToHomePage" finished-at="2026-02-04T19:08:50 IST" duration-ms="8346" status="PASS">
          <reporter-output>
          </reporter-output>
        </test-method> <!-- backToHomePage -->
        <test-method signature="createCalendarEventByFireFughterMS()[pri:0, instance:function.A_testClassCreate@710c2b53]" started-at="2026-02-04T19:08:50 IST" name="createCalendarEventByFireFughterMS" finished-at="2026-02-04T19:09:43 IST" duration-ms="53001" status="PASS">
          <reporter-output>
            <line>
              <![CDATA[ ]]>
            </line>
            <line>
              <![CDATA[The process for creating calendar event by fire fighters has been initiated..]]>
            </line>
            <line>
              <![CDATA[The process for creating calendar event by fire fighters has been completed successfully.]]>
            </line>
            <line>
              <![CDATA[ ]]>
            </line>
          </reporter-output>
        </test-method> <!-- createCalendarEventByFireFughterMS -->
        <test-method is-config="true" signature="backToHomePage2()[pri:0, instance:function.A_testClassCreate@710c2b53]" started-at="2026-02-04T19:09:43 IST" name="backToHomePage2" finished-at="2026-02-04T19:09:49 IST" duration-ms="6357" status="PASS">
          <reporter-output>
          </reporter-output>
        </test-method> <!-- backToHomePage2 -->
        <test-method is-config="true" signature="backToHomePage()[pri:0, instance:function.A_testClassCreate@710c2b53]" started-at="2026-02-04T19:09:49 IST" name="backToHomePage" finished-at="2026-02-04T19:09:57 IST" duration-ms="7932" status="PASS">
          <reporter-output>
          </reporter-output>
        </test-method> <!-- backToHomePage -->
        <test-method signature="createCalendarEventByStationsMS()[pri:0, instance:function.A_testClassCreate@710c2b53]" started-at="2026-02-04T19:09:57 IST" name="createCalendarEventByStationsMS" finished-at="2026-02-04T19:10:47 IST" duration-ms="49832" status="PASS">
          <reporter-output>
            <line>
              <![CDATA[ ]]>
            </line>
            <line>
              <![CDATA[The process for creating calendar event by stations has been initiated..]]>
            </line>
            <line>
              <![CDATA[The process for creating calendar event by stations has been completed successfully.]]>
            </line>
            <line>
              <![CDATA[ ]]>
            </line>
          </reporter-output>
        </test-method> <!-- createCalendarEventByStationsMS -->
        <test-method is-config="true" signature="backToHomePage2()[pri:0, instance:function.A_testClassCreate@710c2b53]" started-at="2026-02-04T19:10:47 IST" name="backToHomePage2" finished-at="2026-02-04T19:10:53 IST" duration-ms="6579" status="PASS">
          <reporter-output>
          </reporter-output>
        </test-method> <!-- backToHomePage2 -->
        <test-method is-config="true" signature="logOut()[pri:0, instance:function.A_testClassCreate@710c2b53]" started-at="2026-02-04T19:10:53 IST" name="logOut" finished-at="2026-02-04T19:10:57 IST" duration-ms="4025" status="PASS">
          <reporter-output>
            <line>
              <![CDATA[Logout sucessfully.]]>
            </line>
            <line>
              <![CDATA[ ]]>
            </line>
          </reporter-output>
        </test-method> <!-- logOut -->
        <test-method is-config="true" signature="AfterTest()[pri:0, instance:function.A_testClassCreate@710c2b53]" started-at="2026-02-04T19:10:57 IST" name="AfterTest" finished-at="2026-02-04T19:10:58 IST" duration-ms="1" status="PASS">
          <reporter-output>
            <line>
              <![CDATA[Refresh the URL before successfully closing the browser.]]>
            </line>
          </reporter-output>
        </test-method> <!-- AfterTest -->
        <test-method is-config="true" signature="AfterSute()[pri:0, instance:function.A_testClassCreate@710c2b53]" started-at="2026-02-04T19:10:58 IST" name="AfterSute" finished-at="2026-02-04T19:10:58 IST" duration-ms="160" status="PASS">
          <reporter-output>
            <line>
              <![CDATA[Browser close sucessfully.]]>
            </line>
            <line>
              <![CDATA[ ]]>
            </line>
            <line>
              <![CDATA[Good to see you again.]]>
            </line>
          </reporter-output>
        </test-method> <!-- AfterSute -->
      </class> <!-- function.A_testClassCreate -->
    </test> <!-- Test -->
  </suite> <!-- Suite -->
</testng-results>
