<?xml version="1.0" encoding="UTF-8"?>
<testng-results ignored="0" total="4" passed="4" failed="0" skipped="0">
  <reporter-output>
    <line>
      <![CDATA[Well come to RETTERAlarm Live branch]]>
    </line>
    <line>
      <![CDATA[Logged in user-6039-DE-andrew-deptu-2]]>
    </line>
    <line>
      <![CDATA[ ]]>
    </line>
    <line>
      <![CDATA[The process of delete manual alarm is started.]]>
    </line>
    <line>
      <![CDATA[The process of delete manual alarm is complete.]]>
    </line>
    <line>
      <![CDATA[ ]]>
    </line>
    <line>
      <![CDATA[|*******************************************************|]]>
    </line>
    <line>
      <![CDATA[ ]]>
    </line>
    <line>
      <![CDATA[The process of delete alarm resource is started.]]>
    </line>
    <line>
      <![CDATA[The process of delete alarm resource is complete.]]>
    </line>
    <line>
      <![CDATA[ ]]>
    </line>
    <line>
      <![CDATA[|*******************************************************|]]>
    </line>
    <line>
      <![CDATA[ ]]>
    </line>
    <line>
      <![CDATA[The process of delete resource is started.]]>
    </line>
    <line>
      <![CDATA[The process of delete alarm loop is complete.]]>
    </line>
    <line>
      <![CDATA[ ]]>
    </line>
    <line>
      <![CDATA[|*******************************************************|]]>
    </line>
    <line>
      <![CDATA[ ]]>
    </line>
    <line>
      <![CDATA[The process of delete alarm template is started.]]>
    </line>
    <line>
      <![CDATA[The process of delete alarm template is complete.]]>
    </line>
    <line>
      <![CDATA[ ]]>
    </line>
    <line>
      <![CDATA[|*******************************************************|]]>
    </line>
    <line>
      <![CDATA[Logout sucessfully.]]>
    </line>
    <line>
      <![CDATA[ ]]>
    </line>
    <line>
      <![CDATA[Refresh the URL before successfully closing the browser.]]>
    </line>
    <line>
      <![CDATA[Browser close sucessfully.]]>
    </line>
    <line>
      <![CDATA[ ]]>
    </line>
    <line>
      <![CDATA[Good to see you again.]]>
    </line>
  </reporter-output>
  <suite started-at="2025-07-03T18:41:04 IST" name="delete" finished-at="2025-07-03T18:47:11 IST" duration-ms="367006">
    <groups>
    </groups>
    <test started-at="2025-07-03T18:41:04 IST" name="Test" finished-at="2025-07-03T18:47:11 IST" duration-ms="367006">
      <class name="function.A_testClassDelte">
        <test-method is-config="true" signature="BeforeSuite()[pri:0, instance:function.A_testClassDelte@202b0582]" started-at="2025-07-03T18:40:57 IST" name="BeforeSuite" finished-at="2025-07-03T18:41:04 IST" duration-ms="7004" status="PASS">
          <reporter-output>
            <line>
              <![CDATA[Well come to RETTERAlarm Live branch]]>
            </line>
          </reporter-output>
        </test-method> <!-- BeforeSuite -->
        <test-method is-config="true" signature="BeforeTest()[pri:0, instance:function.A_testClassDelte@202b0582]" started-at="2025-07-03T18:41:04 IST" name="BeforeTest" finished-at="2025-07-03T18:41:11 IST" duration-ms="7430" status="PASS">
          <reporter-output>
            <line>
              <![CDATA[Logged in user-6039-DE-andrew-deptu-2]]>
            </line>
          </reporter-output>
        </test-method> <!-- BeforeTest -->
        <test-method is-config="true" signature="createObject()[pri:0, instance:function.A_testClassDelte@202b0582]" started-at="2025-07-03T18:41:11 IST" name="createObject" finished-at="2025-07-03T18:41:11 IST" duration-ms="25" status="PASS">
          <reporter-output>
          </reporter-output>
        </test-method> <!-- createObject -->
        <test-method is-config="true" signature="backToHomePage()[pri:0, instance:function.A_testClassDelte@202b0582]" started-at="2025-07-03T18:41:11 IST" name="backToHomePage" finished-at="2025-07-03T18:41:16 IST" duration-ms="5242" status="PASS">
          <reporter-output>
          </reporter-output>
        </test-method> <!-- backToHomePage -->
        <test-method signature="deleteManualAlarm()[pri:0, instance:function.A_testClassDelte@202b0582]" started-at="2025-07-03T18:41:16 IST" name="deleteManualAlarm" finished-at="2025-07-03T18:42:57 IST" duration-ms="101167" status="PASS">
          <reporter-output>
            <line>
              <![CDATA[ ]]>
            </line>
            <line>
              <![CDATA[The process of delete manual alarm is started.]]>
            </line>
            <line>
              <![CDATA[The process of delete manual alarm is complete.]]>
            </line>
            <line>
              <![CDATA[ ]]>
            </line>
          </reporter-output>
        </test-method> <!-- deleteManualAlarm -->
        <test-method is-config="true" signature="backToHomePage2()[pri:0, instance:function.A_testClassDelte@202b0582]" started-at="2025-07-03T18:42:57 IST" name="backToHomePage2" finished-at="2025-07-03T18:43:11 IST" duration-ms="13847" status="PASS">
          <reporter-output>
            <line>
              <![CDATA[|*******************************************************|]]>
            </line>
          </reporter-output>
        </test-method> <!-- backToHomePage2 -->
        <test-method is-config="true" signature="backToHomePage()[pri:0, instance:function.A_testClassDelte@202b0582]" started-at="2025-07-03T18:43:11 IST" name="backToHomePage" finished-at="2025-07-03T18:43:17 IST" duration-ms="5251" status="PASS">
          <reporter-output>
          </reporter-output>
        </test-method> <!-- backToHomePage -->
        <test-method signature="deleteResource()[pri:0, instance:function.A_testClassDelte@202b0582]" started-at="2025-07-03T18:43:17 IST" name="deleteResource" finished-at="2025-07-03T18:44:11 IST" duration-ms="54334" status="PASS">
          <reporter-output>
            <line>
              <![CDATA[ ]]>
            </line>
            <line>
              <![CDATA[The process of delete alarm resource is started.]]>
            </line>
            <line>
              <![CDATA[The process of delete alarm resource is complete.]]>
            </line>
            <line>
              <![CDATA[ ]]>
            </line>
          </reporter-output>
        </test-method> <!-- deleteResource -->
        <test-method is-config="true" signature="backToHomePage2()[pri:0, instance:function.A_testClassDelte@202b0582]" started-at="2025-07-03T18:44:11 IST" name="backToHomePage2" finished-at="2025-07-03T18:44:25 IST" duration-ms="13728" status="PASS">
          <reporter-output>
            <line>
              <![CDATA[|*******************************************************|]]>
            </line>
          </reporter-output>
        </test-method> <!-- backToHomePage2 -->
        <test-method is-config="true" signature="backToHomePage()[pri:0, instance:function.A_testClassDelte@202b0582]" started-at="2025-07-03T18:44:25 IST" name="backToHomePage" finished-at="2025-07-03T18:44:30 IST" duration-ms="5674" status="PASS">
          <reporter-output>
          </reporter-output>
        </test-method> <!-- backToHomePage -->
        <test-method signature="deleteAlarmLoop()[pri:0, instance:function.A_testClassDelte@202b0582]" started-at="2025-07-03T18:44:30 IST" name="deleteAlarmLoop" finished-at="2025-07-03T18:45:33 IST" duration-ms="62756" status="PASS">
          <reporter-output>
            <line>
              <![CDATA[ ]]>
            </line>
            <line>
              <![CDATA[The process of delete resource is started.]]>
            </line>
            <line>
              <![CDATA[The process of delete alarm loop is complete.]]>
            </line>
            <line>
              <![CDATA[ ]]>
            </line>
          </reporter-output>
        </test-method> <!-- deleteAlarmLoop -->
        <test-method is-config="true" signature="backToHomePage2()[pri:0, instance:function.A_testClassDelte@202b0582]" started-at="2025-07-03T18:45:33 IST" name="backToHomePage2" finished-at="2025-07-03T18:45:47 IST" duration-ms="13950" status="PASS">
          <reporter-output>
            <line>
              <![CDATA[|*******************************************************|]]>
            </line>
          </reporter-output>
        </test-method> <!-- backToHomePage2 -->
        <test-method is-config="true" signature="backToHomePage()[pri:0, instance:function.A_testClassDelte@202b0582]" started-at="2025-07-03T18:45:47 IST" name="backToHomePage" finished-at="2025-07-03T18:45:52 IST" duration-ms="5353" status="PASS">
          <reporter-output>
          </reporter-output>
        </test-method> <!-- backToHomePage -->
        <test-method signature="deleteAlarmTemplate()[pri:0, instance:function.A_testClassDelte@202b0582]" started-at="2025-07-03T18:45:52 IST" name="deleteAlarmTemplate" finished-at="2025-07-03T18:46:52 IST" duration-ms="60133" status="PASS">
          <reporter-output>
            <line>
              <![CDATA[ ]]>
            </line>
            <line>
              <![CDATA[The process of delete alarm template is started.]]>
            </line>
            <line>
              <![CDATA[The process of delete alarm template is complete.]]>
            </line>
            <line>
              <![CDATA[ ]]>
            </line>
          </reporter-output>
        </test-method> <!-- deleteAlarmTemplate -->
        <test-method is-config="true" signature="backToHomePage2()[pri:0, instance:function.A_testClassDelte@202b0582]" started-at="2025-07-03T18:46:52 IST" name="backToHomePage2" finished-at="2025-07-03T18:47:06 IST" duration-ms="13951" status="PASS">
          <reporter-output>
            <line>
              <![CDATA[|*******************************************************|]]>
            </line>
          </reporter-output>
        </test-method> <!-- backToHomePage2 -->
        <test-method is-config="true" signature="logOut()[pri:0, instance:function.A_testClassDelte@202b0582]" started-at="2025-07-03T18:47:06 IST" name="logOut" finished-at="2025-07-03T18:47:10 IST" duration-ms="3809" status="PASS">
          <reporter-output>
            <line>
              <![CDATA[Logout sucessfully.]]>
            </line>
            <line>
              <![CDATA[ ]]>
            </line>
          </reporter-output>
        </test-method> <!-- logOut -->
        <test-method is-config="true" signature="AfterTest()[pri:0, instance:function.A_testClassDelte@202b0582]" started-at="2025-07-03T18:47:10 IST" name="AfterTest" finished-at="2025-07-03T18:47:11 IST" duration-ms="302" status="PASS">
          <reporter-output>
            <line>
              <![CDATA[Refresh the URL before successfully closing the browser.]]>
            </line>
          </reporter-output>
        </test-method> <!-- AfterTest -->
        <test-method is-config="true" signature="AfterSute()[pri:0, instance:function.A_testClassDelte@202b0582]" started-at="2025-07-03T18:47:11 IST" name="AfterSute" finished-at="2025-07-03T18:47:11 IST" duration-ms="164" status="PASS">
          <reporter-output>
            <line>
              <![CDATA[Browser close sucessfully.]]>
            </line>
            <line>
              <![CDATA[ ]]>
            </line>
            <line>
              <![CDATA[Good to see you again.]]>
            </line>
          </reporter-output>
        </test-method> <!-- AfterSute -->
      </class> <!-- function.A_testClassDelte -->
    </test> <!-- Test -->
  </suite> <!-- delete -->
</testng-results>
