<?xml version="1.0" encoding="UTF-8"?>
<testng-results ignored="0" total="8" passed="8" failed="0" skipped="0">
  <reporter-output>
    <line>
      <![CDATA[Well come to RETTERAlarm Testing branch]]>
    </line>
    <line>
      <![CDATA[Logged in user-914-IN-U11-U011-1]]>
    </line>
    <line>
      <![CDATA[ ]]>
    </line>
    <line>
      <![CDATA[The process of delete alarms is started.]]>
    </line>
    <line>
      <![CDATA[The process of delete alarms is complete.]]>
    </line>
    <line>
      <![CDATA[ ]]>
    </line>
    <line>
      <![CDATA[ ]]>
    </line>
    <line>
      <![CDATA[The process of delete calendar event is started.]]>
    </line>
    <line>
      <![CDATA[The process of delete calendar event is complete.]]>
    </line>
    <line>
      <![CDATA[ ]]>
    </line>
    <line>
      <![CDATA[ ]]>
    </line>
    <line>
      <![CDATA[The process of delete information or event is started.]]>
    </line>
    <line>
      <![CDATA[The process of delete information or event is complete.]]>
    </line>
    <line>
      <![CDATA[ ]]>
    </line>
    <line>
      <![CDATA[ ]]>
    </line>
    <line>
      <![CDATA[The process of delete alarm resource is started.]]>
    </line>
    <line>
      <![CDATA[The process of delete alarm resource is complete.]]>
    </line>
    <line>
      <![CDATA[ ]]>
    </line>
    <line>
      <![CDATA[ ]]>
    </line>
    <line>
      <![CDATA[The process of delete AlarmEscalation is started.]]>
    </line>
    <line>
      <![CDATA[The process of delete AlarmEscalation is complete.]]>
    </line>
    <line>
      <![CDATA[ ]]>
    </line>
    <line>
      <![CDATA[ ]]>
    </line>
    <line>
      <![CDATA[The process of delete alarm loop is started.]]>
    </line>
    <line>
      <![CDATA[The process of delete alarm loop is complete.]]>
    </line>
    <line>
      <![CDATA[ ]]>
    </line>
    <line>
      <![CDATA[ ]]>
    </line>
    <line>
      <![CDATA[The process of delete alarm template is started.]]>
    </line>
    <line>
      <![CDATA[The process of delete alarm template is complete.]]>
    </line>
    <line>
      <![CDATA[ ]]>
    </line>
    <line>
      <![CDATA[ ]]>
    </line>
    <line>
      <![CDATA[The process of delete event catogery is started.]]>
    </line>
    <line>
      <![CDATA[The process of delete event catogery is complete.]]>
    </line>
    <line>
      <![CDATA[ ]]>
    </line>
    <line>
      <![CDATA[Logout sucessfully.]]>
    </line>
    <line>
      <![CDATA[ ]]>
    </line>
    <line>
      <![CDATA[Refresh the URL before successfully closing the browser.]]>
    </line>
    <line>
      <![CDATA[Browser close sucessfully.]]>
    </line>
    <line>
      <![CDATA[ ]]>
    </line>
    <line>
      <![CDATA[Good to see you again.]]>
    </line>
  </reporter-output>
  <suite started-at="2026-04-06T12:33:14 IST" name="delete" finished-at="2026-04-06T12:46:15 IST" duration-ms="781154">
    <groups>
    </groups>
    <test started-at="2026-04-06T12:33:14 IST" name="Test" finished-at="2026-04-06T12:46:15 IST" duration-ms="781154">
      <class name="function.A_testClassDelte">
        <test-method is-config="true" signature="BeforeSuite()[pri:0, instance:function.A_testClassDelte@645aa696]" started-at="2026-04-06T12:33:06 IST" name="BeforeSuite" finished-at="2026-04-06T12:33:14 IST" duration-ms="7680" status="PASS">
          <reporter-output>
            <line>
              <![CDATA[Well come to RETTERAlarm Testing branch]]>
            </line>
          </reporter-output>
        </test-method> <!-- BeforeSuite -->
        <test-method is-config="true" signature="BeforeTest()[pri:0, instance:function.A_testClassDelte@645aa696]" started-at="2026-04-06T12:33:14 IST" name="BeforeTest" finished-at="2026-04-06T12:33:26 IST" duration-ms="12336" status="PASS">
          <reporter-output>
            <line>
              <![CDATA[Logged in user-914-IN-U11-U011-1]]>
            </line>
          </reporter-output>
        </test-method> <!-- BeforeTest -->
        <test-method is-config="true" signature="createObject()[pri:0, instance:function.A_testClassDelte@645aa696]" started-at="2026-04-06T12:33:26 IST" name="createObject" finished-at="2026-04-06T12:33:26 IST" duration-ms="55" status="PASS">
          <reporter-output>
          </reporter-output>
        </test-method> <!-- createObject -->
        <test-method is-config="true" signature="backToHomePage()[pri:0, instance:function.A_testClassDelte@645aa696]" started-at="2026-04-06T12:33:26 IST" name="backToHomePage" finished-at="2026-04-06T12:33:32 IST" duration-ms="5507" status="PASS">
          <reporter-output>
          </reporter-output>
        </test-method> <!-- backToHomePage -->
        <test-method signature="deleteManualAlarm()[pri:0, instance:function.A_testClassDelte@645aa696]" started-at="2026-04-06T12:33:32 IST" name="deleteManualAlarm" finished-at="2026-04-06T12:35:04 IST" duration-ms="92635" status="PASS">
          <reporter-output>
            <line>
              <![CDATA[ ]]>
            </line>
            <line>
              <![CDATA[The process of delete alarms is started.]]>
            </line>
            <line>
              <![CDATA[The process of delete alarms is complete.]]>
            </line>
            <line>
              <![CDATA[ ]]>
            </line>
          </reporter-output>
        </test-method> <!-- deleteManualAlarm -->
        <test-method is-config="true" signature="backToHomePage2(org.testng.ITestResult)[pri:0, instance:function.A_testClassDelte@645aa696]" started-at="2026-04-06T12:35:04 IST" name="backToHomePage2" finished-at="2026-04-06T12:35:15 IST" duration-ms="10215" status="PASS">
          <params>
            <param index="0">
              <value>
                <![CDATA[[TestResult name=deleteManualAlarm status=SUCCESS method=A_testClassDelte.deleteManualAlarm()[pri:0, instance:function.A_testClassDelte@645aa696]]]]>
              </value>
            </param>
          </params>
          <reporter-output>
          </reporter-output>
        </test-method> <!-- backToHomePage2 -->
        <test-method is-config="true" signature="backToHomePage()[pri:0, instance:function.A_testClassDelte@645aa696]" started-at="2026-04-06T12:35:15 IST" name="backToHomePage" finished-at="2026-04-06T12:35:20 IST" duration-ms="5605" status="PASS">
          <reporter-output>
          </reporter-output>
        </test-method> <!-- backToHomePage -->
        <test-method signature="deleteCalendarEvent()[pri:0, instance:function.A_testClassDelte@645aa696]" started-at="2026-04-06T12:35:20 IST" name="deleteCalendarEvent" finished-at="2026-04-06T12:39:37 IST" duration-ms="256798" status="PASS">
          <reporter-output>
            <line>
              <![CDATA[ ]]>
            </line>
            <line>
              <![CDATA[The process of delete calendar event is started.]]>
            </line>
            <line>
              <![CDATA[The process of delete calendar event is complete.]]>
            </line>
            <line>
              <![CDATA[ ]]>
            </line>
          </reporter-output>
        </test-method> <!-- deleteCalendarEvent -->
        <test-method is-config="true" signature="backToHomePage2(org.testng.ITestResult)[pri:0, instance:function.A_testClassDelte@645aa696]" started-at="2026-04-06T12:39:37 IST" name="backToHomePage2" finished-at="2026-04-06T12:39:49 IST" duration-ms="12306" status="PASS">
          <params>
            <param index="0">
              <value>
                <![CDATA[[TestResult name=deleteCalendarEvent status=SUCCESS method=A_testClassDelte.deleteCalendarEvent()[pri:0, instance:function.A_testClassDelte@645aa696]]]]>
              </value>
            </param>
          </params>
          <reporter-output>
          </reporter-output>
        </test-method> <!-- backToHomePage2 -->
        <test-method is-config="true" signature="backToHomePage()[pri:0, instance:function.A_testClassDelte@645aa696]" started-at="2026-04-06T12:39:49 IST" name="backToHomePage" finished-at="2026-04-06T12:39:54 IST" duration-ms="5175" status="PASS">
          <reporter-output>
          </reporter-output>
        </test-method> <!-- backToHomePage -->
        <test-method signature="delete_infoEvent()[pri:0, instance:function.A_testClassDelte@645aa696]" started-at="2026-04-06T12:39:54 IST" name="delete_infoEvent" finished-at="2026-04-06T12:41:07 IST" duration-ms="72328" status="PASS">
          <reporter-output>
            <line>
              <![CDATA[ ]]>
            </line>
            <line>
              <![CDATA[The process of delete information or event is started.]]>
            </line>
            <line>
              <![CDATA[The process of delete information or event is complete.]]>
            </line>
            <line>
              <![CDATA[ ]]>
            </line>
          </reporter-output>
        </test-method> <!-- delete_infoEvent -->
        <test-method is-config="true" signature="backToHomePage2(org.testng.ITestResult)[pri:0, instance:function.A_testClassDelte@645aa696]" started-at="2026-04-06T12:41:07 IST" name="backToHomePage2" finished-at="2026-04-06T12:41:19 IST" duration-ms="12286" status="PASS">
          <params>
            <param index="0">
              <value>
                <![CDATA[[TestResult name=delete_infoEvent status=SUCCESS method=A_testClassDelte.delete_infoEvent()[pri:0, instance:function.A_testClassDelte@645aa696]]]]>
              </value>
            </param>
          </params>
          <reporter-output>
          </reporter-output>
        </test-method> <!-- backToHomePage2 -->
        <test-method is-config="true" signature="backToHomePage()[pri:0, instance:function.A_testClassDelte@645aa696]" started-at="2026-04-06T12:41:19 IST" name="backToHomePage" finished-at="2026-04-06T12:41:24 IST" duration-ms="5284" status="PASS">
          <reporter-output>
          </reporter-output>
        </test-method> <!-- backToHomePage -->
        <test-method signature="deleteResource()[pri:0, instance:function.A_testClassDelte@645aa696]" started-at="2026-04-06T12:41:24 IST" name="deleteResource" finished-at="2026-04-06T12:42:15 IST" duration-ms="51022" status="PASS">
          <reporter-output>
            <line>
              <![CDATA[ ]]>
            </line>
            <line>
              <![CDATA[The process of delete alarm resource is started.]]>
            </line>
            <line>
              <![CDATA[The process of delete alarm resource is complete.]]>
            </line>
            <line>
              <![CDATA[ ]]>
            </line>
          </reporter-output>
        </test-method> <!-- deleteResource -->
        <test-method is-config="true" signature="backToHomePage2(org.testng.ITestResult)[pri:0, instance:function.A_testClassDelte@645aa696]" started-at="2026-04-06T12:42:15 IST" name="backToHomePage2" finished-at="2026-04-06T12:42:25 IST" duration-ms="9217" status="PASS">
          <params>
            <param index="0">
              <value>
                <![CDATA[[TestResult name=deleteResource status=SUCCESS method=A_testClassDelte.deleteResource()[pri:0, instance:function.A_testClassDelte@645aa696]]]]>
              </value>
            </param>
          </params>
          <reporter-output>
          </reporter-output>
        </test-method> <!-- backToHomePage2 -->
        <test-method is-config="true" signature="backToHomePage()[pri:0, instance:function.A_testClassDelte@645aa696]" started-at="2026-04-06T12:42:25 IST" name="backToHomePage" finished-at="2026-04-06T12:42:30 IST" duration-ms="5352" status="PASS">
          <reporter-output>
          </reporter-output>
        </test-method> <!-- backToHomePage -->
        <test-method signature="deleteAlarmEscalation()[pri:0, instance:function.A_testClassDelte@645aa696]" started-at="2026-04-06T12:42:30 IST" name="deleteAlarmEscalation" finished-at="2026-04-06T12:42:53 IST" duration-ms="23336" status="PASS">
          <reporter-output>
            <line>
              <![CDATA[ ]]>
            </line>
            <line>
              <![CDATA[The process of delete AlarmEscalation is started.]]>
            </line>
            <line>
              <![CDATA[The process of delete AlarmEscalation is complete.]]>
            </line>
            <line>
              <![CDATA[ ]]>
            </line>
          </reporter-output>
        </test-method> <!-- deleteAlarmEscalation -->
        <test-method is-config="true" signature="backToHomePage2(org.testng.ITestResult)[pri:0, instance:function.A_testClassDelte@645aa696]" started-at="2026-04-06T12:42:53 IST" name="backToHomePage2" finished-at="2026-04-06T12:43:04 IST" duration-ms="10374" status="PASS">
          <params>
            <param index="0">
              <value>
                <![CDATA[[TestResult name=deleteAlarmEscalation status=SUCCESS method=A_testClassDelte.deleteAlarmEscalation()[pri:0, instance:function.A_testClassDelte@645aa696]]]]>
              </value>
            </param>
          </params>
          <reporter-output>
          </reporter-output>
        </test-method> <!-- backToHomePage2 -->
        <test-method is-config="true" signature="backToHomePage()[pri:0, instance:function.A_testClassDelte@645aa696]" started-at="2026-04-06T12:43:04 IST" name="backToHomePage" finished-at="2026-04-06T12:43:09 IST" duration-ms="5415" status="PASS">
          <reporter-output>
          </reporter-output>
        </test-method> <!-- backToHomePage -->
        <test-method signature="deleteAlarmLoop()[pri:0, instance:function.A_testClassDelte@645aa696]" started-at="2026-04-06T12:43:09 IST" name="deleteAlarmLoop" finished-at="2026-04-06T12:44:02 IST" duration-ms="53185" status="PASS">
          <reporter-output>
            <line>
              <![CDATA[ ]]>
            </line>
            <line>
              <![CDATA[The process of delete alarm loop is started.]]>
            </line>
            <line>
              <![CDATA[The process of delete alarm loop is complete.]]>
            </line>
            <line>
              <![CDATA[ ]]>
            </line>
          </reporter-output>
        </test-method> <!-- deleteAlarmLoop -->
        <test-method is-config="true" signature="backToHomePage2(org.testng.ITestResult)[pri:0, instance:function.A_testClassDelte@645aa696]" started-at="2026-04-06T12:44:02 IST" name="backToHomePage2" finished-at="2026-04-06T12:44:11 IST" duration-ms="8572" status="PASS">
          <params>
            <param index="0">
              <value>
                <![CDATA[[TestResult name=deleteAlarmLoop status=SUCCESS method=A_testClassDelte.deleteAlarmLoop()[pri:0, instance:function.A_testClassDelte@645aa696]]]]>
              </value>
            </param>
          </params>
          <reporter-output>
          </reporter-output>
        </test-method> <!-- backToHomePage2 -->
        <test-method is-config="true" signature="backToHomePage()[pri:0, instance:function.A_testClassDelte@645aa696]" started-at="2026-04-06T12:44:11 IST" name="backToHomePage" finished-at="2026-04-06T12:44:16 IST" duration-ms="5233" status="PASS">
          <reporter-output>
          </reporter-output>
        </test-method> <!-- backToHomePage -->
        <test-method signature="deleteAlarmTemplate()[pri:0, instance:function.A_testClassDelte@645aa696]" started-at="2026-04-06T12:44:16 IST" name="deleteAlarmTemplate" finished-at="2026-04-06T12:45:06 IST" duration-ms="50222" status="PASS">
          <reporter-output>
            <line>
              <![CDATA[ ]]>
            </line>
            <line>
              <![CDATA[The process of delete alarm template is started.]]>
            </line>
            <line>
              <![CDATA[The process of delete alarm template is complete.]]>
            </line>
            <line>
              <![CDATA[ ]]>
            </line>
          </reporter-output>
        </test-method> <!-- deleteAlarmTemplate -->
        <test-method is-config="true" signature="backToHomePage2(org.testng.ITestResult)[pri:0, instance:function.A_testClassDelte@645aa696]" started-at="2026-04-06T12:45:06 IST" name="backToHomePage2" finished-at="2026-04-06T12:45:15 IST" duration-ms="8614" status="PASS">
          <params>
            <param index="0">
              <value>
                <![CDATA[[TestResult name=deleteAlarmTemplate status=SUCCESS method=A_testClassDelte.deleteAlarmTemplate()[pri:0, instance:function.A_testClassDelte@645aa696]]]]>
              </value>
            </param>
          </params>
          <reporter-output>
          </reporter-output>
        </test-method> <!-- backToHomePage2 -->
        <test-method is-config="true" signature="backToHomePage()[pri:0, instance:function.A_testClassDelte@645aa696]" started-at="2026-04-06T12:45:15 IST" name="backToHomePage" finished-at="2026-04-06T12:45:20 IST" duration-ms="5528" status="PASS">
          <reporter-output>
          </reporter-output>
        </test-method> <!-- backToHomePage -->
        <test-method signature="deletedeleteEventCatogery()[pri:0, instance:function.A_testClassDelte@645aa696]" started-at="2026-04-06T12:45:20 IST" name="deletedeleteEventCatogery" finished-at="2026-04-06T12:46:02 IST" duration-ms="42011" status="PASS">
          <reporter-output>
            <line>
              <![CDATA[ ]]>
            </line>
            <line>
              <![CDATA[The process of delete event catogery is started.]]>
            </line>
            <line>
              <![CDATA[The process of delete event catogery is complete.]]>
            </line>
            <line>
              <![CDATA[ ]]>
            </line>
          </reporter-output>
        </test-method> <!-- deletedeleteEventCatogery -->
        <test-method is-config="true" signature="backToHomePage2(org.testng.ITestResult)[pri:0, instance:function.A_testClassDelte@645aa696]" started-at="2026-04-06T12:46:02 IST" name="backToHomePage2" finished-at="2026-04-06T12:46:11 IST" duration-ms="8478" status="PASS">
          <params>
            <param index="0">
              <value>
                <![CDATA[[TestResult name=deletedeleteEventCatogery status=SUCCESS method=A_testClassDelte.deletedeleteEventCatogery()[pri:0, instance:function.A_testClassDelte@645aa696]]]]>
              </value>
            </param>
          </params>
          <reporter-output>
          </reporter-output>
        </test-method> <!-- backToHomePage2 -->
        <test-method is-config="true" signature="logOut()[pri:0, instance:function.A_testClassDelte@645aa696]" started-at="2026-04-06T12:46:11 IST" name="logOut" finished-at="2026-04-06T12:46:15 IST" duration-ms="3729" status="PASS">
          <reporter-output>
            <line>
              <![CDATA[Logout sucessfully.]]>
            </line>
            <line>
              <![CDATA[ ]]>
            </line>
          </reporter-output>
        </test-method> <!-- logOut -->
        <test-method is-config="true" signature="AfterTest()[pri:0, instance:function.A_testClassDelte@645aa696]" started-at="2026-04-06T12:46:15 IST" name="AfterTest" finished-at="2026-04-06T12:46:15 IST" duration-ms="284" status="PASS">
          <reporter-output>
            <line>
              <![CDATA[Refresh the URL before successfully closing the browser.]]>
            </line>
          </reporter-output>
        </test-method> <!-- AfterTest -->
        <test-method is-config="true" signature="AfterSute()[pri:0, instance:function.A_testClassDelte@645aa696]" started-at="2026-04-06T12:46:15 IST" name="AfterSute" finished-at="2026-04-06T12:46:15 IST" duration-ms="235" status="PASS">
          <reporter-output>
            <line>
              <![CDATA[Browser close sucessfully.]]>
            </line>
            <line>
              <![CDATA[ ]]>
            </line>
            <line>
              <![CDATA[Good to see you again.]]>
            </line>
          </reporter-output>
        </test-method> <!-- AfterSute -->
      </class> <!-- function.A_testClassDelte -->
    </test> <!-- Test -->
  </suite> <!-- delete -->
</testng-results>
