<?xml version="1.0" encoding="UTF-8"?>
<testng-results ignored="0" total="4" passed="4" failed="0" skipped="0">
  <reporter-output>
    <line>
      <![CDATA[Well come to RETTERAlarm Live branch]]>
    </line>
    <line>
      <![CDATA[Logged in user-6039-DE-andrew-deptu-2]]>
    </line>
    <line>
      <![CDATA[ ]]>
    </line>
    <line>
      <![CDATA[The process for creating calendar event by attribute has been initiated..]]>
    </line>
    <line>
      <![CDATA[The process for creating calendar event by attribute has been completed successfully.]]>
    </line>
    <line>
      <![CDATA[ ]]>
    </line>
    <line>
      <![CDATA[ ]]>
    </line>
    <line>
      <![CDATA[The process for creating calendar event by Resource has been initiated..]]>
    </line>
    <line>
      <![CDATA[The process for creating calendar event by Resource has been completed successfully.]]>
    </line>
    <line>
      <![CDATA[ ]]>
    </line>
    <line>
      <![CDATA[ ]]>
    </line>
    <line>
      <![CDATA[The process for creating calendar event by fire fighters has been initiated..]]>
    </line>
    <line>
      <![CDATA[The process for creating calendar event by fire fighters has been completed successfully.]]>
    </line>
    <line>
      <![CDATA[ ]]>
    </line>
    <line>
      <![CDATA[ ]]>
    </line>
    <line>
      <![CDATA[The process for creating calendar event by stations has been initiated..]]>
    </line>
    <line>
      <![CDATA[The process for creating calendar event by stations has been completed successfully.]]>
    </line>
    <line>
      <![CDATA[ ]]>
    </line>
    <line>
      <![CDATA[Logout sucessfully.]]>
    </line>
    <line>
      <![CDATA[ ]]>
    </line>
    <line>
      <![CDATA[Refresh the URL before successfully closing the browser.]]>
    </line>
    <line>
      <![CDATA[Browser close sucessfully.]]>
    </line>
    <line>
      <![CDATA[ ]]>
    </line>
    <line>
      <![CDATA[Good to see you again.]]>
    </line>
  </reporter-output>
  <suite started-at="2026-02-04T18:14:13 IST" name="Suite" finished-at="2026-02-04T18:18:19 IST" duration-ms="245545">
    <groups>
    </groups>
    <test started-at="2026-02-04T18:14:13 IST" name="Test" finished-at="2026-02-04T18:18:19 IST" duration-ms="245545">
      <class name="function.A_testClassCreate">
        <test-method is-config="true" signature="BeforeSuite()[pri:0, instance:function.A_testClassCreate@710c2b53]" started-at="2026-02-04T18:14:06 IST" name="BeforeSuite" finished-at="2026-02-04T18:14:13 IST" duration-ms="7052" status="PASS">
          <reporter-output>
            <line>
              <![CDATA[Well come to RETTERAlarm Live branch]]>
            </line>
          </reporter-output>
        </test-method> <!-- BeforeSuite -->
        <test-method is-config="true" signature="BeforeTest()[pri:0, instance:function.A_testClassCreate@710c2b53]" started-at="2026-02-04T18:14:13 IST" name="BeforeTest" finished-at="2026-02-04T18:14:26 IST" duration-ms="12104" status="PASS">
          <reporter-output>
            <line>
              <![CDATA[Logged in user-6039-DE-andrew-deptu-2]]>
            </line>
          </reporter-output>
        </test-method> <!-- BeforeTest -->
        <test-method is-config="true" signature="createObject()[pri:0, instance:function.A_testClassCreate@710c2b53]" started-at="2026-02-04T18:14:26 IST" name="createObject" finished-at="2026-02-04T18:14:26 IST" duration-ms="9" status="PASS">
          <reporter-output>
          </reporter-output>
        </test-method> <!-- createObject -->
        <test-method is-config="true" signature="backToHomePage()[pri:0, instance:function.A_testClassCreate@710c2b53]" started-at="2026-02-04T18:14:26 IST" name="backToHomePage" finished-at="2026-02-04T18:14:31 IST" duration-ms="5177" status="PASS">
          <reporter-output>
          </reporter-output>
        </test-method> <!-- backToHomePage -->
        <test-method signature="createCalendarEventByAttribute()[pri:0, instance:function.A_testClassCreate@710c2b53]" started-at="2026-02-04T18:14:31 IST" name="createCalendarEventByAttribute" finished-at="2026-02-04T18:15:20 IST" duration-ms="49341" status="PASS">
          <reporter-output>
            <line>
              <![CDATA[ ]]>
            </line>
            <line>
              <![CDATA[The process for creating calendar event by attribute has been initiated..]]>
            </line>
            <line>
              <![CDATA[The process for creating calendar event by attribute has been completed successfully.]]>
            </line>
            <line>
              <![CDATA[ ]]>
            </line>
          </reporter-output>
        </test-method> <!-- createCalendarEventByAttribute -->
        <test-method is-config="true" signature="backToHomePage2()[pri:0, instance:function.A_testClassCreate@710c2b53]" started-at="2026-02-04T18:15:20 IST" name="backToHomePage2" finished-at="2026-02-04T18:15:23 IST" duration-ms="3372" status="PASS">
          <reporter-output>
          </reporter-output>
        </test-method> <!-- backToHomePage2 -->
        <test-method is-config="true" signature="backToHomePage()[pri:0, instance:function.A_testClassCreate@710c2b53]" started-at="2026-02-04T18:15:23 IST" name="backToHomePage" finished-at="2026-02-04T18:15:29 IST" duration-ms="5371" status="PASS">
          <reporter-output>
          </reporter-output>
        </test-method> <!-- backToHomePage -->
        <test-method signature="createCalendarEventByResource()[pri:0, instance:function.A_testClassCreate@710c2b53]" started-at="2026-02-04T18:15:29 IST" name="createCalendarEventByResource" finished-at="2026-02-04T18:16:13 IST" duration-ms="44230" status="PASS">
          <reporter-output>
            <line>
              <![CDATA[ ]]>
            </line>
            <line>
              <![CDATA[The process for creating calendar event by Resource has been initiated..]]>
            </line>
            <line>
              <![CDATA[The process for creating calendar event by Resource has been completed successfully.]]>
            </line>
            <line>
              <![CDATA[ ]]>
            </line>
          </reporter-output>
        </test-method> <!-- createCalendarEventByResource -->
        <test-method is-config="true" signature="backToHomePage2()[pri:0, instance:function.A_testClassCreate@710c2b53]" started-at="2026-02-04T18:16:13 IST" name="backToHomePage2" finished-at="2026-02-04T18:16:17 IST" duration-ms="3892" status="PASS">
          <reporter-output>
          </reporter-output>
        </test-method> <!-- backToHomePage2 -->
        <test-method is-config="true" signature="backToHomePage()[pri:0, instance:function.A_testClassCreate@710c2b53]" started-at="2026-02-04T18:16:17 IST" name="backToHomePage" finished-at="2026-02-04T18:16:22 IST" duration-ms="5185" status="PASS">
          <reporter-output>
          </reporter-output>
        </test-method> <!-- backToHomePage -->
        <test-method signature="createCalendarEventByFireFughterMS()[pri:0, instance:function.A_testClassCreate@710c2b53]" started-at="2026-02-04T18:16:22 IST" name="createCalendarEventByFireFughterMS" finished-at="2026-02-04T18:17:15 IST" duration-ms="52843" status="PASS">
          <reporter-output>
            <line>
              <![CDATA[ ]]>
            </line>
            <line>
              <![CDATA[The process for creating calendar event by fire fighters has been initiated..]]>
            </line>
            <line>
              <![CDATA[The process for creating calendar event by fire fighters has been completed successfully.]]>
            </line>
            <line>
              <![CDATA[ ]]>
            </line>
          </reporter-output>
        </test-method> <!-- createCalendarEventByFireFughterMS -->
        <test-method is-config="true" signature="backToHomePage2()[pri:0, instance:function.A_testClassCreate@710c2b53]" started-at="2026-02-04T18:17:15 IST" name="backToHomePage2" finished-at="2026-02-04T18:17:19 IST" duration-ms="3906" status="PASS">
          <reporter-output>
          </reporter-output>
        </test-method> <!-- backToHomePage2 -->
        <test-method is-config="true" signature="backToHomePage()[pri:0, instance:function.A_testClassCreate@710c2b53]" started-at="2026-02-04T18:17:19 IST" name="backToHomePage" finished-at="2026-02-04T18:17:25 IST" duration-ms="5827" status="PASS">
          <reporter-output>
          </reporter-output>
        </test-method> <!-- backToHomePage -->
        <test-method signature="createCalendarEventByStationsMS()[pri:0, instance:function.A_testClassCreate@710c2b53]" started-at="2026-02-04T18:17:25 IST" name="createCalendarEventByStationsMS" finished-at="2026-02-04T18:18:11 IST" duration-ms="46723" status="PASS">
          <reporter-output>
            <line>
              <![CDATA[ ]]>
            </line>
            <line>
              <![CDATA[The process for creating calendar event by stations has been initiated..]]>
            </line>
            <line>
              <![CDATA[The process for creating calendar event by stations has been completed successfully.]]>
            </line>
            <line>
              <![CDATA[ ]]>
            </line>
          </reporter-output>
        </test-method> <!-- createCalendarEventByStationsMS -->
        <test-method is-config="true" signature="backToHomePage2()[pri:0, instance:function.A_testClassCreate@710c2b53]" started-at="2026-02-04T18:18:11 IST" name="backToHomePage2" finished-at="2026-02-04T18:18:15 IST" duration-ms="3858" status="PASS">
          <reporter-output>
          </reporter-output>
        </test-method> <!-- backToHomePage2 -->
        <test-method is-config="true" signature="logOut()[pri:0, instance:function.A_testClassCreate@710c2b53]" started-at="2026-02-04T18:18:15 IST" name="logOut" finished-at="2026-02-04T18:18:19 IST" duration-ms="3666" status="PASS">
          <reporter-output>
            <line>
              <![CDATA[Logout sucessfully.]]>
            </line>
            <line>
              <![CDATA[ ]]>
            </line>
          </reporter-output>
        </test-method> <!-- logOut -->
        <test-method is-config="true" signature="AfterTest()[pri:0, instance:function.A_testClassCreate@710c2b53]" started-at="2026-02-04T18:18:19 IST" name="AfterTest" finished-at="2026-02-04T18:18:19 IST" duration-ms="0" status="PASS">
          <reporter-output>
            <line>
              <![CDATA[Refresh the URL before successfully closing the browser.]]>
            </line>
          </reporter-output>
        </test-method> <!-- AfterTest -->
        <test-method is-config="true" signature="AfterSute()[pri:0, instance:function.A_testClassCreate@710c2b53]" started-at="2026-02-04T18:18:19 IST" name="AfterSute" finished-at="2026-02-04T18:18:19 IST" duration-ms="167" status="PASS">
          <reporter-output>
            <line>
              <![CDATA[Browser close sucessfully.]]>
            </line>
            <line>
              <![CDATA[ ]]>
            </line>
            <line>
              <![CDATA[Good to see you again.]]>
            </line>
          </reporter-output>
        </test-method> <!-- AfterSute -->
      </class> <!-- function.A_testClassCreate -->
    </test> <!-- Test -->
  </suite> <!-- Suite -->
</testng-results>
