<?xml version="1.0" encoding="UTF-8"?>
<testng-results ignored="0" total="18" passed="18" failed="0" skipped="0">
  <reporter-output>
    <line>
      <![CDATA[Well come to RETTERAlarm Live branch]]>
    </line>
    <line>
      <![CDATA[Logged in user-6039-DE-andrew-deptu-2]]>
    </line>
    <line>
      <![CDATA[|*******************************************************|]]>
    </line>
    <line>
      <![CDATA[ ]]>
    </line>
    <line>
      <![CDATA[The process of send message to new api alarm user is started.]]>
    </line>
    <line>
      <![CDATA[image attached properly]]>
    </line>
    <line>
      <![CDATA[pdf attached properly]]>
    </line>
    <line>
      <![CDATA[word file attached properly]]>
    </line>
    <line>
      <![CDATA[The process of send message to new api alarm user is complete.]]>
    </line>
    <line>
      <![CDATA[ ]]>
    </line>
    <line>
      <![CDATA[|*******************************************************|]]>
    </line>
    <line>
      <![CDATA[ ]]>
    </line>
    <line>
      <![CDATA[The process of send message to old api alarm user is started.]]>
    </line>
    <line>
      <![CDATA[The process of send message to old api alarm user is complete.]]>
    </line>
    <line>
      <![CDATA[ ]]>
    </line>
    <line>
      <![CDATA[|*******************************************************|]]>
    </line>
    <line>
      <![CDATA[ ]]>
    </line>
    <line>
      <![CDATA[The process of creating a manual alarm by attribute  is started.]]>
    </line>
    <line>
      <![CDATA[The process of creating a manual alarm by attribute is complete.]]>
    </line>
    <line>
      <![CDATA[ ]]>
    </line>
    <line>
      <![CDATA[|*******************************************************|]]>
    </line>
    <line>
      <![CDATA[ ]]>
    </line>
    <line>
      <![CDATA[The process of creating a manual alarm by resource is started.]]>
    </line>
    <line>
      <![CDATA[The process of creating a manual alarm by resource is complete.]]>
    </line>
    <line>
      <![CDATA[ ]]>
    </line>
    <line>
      <![CDATA[|*******************************************************|]]>
    </line>
    <line>
      <![CDATA[ ]]>
    </line>
    <line>
      <![CDATA[The process of creating a manual alarm by firefighter is started.]]>
    </line>
    <line>
      <![CDATA[The process of creating a manual alarm by firefighter is complete.]]>
    </line>
    <line>
      <![CDATA[ ]]>
    </line>
    <line>
      <![CDATA[|*******************************************************|]]>
    </line>
    <line>
      <![CDATA[ ]]>
    </line>
    <line>
      <![CDATA[The process of creating a low priority multi station manual alarm by attribute  is started.]]>
    </line>
    <line>
      <![CDATA[The process of creating a low priority multi station manual alarm by attribute is complete.]]>
    </line>
    <line>
      <![CDATA[ ]]>
    </line>
    <line>
      <![CDATA[|*******************************************************|]]>
    </line>
    <line>
      <![CDATA[ ]]>
    </line>
    <line>
      <![CDATA[The process of creating a manual alarm by escaltion resource-single station is started.]]>
    </line>
    <line>
      <![CDATA[The process of creating a manual alarm by escaltion resource-single station is complete.]]>
    </line>
    <line>
      <![CDATA[ ]]>
    </line>
    <line>
      <![CDATA[|*******************************************************|]]>
    </line>
    <line>
      <![CDATA[ ]]>
    </line>
    <line>
      <![CDATA[The process of creating a manual alarm by escaltion resource-multi station is started.]]>
    </line>
    <line>
      <![CDATA[The process of creating a manual alarm by escaltion resource-multi station is complete.]]>
    </line>
    <line>
      <![CDATA[ ]]>
    </line>
    <line>
      <![CDATA[|*******************************************************|]]>
    </line>
    <line>
      <![CDATA[ ]]>
    </line>
    <line>
      <![CDATA[The process of creating a manual alarm by attribute st2 and extend to st1 by resource is started.]]>
    </line>
    <line>
      <![CDATA[The process of creating a manual alarm by attribute st2 and extend to st1 by resource is complete.]]>
    </line>
    <line>
      <![CDATA[ ]]>
    </line>
    <line>
      <![CDATA[|*******************************************************|]]>
    </line>
    <line>
      <![CDATA[ ]]>
    </line>
    <line>
      <![CDATA[The process of creating a manual alarm by template is started.]]>
    </line>
    <line>
      <![CDATA[The process of creating a manual alarm by template is complete.]]>
    </line>
    <line>
      <![CDATA[ ]]>
    </line>
    <line>
      <![CDATA[|*******************************************************|]]>
    </line>
    <line>
      <![CDATA[ ]]>
    </line>
    <line>
      <![CDATA[The process of send message to manual alarm user is started.]]>
    </line>
    <line>
      <![CDATA[The process of send message to manual alarm user is complete.]]>
    </line>
    <line>
      <![CDATA[ ]]>
    </line>
    <line>
      <![CDATA[|*******************************************************|]]>
    </line>
    <line>
      <![CDATA[ ]]>
    </line>
    <line>
      <![CDATA[The process of creating new alarm template by attribute is started.]]>
    </line>
    <line>
      <![CDATA[The process of creating new alarm template by attribute is complete.]]>
    </line>
    <line>
      <![CDATA[ ]]>
    </line>
    <line>
      <![CDATA[|*******************************************************|]]>
    </line>
    <line>
      <![CDATA[ ]]>
    </line>
    <line>
      <![CDATA[The process of creating a manual alarm by new template is started.]]>
    </line>
    <line>
      <![CDATA[The process of creating a manual alarm by new template is complete.]]>
    </line>
    <line>
      <![CDATA[ ]]>
    </line>
    <line>
      <![CDATA[|*******************************************************|]]>
    </line>
    <line>
      <![CDATA[ ]]>
    </line>
    <line>
      <![CDATA[The process of creating new alarm resource is started.]]>
    </line>
    <line>
      <![CDATA[The process of creating new alarm resource is complete.]]>
    </line>
    <line>
      <![CDATA[ ]]>
    </line>
    <line>
      <![CDATA[|*******************************************************|]]>
    </line>
    <line>
      <![CDATA[ ]]>
    </line>
    <line>
      <![CDATA[The process of creating a manual alarm by new resource  is started.]]>
    </line>
    <line>
      <![CDATA[The process of creating a manual alarm by new resource is complete.]]>
    </line>
    <line>
      <![CDATA[ ]]>
    </line>
    <line>
      <![CDATA[|*******************************************************|]]>
    </line>
    <line>
      <![CDATA[ ]]>
    </line>
    <line>
      <![CDATA[The process of creating new alarm template by resource is started.]]>
    </line>
    <line>
      <![CDATA[The process of creating new alarm template by resource is complete.]]>
    </line>
    <line>
      <![CDATA[ ]]>
    </line>
    <line>
      <![CDATA[|*******************************************************|]]>
    </line>
    <line>
      <![CDATA[ ]]>
    </line>
    <line>
      <![CDATA[The process of creating new alarm template by fire fighter is started.]]>
    </line>
    <line>
      <![CDATA[The process of creating new alarm template by fire fighter is complete.]]>
    </line>
    <line>
      <![CDATA[ ]]>
    </line>
    <line>
      <![CDATA[|*******************************************************|]]>
    </line>
    <line>
      <![CDATA[ ]]>
    </line>
    <line>
      <![CDATA[The process of creating new alarm loop is started.]]>
    </line>
    <line>
      <![CDATA[The process of creating new alarm loop is is complete.]]>
    </line>
    <line>
      <![CDATA[ ]]>
    </line>
    <line>
      <![CDATA[Logout sucessfully.]]>
    </line>
    <line>
      <![CDATA[ ]]>
    </line>
    <line>
      <![CDATA[Refresh the URL before successfully closing the browser.]]>
    </line>
    <line>
      <![CDATA[Browser close sucessfully.]]>
    </line>
    <line>
      <![CDATA[ ]]>
    </line>
    <line>
      <![CDATA[Good to see you again.]]>
    </line>
  </reporter-output>
  <suite started-at="2025-07-25T11:30:05 IST" name="Suite" finished-at="2025-07-25T11:49:45 IST" duration-ms="1180866">
    <groups>
    </groups>
    <test started-at="2025-07-25T11:30:05 IST" name="Test" finished-at="2025-07-25T11:49:45 IST" duration-ms="1180866">
      <class name="function.A_testClassCreate">
        <test-method is-config="true" signature="BeforeSuite()[pri:0, instance:function.A_testClassCreate@3ba987b8]" started-at="2025-07-25T11:29:58 IST" name="BeforeSuite" finished-at="2025-07-25T11:30:05 IST" duration-ms="6895" status="PASS">
          <reporter-output>
            <line>
              <![CDATA[Well come to RETTERAlarm Live branch]]>
            </line>
          </reporter-output>
        </test-method> <!-- BeforeSuite -->
        <test-method is-config="true" signature="BeforeTest()[pri:0, instance:function.A_testClassCreate@3ba987b8]" started-at="2025-07-25T11:30:05 IST" name="BeforeTest" finished-at="2025-07-25T11:30:14 IST" duration-ms="9367" status="PASS">
          <reporter-output>
            <line>
              <![CDATA[Logged in user-6039-DE-andrew-deptu-2]]>
            </line>
          </reporter-output>
        </test-method> <!-- BeforeTest -->
        <test-method is-config="true" signature="createObject()[pri:0, instance:function.A_testClassCreate@3ba987b8]" started-at="2025-07-25T11:30:14 IST" name="createObject" finished-at="2025-07-25T11:30:14 IST" duration-ms="11" status="PASS">
          <reporter-output>
          </reporter-output>
        </test-method> <!-- createObject -->
        <test-method is-config="true" signature="backToHomePage()[pri:0, instance:function.A_testClassCreate@3ba987b8]" started-at="2025-07-25T11:30:14 IST" name="backToHomePage" finished-at="2025-07-25T11:30:19 IST" duration-ms="5317" status="PASS">
          <reporter-output>
            <line>
              <![CDATA[|*******************************************************|]]>
            </line>
          </reporter-output>
        </test-method> <!-- backToHomePage -->
        <test-method signature="sendMessageToNewApiAlarmUser()[pri:0, instance:function.A_testClassCreate@3ba987b8]" started-at="2025-07-25T11:30:19 IST" name="sendMessageToNewApiAlarmUser" finished-at="2025-07-25T11:31:35 IST" duration-ms="75800" status="PASS">
          <reporter-output>
            <line>
              <![CDATA[ ]]>
            </line>
            <line>
              <![CDATA[The process of send message to new api alarm user is started.]]>
            </line>
            <line>
              <![CDATA[image attached properly]]>
            </line>
            <line>
              <![CDATA[pdf attached properly]]>
            </line>
            <line>
              <![CDATA[word file attached properly]]>
            </line>
            <line>
              <![CDATA[The process of send message to new api alarm user is complete.]]>
            </line>
            <line>
              <![CDATA[ ]]>
            </line>
          </reporter-output>
        </test-method> <!-- sendMessageToNewApiAlarmUser -->
        <test-method is-config="true" signature="backToHomePage2()[pri:0, instance:function.A_testClassCreate@3ba987b8]" started-at="2025-07-25T11:31:35 IST" name="backToHomePage2" finished-at="2025-07-25T11:31:55 IST" duration-ms="20406" status="PASS">
          <reporter-output>
          </reporter-output>
        </test-method> <!-- backToHomePage2 -->
        <test-method is-config="true" signature="backToHomePage()[pri:0, instance:function.A_testClassCreate@3ba987b8]" started-at="2025-07-25T11:31:55 IST" name="backToHomePage" finished-at="2025-07-25T11:32:01 IST" duration-ms="5336" status="PASS">
          <reporter-output>
            <line>
              <![CDATA[|*******************************************************|]]>
            </line>
          </reporter-output>
        </test-method> <!-- backToHomePage -->
        <test-method signature="sendMessageToOldApiAlarmUser()[pri:0, instance:function.A_testClassCreate@3ba987b8]" started-at="2025-07-25T11:32:01 IST" name="sendMessageToOldApiAlarmUser" finished-at="2025-07-25T11:32:34 IST" duration-ms="32920" status="PASS">
          <reporter-output>
            <line>
              <![CDATA[ ]]>
            </line>
            <line>
              <![CDATA[The process of send message to old api alarm user is started.]]>
            </line>
            <line>
              <![CDATA[The process of send message to old api alarm user is complete.]]>
            </line>
            <line>
              <![CDATA[ ]]>
            </line>
          </reporter-output>
        </test-method> <!-- sendMessageToOldApiAlarmUser -->
        <test-method is-config="true" signature="backToHomePage2()[pri:0, instance:function.A_testClassCreate@3ba987b8]" started-at="2025-07-25T11:32:34 IST" name="backToHomePage2" finished-at="2025-07-25T11:32:54 IST" duration-ms="20455" status="PASS">
          <reporter-output>
          </reporter-output>
        </test-method> <!-- backToHomePage2 -->
        <test-method is-config="true" signature="backToHomePage()[pri:0, instance:function.A_testClassCreate@3ba987b8]" started-at="2025-07-25T11:32:54 IST" name="backToHomePage" finished-at="2025-07-25T11:32:59 IST" duration-ms="5316" status="PASS">
          <reporter-output>
            <line>
              <![CDATA[|*******************************************************|]]>
            </line>
          </reporter-output>
        </test-method> <!-- backToHomePage -->
        <test-method signature="manualaByAttributeSingleStation()[pri:0, instance:function.A_testClassCreate@3ba987b8]" started-at="2025-07-25T11:32:59 IST" name="manualaByAttributeSingleStation" finished-at="2025-07-25T11:33:45 IST" duration-ms="45705" status="PASS">
          <reporter-output>
            <line>
              <![CDATA[ ]]>
            </line>
            <line>
              <![CDATA[The process of creating a manual alarm by attribute  is started.]]>
            </line>
            <line>
              <![CDATA[The process of creating a manual alarm by attribute is complete.]]>
            </line>
            <line>
              <![CDATA[ ]]>
            </line>
          </reporter-output>
        </test-method> <!-- manualaByAttributeSingleStation -->
        <test-method is-config="true" signature="backToHomePage2()[pri:0, instance:function.A_testClassCreate@3ba987b8]" started-at="2025-07-25T11:33:45 IST" name="backToHomePage2" finished-at="2025-07-25T11:34:06 IST" duration-ms="20427" status="PASS">
          <reporter-output>
          </reporter-output>
        </test-method> <!-- backToHomePage2 -->
        <test-method is-config="true" signature="backToHomePage()[pri:0, instance:function.A_testClassCreate@3ba987b8]" started-at="2025-07-25T11:34:06 IST" name="backToHomePage" finished-at="2025-07-25T11:34:11 IST" duration-ms="5727" status="PASS">
          <reporter-output>
            <line>
              <![CDATA[|*******************************************************|]]>
            </line>
          </reporter-output>
        </test-method> <!-- backToHomePage -->
        <test-method signature="manualAlarmByResourceMs()[pri:0, instance:function.A_testClassCreate@3ba987b8]" started-at="2025-07-25T11:34:11 IST" name="manualAlarmByResourceMs" finished-at="2025-07-25T11:34:42 IST" duration-ms="30825" status="PASS">
          <reporter-output>
            <line>
              <![CDATA[ ]]>
            </line>
            <line>
              <![CDATA[The process of creating a manual alarm by resource is started.]]>
            </line>
            <line>
              <![CDATA[The process of creating a manual alarm by resource is complete.]]>
            </line>
            <line>
              <![CDATA[ ]]>
            </line>
          </reporter-output>
        </test-method> <!-- manualAlarmByResourceMs -->
        <test-method is-config="true" signature="backToHomePage2()[pri:0, instance:function.A_testClassCreate@3ba987b8]" started-at="2025-07-25T11:34:42 IST" name="backToHomePage2" finished-at="2025-07-25T11:35:03 IST" duration-ms="20557" status="PASS">
          <reporter-output>
          </reporter-output>
        </test-method> <!-- backToHomePage2 -->
        <test-method is-config="true" signature="backToHomePage()[pri:0, instance:function.A_testClassCreate@3ba987b8]" started-at="2025-07-25T11:35:03 IST" name="backToHomePage" finished-at="2025-07-25T11:35:08 IST" duration-ms="5683" status="PASS">
          <reporter-output>
            <line>
              <![CDATA[|*******************************************************|]]>
            </line>
          </reporter-output>
        </test-method> <!-- backToHomePage -->
        <test-method signature="manualAlarmByFirefighterMs()[pri:0, instance:function.A_testClassCreate@3ba987b8]" started-at="2025-07-25T11:35:08 IST" name="manualAlarmByFirefighterMs" finished-at="2025-07-25T11:36:00 IST" duration-ms="51972" status="PASS">
          <reporter-output>
            <line>
              <![CDATA[ ]]>
            </line>
            <line>
              <![CDATA[The process of creating a manual alarm by firefighter is started.]]>
            </line>
            <line>
              <![CDATA[The process of creating a manual alarm by firefighter is complete.]]>
            </line>
            <line>
              <![CDATA[ ]]>
            </line>
          </reporter-output>
        </test-method> <!-- manualAlarmByFirefighterMs -->
        <test-method is-config="true" signature="backToHomePage2()[pri:0, instance:function.A_testClassCreate@3ba987b8]" started-at="2025-07-25T11:36:00 IST" name="backToHomePage2" finished-at="2025-07-25T11:36:22 IST" duration-ms="21219" status="PASS">
          <reporter-output>
          </reporter-output>
        </test-method> <!-- backToHomePage2 -->
        <test-method is-config="true" signature="backToHomePage()[pri:0, instance:function.A_testClassCreate@3ba987b8]" started-at="2025-07-25T11:36:22 IST" name="backToHomePage" finished-at="2025-07-25T11:36:27 IST" duration-ms="5567" status="PASS">
          <reporter-output>
            <line>
              <![CDATA[|*******************************************************|]]>
            </line>
          </reporter-output>
        </test-method> <!-- backToHomePage -->
        <test-method signature="manualaByAttributeMSLP()[pri:0, instance:function.A_testClassCreate@3ba987b8]" started-at="2025-07-25T11:36:27 IST" name="manualaByAttributeMSLP" finished-at="2025-07-25T11:37:06 IST" duration-ms="39124" status="PASS">
          <reporter-output>
            <line>
              <![CDATA[ ]]>
            </line>
            <line>
              <![CDATA[The process of creating a low priority multi station manual alarm by attribute  is started.]]>
            </line>
            <line>
              <![CDATA[The process of creating a low priority multi station manual alarm by attribute is complete.]]>
            </line>
            <line>
              <![CDATA[ ]]>
            </line>
          </reporter-output>
        </test-method> <!-- manualaByAttributeMSLP -->
        <test-method is-config="true" signature="backToHomePage2()[pri:0, instance:function.A_testClassCreate@3ba987b8]" started-at="2025-07-25T11:37:06 IST" name="backToHomePage2" finished-at="2025-07-25T11:37:27 IST" duration-ms="20280" status="PASS">
          <reporter-output>
          </reporter-output>
        </test-method> <!-- backToHomePage2 -->
        <test-method is-config="true" signature="backToHomePage()[pri:0, instance:function.A_testClassCreate@3ba987b8]" started-at="2025-07-25T11:37:27 IST" name="backToHomePage" finished-at="2025-07-25T11:37:34 IST" duration-ms="7510" status="PASS">
          <reporter-output>
            <line>
              <![CDATA[|*******************************************************|]]>
            </line>
          </reporter-output>
        </test-method> <!-- backToHomePage -->
        <test-method signature="manualAlarmByEscResourceSingleStation()[pri:0, instance:function.A_testClassCreate@3ba987b8]" started-at="2025-07-25T11:37:34 IST" name="manualAlarmByEscResourceSingleStation" finished-at="2025-07-25T11:38:04 IST" duration-ms="29427" status="PASS">
          <reporter-output>
            <line>
              <![CDATA[ ]]>
            </line>
            <line>
              <![CDATA[The process of creating a manual alarm by escaltion resource-single station is started.]]>
            </line>
            <line>
              <![CDATA[The process of creating a manual alarm by escaltion resource-single station is complete.]]>
            </line>
            <line>
              <![CDATA[ ]]>
            </line>
          </reporter-output>
        </test-method> <!-- manualAlarmByEscResourceSingleStation -->
        <test-method is-config="true" signature="backToHomePage2()[pri:0, instance:function.A_testClassCreate@3ba987b8]" started-at="2025-07-25T11:38:04 IST" name="backToHomePage2" finished-at="2025-07-25T11:38:24 IST" duration-ms="20615" status="PASS">
          <reporter-output>
          </reporter-output>
        </test-method> <!-- backToHomePage2 -->
        <test-method is-config="true" signature="backToHomePage()[pri:0, instance:function.A_testClassCreate@3ba987b8]" started-at="2025-07-25T11:38:24 IST" name="backToHomePage" finished-at="2025-07-25T11:38:29 IST" duration-ms="5327" status="PASS">
          <reporter-output>
            <line>
              <![CDATA[|*******************************************************|]]>
            </line>
          </reporter-output>
        </test-method> <!-- backToHomePage -->
        <test-method signature="manualAlarmByEscResourceMs()[pri:0, instance:function.A_testClassCreate@3ba987b8]" started-at="2025-07-25T11:38:29 IST" name="manualAlarmByEscResourceMs" finished-at="2025-07-25T11:38:58 IST" duration-ms="28946" status="PASS">
          <reporter-output>
            <line>
              <![CDATA[ ]]>
            </line>
            <line>
              <![CDATA[The process of creating a manual alarm by escaltion resource-multi station is started.]]>
            </line>
            <line>
              <![CDATA[The process of creating a manual alarm by escaltion resource-multi station is complete.]]>
            </line>
            <line>
              <![CDATA[ ]]>
            </line>
          </reporter-output>
        </test-method> <!-- manualAlarmByEscResourceMs -->
        <test-method is-config="true" signature="backToHomePage2()[pri:0, instance:function.A_testClassCreate@3ba987b8]" started-at="2025-07-25T11:38:58 IST" name="backToHomePage2" finished-at="2025-07-25T11:39:19 IST" duration-ms="20486" status="PASS">
          <reporter-output>
          </reporter-output>
        </test-method> <!-- backToHomePage2 -->
        <test-method is-config="true" signature="backToHomePage()[pri:0, instance:function.A_testClassCreate@3ba987b8]" started-at="2025-07-25T11:39:19 IST" name="backToHomePage" finished-at="2025-07-25T11:39:24 IST" duration-ms="5360" status="PASS">
          <reporter-output>
            <line>
              <![CDATA[|*******************************************************|]]>
            </line>
          </reporter-output>
        </test-method> <!-- backToHomePage -->
        <test-method signature="manualaByAttributeExtend1StStResource()[pri:0, instance:function.A_testClassCreate@3ba987b8]" started-at="2025-07-25T11:39:24 IST" name="manualaByAttributeExtend1StStResource" finished-at="2025-07-25T11:40:21 IST" duration-ms="56838" status="PASS">
          <reporter-output>
            <line>
              <![CDATA[ ]]>
            </line>
            <line>
              <![CDATA[The process of creating a manual alarm by attribute st2 and extend to st1 by resource is started.]]>
            </line>
            <line>
              <![CDATA[The process of creating a manual alarm by attribute st2 and extend to st1 by resource is complete.]]>
            </line>
            <line>
              <![CDATA[ ]]>
            </line>
          </reporter-output>
        </test-method> <!-- manualaByAttributeExtend1StStResource -->
        <test-method is-config="true" signature="backToHomePage2()[pri:0, instance:function.A_testClassCreate@3ba987b8]" started-at="2025-07-25T11:40:21 IST" name="backToHomePage2" finished-at="2025-07-25T11:40:42 IST" duration-ms="21001" status="PASS">
          <reporter-output>
          </reporter-output>
        </test-method> <!-- backToHomePage2 -->
        <test-method is-config="true" signature="backToHomePage()[pri:0, instance:function.A_testClassCreate@3ba987b8]" started-at="2025-07-25T11:40:42 IST" name="backToHomePage" finished-at="2025-07-25T11:40:48 IST" duration-ms="5424" status="PASS">
          <reporter-output>
            <line>
              <![CDATA[|*******************************************************|]]>
            </line>
          </reporter-output>
        </test-method> <!-- backToHomePage -->
        <test-method signature="manualAlarmByTemplate()[pri:0, instance:function.A_testClassCreate@3ba987b8]" started-at="2025-07-25T11:40:48 IST" name="manualAlarmByTemplate" finished-at="2025-07-25T11:41:19 IST" duration-ms="31882" status="PASS">
          <reporter-output>
            <line>
              <![CDATA[ ]]>
            </line>
            <line>
              <![CDATA[The process of creating a manual alarm by template is started.]]>
            </line>
            <line>
              <![CDATA[The process of creating a manual alarm by template is complete.]]>
            </line>
            <line>
              <![CDATA[ ]]>
            </line>
          </reporter-output>
        </test-method> <!-- manualAlarmByTemplate -->
        <test-method is-config="true" signature="backToHomePage2()[pri:0, instance:function.A_testClassCreate@3ba987b8]" started-at="2025-07-25T11:41:19 IST" name="backToHomePage2" finished-at="2025-07-25T11:41:40 IST" duration-ms="20516" status="PASS">
          <reporter-output>
          </reporter-output>
        </test-method> <!-- backToHomePage2 -->
        <test-method is-config="true" signature="backToHomePage()[pri:0, instance:function.A_testClassCreate@3ba987b8]" started-at="2025-07-25T11:41:40 IST" name="backToHomePage" finished-at="2025-07-25T11:41:45 IST" duration-ms="5283" status="PASS">
          <reporter-output>
            <line>
              <![CDATA[|*******************************************************|]]>
            </line>
          </reporter-output>
        </test-method> <!-- backToHomePage -->
        <test-method signature="sendMessageToManualAlarmUser()[pri:0, instance:function.A_testClassCreate@3ba987b8]" started-at="2025-07-25T11:41:45 IST" name="sendMessageToManualAlarmUser" finished-at="2025-07-25T11:42:18 IST" duration-ms="32344" status="PASS">
          <reporter-output>
            <line>
              <![CDATA[ ]]>
            </line>
            <line>
              <![CDATA[The process of send message to manual alarm user is started.]]>
            </line>
            <line>
              <![CDATA[The process of send message to manual alarm user is complete.]]>
            </line>
            <line>
              <![CDATA[ ]]>
            </line>
          </reporter-output>
        </test-method> <!-- sendMessageToManualAlarmUser -->
        <test-method is-config="true" signature="backToHomePage2()[pri:0, instance:function.A_testClassCreate@3ba987b8]" started-at="2025-07-25T11:42:18 IST" name="backToHomePage2" finished-at="2025-07-25T11:42:38 IST" duration-ms="20534" status="PASS">
          <reporter-output>
          </reporter-output>
        </test-method> <!-- backToHomePage2 -->
        <test-method is-config="true" signature="backToHomePage()[pri:0, instance:function.A_testClassCreate@3ba987b8]" started-at="2025-07-25T11:42:38 IST" name="backToHomePage" finished-at="2025-07-25T11:42:44 IST" duration-ms="5415" status="PASS">
          <reporter-output>
            <line>
              <![CDATA[|*******************************************************|]]>
            </line>
          </reporter-output>
        </test-method> <!-- backToHomePage -->
        <test-method signature="createNewAlarmTemplateByAttribute()[pri:0, instance:function.A_testClassCreate@3ba987b8]" started-at="2025-07-25T11:42:44 IST" name="createNewAlarmTemplateByAttribute" finished-at="2025-07-25T11:43:26 IST" duration-ms="42064" status="PASS">
          <reporter-output>
            <line>
              <![CDATA[ ]]>
            </line>
            <line>
              <![CDATA[The process of creating new alarm template by attribute is started.]]>
            </line>
            <line>
              <![CDATA[The process of creating new alarm template by attribute is complete.]]>
            </line>
            <line>
              <![CDATA[ ]]>
            </line>
          </reporter-output>
        </test-method> <!-- createNewAlarmTemplateByAttribute -->
        <test-method is-config="true" signature="backToHomePage2()[pri:0, instance:function.A_testClassCreate@3ba987b8]" started-at="2025-07-25T11:43:26 IST" name="backToHomePage2" finished-at="2025-07-25T11:43:46 IST" duration-ms="20320" status="PASS">
          <reporter-output>
          </reporter-output>
        </test-method> <!-- backToHomePage2 -->
        <test-method is-config="true" signature="backToHomePage()[pri:0, instance:function.A_testClassCreate@3ba987b8]" started-at="2025-07-25T11:43:46 IST" name="backToHomePage" finished-at="2025-07-25T11:43:52 IST" duration-ms="5831" status="PASS">
          <reporter-output>
            <line>
              <![CDATA[|*******************************************************|]]>
            </line>
          </reporter-output>
        </test-method> <!-- backToHomePage -->
        <test-method signature="manualAlarmByNewTemplate()[pri:0, instance:function.A_testClassCreate@3ba987b8]" started-at="2025-07-25T11:43:52 IST" name="manualAlarmByNewTemplate" finished-at="2025-07-25T11:44:26 IST" duration-ms="34654" status="PASS">
          <reporter-output>
            <line>
              <![CDATA[ ]]>
            </line>
            <line>
              <![CDATA[The process of creating a manual alarm by new template is started.]]>
            </line>
            <line>
              <![CDATA[The process of creating a manual alarm by new template is complete.]]>
            </line>
            <line>
              <![CDATA[ ]]>
            </line>
          </reporter-output>
        </test-method> <!-- manualAlarmByNewTemplate -->
        <test-method is-config="true" signature="backToHomePage2()[pri:0, instance:function.A_testClassCreate@3ba987b8]" started-at="2025-07-25T11:44:26 IST" name="backToHomePage2" finished-at="2025-07-25T11:44:47 IST" duration-ms="20876" status="PASS">
          <reporter-output>
          </reporter-output>
        </test-method> <!-- backToHomePage2 -->
        <test-method is-config="true" signature="backToHomePage()[pri:0, instance:function.A_testClassCreate@3ba987b8]" started-at="2025-07-25T11:44:47 IST" name="backToHomePage" finished-at="2025-07-25T11:44:53 IST" duration-ms="5478" status="PASS">
          <reporter-output>
            <line>
              <![CDATA[|*******************************************************|]]>
            </line>
          </reporter-output>
        </test-method> <!-- backToHomePage -->
        <test-method signature="createNewResource()[pri:0, instance:function.A_testClassCreate@3ba987b8]" started-at="2025-07-25T11:44:53 IST" name="createNewResource" finished-at="2025-07-25T11:45:26 IST" duration-ms="32806" status="PASS">
          <reporter-output>
            <line>
              <![CDATA[ ]]>
            </line>
            <line>
              <![CDATA[The process of creating new alarm resource is started.]]>
            </line>
            <line>
              <![CDATA[The process of creating new alarm resource is complete.]]>
            </line>
            <line>
              <![CDATA[ ]]>
            </line>
          </reporter-output>
        </test-method> <!-- createNewResource -->
        <test-method is-config="true" signature="backToHomePage2()[pri:0, instance:function.A_testClassCreate@3ba987b8]" started-at="2025-07-25T11:45:26 IST" name="backToHomePage2" finished-at="2025-07-25T11:45:47 IST" duration-ms="21311" status="PASS">
          <reporter-output>
          </reporter-output>
        </test-method> <!-- backToHomePage2 -->
        <test-method is-config="true" signature="backToHomePage()[pri:0, instance:function.A_testClassCreate@3ba987b8]" started-at="2025-07-25T11:45:47 IST" name="backToHomePage" finished-at="2025-07-25T11:45:52 IST" duration-ms="5386" status="PASS">
          <reporter-output>
            <line>
              <![CDATA[|*******************************************************|]]>
            </line>
          </reporter-output>
        </test-method> <!-- backToHomePage -->
        <test-method signature="manualAlarmByNewREsource()[pri:0, instance:function.A_testClassCreate@3ba987b8]" started-at="2025-07-25T11:45:52 IST" name="manualAlarmByNewREsource" finished-at="2025-07-25T11:46:19 IST" duration-ms="27047" status="PASS">
          <reporter-output>
            <line>
              <![CDATA[ ]]>
            </line>
            <line>
              <![CDATA[The process of creating a manual alarm by new resource  is started.]]>
            </line>
            <line>
              <![CDATA[The process of creating a manual alarm by new resource is complete.]]>
            </line>
            <line>
              <![CDATA[ ]]>
            </line>
          </reporter-output>
        </test-method> <!-- manualAlarmByNewREsource -->
        <test-method is-config="true" signature="backToHomePage2()[pri:0, instance:function.A_testClassCreate@3ba987b8]" started-at="2025-07-25T11:46:19 IST" name="backToHomePage2" finished-at="2025-07-25T11:46:40 IST" duration-ms="20730" status="PASS">
          <reporter-output>
          </reporter-output>
        </test-method> <!-- backToHomePage2 -->
        <test-method is-config="true" signature="backToHomePage()[pri:0, instance:function.A_testClassCreate@3ba987b8]" started-at="2025-07-25T11:46:40 IST" name="backToHomePage" finished-at="2025-07-25T11:46:45 IST" duration-ms="5383" status="PASS">
          <reporter-output>
            <line>
              <![CDATA[|*******************************************************|]]>
            </line>
          </reporter-output>
        </test-method> <!-- backToHomePage -->
        <test-method signature="createNewAlarmTemplateByResource()[pri:0, instance:function.A_testClassCreate@3ba987b8]" started-at="2025-07-25T11:46:45 IST" name="createNewAlarmTemplateByResource" finished-at="2025-07-25T11:47:20 IST" duration-ms="34221" status="PASS">
          <reporter-output>
            <line>
              <![CDATA[ ]]>
            </line>
            <line>
              <![CDATA[The process of creating new alarm template by resource is started.]]>
            </line>
            <line>
              <![CDATA[The process of creating new alarm template by resource is complete.]]>
            </line>
            <line>
              <![CDATA[ ]]>
            </line>
          </reporter-output>
        </test-method> <!-- createNewAlarmTemplateByResource -->
        <test-method is-config="true" signature="backToHomePage2()[pri:0, instance:function.A_testClassCreate@3ba987b8]" started-at="2025-07-25T11:47:20 IST" name="backToHomePage2" finished-at="2025-07-25T11:47:40 IST" duration-ms="20802" status="PASS">
          <reporter-output>
          </reporter-output>
        </test-method> <!-- backToHomePage2 -->
        <test-method is-config="true" signature="backToHomePage()[pri:0, instance:function.A_testClassCreate@3ba987b8]" started-at="2025-07-25T11:47:40 IST" name="backToHomePage" finished-at="2025-07-25T11:47:46 IST" duration-ms="5333" status="PASS">
          <reporter-output>
            <line>
              <![CDATA[|*******************************************************|]]>
            </line>
          </reporter-output>
        </test-method> <!-- backToHomePage -->
        <test-method signature="createNewAlarmTemplateByFirefighter()[pri:0, instance:function.A_testClassCreate@3ba987b8]" started-at="2025-07-25T11:47:46 IST" name="createNewAlarmTemplateByFirefighter" finished-at="2025-07-25T11:48:30 IST" duration-ms="44739" status="PASS">
          <reporter-output>
            <line>
              <![CDATA[ ]]>
            </line>
            <line>
              <![CDATA[The process of creating new alarm template by fire fighter is started.]]>
            </line>
            <line>
              <![CDATA[The process of creating new alarm template by fire fighter is complete.]]>
            </line>
            <line>
              <![CDATA[ ]]>
            </line>
          </reporter-output>
        </test-method> <!-- createNewAlarmTemplateByFirefighter -->
        <test-method is-config="true" signature="backToHomePage2()[pri:0, instance:function.A_testClassCreate@3ba987b8]" started-at="2025-07-25T11:48:31 IST" name="backToHomePage2" finished-at="2025-07-25T11:48:51 IST" duration-ms="20490" status="PASS">
          <reporter-output>
          </reporter-output>
        </test-method> <!-- backToHomePage2 -->
        <test-method is-config="true" signature="backToHomePage()[pri:0, instance:function.A_testClassCreate@3ba987b8]" started-at="2025-07-25T11:48:51 IST" name="backToHomePage" finished-at="2025-07-25T11:48:56 IST" duration-ms="5336" status="PASS">
          <reporter-output>
            <line>
              <![CDATA[|*******************************************************|]]>
            </line>
          </reporter-output>
        </test-method> <!-- backToHomePage -->
        <test-method signature="createNewAlarmLoop()[pri:0, instance:function.A_testClassCreate@3ba987b8]" started-at="2025-07-25T11:48:56 IST" name="createNewAlarmLoop" finished-at="2025-07-25T11:49:21 IST" duration-ms="24606" status="PASS">
          <reporter-output>
            <line>
              <![CDATA[ ]]>
            </line>
            <line>
              <![CDATA[The process of creating new alarm loop is started.]]>
            </line>
            <line>
              <![CDATA[The process of creating new alarm loop is is complete.]]>
            </line>
            <line>
              <![CDATA[ ]]>
            </line>
          </reporter-output>
        </test-method> <!-- createNewAlarmLoop -->
        <test-method is-config="true" signature="backToHomePage2()[pri:0, instance:function.A_testClassCreate@3ba987b8]" started-at="2025-07-25T11:49:21 IST" name="backToHomePage2" finished-at="2025-07-25T11:49:41 IST" duration-ms="20324" status="PASS">
          <reporter-output>
          </reporter-output>
        </test-method> <!-- backToHomePage2 -->
        <test-method is-config="true" signature="logOut()[pri:0, instance:function.A_testClassCreate@3ba987b8]" started-at="2025-07-25T11:49:41 IST" name="logOut" finished-at="2025-07-25T11:49:45 IST" duration-ms="3821" status="PASS">
          <reporter-output>
            <line>
              <![CDATA[Logout sucessfully.]]>
            </line>
            <line>
              <![CDATA[ ]]>
            </line>
          </reporter-output>
        </test-method> <!-- logOut -->
        <test-method is-config="true" signature="AfterTest()[pri:0, instance:function.A_testClassCreate@3ba987b8]" started-at="2025-07-25T11:49:45 IST" name="AfterTest" finished-at="2025-07-25T11:49:45 IST" duration-ms="298" status="PASS">
          <reporter-output>
            <line>
              <![CDATA[Refresh the URL before successfully closing the browser.]]>
            </line>
          </reporter-output>
        </test-method> <!-- AfterTest -->
        <test-method is-config="true" signature="AfterSute()[pri:0, instance:function.A_testClassCreate@3ba987b8]" started-at="2025-07-25T11:49:45 IST" name="AfterSute" finished-at="2025-07-25T11:49:46 IST" duration-ms="271" status="PASS">
          <reporter-output>
            <line>
              <![CDATA[Browser close sucessfully.]]>
            </line>
            <line>
              <![CDATA[ ]]>
            </line>
            <line>
              <![CDATA[Good to see you again.]]>
            </line>
          </reporter-output>
        </test-method> <!-- AfterSute -->
      </class> <!-- function.A_testClassCreate -->
    </test> <!-- Test -->
  </suite> <!-- Suite -->
</testng-results>
