<?xml version="1.0" encoding="UTF-8"?>
<testng-results ignored="0" total="2" passed="2" failed="0" skipped="0">
  <reporter-output>
    <line>
      <![CDATA[Well come to RETTERAlarm Live branch]]>
    </line>
    <line>
      <![CDATA[Logged in user-6039-DE-andrew-deptu-2]]>
    </line>
    <line>
      <![CDATA[ ]]>
    </line>
    <line>
      <![CDATA[The process of creating a manual alarm by attribute st2 and extend to st1 by resource is started.]]>
    </line>
    <line>
      <![CDATA[The process of creating a manual alarm by attribute st2 and extend to st1 by resource is complete.]]>
    </line>
    <line>
      <![CDATA[ ]]>
    </line>
    <line>
      <![CDATA[ ]]>
    </line>
    <line>
      <![CDATA[The process of send message to manual alarm user is started.]]>
    </line>
    <line>
      <![CDATA[The process of send message to manual alarm user is complete.]]>
    </line>
    <line>
      <![CDATA[ ]]>
    </line>
    <line>
      <![CDATA[Logout sucessfully.]]>
    </line>
    <line>
      <![CDATA[ ]]>
    </line>
    <line>
      <![CDATA[Refresh the URL before successfully closing the browser.]]>
    </line>
    <line>
      <![CDATA[Browser close sucessfully.]]>
    </line>
    <line>
      <![CDATA[ ]]>
    </line>
    <line>
      <![CDATA[Good to see you again.]]>
    </line>
  </reporter-output>
  <suite started-at="2026-02-20T11:54:46 IST" name="Suite" finished-at="2026-02-20T11:57:08 IST" duration-ms="142227">
    <groups>
    </groups>
    <test started-at="2026-02-20T11:54:46 IST" name="Test" finished-at="2026-02-20T11:57:08 IST" duration-ms="142227">
      <class name="function.A_testClassCreate">
        <test-method is-config="true" signature="BeforeSuite()[pri:0, instance:function.A_testClassCreate@496bc455]" started-at="2026-02-20T11:54:41 IST" name="BeforeSuite" finished-at="2026-02-20T11:54:46 IST" duration-ms="5096" status="PASS">
          <reporter-output>
            <line>
              <![CDATA[Well come to RETTERAlarm Live branch]]>
            </line>
          </reporter-output>
        </test-method> <!-- BeforeSuite -->
        <test-method is-config="true" signature="BeforeTest()[pri:0, instance:function.A_testClassCreate@496bc455]" started-at="2026-02-20T11:54:46 IST" name="BeforeTest" finished-at="2026-02-20T11:54:59 IST" duration-ms="12907" status="PASS">
          <reporter-output>
            <line>
              <![CDATA[Logged in user-6039-DE-andrew-deptu-2]]>
            </line>
          </reporter-output>
        </test-method> <!-- BeforeTest -->
        <test-method is-config="true" signature="createObject()[pri:0, instance:function.A_testClassCreate@496bc455]" started-at="2026-02-20T11:54:59 IST" name="createObject" finished-at="2026-02-20T11:54:59 IST" duration-ms="13" status="PASS">
          <reporter-output>
          </reporter-output>
        </test-method> <!-- createObject -->
        <test-method is-config="true" signature="backToHomePage()[pri:0, instance:function.A_testClassCreate@496bc455]" started-at="2026-02-20T11:54:59 IST" name="backToHomePage" finished-at="2026-02-20T11:55:06 IST" duration-ms="7303" status="PASS">
          <reporter-output>
          </reporter-output>
        </test-method> <!-- backToHomePage -->
        <test-method signature="manualaByAttributeExtend1To01StEscResourceFrom02()[pri:0, instance:function.A_testClassCreate@496bc455]" started-at="2026-02-20T11:55:06 IST" name="manualaByAttributeExtend1To01StEscResourceFrom02" finished-at="2026-02-20T11:56:10 IST" duration-ms="64455" status="PASS">
          <reporter-output>
            <line>
              <![CDATA[ ]]>
            </line>
            <line>
              <![CDATA[The process of creating a manual alarm by attribute st2 and extend to st1 by resource is started.]]>
            </line>
            <line>
              <![CDATA[The process of creating a manual alarm by attribute st2 and extend to st1 by resource is complete.]]>
            </line>
            <line>
              <![CDATA[ ]]>
            </line>
          </reporter-output>
        </test-method> <!-- manualaByAttributeExtend1To01StEscResourceFrom02 -->
        <test-method is-config="true" signature="backToHomePage2(org.testng.ITestResult)[pri:0, instance:function.A_testClassCreate@496bc455]" started-at="2026-02-20T11:56:10 IST" name="backToHomePage2" finished-at="2026-02-20T11:56:16 IST" duration-ms="5627" status="PASS">
          <params>
            <param index="0">
              <value>
                <![CDATA[[TestResult name=manualaByAttributeExtend1To01StEscResourceFrom02 status=SUCCESS method=A_testClassCreate.manualaByAttributeExtend1To01StEscResourceFrom02()[pri:0, instance:function.A_testClassCreate@496bc455]]]]>
              </value>
            </param>
          </params>
          <reporter-output>
          </reporter-output>
        </test-method> <!-- backToHomePage2 -->
        <test-method is-config="true" signature="backToHomePage()[pri:0, instance:function.A_testClassCreate@496bc455]" started-at="2026-02-20T11:56:16 IST" name="backToHomePage" finished-at="2026-02-20T11:56:23 IST" duration-ms="7395" status="PASS">
          <reporter-output>
          </reporter-output>
        </test-method> <!-- backToHomePage -->
        <test-method signature="sendMessageToManualAlarmUser()[pri:0, instance:function.A_testClassCreate@496bc455]" started-at="2026-02-20T11:56:23 IST" name="sendMessageToManualAlarmUser" finished-at="2026-02-20T11:56:58 IST" duration-ms="35054" status="PASS">
          <reporter-output>
            <line>
              <![CDATA[ ]]>
            </line>
            <line>
              <![CDATA[The process of send message to manual alarm user is started.]]>
            </line>
            <line>
              <![CDATA[The process of send message to manual alarm user is complete.]]>
            </line>
            <line>
              <![CDATA[ ]]>
            </line>
          </reporter-output>
        </test-method> <!-- sendMessageToManualAlarmUser -->
        <test-method is-config="true" signature="backToHomePage2(org.testng.ITestResult)[pri:0, instance:function.A_testClassCreate@496bc455]" started-at="2026-02-20T11:56:58 IST" name="backToHomePage2" finished-at="2026-02-20T11:57:04 IST" duration-ms="5694" status="PASS">
          <params>
            <param index="0">
              <value>
                <![CDATA[[TestResult name=sendMessageToManualAlarmUser status=SUCCESS method=A_testClassCreate.sendMessageToManualAlarmUser()[pri:0, instance:function.A_testClassCreate@496bc455]]]]>
              </value>
            </param>
          </params>
          <reporter-output>
          </reporter-output>
        </test-method> <!-- backToHomePage2 -->
        <test-method is-config="true" signature="logOut()[pri:0, instance:function.A_testClassCreate@496bc455]" started-at="2026-02-20T11:57:04 IST" name="logOut" finished-at="2026-02-20T11:57:08 IST" duration-ms="3736" status="PASS">
          <reporter-output>
            <line>
              <![CDATA[Logout sucessfully.]]>
            </line>
            <line>
              <![CDATA[ ]]>
            </line>
          </reporter-output>
        </test-method> <!-- logOut -->
        <test-method is-config="true" signature="AfterTest()[pri:0, instance:function.A_testClassCreate@496bc455]" started-at="2026-02-20T11:57:08 IST" name="AfterTest" finished-at="2026-02-20T11:57:08 IST" duration-ms="0" status="PASS">
          <reporter-output>
            <line>
              <![CDATA[Refresh the URL before successfully closing the browser.]]>
            </line>
          </reporter-output>
        </test-method> <!-- AfterTest -->
        <test-method is-config="true" signature="AfterSute()[pri:0, instance:function.A_testClassCreate@496bc455]" started-at="2026-02-20T11:57:08 IST" name="AfterSute" finished-at="2026-02-20T11:57:08 IST" duration-ms="140" status="PASS">
          <reporter-output>
            <line>
              <![CDATA[Browser close sucessfully.]]>
            </line>
            <line>
              <![CDATA[ ]]>
            </line>
            <line>
              <![CDATA[Good to see you again.]]>
            </line>
          </reporter-output>
        </test-method> <!-- AfterSute -->
      </class> <!-- function.A_testClassCreate -->
    </test> <!-- Test -->
  </suite> <!-- Suite -->
</testng-results>
