<?xml version="1.0" encoding="UTF-8"?>
<testng-results ignored="0" total="8" passed="8" failed="0" skipped="0">
  <reporter-output>
    <line>
      <![CDATA[Well come to RETTERAlarm Testing branch]]>
    </line>
    <line>
      <![CDATA[Logged in user-914-IN-U11-U011-1]]>
    </line>
    <line>
      <![CDATA[ ]]>
    </line>
    <line>
      <![CDATA[The process for creating calendar event by attribute has been initiated..]]>
    </line>
    <line>
      <![CDATA[The process for creating calendar event by attribute has been completed successfully.]]>
    </line>
    <line>
      <![CDATA[ ]]>
    </line>
    <line>
      <![CDATA[ ]]>
    </line>
    <line>
      <![CDATA[The process for creating calendar event by Resource has been initiated..]]>
    </line>
    <line>
      <![CDATA[The process for creating calendar event by Resource has been completed successfully.]]>
    </line>
    <line>
      <![CDATA[ ]]>
    </line>
    <line>
      <![CDATA[ ]]>
    </line>
    <line>
      <![CDATA[The process for creating calendar event by fire fighters has been initiated..]]>
    </line>
    <line>
      <![CDATA[The process for creating calendar event by fire fighters has been completed successfully.]]>
    </line>
    <line>
      <![CDATA[ ]]>
    </line>
    <line>
      <![CDATA[ ]]>
    </line>
    <line>
      <![CDATA[The process for creating calendar event by stations has been initiated..]]>
    </line>
    <line>
      <![CDATA[The process for creating calendar event by stations has been completed successfully.]]>
    </line>
    <line>
      <![CDATA[ ]]>
    </line>
    <line>
      <![CDATA[ ]]>
    </line>
    <line>
      <![CDATA[The process of creating new alarm template by resource is started.]]>
    </line>
    <line>
      <![CDATA[The process of creating new alarm template by resource is complete.]]>
    </line>
    <line>
      <![CDATA[ ]]>
    </line>
    <line>
      <![CDATA[ ]]>
    </line>
    <line>
      <![CDATA[The process of creating new alarm template by fire fighter is started.]]>
    </line>
    <line>
      <![CDATA[The process of creating new alarm template by fire fighter is complete.]]>
    </line>
    <line>
      <![CDATA[ ]]>
    </line>
    <line>
      <![CDATA[ ]]>
    </line>
    <line>
      <![CDATA[The process of creating new alarm loop is started.]]>
    </line>
    <line>
      <![CDATA[The process of creating new alarm loop is is complete.]]>
    </line>
    <line>
      <![CDATA[ ]]>
    </line>
    <line>
      <![CDATA[ ]]>
    </line>
    <line>
      <![CDATA[The process for creating event category  has been initiated..]]>
    </line>
    <line>
      <![CDATA[The process for ccreating event category has been completed successfully.]]>
    </line>
    <line>
      <![CDATA[ ]]>
    </line>
    <line>
      <![CDATA[Logout sucessfully.]]>
    </line>
    <line>
      <![CDATA[ ]]>
    </line>
    <line>
      <![CDATA[Refresh the URL before successfully closing the browser.]]>
    </line>
    <line>
      <![CDATA[Browser close sucessfully.]]>
    </line>
    <line>
      <![CDATA[ ]]>
    </line>
    <line>
      <![CDATA[Good to see you again.]]>
    </line>
  </reporter-output>
  <suite started-at="2026-02-20T16:12:55 IST" name="Suite" finished-at="2026-02-20T16:20:11 IST" duration-ms="436108">
    <groups>
    </groups>
    <test started-at="2026-02-20T16:12:55 IST" name="Test" finished-at="2026-02-20T16:20:11 IST" duration-ms="436108">
      <class name="function.A_testClassCreate">
        <test-method is-config="true" signature="BeforeSuite()[pri:0, instance:function.A_testClassCreate@496bc455]" started-at="2026-02-20T16:12:50 IST" name="BeforeSuite" finished-at="2026-02-20T16:12:55 IST" duration-ms="4959" status="PASS">
          <reporter-output>
            <line>
              <![CDATA[Well come to RETTERAlarm Testing branch]]>
            </line>
          </reporter-output>
        </test-method> <!-- BeforeSuite -->
        <test-method is-config="true" signature="BeforeTest()[pri:0, instance:function.A_testClassCreate@496bc455]" started-at="2026-02-20T16:12:55 IST" name="BeforeTest" finished-at="2026-02-20T16:13:07 IST" duration-ms="12368" status="PASS">
          <reporter-output>
            <line>
              <![CDATA[Logged in user-914-IN-U11-U011-1]]>
            </line>
          </reporter-output>
        </test-method> <!-- BeforeTest -->
        <test-method is-config="true" signature="createObject()[pri:0, instance:function.A_testClassCreate@496bc455]" started-at="2026-02-20T16:13:07 IST" name="createObject" finished-at="2026-02-20T16:13:07 IST" duration-ms="10" status="PASS">
          <reporter-output>
          </reporter-output>
        </test-method> <!-- createObject -->
        <test-method is-config="true" signature="backToHomePage()[pri:0, instance:function.A_testClassCreate@496bc455]" started-at="2026-02-20T16:13:07 IST" name="backToHomePage" finished-at="2026-02-20T16:13:14 IST" duration-ms="7278" status="PASS">
          <reporter-output>
          </reporter-output>
        </test-method> <!-- backToHomePage -->
        <test-method signature="createCalendarEventByAttribute()[pri:0, instance:function.A_testClassCreate@496bc455]" started-at="2026-02-20T16:13:14 IST" name="createCalendarEventByAttribute" finished-at="2026-02-20T16:13:59 IST" duration-ms="44745" status="PASS">
          <reporter-output>
            <line>
              <![CDATA[ ]]>
            </line>
            <line>
              <![CDATA[The process for creating calendar event by attribute has been initiated..]]>
            </line>
            <line>
              <![CDATA[The process for creating calendar event by attribute has been completed successfully.]]>
            </line>
            <line>
              <![CDATA[ ]]>
            </line>
          </reporter-output>
        </test-method> <!-- createCalendarEventByAttribute -->
        <test-method is-config="true" signature="backToHomePage2(org.testng.ITestResult)[pri:0, instance:function.A_testClassCreate@496bc455]" started-at="2026-02-20T16:13:59 IST" name="backToHomePage2" finished-at="2026-02-20T16:14:05 IST" duration-ms="6162" status="PASS">
          <params>
            <param index="0">
              <value>
                <![CDATA[[TestResult name=createCalendarEventByAttribute status=SUCCESS method=A_testClassCreate.createCalendarEventByAttribute()[pri:0, instance:function.A_testClassCreate@496bc455]]]]>
              </value>
            </param>
          </params>
          <reporter-output>
          </reporter-output>
        </test-method> <!-- backToHomePage2 -->
        <test-method is-config="true" signature="backToHomePage()[pri:0, instance:function.A_testClassCreate@496bc455]" started-at="2026-02-20T16:14:05 IST" name="backToHomePage" finished-at="2026-02-20T16:14:12 IST" duration-ms="7206" status="PASS">
          <reporter-output>
          </reporter-output>
        </test-method> <!-- backToHomePage -->
        <test-method signature="createCalendarEventByResource()[pri:0, instance:function.A_testClassCreate@496bc455]" started-at="2026-02-20T16:14:12 IST" name="createCalendarEventByResource" finished-at="2026-02-20T16:14:56 IST" duration-ms="43383" status="PASS">
          <reporter-output>
            <line>
              <![CDATA[ ]]>
            </line>
            <line>
              <![CDATA[The process for creating calendar event by Resource has been initiated..]]>
            </line>
            <line>
              <![CDATA[The process for creating calendar event by Resource has been completed successfully.]]>
            </line>
            <line>
              <![CDATA[ ]]>
            </line>
          </reporter-output>
        </test-method> <!-- createCalendarEventByResource -->
        <test-method is-config="true" signature="backToHomePage2(org.testng.ITestResult)[pri:0, instance:function.A_testClassCreate@496bc455]" started-at="2026-02-20T16:14:56 IST" name="backToHomePage2" finished-at="2026-02-20T16:15:03 IST" duration-ms="7122" status="PASS">
          <params>
            <param index="0">
              <value>
                <![CDATA[[TestResult name=createCalendarEventByResource status=SUCCESS method=A_testClassCreate.createCalendarEventByResource()[pri:0, instance:function.A_testClassCreate@496bc455]]]]>
              </value>
            </param>
          </params>
          <reporter-output>
          </reporter-output>
        </test-method> <!-- backToHomePage2 -->
        <test-method is-config="true" signature="backToHomePage()[pri:0, instance:function.A_testClassCreate@496bc455]" started-at="2026-02-20T16:15:03 IST" name="backToHomePage" finished-at="2026-02-20T16:15:11 IST" duration-ms="7711" status="PASS">
          <reporter-output>
          </reporter-output>
        </test-method> <!-- backToHomePage -->
        <test-method signature="createCalendarEventByFireFughterMS()[pri:0, instance:function.A_testClassCreate@496bc455]" started-at="2026-02-20T16:15:11 IST" name="createCalendarEventByFireFughterMS" finished-at="2026-02-20T16:16:04 IST" duration-ms="53661" status="PASS">
          <reporter-output>
            <line>
              <![CDATA[ ]]>
            </line>
            <line>
              <![CDATA[The process for creating calendar event by fire fighters has been initiated..]]>
            </line>
            <line>
              <![CDATA[The process for creating calendar event by fire fighters has been completed successfully.]]>
            </line>
            <line>
              <![CDATA[ ]]>
            </line>
          </reporter-output>
        </test-method> <!-- createCalendarEventByFireFughterMS -->
        <test-method is-config="true" signature="backToHomePage2(org.testng.ITestResult)[pri:0, instance:function.A_testClassCreate@496bc455]" started-at="2026-02-20T16:16:04 IST" name="backToHomePage2" finished-at="2026-02-20T16:16:10 IST" duration-ms="5904" status="PASS">
          <params>
            <param index="0">
              <value>
                <![CDATA[[TestResult name=createCalendarEventByFireFughterMS status=SUCCESS method=A_testClassCreate.createCalendarEventByFireFughterMS()[pri:0, instance:function.A_testClassCreate@496bc455]]]]>
              </value>
            </param>
          </params>
          <reporter-output>
          </reporter-output>
        </test-method> <!-- backToHomePage2 -->
        <test-method is-config="true" signature="backToHomePage()[pri:0, instance:function.A_testClassCreate@496bc455]" started-at="2026-02-20T16:16:10 IST" name="backToHomePage" finished-at="2026-02-20T16:16:17 IST" duration-ms="7246" status="PASS">
          <reporter-output>
          </reporter-output>
        </test-method> <!-- backToHomePage -->
        <test-method signature="createCalendarEventByStationsMS()[pri:0, instance:function.A_testClassCreate@496bc455]" started-at="2026-02-20T16:16:17 IST" name="createCalendarEventByStationsMS" finished-at="2026-02-20T16:16:56 IST" duration-ms="38442" status="PASS">
          <reporter-output>
            <line>
              <![CDATA[ ]]>
            </line>
            <line>
              <![CDATA[The process for creating calendar event by stations has been initiated..]]>
            </line>
            <line>
              <![CDATA[The process for creating calendar event by stations has been completed successfully.]]>
            </line>
            <line>
              <![CDATA[ ]]>
            </line>
          </reporter-output>
        </test-method> <!-- createCalendarEventByStationsMS -->
        <test-method is-config="true" signature="backToHomePage2(org.testng.ITestResult)[pri:0, instance:function.A_testClassCreate@496bc455]" started-at="2026-02-20T16:16:56 IST" name="backToHomePage2" finished-at="2026-02-20T16:17:02 IST" duration-ms="5999" status="PASS">
          <params>
            <param index="0">
              <value>
                <![CDATA[[TestResult name=createCalendarEventByStationsMS status=SUCCESS method=A_testClassCreate.createCalendarEventByStationsMS()[pri:0, instance:function.A_testClassCreate@496bc455]]]]>
              </value>
            </param>
          </params>
          <reporter-output>
          </reporter-output>
        </test-method> <!-- backToHomePage2 -->
        <test-method is-config="true" signature="backToHomePage()[pri:0, instance:function.A_testClassCreate@496bc455]" started-at="2026-02-20T16:17:02 IST" name="backToHomePage" finished-at="2026-02-20T16:17:10 IST" duration-ms="8537" status="PASS">
          <reporter-output>
          </reporter-output>
        </test-method> <!-- backToHomePage -->
        <test-method signature="createNewAlarmTemplateByResource()[pri:0, instance:function.A_testClassCreate@496bc455]" started-at="2026-02-20T16:17:10 IST" name="createNewAlarmTemplateByResource" finished-at="2026-02-20T16:17:49 IST" duration-ms="38443" status="PASS">
          <reporter-output>
            <line>
              <![CDATA[ ]]>
            </line>
            <line>
              <![CDATA[The process of creating new alarm template by resource is started.]]>
            </line>
            <line>
              <![CDATA[The process of creating new alarm template by resource is complete.]]>
            </line>
            <line>
              <![CDATA[ ]]>
            </line>
          </reporter-output>
        </test-method> <!-- createNewAlarmTemplateByResource -->
        <test-method is-config="true" signature="backToHomePage2(org.testng.ITestResult)[pri:0, instance:function.A_testClassCreate@496bc455]" started-at="2026-02-20T16:17:49 IST" name="backToHomePage2" finished-at="2026-02-20T16:17:55 IST" duration-ms="5720" status="PASS">
          <params>
            <param index="0">
              <value>
                <![CDATA[[TestResult name=createNewAlarmTemplateByResource status=SUCCESS method=A_testClassCreate.createNewAlarmTemplateByResource()[pri:0, instance:function.A_testClassCreate@496bc455]]]]>
              </value>
            </param>
          </params>
          <reporter-output>
          </reporter-output>
        </test-method> <!-- backToHomePage2 -->
        <test-method is-config="true" signature="backToHomePage()[pri:0, instance:function.A_testClassCreate@496bc455]" started-at="2026-02-20T16:17:55 IST" name="backToHomePage" finished-at="2026-02-20T16:18:02 IST" duration-ms="7071" status="PASS">
          <reporter-output>
          </reporter-output>
        </test-method> <!-- backToHomePage -->
        <test-method signature="createNewAlarmTemplateByFirefighter()[pri:0, instance:function.A_testClassCreate@496bc455]" started-at="2026-02-20T16:18:02 IST" name="createNewAlarmTemplateByFirefighter" finished-at="2026-02-20T16:18:50 IST" duration-ms="48821" status="PASS">
          <reporter-output>
            <line>
              <![CDATA[ ]]>
            </line>
            <line>
              <![CDATA[The process of creating new alarm template by fire fighter is started.]]>
            </line>
            <line>
              <![CDATA[The process of creating new alarm template by fire fighter is complete.]]>
            </line>
            <line>
              <![CDATA[ ]]>
            </line>
          </reporter-output>
        </test-method> <!-- createNewAlarmTemplateByFirefighter -->
        <test-method is-config="true" signature="backToHomePage2(org.testng.ITestResult)[pri:0, instance:function.A_testClassCreate@496bc455]" started-at="2026-02-20T16:18:50 IST" name="backToHomePage2" finished-at="2026-02-20T16:18:57 IST" duration-ms="6366" status="PASS">
          <params>
            <param index="0">
              <value>
                <![CDATA[[TestResult name=createNewAlarmTemplateByFirefighter status=SUCCESS method=A_testClassCreate.createNewAlarmTemplateByFirefighter()[pri:0, instance:function.A_testClassCreate@496bc455]]]]>
              </value>
            </param>
          </params>
          <reporter-output>
          </reporter-output>
        </test-method> <!-- backToHomePage2 -->
        <test-method is-config="true" signature="backToHomePage()[pri:0, instance:function.A_testClassCreate@496bc455]" started-at="2026-02-20T16:18:57 IST" name="backToHomePage" finished-at="2026-02-20T16:19:04 IST" duration-ms="7371" status="PASS">
          <reporter-output>
          </reporter-output>
        </test-method> <!-- backToHomePage -->
        <test-method signature="createNewAlarmLoop()[pri:0, instance:function.A_testClassCreate@496bc455]" started-at="2026-02-20T16:19:04 IST" name="createNewAlarmLoop" finished-at="2026-02-20T16:19:29 IST" duration-ms="24851" status="PASS">
          <reporter-output>
            <line>
              <![CDATA[ ]]>
            </line>
            <line>
              <![CDATA[The process of creating new alarm loop is started.]]>
            </line>
            <line>
              <![CDATA[The process of creating new alarm loop is is complete.]]>
            </line>
            <line>
              <![CDATA[ ]]>
            </line>
          </reporter-output>
        </test-method> <!-- createNewAlarmLoop -->
        <test-method is-config="true" signature="backToHomePage2(org.testng.ITestResult)[pri:0, instance:function.A_testClassCreate@496bc455]" started-at="2026-02-20T16:19:29 IST" name="backToHomePage2" finished-at="2026-02-20T16:19:35 IST" duration-ms="5554" status="PASS">
          <params>
            <param index="0">
              <value>
                <![CDATA[[TestResult name=createNewAlarmLoop status=SUCCESS method=A_testClassCreate.createNewAlarmLoop()[pri:0, instance:function.A_testClassCreate@496bc455]]]]>
              </value>
            </param>
          </params>
          <reporter-output>
          </reporter-output>
        </test-method> <!-- backToHomePage2 -->
        <test-method is-config="true" signature="backToHomePage()[pri:0, instance:function.A_testClassCreate@496bc455]" started-at="2026-02-20T16:19:35 IST" name="backToHomePage" finished-at="2026-02-20T16:19:42 IST" duration-ms="7420" status="PASS">
          <reporter-output>
          </reporter-output>
        </test-method> <!-- backToHomePage -->
        <test-method signature="createEventCategory()[pri:0, instance:function.A_testClassCreate@496bc455]" started-at="2026-02-20T16:19:42 IST" name="createEventCategory" finished-at="2026-02-20T16:20:01 IST" duration-ms="19013" status="PASS">
          <reporter-output>
            <line>
              <![CDATA[ ]]>
            </line>
            <line>
              <![CDATA[The process for creating event category  has been initiated..]]>
            </line>
            <line>
              <![CDATA[The process for ccreating event category has been completed successfully.]]>
            </line>
            <line>
              <![CDATA[ ]]>
            </line>
          </reporter-output>
        </test-method> <!-- createEventCategory -->
        <test-method is-config="true" signature="backToHomePage2(org.testng.ITestResult)[pri:0, instance:function.A_testClassCreate@496bc455]" started-at="2026-02-20T16:20:01 IST" name="backToHomePage2" finished-at="2026-02-20T16:20:07 IST" duration-ms="5560" status="PASS">
          <params>
            <param index="0">
              <value>
                <![CDATA[[TestResult name=createEventCategory status=SUCCESS method=A_testClassCreate.createEventCategory()[pri:0, instance:function.A_testClassCreate@496bc455]]]]>
              </value>
            </param>
          </params>
          <reporter-output>
          </reporter-output>
        </test-method> <!-- backToHomePage2 -->
        <test-method is-config="true" signature="logOut()[pri:0, instance:function.A_testClassCreate@496bc455]" started-at="2026-02-20T16:20:07 IST" name="logOut" finished-at="2026-02-20T16:20:11 IST" duration-ms="4105" status="PASS">
          <reporter-output>
            <line>
              <![CDATA[Logout sucessfully.]]>
            </line>
            <line>
              <![CDATA[ ]]>
            </line>
          </reporter-output>
        </test-method> <!-- logOut -->
        <test-method is-config="true" signature="AfterTest()[pri:0, instance:function.A_testClassCreate@496bc455]" started-at="2026-02-20T16:20:11 IST" name="AfterTest" finished-at="2026-02-20T16:20:11 IST" duration-ms="1" status="PASS">
          <reporter-output>
            <line>
              <![CDATA[Refresh the URL before successfully closing the browser.]]>
            </line>
          </reporter-output>
        </test-method> <!-- AfterTest -->
        <test-method is-config="true" signature="AfterSute()[pri:0, instance:function.A_testClassCreate@496bc455]" started-at="2026-02-20T16:20:11 IST" name="AfterSute" finished-at="2026-02-20T16:20:11 IST" duration-ms="196" status="PASS">
          <reporter-output>
            <line>
              <![CDATA[Browser close sucessfully.]]>
            </line>
            <line>
              <![CDATA[ ]]>
            </line>
            <line>
              <![CDATA[Good to see you again.]]>
            </line>
          </reporter-output>
        </test-method> <!-- AfterSute -->
      </class> <!-- function.A_testClassCreate -->
    </test> <!-- Test -->
  </suite> <!-- Suite -->
</testng-results>
