<?xml version="1.0" encoding="UTF-8"?>
<testng-results ignored="0" total="11" passed="10" failed="1" skipped="0">
  <reporter-output>
    <line>
      <![CDATA[Well come to RETTERAlarm Live branch]]>
    </line>
    <line>
      <![CDATA[Logged in user-6039-DE-andrew-deptu-2]]>
    </line>
    <line>
      <![CDATA[ ]]>
    </line>
    <line>
      <![CDATA[The process of send message to old api alarm user is started.]]>
    </line>
    <line>
      <![CDATA[The process of send message to old api alarm user is complete.]]>
    </line>
    <line>
      <![CDATA[ ]]>
    </line>
    <line>
      <![CDATA[ ]]>
    </line>
    <line>
      <![CDATA[The process of send message to new api alarm user is started.]]>
    </line>
    <line>
      <![CDATA[image attached properly]]>
    </line>
    <line>
      <![CDATA[pdf attached properly]]>
    </line>
    <line>
      <![CDATA[word file attached properly]]>
    </line>
    <line>
      <![CDATA[The process of send message to new api alarm user is complete.]]>
    </line>
    <line>
      <![CDATA[ ]]>
    </line>
    <line>
      <![CDATA[ ]]>
    </line>
    <line>
      <![CDATA[The process of creating a manual alarm by attribute  is started.]]>
    </line>
    <line>
      <![CDATA[The process of creating a manual alarm by attribute is complete.]]>
    </line>
    <line>
      <![CDATA[ ]]>
    </line>
    <line>
      <![CDATA[ ]]>
    </line>
    <line>
      <![CDATA[The process of creating a manual alarm by resource is started.]]>
    </line>
    <line>
      <![CDATA[The process of creating a manual alarm by resource is complete.]]>
    </line>
    <line>
      <![CDATA[ ]]>
    </line>
    <line>
      <![CDATA[ ]]>
    </line>
    <line>
      <![CDATA[The process of creating a manual alarm by firefighter is started.]]>
    </line>
    <line>
      <![CDATA[The process of creating a manual alarm by firefighter is complete.]]>
    </line>
    <line>
      <![CDATA[ ]]>
    </line>
    <line>
      <![CDATA[ ]]>
    </line>
    <line>
      <![CDATA[The process of creating a low priority multi station manual alarm by attribute  is started.]]>
    </line>
    <line>
      <![CDATA[The process of creating a low priority multi station manual alarm by attribute is complete.]]>
    </line>
    <line>
      <![CDATA[ ]]>
    </line>
    <line>
      <![CDATA[ ]]>
    </line>
    <line>
      <![CDATA[The process of creating a manual alarm by escaltion resource-single station is started.]]>
    </line>
    <line>
      <![CDATA[The process of creating a manual alarm by escaltion resource-single station is complete.]]>
    </line>
    <line>
      <![CDATA[ ]]>
    </line>
    <line>
      <![CDATA[ ]]>
    </line>
    <line>
      <![CDATA[The process of creating a manual alarm by escaltion resource-multi station is started.]]>
    </line>
    <line>
      <![CDATA[The process of creating a manual alarm by escaltion resource-multi station is complete.]]>
    </line>
    <line>
      <![CDATA[ ]]>
    </line>
    <line>
      <![CDATA[ ]]>
    </line>
    <line>
      <![CDATA[The process of creating a manual alarm by attribute st2 and extend to st1 by resource is started.]]>
    </line>
    <line>
      <![CDATA[ ]]>
    </line>
    <line>
      <![CDATA[The process of creating a manual alarm by template is started.]]>
    </line>
    <line>
      <![CDATA[The process of creating a manual alarm by template is complete.]]>
    </line>
    <line>
      <![CDATA[ ]]>
    </line>
    <line>
      <![CDATA[ ]]>
    </line>
    <line>
      <![CDATA[The process of send message to manual alarm user is started.]]>
    </line>
    <line>
      <![CDATA[The process of send message to manual alarm user is complete.]]>
    </line>
    <line>
      <![CDATA[ ]]>
    </line>
    <line>
      <![CDATA[Logout sucessfully.]]>
    </line>
    <line>
      <![CDATA[ ]]>
    </line>
    <line>
      <![CDATA[Refresh the URL before successfully closing the browser.]]>
    </line>
    <line>
      <![CDATA[Browser close sucessfully.]]>
    </line>
    <line>
      <![CDATA[ ]]>
    </line>
    <line>
      <![CDATA[Good to see you again.]]>
    </line>
  </reporter-output>
  <suite started-at="2025-06-04T10:28:08 IST" name="Suite" finished-at="2025-06-04T10:40:41 IST" duration-ms="752701">
    <groups>
    </groups>
    <test started-at="2025-06-04T10:28:08 IST" name="Test" finished-at="2025-06-04T10:40:41 IST" duration-ms="752701">
      <class name="function.A_testClassCreate">
        <test-method is-config="true" signature="BeforeSuite()[pri:0, instance:function.A_testClassCreate@1cf6d1be]" started-at="2025-06-04T10:28:00 IST" name="BeforeSuite" finished-at="2025-06-04T10:28:08 IST" duration-ms="8374" status="PASS">
          <reporter-output>
            <line>
              <![CDATA[Well come to RETTERAlarm Live branch]]>
            </line>
          </reporter-output>
        </test-method> <!-- BeforeSuite -->
        <test-method is-config="true" signature="BeforeTest()[pri:0, instance:function.A_testClassCreate@1cf6d1be]" started-at="2025-06-04T10:28:08 IST" name="BeforeTest" finished-at="2025-06-04T10:28:16 IST" duration-ms="8227" status="PASS">
          <reporter-output>
            <line>
              <![CDATA[Logged in user-6039-DE-andrew-deptu-2]]>
            </line>
          </reporter-output>
        </test-method> <!-- BeforeTest -->
        <test-method is-config="true" signature="createObject()[pri:0, instance:function.A_testClassCreate@1cf6d1be]" started-at="2025-06-04T10:28:16 IST" name="createObject" finished-at="2025-06-04T10:28:16 IST" duration-ms="27" status="PASS">
          <reporter-output>
          </reporter-output>
        </test-method> <!-- createObject -->
        <test-method is-config="true" signature="backToHomePage()[pri:0, instance:function.A_testClassCreate@1cf6d1be]" started-at="2025-06-04T10:28:16 IST" name="backToHomePage" finished-at="2025-06-04T10:28:22 IST" duration-ms="5434" status="PASS">
          <reporter-output>
          </reporter-output>
        </test-method> <!-- backToHomePage -->
        <test-method signature="sendMessageToOldApiAlarmUser()[pri:0, instance:function.A_testClassCreate@1cf6d1be]" started-at="2025-06-04T10:28:22 IST" name="sendMessageToOldApiAlarmUser" finished-at="2025-06-04T10:28:59 IST" duration-ms="37038" status="PASS">
          <reporter-output>
            <line>
              <![CDATA[ ]]>
            </line>
            <line>
              <![CDATA[The process of send message to old api alarm user is started.]]>
            </line>
            <line>
              <![CDATA[The process of send message to old api alarm user is complete.]]>
            </line>
            <line>
              <![CDATA[ ]]>
            </line>
          </reporter-output>
        </test-method> <!-- sendMessageToOldApiAlarmUser -->
        <test-method is-config="true" signature="backToHomePage2()[pri:0, instance:function.A_testClassCreate@1cf6d1be]" started-at="2025-06-04T10:28:59 IST" name="backToHomePage2" finished-at="2025-06-04T10:29:20 IST" duration-ms="20925" status="PASS">
          <reporter-output>
          </reporter-output>
        </test-method> <!-- backToHomePage2 -->
        <test-method is-config="true" signature="backToHomePage()[pri:0, instance:function.A_testClassCreate@1cf6d1be]" started-at="2025-06-04T10:29:20 IST" name="backToHomePage" finished-at="2025-06-04T10:29:25 IST" duration-ms="5392" status="PASS">
          <reporter-output>
          </reporter-output>
        </test-method> <!-- backToHomePage -->
        <test-method signature="sendMessageToNewApiAlarmUser()[pri:0, instance:function.A_testClassCreate@1cf6d1be]" started-at="2025-06-04T10:29:25 IST" name="sendMessageToNewApiAlarmUser" finished-at="2025-06-04T10:30:36 IST" duration-ms="71070" status="PASS">
          <reporter-output>
            <line>
              <![CDATA[ ]]>
            </line>
            <line>
              <![CDATA[The process of send message to new api alarm user is started.]]>
            </line>
            <line>
              <![CDATA[image attached properly]]>
            </line>
            <line>
              <![CDATA[pdf attached properly]]>
            </line>
            <line>
              <![CDATA[word file attached properly]]>
            </line>
            <line>
              <![CDATA[The process of send message to new api alarm user is complete.]]>
            </line>
            <line>
              <![CDATA[ ]]>
            </line>
          </reporter-output>
        </test-method> <!-- sendMessageToNewApiAlarmUser -->
        <test-method is-config="true" signature="backToHomePage2()[pri:0, instance:function.A_testClassCreate@1cf6d1be]" started-at="2025-06-04T10:30:36 IST" name="backToHomePage2" finished-at="2025-06-04T10:30:58 IST" duration-ms="22004" status="PASS">
          <reporter-output>
          </reporter-output>
        </test-method> <!-- backToHomePage2 -->
        <test-method is-config="true" signature="backToHomePage()[pri:0, instance:function.A_testClassCreate@1cf6d1be]" started-at="2025-06-04T10:30:58 IST" name="backToHomePage" finished-at="2025-06-04T10:31:04 IST" duration-ms="5863" status="PASS">
          <reporter-output>
          </reporter-output>
        </test-method> <!-- backToHomePage -->
        <test-method signature="manualaByAttributeSingleStation()[pri:0, instance:function.A_testClassCreate@1cf6d1be]" started-at="2025-06-04T10:31:04 IST" name="manualaByAttributeSingleStation" finished-at="2025-06-04T10:31:53 IST" duration-ms="48731" status="PASS">
          <reporter-output>
            <line>
              <![CDATA[ ]]>
            </line>
            <line>
              <![CDATA[The process of creating a manual alarm by attribute  is started.]]>
            </line>
            <line>
              <![CDATA[The process of creating a manual alarm by attribute is complete.]]>
            </line>
            <line>
              <![CDATA[ ]]>
            </line>
          </reporter-output>
        </test-method> <!-- manualaByAttributeSingleStation -->
        <test-method is-config="true" signature="backToHomePage2()[pri:0, instance:function.A_testClassCreate@1cf6d1be]" started-at="2025-06-04T10:31:53 IST" name="backToHomePage2" finished-at="2025-06-04T10:32:14 IST" duration-ms="21564" status="PASS">
          <reporter-output>
          </reporter-output>
        </test-method> <!-- backToHomePage2 -->
        <test-method is-config="true" signature="backToHomePage()[pri:0, instance:function.A_testClassCreate@1cf6d1be]" started-at="2025-06-04T10:32:14 IST" name="backToHomePage" finished-at="2025-06-04T10:32:20 IST" duration-ms="5419" status="PASS">
          <reporter-output>
          </reporter-output>
        </test-method> <!-- backToHomePage -->
        <test-method signature="manualAlarmByResourceMs()[pri:0, instance:function.A_testClassCreate@1cf6d1be]" started-at="2025-06-04T10:32:20 IST" name="manualAlarmByResourceMs" finished-at="2025-06-04T10:32:52 IST" duration-ms="32514" status="PASS">
          <reporter-output>
            <line>
              <![CDATA[ ]]>
            </line>
            <line>
              <![CDATA[The process of creating a manual alarm by resource is started.]]>
            </line>
            <line>
              <![CDATA[The process of creating a manual alarm by resource is complete.]]>
            </line>
            <line>
              <![CDATA[ ]]>
            </line>
          </reporter-output>
        </test-method> <!-- manualAlarmByResourceMs -->
        <test-method is-config="true" signature="backToHomePage2()[pri:0, instance:function.A_testClassCreate@1cf6d1be]" started-at="2025-06-04T10:32:52 IST" name="backToHomePage2" finished-at="2025-06-04T10:33:13 IST" duration-ms="21120" status="PASS">
          <reporter-output>
          </reporter-output>
        </test-method> <!-- backToHomePage2 -->
        <test-method is-config="true" signature="backToHomePage()[pri:0, instance:function.A_testClassCreate@1cf6d1be]" started-at="2025-06-04T10:33:13 IST" name="backToHomePage" finished-at="2025-06-04T10:33:19 IST" duration-ms="5384" status="PASS">
          <reporter-output>
          </reporter-output>
        </test-method> <!-- backToHomePage -->
        <test-method signature="manualAlarmByFirefighterMs()[pri:0, instance:function.A_testClassCreate@1cf6d1be]" started-at="2025-06-04T10:33:19 IST" name="manualAlarmByFirefighterMs" finished-at="2025-06-04T10:34:10 IST" duration-ms="50734" status="PASS">
          <reporter-output>
            <line>
              <![CDATA[ ]]>
            </line>
            <line>
              <![CDATA[The process of creating a manual alarm by firefighter is started.]]>
            </line>
            <line>
              <![CDATA[The process of creating a manual alarm by firefighter is complete.]]>
            </line>
            <line>
              <![CDATA[ ]]>
            </line>
          </reporter-output>
        </test-method> <!-- manualAlarmByFirefighterMs -->
        <test-method is-config="true" signature="backToHomePage2()[pri:0, instance:function.A_testClassCreate@1cf6d1be]" started-at="2025-06-04T10:34:10 IST" name="backToHomePage2" finished-at="2025-06-04T10:34:30 IST" duration-ms="20711" status="PASS">
          <reporter-output>
          </reporter-output>
        </test-method> <!-- backToHomePage2 -->
        <test-method is-config="true" signature="backToHomePage()[pri:0, instance:function.A_testClassCreate@1cf6d1be]" started-at="2025-06-04T10:34:30 IST" name="backToHomePage" finished-at="2025-06-04T10:34:36 IST" duration-ms="5722" status="PASS">
          <reporter-output>
          </reporter-output>
        </test-method> <!-- backToHomePage -->
        <test-method signature="manualaByAttributeMSLP()[pri:0, instance:function.A_testClassCreate@1cf6d1be]" started-at="2025-06-04T10:34:36 IST" name="manualaByAttributeMSLP" finished-at="2025-06-04T10:35:15 IST" duration-ms="38655" status="PASS">
          <reporter-output>
            <line>
              <![CDATA[ ]]>
            </line>
            <line>
              <![CDATA[The process of creating a low priority multi station manual alarm by attribute  is started.]]>
            </line>
            <line>
              <![CDATA[The process of creating a low priority multi station manual alarm by attribute is complete.]]>
            </line>
            <line>
              <![CDATA[ ]]>
            </line>
          </reporter-output>
        </test-method> <!-- manualaByAttributeMSLP -->
        <test-method is-config="true" signature="backToHomePage2()[pri:0, instance:function.A_testClassCreate@1cf6d1be]" started-at="2025-06-04T10:35:15 IST" name="backToHomePage2" finished-at="2025-06-04T10:35:35 IST" duration-ms="20855" status="PASS">
          <reporter-output>
          </reporter-output>
        </test-method> <!-- backToHomePage2 -->
        <test-method is-config="true" signature="backToHomePage()[pri:0, instance:function.A_testClassCreate@1cf6d1be]" started-at="2025-06-04T10:35:35 IST" name="backToHomePage" finished-at="2025-06-04T10:35:41 IST" duration-ms="5393" status="PASS">
          <reporter-output>
          </reporter-output>
        </test-method> <!-- backToHomePage -->
        <test-method signature="manualAlarmByEscResourceSingleStation()[pri:0, instance:function.A_testClassCreate@1cf6d1be]" started-at="2025-06-04T10:35:41 IST" name="manualAlarmByEscResourceSingleStation" finished-at="2025-06-04T10:36:13 IST" duration-ms="31638" status="PASS">
          <reporter-output>
            <line>
              <![CDATA[ ]]>
            </line>
            <line>
              <![CDATA[The process of creating a manual alarm by escaltion resource-single station is started.]]>
            </line>
            <line>
              <![CDATA[The process of creating a manual alarm by escaltion resource-single station is complete.]]>
            </line>
            <line>
              <![CDATA[ ]]>
            </line>
          </reporter-output>
        </test-method> <!-- manualAlarmByEscResourceSingleStation -->
        <test-method is-config="true" signature="backToHomePage2()[pri:0, instance:function.A_testClassCreate@1cf6d1be]" started-at="2025-06-04T10:36:13 IST" name="backToHomePage2" finished-at="2025-06-04T10:36:34 IST" duration-ms="21257" status="PASS">
          <reporter-output>
          </reporter-output>
        </test-method> <!-- backToHomePage2 -->
        <test-method is-config="true" signature="backToHomePage()[pri:0, instance:function.A_testClassCreate@1cf6d1be]" started-at="2025-06-04T10:36:34 IST" name="backToHomePage" finished-at="2025-06-04T10:36:39 IST" duration-ms="5574" status="PASS">
          <reporter-output>
          </reporter-output>
        </test-method> <!-- backToHomePage -->
        <test-method signature="manualAlarmByEscResourceMs()[pri:0, instance:function.A_testClassCreate@1cf6d1be]" started-at="2025-06-04T10:36:39 IST" name="manualAlarmByEscResourceMs" finished-at="2025-06-04T10:37:07 IST" duration-ms="27743" status="PASS">
          <reporter-output>
            <line>
              <![CDATA[ ]]>
            </line>
            <line>
              <![CDATA[The process of creating a manual alarm by escaltion resource-multi station is started.]]>
            </line>
            <line>
              <![CDATA[The process of creating a manual alarm by escaltion resource-multi station is complete.]]>
            </line>
            <line>
              <![CDATA[ ]]>
            </line>
          </reporter-output>
        </test-method> <!-- manualAlarmByEscResourceMs -->
        <test-method is-config="true" signature="backToHomePage2()[pri:0, instance:function.A_testClassCreate@1cf6d1be]" started-at="2025-06-04T10:37:07 IST" name="backToHomePage2" finished-at="2025-06-04T10:37:28 IST" duration-ms="20731" status="PASS">
          <reporter-output>
          </reporter-output>
        </test-method> <!-- backToHomePage2 -->
        <test-method is-config="true" signature="backToHomePage()[pri:0, instance:function.A_testClassCreate@1cf6d1be]" started-at="2025-06-04T10:37:28 IST" name="backToHomePage" finished-at="2025-06-04T10:37:33 IST" duration-ms="5468" status="PASS">
          <reporter-output>
          </reporter-output>
        </test-method> <!-- backToHomePage -->
        <test-method signature="manualaByAttributeExtend1StStResource()[pri:0, instance:function.A_testClassCreate@1cf6d1be]" started-at="2025-06-04T10:37:33 IST" name="manualaByAttributeExtend1StStResource" finished-at="2025-06-04T10:38:17 IST" duration-ms="44122" status="FAIL">
          <exception class="org.openqa.selenium.NoSuchElementException">
            <message>
              <![CDATA[no such element: Unable to locate element: {"method":"xpath","selector":"//input[@placeholder="Select Firestation"]"}
  (Session info: chrome=137.0.7151.56)
For documentation on this error, please visit: https://www.selenium.dev/documentation/webdriver/troubleshooting/errors#no-such-element-exception
Build info: version: '4.17.0', revision: 'e52b1be057*'
System info: os.name: 'Windows 11', os.arch: 'amd64', os.version: '10.0', java.version: '17.0.9'
Driver info: org.openqa.selenium.chrome.ChromeDriver
Command: [b1f186a2298ee012a5672a9b4e8e9140, findElement {value=//input[@placeholder="Select Firestation"], using=xpath}]
Capabilities {acceptInsecureCerts: false, browserName: chrome, browserVersion: 137.0.7151.56, chrome: {chromedriverVersion: 137.0.7151.68 (2989ffee9373..., userDataDir: C:\Users\BHUPESH\AppData\Lo...}, fedcm:accounts: true, goog:chromeOptions: {debuggerAddress: localhost:50344}, networkConnectionEnabled: false, pageLoadStrategy: normal, platformName: windows, proxy: Proxy(), se:cdp: ws://localhost:50344/devtoo..., se:cdpVersion: 137.0.7151.56, setWindowRect: true, strictFileInteractability: false, timeouts: {implicit: 0, pageLoad: 300000, script: 30000}, unhandledPromptBehavior: dismiss and notify, webauthn:extension:credBlob: true, webauthn:extension:largeBlob: true, webauthn:extension:minPinLength: true, webauthn:extension:prf: true, webauthn:virtualAuthenticators: true}
Session ID: b1f186a2298ee012a5672a9b4e8e9140]]>
            </message>
            <full-stacktrace>
              <![CDATA[org.openqa.selenium.NoSuchElementException: no such element: Unable to locate element: {"method":"xpath","selector":"//input[@placeholder="Select Firestation"]"}
  (Session info: chrome=137.0.7151.56)
For documentation on this error, please visit: https://www.selenium.dev/documentation/webdriver/troubleshooting/errors#no-such-element-exception
Build info: version: '4.17.0', revision: 'e52b1be057*'
System info: os.name: 'Windows 11', os.arch: 'amd64', os.version: '10.0', java.version: '17.0.9'
Driver info: org.openqa.selenium.chrome.ChromeDriver
Command: [b1f186a2298ee012a5672a9b4e8e9140, findElement {value=//input[@placeholder="Select Firestation"], using=xpath}]
Capabilities {acceptInsecureCerts: false, browserName: chrome, browserVersion: 137.0.7151.56, chrome: {chromedriverVersion: 137.0.7151.68 (2989ffee9373..., userDataDir: C:\Users\BHUPESH\AppData\Lo...}, fedcm:accounts: true, goog:chromeOptions: {debuggerAddress: localhost:50344}, networkConnectionEnabled: false, pageLoadStrategy: normal, platformName: windows, proxy: Proxy(), se:cdp: ws://localhost:50344/devtoo..., se:cdpVersion: 137.0.7151.56, setWindowRect: true, strictFileInteractability: false, timeouts: {implicit: 0, pageLoad: 300000, script: 30000}, unhandledPromptBehavior: dismiss and notify, webauthn:extension:credBlob: true, webauthn:extension:largeBlob: true, webauthn:extension:minPinLength: true, webauthn:extension:prf: true, webauthn:virtualAuthenticators: true}
Session ID: b1f186a2298ee012a5672a9b4e8e9140
at java.base/jdk.internal.reflect.NativeConstructorAccessorImpl.newInstance0(Native Method)
at java.base/jdk.internal.reflect.NativeConstructorAccessorImpl.newInstance(NativeConstructorAccessorImpl.java:77)
at java.base/jdk.internal.reflect.DelegatingConstructorAccessorImpl.newInstance(DelegatingConstructorAccessorImpl.java:45)
at java.base/java.lang.reflect.Constructor.newInstanceWithCaller(Constructor.java:499)
at java.base/java.lang.reflect.Constructor.newInstance(Constructor.java:480)
at org.openqa.selenium.remote.codec.w3c.W3CHttpResponseCodec.createException(W3CHttpResponseCodec.java:185)
at org.openqa.selenium.remote.codec.w3c.W3CHttpResponseCodec.decode(W3CHttpResponseCodec.java:134)
at org.openqa.selenium.remote.codec.w3c.W3CHttpResponseCodec.decode(W3CHttpResponseCodec.java:51)
at org.openqa.selenium.remote.HttpCommandExecutor.execute(HttpCommandExecutor.java:190)
at org.openqa.selenium.remote.service.DriverCommandExecutor.invokeExecute(DriverCommandExecutor.java:216)
at org.openqa.selenium.remote.service.DriverCommandExecutor.execute(DriverCommandExecutor.java:174)
at org.openqa.selenium.remote.RemoteWebDriver.execute(RemoteWebDriver.java:519)
at org.openqa.selenium.remote.ElementLocation$ElementFinder$2.findElement(ElementLocation.java:165)
at org.openqa.selenium.remote.ElementLocation.findElement(ElementLocation.java:59)
at org.openqa.selenium.remote.RemoteWebDriver.findElement(RemoteWebDriver.java:356)
at org.openqa.selenium.remote.RemoteWebDriver.findElement(RemoteWebDriver.java:350)
at org.openqa.selenium.support.pagefactory.DefaultElementLocator.findElement(DefaultElementLocator.java:68)
at org.openqa.selenium.support.pagefactory.internal.LocatingElementHandler.invoke(LocatingElementHandler.java:38)
at jdk.proxy2/jdk.proxy2.$Proxy22.click(Unknown Source)
at function.F_manualAlarm.manualaByAttributeExtend1StStResource(F_manualAlarm.java:666)
at function.A_testClassCreate.manualaByAttributeExtend1StStResource(A_testClassCreate.java:179)
at java.base/jdk.internal.reflect.NativeMethodAccessorImpl.invoke0(Native Method)
at java.base/jdk.internal.reflect.NativeMethodAccessorImpl.invoke(NativeMethodAccessorImpl.java:77)
at java.base/jdk.internal.reflect.DelegatingMethodAccessorImpl.invoke(DelegatingMethodAccessorImpl.java:43)
at java.base/java.lang.reflect.Method.invoke(Method.java:568)
at org.testng.internal.invokers.MethodInvocationHelper.invokeMethod(MethodInvocationHelper.java:139)
at org.testng.internal.invokers.TestInvoker.invokeMethod(TestInvoker.java:664)
at org.testng.internal.invokers.TestInvoker.invokeTestMethod(TestInvoker.java:228)
at org.testng.internal.invokers.MethodRunner.runInSequence(MethodRunner.java:63)
at org.testng.internal.invokers.TestInvoker$MethodInvocationAgent.invoke(TestInvoker.java:961)
at org.testng.internal.invokers.TestInvoker.invokeTestMethods(TestInvoker.java:201)
at org.testng.internal.invokers.TestMethodWorker.invokeTestMethods(TestMethodWorker.java:148)
at org.testng.internal.invokers.TestMethodWorker.run(TestMethodWorker.java:128)
at java.base/java.util.ArrayList.forEach(ArrayList.java:1511)
at org.testng.TestRunner.privateRun(TestRunner.java:819)
at org.testng.TestRunner.run(TestRunner.java:619)
at org.testng.SuiteRunner.runTest(SuiteRunner.java:443)
at org.testng.SuiteRunner.runSequentially(SuiteRunner.java:437)
at org.testng.SuiteRunner.privateRun(SuiteRunner.java:397)
at org.testng.SuiteRunner.run(SuiteRunner.java:336)
at org.testng.SuiteRunnerWorker.runSuite(SuiteRunnerWorker.java:52)
at org.testng.SuiteRunnerWorker.run(SuiteRunnerWorker.java:95)
at org.testng.TestNG.runSuitesSequentially(TestNG.java:1301)
at org.testng.TestNG.runSuitesLocally(TestNG.java:1228)
at org.testng.TestNG.runSuites(TestNG.java:1134)
at org.testng.TestNG.run(TestNG.java:1101)
at org.testng.remote.AbstractRemoteTestNG.run(AbstractRemoteTestNG.java:115)
at org.testng.remote.RemoteTestNG.initAndRun(RemoteTestNG.java:251)
at org.testng.remote.RemoteTestNG.main(RemoteTestNG.java:77)
]]>
            </full-stacktrace>
          </exception> <!-- org.openqa.selenium.NoSuchElementException -->
          <reporter-output>
            <line>
              <![CDATA[ ]]>
            </line>
            <line>
              <![CDATA[The process of creating a manual alarm by attribute st2 and extend to st1 by resource is started.]]>
            </line>
          </reporter-output>
        </test-method> <!-- manualaByAttributeExtend1StStResource -->
        <test-method is-config="true" signature="backToHomePage2()[pri:0, instance:function.A_testClassCreate@1cf6d1be]" started-at="2025-06-04T10:38:17 IST" name="backToHomePage2" finished-at="2025-06-04T10:38:38 IST" duration-ms="20546" status="PASS">
          <reporter-output>
          </reporter-output>
        </test-method> <!-- backToHomePage2 -->
        <test-method is-config="true" signature="backToHomePage()[pri:0, instance:function.A_testClassCreate@1cf6d1be]" started-at="2025-06-04T10:38:38 IST" name="backToHomePage" finished-at="2025-06-04T10:38:43 IST" duration-ms="5477" status="PASS">
          <reporter-output>
          </reporter-output>
        </test-method> <!-- backToHomePage -->
        <test-method signature="manualAlarmByTemplate()[pri:0, instance:function.A_testClassCreate@1cf6d1be]" started-at="2025-06-04T10:38:43 IST" name="manualAlarmByTemplate" finished-at="2025-06-04T10:39:15 IST" duration-ms="31399" status="PASS">
          <reporter-output>
            <line>
              <![CDATA[ ]]>
            </line>
            <line>
              <![CDATA[The process of creating a manual alarm by template is started.]]>
            </line>
            <line>
              <![CDATA[The process of creating a manual alarm by template is complete.]]>
            </line>
            <line>
              <![CDATA[ ]]>
            </line>
          </reporter-output>
        </test-method> <!-- manualAlarmByTemplate -->
        <test-method is-config="true" signature="backToHomePage2()[pri:0, instance:function.A_testClassCreate@1cf6d1be]" started-at="2025-06-04T10:39:15 IST" name="backToHomePage2" finished-at="2025-06-04T10:39:36 IST" duration-ms="20728" status="PASS">
          <reporter-output>
          </reporter-output>
        </test-method> <!-- backToHomePage2 -->
        <test-method is-config="true" signature="backToHomePage()[pri:0, instance:function.A_testClassCreate@1cf6d1be]" started-at="2025-06-04T10:39:36 IST" name="backToHomePage" finished-at="2025-06-04T10:39:41 IST" duration-ms="5480" status="PASS">
          <reporter-output>
          </reporter-output>
        </test-method> <!-- backToHomePage -->
        <test-method signature="sendMessageToManualAlarmUser()[pri:0, instance:function.A_testClassCreate@1cf6d1be]" started-at="2025-06-04T10:39:41 IST" name="sendMessageToManualAlarmUser" finished-at="2025-06-04T10:40:16 IST" duration-ms="34523" status="PASS">
          <reporter-output>
            <line>
              <![CDATA[ ]]>
            </line>
            <line>
              <![CDATA[The process of send message to manual alarm user is started.]]>
            </line>
            <line>
              <![CDATA[The process of send message to manual alarm user is complete.]]>
            </line>
            <line>
              <![CDATA[ ]]>
            </line>
          </reporter-output>
        </test-method> <!-- sendMessageToManualAlarmUser -->
        <test-method is-config="true" signature="backToHomePage2()[pri:0, instance:function.A_testClassCreate@1cf6d1be]" started-at="2025-06-04T10:40:16 IST" name="backToHomePage2" finished-at="2025-06-04T10:40:36 IST" duration-ms="20913" status="PASS">
          <reporter-output>
          </reporter-output>
        </test-method> <!-- backToHomePage2 -->
        <test-method is-config="true" signature="logOut()[pri:0, instance:function.A_testClassCreate@1cf6d1be]" started-at="2025-06-04T10:40:36 IST" name="logOut" finished-at="2025-06-04T10:40:41 IST" duration-ms="4004" status="PASS">
          <reporter-output>
            <line>
              <![CDATA[Logout sucessfully.]]>
            </line>
            <line>
              <![CDATA[ ]]>
            </line>
          </reporter-output>
        </test-method> <!-- logOut -->
        <test-method is-config="true" signature="AfterTest()[pri:0, instance:function.A_testClassCreate@1cf6d1be]" started-at="2025-06-04T10:40:41 IST" name="AfterTest" finished-at="2025-06-04T10:40:41 IST" duration-ms="258" status="PASS">
          <reporter-output>
            <line>
              <![CDATA[Refresh the URL before successfully closing the browser.]]>
            </line>
          </reporter-output>
        </test-method> <!-- AfterTest -->
        <test-method is-config="true" signature="AfterSute()[pri:0, instance:function.A_testClassCreate@1cf6d1be]" started-at="2025-06-04T10:40:41 IST" name="AfterSute" finished-at="2025-06-04T10:40:41 IST" duration-ms="198" status="PASS">
          <reporter-output>
            <line>
              <![CDATA[Browser close sucessfully.]]>
            </line>
            <line>
              <![CDATA[ ]]>
            </line>
            <line>
              <![CDATA[Good to see you again.]]>
            </line>
          </reporter-output>
        </test-method> <!-- AfterSute -->
      </class> <!-- function.A_testClassCreate -->
    </test> <!-- Test -->
  </suite> <!-- Suite -->
</testng-results>
