<?xml version="1.0" encoding="UTF-8"?>
<testng-results ignored="0" total="2" passed="2" failed="0" skipped="0">
  <reporter-output>
    <line>
      <![CDATA[Well come to RETTERAlarm Live branch]]>
    </line>
    <line>
      <![CDATA[Logged in user-6039-DE-andrew-deptu-2]]>
    </line>
    <line>
      <![CDATA[|*******************************************************|]]>
    </line>
    <line>
      <![CDATA[ ]]>
    </line>
    <line>
      <![CDATA[The process of send message to old api alarm user is started.]]>
    </line>
    <line>
      <![CDATA[The process of send message to old api alarm user is complete.]]>
    </line>
    <line>
      <![CDATA[ ]]>
    </line>
    <line>
      <![CDATA[|*******************************************************|]]>
    </line>
    <line>
      <![CDATA[ ]]>
    </line>
    <line>
      <![CDATA[The process of send message to new api alarm user is started.]]>
    </line>
    <line>
      <![CDATA[image attached properly]]>
    </line>
    <line>
      <![CDATA[pdf attached properly]]>
    </line>
    <line>
      <![CDATA[word file attached properly]]>
    </line>
    <line>
      <![CDATA[The process of send message to new api alarm user is complete.]]>
    </line>
    <line>
      <![CDATA[ ]]>
    </line>
    <line>
      <![CDATA[Logout sucessfully.]]>
    </line>
    <line>
      <![CDATA[ ]]>
    </line>
    <line>
      <![CDATA[Refresh the URL before successfully closing the browser.]]>
    </line>
    <line>
      <![CDATA[Browser close sucessfully.]]>
    </line>
    <line>
      <![CDATA[ ]]>
    </line>
    <line>
      <![CDATA[Good to see you again.]]>
    </line>
  </reporter-output>
  <suite started-at="2025-07-15T12:41:41 IST" name="Failed suite [Suite]" finished-at="2025-07-15T12:45:11 IST" duration-ms="210010">
    <groups>
    </groups>
    <test started-at="2025-07-15T12:41:41 IST" name="Test(failed)" finished-at="2025-07-15T12:45:11 IST" duration-ms="210010">
      <class name="function.A_testClassCreate">
        <test-method is-config="true" signature="BeforeSuite()[pri:0, instance:function.A_testClassCreate@6bbe85a8]" started-at="2025-07-15T12:41:32 IST" name="BeforeSuite" finished-at="2025-07-15T12:41:41 IST" duration-ms="9027" status="PASS">
          <reporter-output>
            <line>
              <![CDATA[Well come to RETTERAlarm Live branch]]>
            </line>
          </reporter-output>
        </test-method> <!-- BeforeSuite -->
        <test-method is-config="true" signature="BeforeTest()[pri:0, instance:function.A_testClassCreate@6bbe85a8]" started-at="2025-07-15T12:41:41 IST" name="BeforeTest" finished-at="2025-07-15T12:41:49 IST" duration-ms="8025" status="PASS">
          <reporter-output>
            <line>
              <![CDATA[Logged in user-6039-DE-andrew-deptu-2]]>
            </line>
          </reporter-output>
        </test-method> <!-- BeforeTest -->
        <test-method is-config="true" signature="createObject()[pri:0, instance:function.A_testClassCreate@6bbe85a8]" started-at="2025-07-15T12:41:49 IST" name="createObject" finished-at="2025-07-15T12:41:49 IST" duration-ms="10" status="PASS">
          <reporter-output>
          </reporter-output>
        </test-method> <!-- createObject -->
        <test-method is-config="true" signature="backToHomePage()[pri:0, instance:function.A_testClassCreate@6bbe85a8]" started-at="2025-07-15T12:41:49 IST" name="backToHomePage" finished-at="2025-07-15T12:41:55 IST" duration-ms="6397" status="PASS">
          <reporter-output>
            <line>
              <![CDATA[|*******************************************************|]]>
            </line>
          </reporter-output>
        </test-method> <!-- backToHomePage -->
        <test-method signature="sendMessageToOldApiAlarmUser()[pri:0, instance:function.A_testClassCreate@6bbe85a8]" started-at="2025-07-15T12:41:55 IST" name="sendMessageToOldApiAlarmUser" finished-at="2025-07-15T12:42:33 IST" duration-ms="38277" status="PASS">
          <reporter-output>
            <line>
              <![CDATA[ ]]>
            </line>
            <line>
              <![CDATA[The process of send message to old api alarm user is started.]]>
            </line>
            <line>
              <![CDATA[The process of send message to old api alarm user is complete.]]>
            </line>
            <line>
              <![CDATA[ ]]>
            </line>
          </reporter-output>
        </test-method> <!-- sendMessageToOldApiAlarmUser -->
        <test-method is-config="true" signature="backToHomePage2()[pri:0, instance:function.A_testClassCreate@6bbe85a8]" started-at="2025-07-15T12:42:33 IST" name="backToHomePage2" finished-at="2025-07-15T12:42:55 IST" duration-ms="21168" status="PASS">
          <reporter-output>
          </reporter-output>
        </test-method> <!-- backToHomePage2 -->
        <test-method is-config="true" signature="backToHomePage()[pri:0, instance:function.A_testClassCreate@6bbe85a8]" started-at="2025-07-15T12:42:55 IST" name="backToHomePage" finished-at="2025-07-15T12:43:00 IST" duration-ms="5669" status="PASS">
          <reporter-output>
            <line>
              <![CDATA[|*******************************************************|]]>
            </line>
          </reporter-output>
        </test-method> <!-- backToHomePage -->
        <test-method signature="sendMessageToNewApiAlarmUser()[pri:0, instance:function.A_testClassCreate@6bbe85a8]" started-at="2025-07-15T12:43:00 IST" name="sendMessageToNewApiAlarmUser" finished-at="2025-07-15T12:44:28 IST" duration-ms="87435" status="PASS">
          <reporter-output>
            <line>
              <![CDATA[ ]]>
            </line>
            <line>
              <![CDATA[The process of send message to new api alarm user is started.]]>
            </line>
            <line>
              <![CDATA[image attached properly]]>
            </line>
            <line>
              <![CDATA[pdf attached properly]]>
            </line>
            <line>
              <![CDATA[word file attached properly]]>
            </line>
            <line>
              <![CDATA[The process of send message to new api alarm user is complete.]]>
            </line>
            <line>
              <![CDATA[ ]]>
            </line>
          </reporter-output>
        </test-method> <!-- sendMessageToNewApiAlarmUser -->
        <test-method is-config="true" signature="backToHomePage2()[pri:0, instance:function.A_testClassCreate@6bbe85a8]" started-at="2025-07-15T12:44:28 IST" name="backToHomePage2" finished-at="2025-07-15T12:45:06 IST" duration-ms="38227" status="PASS">
          <reporter-output>
          </reporter-output>
        </test-method> <!-- backToHomePage2 -->
        <test-method is-config="true" signature="logOut()[pri:0, instance:function.A_testClassCreate@6bbe85a8]" started-at="2025-07-15T12:45:06 IST" name="logOut" finished-at="2025-07-15T12:45:10 IST" duration-ms="4325" status="PASS">
          <reporter-output>
            <line>
              <![CDATA[Logout sucessfully.]]>
            </line>
            <line>
              <![CDATA[ ]]>
            </line>
          </reporter-output>
        </test-method> <!-- logOut -->
        <test-method is-config="true" signature="AfterTest()[pri:0, instance:function.A_testClassCreate@6bbe85a8]" started-at="2025-07-15T12:45:10 IST" name="AfterTest" finished-at="2025-07-15T12:45:11 IST" duration-ms="423" status="PASS">
          <reporter-output>
            <line>
              <![CDATA[Refresh the URL before successfully closing the browser.]]>
            </line>
          </reporter-output>
        </test-method> <!-- AfterTest -->
        <test-method is-config="true" signature="AfterSute()[pri:0, instance:function.A_testClassCreate@6bbe85a8]" started-at="2025-07-15T12:45:11 IST" name="AfterSute" finished-at="2025-07-15T12:45:11 IST" duration-ms="227" status="PASS">
          <reporter-output>
            <line>
              <![CDATA[Browser close sucessfully.]]>
            </line>
            <line>
              <![CDATA[ ]]>
            </line>
            <line>
              <![CDATA[Good to see you again.]]>
            </line>
          </reporter-output>
        </test-method> <!-- AfterSute -->
      </class> <!-- function.A_testClassCreate -->
    </test> <!-- Test(failed) -->
  </suite> <!-- Failed suite [Suite] -->
</testng-results>
