<?xml version="1.0" encoding="UTF-8"?>
<testng-results ignored="0" total="36" passed="34" failed="2" skipped="0">
  <reporter-output>
    <line>
      <![CDATA[Well come to RETTERAlarm Testing branch]]>
    </line>
    <line>
      <![CDATA[Logged in user-914-IN-U11-U011-1]]>
    </line>
    <line>
      <![CDATA[ ]]>
    </line>
    <line>
      <![CDATA[The process of send message to new api alarm user is started.]]>
    </line>
    <line>
      <![CDATA[ ]]>
    </line>
    <line>
      <![CDATA[The process of send message to old api alarm user is started.]]>
    </line>
    <line>
      <![CDATA[ ]]>
    </line>
    <line>
      <![CDATA[The process of creating a manual alarm by attribute  is started.]]>
    </line>
    <line>
      <![CDATA[The process of creating a manual alarm by attribute is complete.]]>
    </line>
    <line>
      <![CDATA[ ]]>
    </line>
    <line>
      <![CDATA[ ]]>
    </line>
    <line>
      <![CDATA[The process of creating a manual alarm by resource is started.]]>
    </line>
    <line>
      <![CDATA[The process of creating a manual alarm by resource is complete.]]>
    </line>
    <line>
      <![CDATA[ ]]>
    </line>
    <line>
      <![CDATA[ ]]>
    </line>
    <line>
      <![CDATA[The process of creating a manual alarm by firefighter is started.]]>
    </line>
    <line>
      <![CDATA[The process of creating a manual alarm by firefighter is complete.]]>
    </line>
    <line>
      <![CDATA[ ]]>
    </line>
    <line>
      <![CDATA[ ]]>
    </line>
    <line>
      <![CDATA[The process of creating a low priority multi station manual alarm by attribute  is started.]]>
    </line>
    <line>
      <![CDATA[The process of creating a low priority multi station manual alarm by attribute is complete.]]>
    </line>
    <line>
      <![CDATA[ ]]>
    </line>
    <line>
      <![CDATA[ ]]>
    </line>
    <line>
      <![CDATA[The process of creating a manual alarm by escaltion resource-single station is started.]]>
    </line>
    <line>
      <![CDATA[The process of creating a manual alarm by escaltion resource-single station is complete.]]>
    </line>
    <line>
      <![CDATA[ ]]>
    </line>
    <line>
      <![CDATA[ ]]>
    </line>
    <line>
      <![CDATA[The process of creating a manual alarm by escaltion resource-multi station is started.]]>
    </line>
    <line>
      <![CDATA[The process of creating a manual alarm by escaltion resource-multi station is complete.]]>
    </line>
    <line>
      <![CDATA[ ]]>
    </line>
    <line>
      <![CDATA[ ]]>
    </line>
    <line>
      <![CDATA[The process of creating a manual alarm by attribute st2 and extend to st1 by resource is started.]]>
    </line>
    <line>
      <![CDATA[The process of creating a manual alarm by attribute st2 and extend to st1 by resource is complete.]]>
    </line>
    <line>
      <![CDATA[ ]]>
    </line>
    <line>
      <![CDATA[ ]]>
    </line>
    <line>
      <![CDATA[The process of creating a manual alarm by template is started.]]>
    </line>
    <line>
      <![CDATA[The process of creating a manual alarm by template is complete.]]>
    </line>
    <line>
      <![CDATA[ ]]>
    </line>
    <line>
      <![CDATA[ ]]>
    </line>
    <line>
      <![CDATA[The process of creating new alarm template by attribute is started.]]>
    </line>
    <line>
      <![CDATA[The process of creating new alarm template by attribute is complete.]]>
    </line>
    <line>
      <![CDATA[ ]]>
    </line>
    <line>
      <![CDATA[ ]]>
    </line>
    <line>
      <![CDATA[The process for creating Alarm By Newly Added Template From Template Module has been initiated.]]>
    </line>
    <line>
      <![CDATA[The process for creating Alarm By Newly Added Template From Template Module has been completed successfully.]]>
    </line>
    <line>
      <![CDATA[ ]]>
    </line>
    <line>
      <![CDATA[ ]]>
    </line>
    <line>
      <![CDATA[The process of creating new alarm resource is started.]]>
    </line>
    <line>
      <![CDATA[The process of creating new alarm resource is complete.]]>
    </line>
    <line>
      <![CDATA[ ]]>
    </line>
    <line>
      <![CDATA[ ]]>
    </line>
    <line>
      <![CDATA[The process of creating a manual alarm by new resource  is started.]]>
    </line>
    <line>
      <![CDATA[The process of creating a manual alarm by new resource is complete.]]>
    </line>
    <line>
      <![CDATA[ ]]>
    </line>
    <line>
      <![CDATA[ ]]>
    </line>
    <line>
      <![CDATA[The process of creating new escaltion resource is started.]]>
    </line>
    <line>
      <![CDATA[The process of creating new escaltion resource is complete.]]>
    </line>
    <line>
      <![CDATA[ ]]>
    </line>
    <line>
      <![CDATA[ ]]>
    </line>
    <line>
      <![CDATA[The process of creating new alarm escaltion is started.]]>
    </line>
    <line>
      <![CDATA[The process of creating new aalarm escaltion is complete.]]>
    </line>
    <line>
      <![CDATA[ ]]>
    </line>
    <line>
      <![CDATA[ ]]>
    </line>
    <line>
      <![CDATA[The process of creating manual alarm by new escalation resource is started.]]>
    </line>
    <line>
      <![CDATA[The process of creating nmanual alarm by new escalation resource is complete.]]>
    </line>
    <line>
      <![CDATA[ ]]>
    </line>
    <line>
      <![CDATA[ ]]>
    </line>
    <line>
      <![CDATA[The process of send message to manual alarm user is started.]]>
    </line>
    <line>
      <![CDATA[The process of send message to manual alarm user is complete.]]>
    </line>
    <line>
      <![CDATA[ ]]>
    </line>
    <line>
      <![CDATA[ ]]>
    </line>
    <line>
      <![CDATA[The process for creating a new monitor information using attributes has been initiated.]]>
    </line>
    <line>
      <![CDATA[The process for creating a new monitor information using attributes has been completed successfully.]]>
    </line>
    <line>
      <![CDATA[ ]]>
    </line>
    <line>
      <![CDATA[ ]]>
    </line>
    <line>
      <![CDATA[The process for creating a new monitor information using Resource has been initiated.]]>
    </line>
    <line>
      <![CDATA[The process for creating a new monitor information using Resource has been completed successfully.]]>
    </line>
    <line>
      <![CDATA[ ]]>
    </line>
    <line>
      <![CDATA[ ]]>
    </line>
    <line>
      <![CDATA[The process for creating a new monitor information using Fire Fighters has been initiated.]]>
    </line>
    <line>
      <![CDATA[The process for creating a new monitor information using Fire Fighters has been completed successfully.]]>
    </line>
    <line>
      <![CDATA[ ]]>
    </line>
    <line>
      <![CDATA[ ]]>
    </line>
    <line>
      <![CDATA[The process for creating a new monitor information using Fire Stations has been initiated.]]>
    </line>
    <line>
      <![CDATA[The process for creating a new monitor information using Stations has been completed successfully.]]>
    </line>
    <line>
      <![CDATA[ ]]>
    </line>
    <line>
      <![CDATA[ ]]>
    </line>
    <line>
      <![CDATA[The process for creating a new monitor information using Fire Stations has been initiated.]]>
    </line>
    <line>
      <![CDATA[The process for creating a new monitor information using Stations has been completed successfully.]]>
    </line>
    <line>
      <![CDATA[ ]]>
    </line>
    <line>
      <![CDATA[ ]]>
    </line>
    <line>
      <![CDATA[The process for creating a new Information-Event using attribute has been initiated.]]>
    </line>
    <line>
      <![CDATA[The process for creating a new Information-Event using attribute has been completed successfully.]]>
    </line>
    <line>
      <![CDATA[ ]]>
    </line>
    <line>
      <![CDATA[ ]]>
    </line>
    <line>
      <![CDATA[The process for creating a new Information-Event using resource has been initiated.]]>
    </line>
    <line>
      <![CDATA[The process for creating a new Information-Event using resource has been completed successfully.]]>
    </line>
    <line>
      <![CDATA[ ]]>
    </line>
    <line>
      <![CDATA[ ]]>
    </line>
    <line>
      <![CDATA[The process for creating a new Information-Event using fire fighter  has been initiated.]]>
    </line>
    <line>
      <![CDATA[The process for creating a new Information-Event using fire fighter has been completed successfully.]]>
    </line>
    <line>
      <![CDATA[ ]]>
    </line>
    <line>
      <![CDATA[ ]]>
    </line>
    <line>
      <![CDATA[The process for creating a new Information-Event full day using stations has been initiated.]]>
    </line>
    <line>
      <![CDATA[The process for creating a new  Information-Event full day using stations has been completed successfully.]]>
    </line>
    <line>
      <![CDATA[ ]]>
    </line>
    <line>
      <![CDATA[ ]]>
    </line>
    <line>
      <![CDATA[The process for sending messages for full-day Information Events using stations has been initiated..]]>
    </line>
    <line>
      <![CDATA[The process for sending messages for full-day Information Events using stations  has been completed successfully.]]>
    </line>
    <line>
      <![CDATA[ ]]>
    </line>
    <line>
      <![CDATA[ ]]>
    </line>
    <line>
      <![CDATA[The process for creating calendar event by attribute has been initiated..]]>
    </line>
    <line>
      <![CDATA[The process for creating calendar event by attribute has been completed successfully.]]>
    </line>
    <line>
      <![CDATA[ ]]>
    </line>
    <line>
      <![CDATA[ ]]>
    </line>
    <line>
      <![CDATA[The process for creating calendar event by Resource has been initiated..]]>
    </line>
    <line>
      <![CDATA[The process for creating calendar event by Resource has been completed successfully.]]>
    </line>
    <line>
      <![CDATA[ ]]>
    </line>
    <line>
      <![CDATA[ ]]>
    </line>
    <line>
      <![CDATA[The process for creating calendar event by fire fighters has been initiated..]]>
    </line>
    <line>
      <![CDATA[The process for creating calendar event by fire fighters has been completed successfully.]]>
    </line>
    <line>
      <![CDATA[ ]]>
    </line>
    <line>
      <![CDATA[ ]]>
    </line>
    <line>
      <![CDATA[The process for creating calendar event by stations has been initiated..]]>
    </line>
    <line>
      <![CDATA[The process for creating calendar event by stations has been completed successfully.]]>
    </line>
    <line>
      <![CDATA[ ]]>
    </line>
    <line>
      <![CDATA[ ]]>
    </line>
    <line>
      <![CDATA[The process of creating new alarm template by resource is started.]]>
    </line>
    <line>
      <![CDATA[The process of creating new alarm template by resource is complete.]]>
    </line>
    <line>
      <![CDATA[ ]]>
    </line>
    <line>
      <![CDATA[ ]]>
    </line>
    <line>
      <![CDATA[The process of creating new alarm template by fire fighter is started.]]>
    </line>
    <line>
      <![CDATA[The process of creating new alarm template by fire fighter is complete.]]>
    </line>
    <line>
      <![CDATA[ ]]>
    </line>
    <line>
      <![CDATA[ ]]>
    </line>
    <line>
      <![CDATA[The process of creating new alarm loop is started.]]>
    </line>
    <line>
      <![CDATA[The process of creating new alarm loop is is complete.]]>
    </line>
    <line>
      <![CDATA[ ]]>
    </line>
    <line>
      <![CDATA[ ]]>
    </line>
    <line>
      <![CDATA[The process for creating event category  has been initiated..]]>
    </line>
    <line>
      <![CDATA[The process for ccreating event category has been completed successfully.]]>
    </line>
    <line>
      <![CDATA[ ]]>
    </line>
    <line>
      <![CDATA[Logout sucessfully.]]>
    </line>
    <line>
      <![CDATA[ ]]>
    </line>
    <line>
      <![CDATA[Refresh the URL before successfully closing the browser.]]>
    </line>
    <line>
      <![CDATA[Browser close sucessfully.]]>
    </line>
    <line>
      <![CDATA[ ]]>
    </line>
    <line>
      <![CDATA[Good to see you again.]]>
    </line>
  </reporter-output>
  <suite started-at="2026-02-20T17:20:16 IST" name="Suite" finished-at="2026-02-20T17:53:56 IST" duration-ms="2020802">
    <groups>
    </groups>
    <test started-at="2026-02-20T17:20:16 IST" name="Test" finished-at="2026-02-20T17:53:56 IST" duration-ms="2020802">
      <class name="function.A_testClassCreate">
        <test-method is-config="true" signature="BeforeSuite()[pri:0, instance:function.A_testClassCreate@496bc455]" started-at="2026-02-20T17:20:08 IST" name="BeforeSuite" finished-at="2026-02-20T17:20:16 IST" duration-ms="7822" status="PASS">
          <reporter-output>
            <line>
              <![CDATA[Well come to RETTERAlarm Testing branch]]>
            </line>
          </reporter-output>
        </test-method> <!-- BeforeSuite -->
        <test-method is-config="true" signature="BeforeTest()[pri:0, instance:function.A_testClassCreate@496bc455]" started-at="2026-02-20T17:20:16 IST" name="BeforeTest" finished-at="2026-02-20T17:20:32 IST" duration-ms="16482" status="PASS">
          <reporter-output>
            <line>
              <![CDATA[Logged in user-914-IN-U11-U011-1]]>
            </line>
          </reporter-output>
        </test-method> <!-- BeforeTest -->
        <test-method is-config="true" signature="createObject()[pri:0, instance:function.A_testClassCreate@496bc455]" started-at="2026-02-20T17:20:32 IST" name="createObject" finished-at="2026-02-20T17:20:32 IST" duration-ms="22" status="PASS">
          <reporter-output>
          </reporter-output>
        </test-method> <!-- createObject -->
        <test-method is-config="true" signature="backToHomePage()[pri:0, instance:function.A_testClassCreate@496bc455]" started-at="2026-02-20T17:20:32 IST" name="backToHomePage" finished-at="2026-02-20T17:21:02 IST" duration-ms="29466" status="PASS">
          <reporter-output>
          </reporter-output>
        </test-method> <!-- backToHomePage -->
        <test-method signature="sendMessageToNewApiAlarmUser()[pri:0, instance:function.A_testClassCreate@496bc455]" started-at="2026-02-20T17:21:02 IST" name="sendMessageToNewApiAlarmUser" finished-at="2026-02-20T17:21:40 IST" duration-ms="38141" status="FAIL">
          <exception class="org.openqa.selenium.NoSuchElementException">
            <message>
              <![CDATA[no such element: Unable to locate element: {"method":"xpath","selector":"(//i[@class="dx-icon dx-icon-overflow"])[2]"}
  (Session info: chrome=145.0.7632.76)
For documentation on this error, please visit: https://www.selenium.dev/documentation/webdriver/troubleshooting/errors#no-such-element-exception
Build info: version: '4.17.0', revision: 'e52b1be057*'
System info: os.name: 'Windows 11', os.arch: 'amd64', os.version: '10.0', java.version: '17.0.9'
Driver info: org.openqa.selenium.chrome.ChromeDriver
Command: [26db152cac2fc59cca192e3eee48875a, findElement {using=xpath, value=(//i[@class="dx-icon dx-icon-overflow"])[2]}]
Capabilities {acceptInsecureCerts: false, browserName: chrome, browserVersion: 145.0.7632.76, chrome: {chromedriverVersion: 145.0.7632.77 (da516187054a..., userDataDir: C:\Users\BHUPESH\AppData\Lo...}, fedcm:accounts: true, goog:chromeOptions: {debuggerAddress: localhost:54610}, goog:processID: 19796, networkConnectionEnabled: false, pageLoadStrategy: normal, platformName: windows, proxy: Proxy(), se:cdp: ws://localhost:54610/devtoo..., se:cdpVersion: 145.0.7632.76, setWindowRect: true, strictFileInteractability: false, timeouts: {implicit: 0, pageLoad: 300000, script: 30000}, unhandledPromptBehavior: dismiss and notify, webauthn:extension:credBlob: true, webauthn:extension:largeBlob: true, webauthn:extension:minPinLength: true, webauthn:extension:prf: true, webauthn:virtualAuthenticators: true}
Session ID: 26db152cac2fc59cca192e3eee48875a]]>
            </message>
            <full-stacktrace>
              <![CDATA[org.openqa.selenium.NoSuchElementException: no such element: Unable to locate element: {"method":"xpath","selector":"(//i[@class="dx-icon dx-icon-overflow"])[2]"}
  (Session info: chrome=145.0.7632.76)
For documentation on this error, please visit: https://www.selenium.dev/documentation/webdriver/troubleshooting/errors#no-such-element-exception
Build info: version: '4.17.0', revision: 'e52b1be057*'
System info: os.name: 'Windows 11', os.arch: 'amd64', os.version: '10.0', java.version: '17.0.9'
Driver info: org.openqa.selenium.chrome.ChromeDriver
Command: [26db152cac2fc59cca192e3eee48875a, findElement {using=xpath, value=(//i[@class="dx-icon dx-icon-overflow"])[2]}]
Capabilities {acceptInsecureCerts: false, browserName: chrome, browserVersion: 145.0.7632.76, chrome: {chromedriverVersion: 145.0.7632.77 (da516187054a..., userDataDir: C:\Users\BHUPESH\AppData\Lo...}, fedcm:accounts: true, goog:chromeOptions: {debuggerAddress: localhost:54610}, goog:processID: 19796, networkConnectionEnabled: false, pageLoadStrategy: normal, platformName: windows, proxy: Proxy(), se:cdp: ws://localhost:54610/devtoo..., se:cdpVersion: 145.0.7632.76, setWindowRect: true, strictFileInteractability: false, timeouts: {implicit: 0, pageLoad: 300000, script: 30000}, unhandledPromptBehavior: dismiss and notify, webauthn:extension:credBlob: true, webauthn:extension:largeBlob: true, webauthn:extension:minPinLength: true, webauthn:extension:prf: true, webauthn:virtualAuthenticators: true}
Session ID: 26db152cac2fc59cca192e3eee48875a
at java.base/jdk.internal.reflect.NativeConstructorAccessorImpl.newInstance0(Native Method)
at java.base/jdk.internal.reflect.NativeConstructorAccessorImpl.newInstance(NativeConstructorAccessorImpl.java:77)
at java.base/jdk.internal.reflect.DelegatingConstructorAccessorImpl.newInstance(DelegatingConstructorAccessorImpl.java:45)
at java.base/java.lang.reflect.Constructor.newInstanceWithCaller(Constructor.java:499)
at java.base/java.lang.reflect.Constructor.newInstance(Constructor.java:480)
at org.openqa.selenium.remote.codec.w3c.W3CHttpResponseCodec.createException(W3CHttpResponseCodec.java:185)
at org.openqa.selenium.remote.codec.w3c.W3CHttpResponseCodec.decode(W3CHttpResponseCodec.java:134)
at org.openqa.selenium.remote.codec.w3c.W3CHttpResponseCodec.decode(W3CHttpResponseCodec.java:51)
at org.openqa.selenium.remote.HttpCommandExecutor.execute(HttpCommandExecutor.java:190)
at org.openqa.selenium.remote.service.DriverCommandExecutor.invokeExecute(DriverCommandExecutor.java:216)
at org.openqa.selenium.remote.service.DriverCommandExecutor.execute(DriverCommandExecutor.java:174)
at org.openqa.selenium.remote.RemoteWebDriver.execute(RemoteWebDriver.java:519)
at org.openqa.selenium.remote.ElementLocation$ElementFinder$2.findElement(ElementLocation.java:165)
at org.openqa.selenium.remote.ElementLocation.findElement(ElementLocation.java:59)
at org.openqa.selenium.remote.RemoteWebDriver.findElement(RemoteWebDriver.java:356)
at org.openqa.selenium.remote.RemoteWebDriver.findElement(RemoteWebDriver.java:350)
at org.openqa.selenium.support.pagefactory.DefaultElementLocator.findElement(DefaultElementLocator.java:68)
at org.openqa.selenium.support.pagefactory.internal.LocatingElementHandler.invoke(LocatingElementHandler.java:38)
at jdk.proxy2/jdk.proxy2.$Proxy22.click(Unknown Source)
at function.F_manualAlarm.sendMessageToNewApiAlarmUser(F_manualAlarm.java:1039)
at function.A_testClassCreate.sendMessageToNewApiAlarmUser(A_testClassCreate.java:746)
at java.base/jdk.internal.reflect.NativeMethodAccessorImpl.invoke0(Native Method)
at java.base/jdk.internal.reflect.NativeMethodAccessorImpl.invoke(NativeMethodAccessorImpl.java:77)
at java.base/jdk.internal.reflect.DelegatingMethodAccessorImpl.invoke(DelegatingMethodAccessorImpl.java:43)
at java.base/java.lang.reflect.Method.invoke(Method.java:568)
at org.testng.internal.invokers.MethodInvocationHelper.invokeMethod(MethodInvocationHelper.java:139)
at org.testng.internal.invokers.TestInvoker.invokeMethod(TestInvoker.java:664)
at org.testng.internal.invokers.TestInvoker.invokeTestMethod(TestInvoker.java:228)
at org.testng.internal.invokers.MethodRunner.runInSequence(MethodRunner.java:63)
at org.testng.internal.invokers.TestInvoker$MethodInvocationAgent.invoke(TestInvoker.java:961)
at org.testng.internal.invokers.TestInvoker.invokeTestMethods(TestInvoker.java:201)
at org.testng.internal.invokers.TestMethodWorker.invokeTestMethods(TestMethodWorker.java:148)
at org.testng.internal.invokers.TestMethodWorker.run(TestMethodWorker.java:128)
at java.base/java.util.ArrayList.forEach(ArrayList.java:1511)
at org.testng.TestRunner.privateRun(TestRunner.java:819)
at org.testng.TestRunner.run(TestRunner.java:619)
at org.testng.SuiteRunner.runTest(SuiteRunner.java:443)
at org.testng.SuiteRunner.runSequentially(SuiteRunner.java:437)
at org.testng.SuiteRunner.privateRun(SuiteRunner.java:397)
at org.testng.SuiteRunner.run(SuiteRunner.java:336)
at org.testng.SuiteRunnerWorker.runSuite(SuiteRunnerWorker.java:52)
at org.testng.SuiteRunnerWorker.run(SuiteRunnerWorker.java:95)
at org.testng.TestNG.runSuitesSequentially(TestNG.java:1301)
at org.testng.TestNG.runSuitesLocally(TestNG.java:1228)
at org.testng.TestNG.runSuites(TestNG.java:1134)
at org.testng.TestNG.run(TestNG.java:1101)
at org.testng.remote.AbstractRemoteTestNG.run(AbstractRemoteTestNG.java:115)
at org.testng.remote.RemoteTestNG.initAndRun(RemoteTestNG.java:251)
at org.testng.remote.RemoteTestNG.main(RemoteTestNG.java:77)
]]>
            </full-stacktrace>
          </exception> <!-- org.openqa.selenium.NoSuchElementException -->
          <reporter-output>
            <line>
              <![CDATA[ ]]>
            </line>
            <line>
              <![CDATA[The process of send message to new api alarm user is started.]]>
            </line>
          </reporter-output>
        </test-method> <!-- sendMessageToNewApiAlarmUser -->
        <test-method is-config="true" signature="backToHomePage2(org.testng.ITestResult)[pri:0, instance:function.A_testClassCreate@496bc455]" started-at="2026-02-20T17:21:40 IST" name="backToHomePage2" finished-at="2026-02-20T17:21:46 IST" duration-ms="5969" status="PASS">
          <params>
            <param index="0">
              <value>
                <![CDATA[[TestResult name=sendMessageToNewApiAlarmUser status=FAILURE method=A_testClassCreate.sendMessageToNewApiAlarmUser()[pri:0, instance:function.A_testClassCreate@496bc455]]]]>
              </value>
            </param>
          </params>
          <reporter-output>
          </reporter-output>
        </test-method> <!-- backToHomePage2 -->
        <test-method is-config="true" signature="backToHomePage()[pri:0, instance:function.A_testClassCreate@496bc455]" started-at="2026-02-20T17:21:46 IST" name="backToHomePage" finished-at="2026-02-20T17:21:53 IST" duration-ms="7102" status="PASS">
          <reporter-output>
          </reporter-output>
        </test-method> <!-- backToHomePage -->
        <test-method signature="sendMessageToOldApiAlarmUser()[pri:0, instance:function.A_testClassCreate@496bc455]" started-at="2026-02-20T17:21:53 IST" name="sendMessageToOldApiAlarmUser" finished-at="2026-02-20T17:22:21 IST" duration-ms="27762" status="FAIL">
          <exception class="org.openqa.selenium.NoSuchElementException">
            <message>
              <![CDATA[no such element: Unable to locate element: {"method":"xpath","selector":"(//i[@class="dx-icon dx-icon-overflow"])[2]"}
  (Session info: chrome=145.0.7632.76)
For documentation on this error, please visit: https://www.selenium.dev/documentation/webdriver/troubleshooting/errors#no-such-element-exception
Build info: version: '4.17.0', revision: 'e52b1be057*'
System info: os.name: 'Windows 11', os.arch: 'amd64', os.version: '10.0', java.version: '17.0.9'
Driver info: org.openqa.selenium.chrome.ChromeDriver
Command: [26db152cac2fc59cca192e3eee48875a, findElement {using=xpath, value=(//i[@class="dx-icon dx-icon-overflow"])[2]}]
Capabilities {acceptInsecureCerts: false, browserName: chrome, browserVersion: 145.0.7632.76, chrome: {chromedriverVersion: 145.0.7632.77 (da516187054a..., userDataDir: C:\Users\BHUPESH\AppData\Lo...}, fedcm:accounts: true, goog:chromeOptions: {debuggerAddress: localhost:54610}, goog:processID: 19796, networkConnectionEnabled: false, pageLoadStrategy: normal, platformName: windows, proxy: Proxy(), se:cdp: ws://localhost:54610/devtoo..., se:cdpVersion: 145.0.7632.76, setWindowRect: true, strictFileInteractability: false, timeouts: {implicit: 0, pageLoad: 300000, script: 30000}, unhandledPromptBehavior: dismiss and notify, webauthn:extension:credBlob: true, webauthn:extension:largeBlob: true, webauthn:extension:minPinLength: true, webauthn:extension:prf: true, webauthn:virtualAuthenticators: true}
Session ID: 26db152cac2fc59cca192e3eee48875a]]>
            </message>
            <full-stacktrace>
              <![CDATA[org.openqa.selenium.NoSuchElementException: no such element: Unable to locate element: {"method":"xpath","selector":"(//i[@class="dx-icon dx-icon-overflow"])[2]"}
  (Session info: chrome=145.0.7632.76)
For documentation on this error, please visit: https://www.selenium.dev/documentation/webdriver/troubleshooting/errors#no-such-element-exception
Build info: version: '4.17.0', revision: 'e52b1be057*'
System info: os.name: 'Windows 11', os.arch: 'amd64', os.version: '10.0', java.version: '17.0.9'
Driver info: org.openqa.selenium.chrome.ChromeDriver
Command: [26db152cac2fc59cca192e3eee48875a, findElement {using=xpath, value=(//i[@class="dx-icon dx-icon-overflow"])[2]}]
Capabilities {acceptInsecureCerts: false, browserName: chrome, browserVersion: 145.0.7632.76, chrome: {chromedriverVersion: 145.0.7632.77 (da516187054a..., userDataDir: C:\Users\BHUPESH\AppData\Lo...}, fedcm:accounts: true, goog:chromeOptions: {debuggerAddress: localhost:54610}, goog:processID: 19796, networkConnectionEnabled: false, pageLoadStrategy: normal, platformName: windows, proxy: Proxy(), se:cdp: ws://localhost:54610/devtoo..., se:cdpVersion: 145.0.7632.76, setWindowRect: true, strictFileInteractability: false, timeouts: {implicit: 0, pageLoad: 300000, script: 30000}, unhandledPromptBehavior: dismiss and notify, webauthn:extension:credBlob: true, webauthn:extension:largeBlob: true, webauthn:extension:minPinLength: true, webauthn:extension:prf: true, webauthn:virtualAuthenticators: true}
Session ID: 26db152cac2fc59cca192e3eee48875a
at java.base/jdk.internal.reflect.NativeConstructorAccessorImpl.newInstance0(Native Method)
at java.base/jdk.internal.reflect.NativeConstructorAccessorImpl.newInstance(NativeConstructorAccessorImpl.java:77)
at java.base/jdk.internal.reflect.DelegatingConstructorAccessorImpl.newInstance(DelegatingConstructorAccessorImpl.java:45)
at java.base/java.lang.reflect.Constructor.newInstanceWithCaller(Constructor.java:499)
at java.base/java.lang.reflect.Constructor.newInstance(Constructor.java:480)
at org.openqa.selenium.remote.codec.w3c.W3CHttpResponseCodec.createException(W3CHttpResponseCodec.java:185)
at org.openqa.selenium.remote.codec.w3c.W3CHttpResponseCodec.decode(W3CHttpResponseCodec.java:134)
at org.openqa.selenium.remote.codec.w3c.W3CHttpResponseCodec.decode(W3CHttpResponseCodec.java:51)
at org.openqa.selenium.remote.HttpCommandExecutor.execute(HttpCommandExecutor.java:190)
at org.openqa.selenium.remote.service.DriverCommandExecutor.invokeExecute(DriverCommandExecutor.java:216)
at org.openqa.selenium.remote.service.DriverCommandExecutor.execute(DriverCommandExecutor.java:174)
at org.openqa.selenium.remote.RemoteWebDriver.execute(RemoteWebDriver.java:519)
at org.openqa.selenium.remote.ElementLocation$ElementFinder$2.findElement(ElementLocation.java:165)
at org.openqa.selenium.remote.ElementLocation.findElement(ElementLocation.java:59)
at org.openqa.selenium.remote.RemoteWebDriver.findElement(RemoteWebDriver.java:356)
at org.openqa.selenium.remote.RemoteWebDriver.findElement(RemoteWebDriver.java:350)
at org.openqa.selenium.support.pagefactory.DefaultElementLocator.findElement(DefaultElementLocator.java:68)
at org.openqa.selenium.support.pagefactory.internal.LocatingElementHandler.invoke(LocatingElementHandler.java:38)
at jdk.proxy2/jdk.proxy2.$Proxy22.click(Unknown Source)
at function.F_manualAlarm.sendMessageToOldApiAlarmUser(F_manualAlarm.java:966)
at function.A_testClassCreate.sendMessageToOldApiAlarmUser(A_testClassCreate.java:732)
at java.base/jdk.internal.reflect.NativeMethodAccessorImpl.invoke0(Native Method)
at java.base/jdk.internal.reflect.NativeMethodAccessorImpl.invoke(NativeMethodAccessorImpl.java:77)
at java.base/jdk.internal.reflect.DelegatingMethodAccessorImpl.invoke(DelegatingMethodAccessorImpl.java:43)
at java.base/java.lang.reflect.Method.invoke(Method.java:568)
at org.testng.internal.invokers.MethodInvocationHelper.invokeMethod(MethodInvocationHelper.java:139)
at org.testng.internal.invokers.TestInvoker.invokeMethod(TestInvoker.java:664)
at org.testng.internal.invokers.TestInvoker.invokeTestMethod(TestInvoker.java:228)
at org.testng.internal.invokers.MethodRunner.runInSequence(MethodRunner.java:63)
at org.testng.internal.invokers.TestInvoker$MethodInvocationAgent.invoke(TestInvoker.java:961)
at org.testng.internal.invokers.TestInvoker.invokeTestMethods(TestInvoker.java:201)
at org.testng.internal.invokers.TestMethodWorker.invokeTestMethods(TestMethodWorker.java:148)
at org.testng.internal.invokers.TestMethodWorker.run(TestMethodWorker.java:128)
at java.base/java.util.ArrayList.forEach(ArrayList.java:1511)
at org.testng.TestRunner.privateRun(TestRunner.java:819)
at org.testng.TestRunner.run(TestRunner.java:619)
at org.testng.SuiteRunner.runTest(SuiteRunner.java:443)
at org.testng.SuiteRunner.runSequentially(SuiteRunner.java:437)
at org.testng.SuiteRunner.privateRun(SuiteRunner.java:397)
at org.testng.SuiteRunner.run(SuiteRunner.java:336)
at org.testng.SuiteRunnerWorker.runSuite(SuiteRunnerWorker.java:52)
at org.testng.SuiteRunnerWorker.run(SuiteRunnerWorker.java:95)
at org.testng.TestNG.runSuitesSequentially(TestNG.java:1301)
at org.testng.TestNG.runSuitesLocally(TestNG.java:1228)
at org.testng.TestNG.runSuites(TestNG.java:1134)
at org.testng.TestNG.run(TestNG.java:1101)
at org.testng.remote.AbstractRemoteTestNG.run(AbstractRemoteTestNG.java:115)
at org.testng.remote.RemoteTestNG.initAndRun(RemoteTestNG.java:251)
at org.testng.remote.RemoteTestNG.main(RemoteTestNG.java:77)
]]>
            </full-stacktrace>
          </exception> <!-- org.openqa.selenium.NoSuchElementException -->
          <reporter-output>
            <line>
              <![CDATA[ ]]>
            </line>
            <line>
              <![CDATA[The process of send message to old api alarm user is started.]]>
            </line>
          </reporter-output>
        </test-method> <!-- sendMessageToOldApiAlarmUser -->
        <test-method is-config="true" signature="backToHomePage2(org.testng.ITestResult)[pri:0, instance:function.A_testClassCreate@496bc455]" started-at="2026-02-20T17:22:21 IST" name="backToHomePage2" finished-at="2026-02-20T17:22:26 IST" duration-ms="5636" status="PASS">
          <params>
            <param index="0">
              <value>
                <![CDATA[[TestResult name=sendMessageToOldApiAlarmUser status=FAILURE method=A_testClassCreate.sendMessageToOldApiAlarmUser()[pri:0, instance:function.A_testClassCreate@496bc455]]]]>
              </value>
            </param>
          </params>
          <reporter-output>
          </reporter-output>
        </test-method> <!-- backToHomePage2 -->
        <test-method is-config="true" signature="backToHomePage()[pri:0, instance:function.A_testClassCreate@496bc455]" started-at="2026-02-20T17:22:26 IST" name="backToHomePage" finished-at="2026-02-20T17:22:33 IST" duration-ms="7008" status="PASS">
          <reporter-output>
          </reporter-output>
        </test-method> <!-- backToHomePage -->
        <test-method signature="manualaByAttributeSingleStation()[pri:0, instance:function.A_testClassCreate@496bc455]" started-at="2026-02-20T17:22:33 IST" name="manualaByAttributeSingleStation" finished-at="2026-02-20T17:23:20 IST" duration-ms="46479" status="PASS">
          <reporter-output>
            <line>
              <![CDATA[ ]]>
            </line>
            <line>
              <![CDATA[The process of creating a manual alarm by attribute  is started.]]>
            </line>
            <line>
              <![CDATA[The process of creating a manual alarm by attribute is complete.]]>
            </line>
            <line>
              <![CDATA[ ]]>
            </line>
          </reporter-output>
        </test-method> <!-- manualaByAttributeSingleStation -->
        <test-method is-config="true" signature="backToHomePage2(org.testng.ITestResult)[pri:0, instance:function.A_testClassCreate@496bc455]" started-at="2026-02-20T17:23:20 IST" name="backToHomePage2" finished-at="2026-02-20T17:23:26 IST" duration-ms="6313" status="PASS">
          <params>
            <param index="0">
              <value>
                <![CDATA[[TestResult name=manualaByAttributeSingleStation status=SUCCESS method=A_testClassCreate.manualaByAttributeSingleStation()[pri:0, instance:function.A_testClassCreate@496bc455]]]]>
              </value>
            </param>
          </params>
          <reporter-output>
          </reporter-output>
        </test-method> <!-- backToHomePage2 -->
        <test-method is-config="true" signature="backToHomePage()[pri:0, instance:function.A_testClassCreate@496bc455]" started-at="2026-02-20T17:23:26 IST" name="backToHomePage" finished-at="2026-02-20T17:23:33 IST" duration-ms="7308" status="PASS">
          <reporter-output>
          </reporter-output>
        </test-method> <!-- backToHomePage -->
        <test-method signature="manualAlarmByResourceMs()[pri:0, instance:function.A_testClassCreate@496bc455]" started-at="2026-02-20T17:23:33 IST" name="manualAlarmByResourceMs" finished-at="2026-02-20T17:24:16 IST" duration-ms="42273" status="PASS">
          <reporter-output>
            <line>
              <![CDATA[ ]]>
            </line>
            <line>
              <![CDATA[The process of creating a manual alarm by resource is started.]]>
            </line>
            <line>
              <![CDATA[The process of creating a manual alarm by resource is complete.]]>
            </line>
            <line>
              <![CDATA[ ]]>
            </line>
          </reporter-output>
        </test-method> <!-- manualAlarmByResourceMs -->
        <test-method is-config="true" signature="backToHomePage2(org.testng.ITestResult)[pri:0, instance:function.A_testClassCreate@496bc455]" started-at="2026-02-20T17:24:16 IST" name="backToHomePage2" finished-at="2026-02-20T17:24:21 IST" duration-ms="5487" status="PASS">
          <params>
            <param index="0">
              <value>
                <![CDATA[[TestResult name=manualAlarmByResourceMs status=SUCCESS method=A_testClassCreate.manualAlarmByResourceMs()[pri:0, instance:function.A_testClassCreate@496bc455]]]]>
              </value>
            </param>
          </params>
          <reporter-output>
          </reporter-output>
        </test-method> <!-- backToHomePage2 -->
        <test-method is-config="true" signature="backToHomePage()[pri:0, instance:function.A_testClassCreate@496bc455]" started-at="2026-02-20T17:24:21 IST" name="backToHomePage" finished-at="2026-02-20T17:24:29 IST" duration-ms="7894" status="PASS">
          <reporter-output>
          </reporter-output>
        </test-method> <!-- backToHomePage -->
        <test-method signature="manualAlarmByFirefighterMs()[pri:0, instance:function.A_testClassCreate@496bc455]" started-at="2026-02-20T17:24:29 IST" name="manualAlarmByFirefighterMs" finished-at="2026-02-20T17:25:20 IST" duration-ms="50970" status="PASS">
          <reporter-output>
            <line>
              <![CDATA[ ]]>
            </line>
            <line>
              <![CDATA[The process of creating a manual alarm by firefighter is started.]]>
            </line>
            <line>
              <![CDATA[The process of creating a manual alarm by firefighter is complete.]]>
            </line>
            <line>
              <![CDATA[ ]]>
            </line>
          </reporter-output>
        </test-method> <!-- manualAlarmByFirefighterMs -->
        <test-method is-config="true" signature="backToHomePage2(org.testng.ITestResult)[pri:0, instance:function.A_testClassCreate@496bc455]" started-at="2026-02-20T17:25:20 IST" name="backToHomePage2" finished-at="2026-02-20T17:25:26 IST" duration-ms="5621" status="PASS">
          <params>
            <param index="0">
              <value>
                <![CDATA[[TestResult name=manualAlarmByFirefighterMs status=SUCCESS method=A_testClassCreate.manualAlarmByFirefighterMs()[pri:0, instance:function.A_testClassCreate@496bc455]]]]>
              </value>
            </param>
          </params>
          <reporter-output>
          </reporter-output>
        </test-method> <!-- backToHomePage2 -->
        <test-method is-config="true" signature="backToHomePage()[pri:0, instance:function.A_testClassCreate@496bc455]" started-at="2026-02-20T17:25:26 IST" name="backToHomePage" finished-at="2026-02-20T17:25:33 IST" duration-ms="7180" status="PASS">
          <reporter-output>
          </reporter-output>
        </test-method> <!-- backToHomePage -->
        <test-method signature="manualaByAttributeMSLP()[pri:0, instance:function.A_testClassCreate@496bc455]" started-at="2026-02-20T17:25:33 IST" name="manualaByAttributeMSLP" finished-at="2026-02-20T17:26:10 IST" duration-ms="37727" status="PASS">
          <reporter-output>
            <line>
              <![CDATA[ ]]>
            </line>
            <line>
              <![CDATA[The process of creating a low priority multi station manual alarm by attribute  is started.]]>
            </line>
            <line>
              <![CDATA[The process of creating a low priority multi station manual alarm by attribute is complete.]]>
            </line>
            <line>
              <![CDATA[ ]]>
            </line>
          </reporter-output>
        </test-method> <!-- manualaByAttributeMSLP -->
        <test-method is-config="true" signature="backToHomePage2(org.testng.ITestResult)[pri:0, instance:function.A_testClassCreate@496bc455]" started-at="2026-02-20T17:26:10 IST" name="backToHomePage2" finished-at="2026-02-20T17:26:16 IST" duration-ms="5541" status="PASS">
          <params>
            <param index="0">
              <value>
                <![CDATA[[TestResult name=manualaByAttributeMSLP status=SUCCESS method=A_testClassCreate.manualaByAttributeMSLP()[pri:0, instance:function.A_testClassCreate@496bc455]]]]>
              </value>
            </param>
          </params>
          <reporter-output>
          </reporter-output>
        </test-method> <!-- backToHomePage2 -->
        <test-method is-config="true" signature="backToHomePage()[pri:0, instance:function.A_testClassCreate@496bc455]" started-at="2026-02-20T17:26:16 IST" name="backToHomePage" finished-at="2026-02-20T17:26:23 IST" duration-ms="7388" status="PASS">
          <reporter-output>
          </reporter-output>
        </test-method> <!-- backToHomePage -->
        <test-method signature="manualAlarmByEscResourceSingleStation()[pri:0, instance:function.A_testClassCreate@496bc455]" started-at="2026-02-20T17:26:23 IST" name="manualAlarmByEscResourceSingleStation" finished-at="2026-02-20T17:26:50 IST" duration-ms="26448" status="PASS">
          <reporter-output>
            <line>
              <![CDATA[ ]]>
            </line>
            <line>
              <![CDATA[The process of creating a manual alarm by escaltion resource-single station is started.]]>
            </line>
            <line>
              <![CDATA[The process of creating a manual alarm by escaltion resource-single station is complete.]]>
            </line>
            <line>
              <![CDATA[ ]]>
            </line>
          </reporter-output>
        </test-method> <!-- manualAlarmByEscResourceSingleStation -->
        <test-method is-config="true" signature="backToHomePage2(org.testng.ITestResult)[pri:0, instance:function.A_testClassCreate@496bc455]" started-at="2026-02-20T17:26:50 IST" name="backToHomePage2" finished-at="2026-02-20T17:26:55 IST" duration-ms="5544" status="PASS">
          <params>
            <param index="0">
              <value>
                <![CDATA[[TestResult name=manualAlarmByEscResourceSingleStation status=SUCCESS method=A_testClassCreate.manualAlarmByEscResourceSingleStation()[pri:0, instance:function.A_testClassCreate@496bc455]]]]>
              </value>
            </param>
          </params>
          <reporter-output>
          </reporter-output>
        </test-method> <!-- backToHomePage2 -->
        <test-method is-config="true" signature="backToHomePage()[pri:0, instance:function.A_testClassCreate@496bc455]" started-at="2026-02-20T17:26:55 IST" name="backToHomePage" finished-at="2026-02-20T17:27:03 IST" duration-ms="7377" status="PASS">
          <reporter-output>
          </reporter-output>
        </test-method> <!-- backToHomePage -->
        <test-method signature="manualAlarmByEscResourceMs()[pri:0, instance:function.A_testClassCreate@496bc455]" started-at="2026-02-20T17:27:03 IST" name="manualAlarmByEscResourceMs" finished-at="2026-02-20T17:27:31 IST" duration-ms="28033" status="PASS">
          <reporter-output>
            <line>
              <![CDATA[ ]]>
            </line>
            <line>
              <![CDATA[The process of creating a manual alarm by escaltion resource-multi station is started.]]>
            </line>
            <line>
              <![CDATA[The process of creating a manual alarm by escaltion resource-multi station is complete.]]>
            </line>
            <line>
              <![CDATA[ ]]>
            </line>
          </reporter-output>
        </test-method> <!-- manualAlarmByEscResourceMs -->
        <test-method is-config="true" signature="backToHomePage2(org.testng.ITestResult)[pri:0, instance:function.A_testClassCreate@496bc455]" started-at="2026-02-20T17:27:31 IST" name="backToHomePage2" finished-at="2026-02-20T17:27:37 IST" duration-ms="5694" status="PASS">
          <params>
            <param index="0">
              <value>
                <![CDATA[[TestResult name=manualAlarmByEscResourceMs status=SUCCESS method=A_testClassCreate.manualAlarmByEscResourceMs()[pri:0, instance:function.A_testClassCreate@496bc455]]]]>
              </value>
            </param>
          </params>
          <reporter-output>
          </reporter-output>
        </test-method> <!-- backToHomePage2 -->
        <test-method is-config="true" signature="backToHomePage()[pri:0, instance:function.A_testClassCreate@496bc455]" started-at="2026-02-20T17:27:37 IST" name="backToHomePage" finished-at="2026-02-20T17:27:45 IST" duration-ms="8031" status="PASS">
          <reporter-output>
          </reporter-output>
        </test-method> <!-- backToHomePage -->
        <test-method signature="manualaByAttributeExtend1To01StEscResourceFrom02()[pri:0, instance:function.A_testClassCreate@496bc455]" started-at="2026-02-20T17:27:45 IST" name="manualaByAttributeExtend1To01StEscResourceFrom02" finished-at="2026-02-20T17:28:47 IST" duration-ms="61946" status="PASS">
          <reporter-output>
            <line>
              <![CDATA[ ]]>
            </line>
            <line>
              <![CDATA[The process of creating a manual alarm by attribute st2 and extend to st1 by resource is started.]]>
            </line>
            <line>
              <![CDATA[The process of creating a manual alarm by attribute st2 and extend to st1 by resource is complete.]]>
            </line>
            <line>
              <![CDATA[ ]]>
            </line>
          </reporter-output>
        </test-method> <!-- manualaByAttributeExtend1To01StEscResourceFrom02 -->
        <test-method is-config="true" signature="backToHomePage2(org.testng.ITestResult)[pri:0, instance:function.A_testClassCreate@496bc455]" started-at="2026-02-20T17:28:47 IST" name="backToHomePage2" finished-at="2026-02-20T17:28:53 IST" duration-ms="6440" status="PASS">
          <params>
            <param index="0">
              <value>
                <![CDATA[[TestResult name=manualaByAttributeExtend1To01StEscResourceFrom02 status=SUCCESS method=A_testClassCreate.manualaByAttributeExtend1To01StEscResourceFrom02()[pri:0, instance:function.A_testClassCreate@496bc455]]]]>
              </value>
            </param>
          </params>
          <reporter-output>
          </reporter-output>
        </test-method> <!-- backToHomePage2 -->
        <test-method is-config="true" signature="backToHomePage()[pri:0, instance:function.A_testClassCreate@496bc455]" started-at="2026-02-20T17:28:53 IST" name="backToHomePage" finished-at="2026-02-20T17:29:00 IST" duration-ms="7164" status="PASS">
          <reporter-output>
          </reporter-output>
        </test-method> <!-- backToHomePage -->
        <test-method signature="manualAlarmByOldEsclationTemplateFromSt02ToSt01()[pri:0, instance:function.A_testClassCreate@496bc455]" started-at="2026-02-20T17:29:00 IST" name="manualAlarmByOldEsclationTemplateFromSt02ToSt01" finished-at="2026-02-20T17:29:32 IST" duration-ms="31642" status="PASS">
          <reporter-output>
            <line>
              <![CDATA[ ]]>
            </line>
            <line>
              <![CDATA[The process of creating a manual alarm by template is started.]]>
            </line>
            <line>
              <![CDATA[The process of creating a manual alarm by template is complete.]]>
            </line>
            <line>
              <![CDATA[ ]]>
            </line>
          </reporter-output>
        </test-method> <!-- manualAlarmByOldEsclationTemplateFromSt02ToSt01 -->
        <test-method is-config="true" signature="backToHomePage2(org.testng.ITestResult)[pri:0, instance:function.A_testClassCreate@496bc455]" started-at="2026-02-20T17:29:32 IST" name="backToHomePage2" finished-at="2026-02-20T17:29:37 IST" duration-ms="5582" status="PASS">
          <params>
            <param index="0">
              <value>
                <![CDATA[[TestResult name=manualAlarmByOldEsclationTemplateFromSt02ToSt01 status=SUCCESS method=A_testClassCreate.manualAlarmByOldEsclationTemplateFromSt02ToSt01()[pri:0, instance:function.A_testClassCreate@496bc455]]]]>
              </value>
            </param>
          </params>
          <reporter-output>
          </reporter-output>
        </test-method> <!-- backToHomePage2 -->
        <test-method is-config="true" signature="backToHomePage()[pri:0, instance:function.A_testClassCreate@496bc455]" started-at="2026-02-20T17:29:37 IST" name="backToHomePage" finished-at="2026-02-20T17:29:45 IST" duration-ms="7227" status="PASS">
          <reporter-output>
          </reporter-output>
        </test-method> <!-- backToHomePage -->
        <test-method signature="createNewAlarmTemplateByAttribute()[pri:0, instance:function.A_testClassCreate@496bc455]" started-at="2026-02-20T17:29:45 IST" name="createNewAlarmTemplateByAttribute" finished-at="2026-02-20T17:30:31 IST" duration-ms="46311" status="PASS">
          <reporter-output>
            <line>
              <![CDATA[ ]]>
            </line>
            <line>
              <![CDATA[The process of creating new alarm template by attribute is started.]]>
            </line>
            <line>
              <![CDATA[The process of creating new alarm template by attribute is complete.]]>
            </line>
            <line>
              <![CDATA[ ]]>
            </line>
          </reporter-output>
        </test-method> <!-- createNewAlarmTemplateByAttribute -->
        <test-method is-config="true" signature="backToHomePage2(org.testng.ITestResult)[pri:0, instance:function.A_testClassCreate@496bc455]" started-at="2026-02-20T17:30:31 IST" name="backToHomePage2" finished-at="2026-02-20T17:30:37 IST" duration-ms="5633" status="PASS">
          <params>
            <param index="0">
              <value>
                <![CDATA[[TestResult name=createNewAlarmTemplateByAttribute status=SUCCESS method=A_testClassCreate.createNewAlarmTemplateByAttribute()[pri:0, instance:function.A_testClassCreate@496bc455]]]]>
              </value>
            </param>
          </params>
          <reporter-output>
          </reporter-output>
        </test-method> <!-- backToHomePage2 -->
        <test-method is-config="true" signature="backToHomePage()[pri:0, instance:function.A_testClassCreate@496bc455]" started-at="2026-02-20T17:30:37 IST" name="backToHomePage" finished-at="2026-02-20T17:30:45 IST" duration-ms="8360" status="PASS">
          <reporter-output>
          </reporter-output>
        </test-method> <!-- backToHomePage -->
        <test-method signature="createAlarmByNewlyAddedTemplateFromTemplateModule()[pri:0, instance:function.A_testClassCreate@496bc455]" started-at="2026-02-20T17:30:45 IST" name="createAlarmByNewlyAddedTemplateFromTemplateModule" finished-at="2026-02-20T17:31:17 IST" duration-ms="32367" status="PASS">
          <reporter-output>
            <line>
              <![CDATA[ ]]>
            </line>
            <line>
              <![CDATA[The process for creating Alarm By Newly Added Template From Template Module has been initiated.]]>
            </line>
            <line>
              <![CDATA[The process for creating Alarm By Newly Added Template From Template Module has been completed successfully.]]>
            </line>
            <line>
              <![CDATA[ ]]>
            </line>
          </reporter-output>
        </test-method> <!-- createAlarmByNewlyAddedTemplateFromTemplateModule -->
        <test-method is-config="true" signature="backToHomePage2(org.testng.ITestResult)[pri:0, instance:function.A_testClassCreate@496bc455]" started-at="2026-02-20T17:31:17 IST" name="backToHomePage2" finished-at="2026-02-20T17:31:23 IST" duration-ms="5474" status="PASS">
          <params>
            <param index="0">
              <value>
                <![CDATA[[TestResult name=createAlarmByNewlyAddedTemplateFromTemplateModule status=SUCCESS method=A_testClassCreate.createAlarmByNewlyAddedTemplateFromTemplateModule()[pri:0, instance:function.A_testClassCreate@496bc455]]]]>
              </value>
            </param>
          </params>
          <reporter-output>
          </reporter-output>
        </test-method> <!-- backToHomePage2 -->
        <test-method is-config="true" signature="backToHomePage()[pri:0, instance:function.A_testClassCreate@496bc455]" started-at="2026-02-20T17:31:23 IST" name="backToHomePage" finished-at="2026-02-20T17:31:30 IST" duration-ms="7480" status="PASS">
          <reporter-output>
          </reporter-output>
        </test-method> <!-- backToHomePage -->
        <test-method signature="createNewResource()[pri:0, instance:function.A_testClassCreate@496bc455]" started-at="2026-02-20T17:31:30 IST" name="createNewResource" finished-at="2026-02-20T17:32:09 IST" duration-ms="38979" status="PASS">
          <reporter-output>
            <line>
              <![CDATA[ ]]>
            </line>
            <line>
              <![CDATA[The process of creating new alarm resource is started.]]>
            </line>
            <line>
              <![CDATA[The process of creating new alarm resource is complete.]]>
            </line>
            <line>
              <![CDATA[ ]]>
            </line>
          </reporter-output>
        </test-method> <!-- createNewResource -->
        <test-method is-config="true" signature="backToHomePage2(org.testng.ITestResult)[pri:0, instance:function.A_testClassCreate@496bc455]" started-at="2026-02-20T17:32:09 IST" name="backToHomePage2" finished-at="2026-02-20T17:32:15 IST" duration-ms="5560" status="PASS">
          <params>
            <param index="0">
              <value>
                <![CDATA[[TestResult name=createNewResource status=SUCCESS method=A_testClassCreate.createNewResource()[pri:0, instance:function.A_testClassCreate@496bc455]]]]>
              </value>
            </param>
          </params>
          <reporter-output>
          </reporter-output>
        </test-method> <!-- backToHomePage2 -->
        <test-method is-config="true" signature="backToHomePage()[pri:0, instance:function.A_testClassCreate@496bc455]" started-at="2026-02-20T17:32:15 IST" name="backToHomePage" finished-at="2026-02-20T17:32:22 IST" duration-ms="7569" status="PASS">
          <reporter-output>
          </reporter-output>
        </test-method> <!-- backToHomePage -->
        <test-method signature="manualAlarmByNewREsource()[pri:0, instance:function.A_testClassCreate@496bc455]" started-at="2026-02-20T17:32:22 IST" name="manualAlarmByNewREsource" finished-at="2026-02-20T17:32:50 IST" duration-ms="27893" status="PASS">
          <reporter-output>
            <line>
              <![CDATA[ ]]>
            </line>
            <line>
              <![CDATA[The process of creating a manual alarm by new resource  is started.]]>
            </line>
            <line>
              <![CDATA[The process of creating a manual alarm by new resource is complete.]]>
            </line>
            <line>
              <![CDATA[ ]]>
            </line>
          </reporter-output>
        </test-method> <!-- manualAlarmByNewREsource -->
        <test-method is-config="true" signature="backToHomePage2(org.testng.ITestResult)[pri:0, instance:function.A_testClassCreate@496bc455]" started-at="2026-02-20T17:32:50 IST" name="backToHomePage2" finished-at="2026-02-20T17:32:56 IST" duration-ms="5626" status="PASS">
          <params>
            <param index="0">
              <value>
                <![CDATA[[TestResult name=manualAlarmByNewREsource status=SUCCESS method=A_testClassCreate.manualAlarmByNewREsource()[pri:0, instance:function.A_testClassCreate@496bc455]]]]>
              </value>
            </param>
          </params>
          <reporter-output>
          </reporter-output>
        </test-method> <!-- backToHomePage2 -->
        <test-method is-config="true" signature="backToHomePage()[pri:0, instance:function.A_testClassCreate@496bc455]" started-at="2026-02-20T17:32:56 IST" name="backToHomePage" finished-at="2026-02-20T17:33:03 IST" duration-ms="7188" status="PASS">
          <reporter-output>
          </reporter-output>
        </test-method> <!-- backToHomePage -->
        <test-method signature="createNewEscalationResource()[pri:0, instance:function.A_testClassCreate@496bc455]" started-at="2026-02-20T17:33:03 IST" name="createNewEscalationResource" finished-at="2026-02-20T17:33:36 IST" duration-ms="32965" status="PASS">
          <reporter-output>
            <line>
              <![CDATA[ ]]>
            </line>
            <line>
              <![CDATA[The process of creating new escaltion resource is started.]]>
            </line>
            <line>
              <![CDATA[The process of creating new escaltion resource is complete.]]>
            </line>
            <line>
              <![CDATA[ ]]>
            </line>
          </reporter-output>
        </test-method> <!-- createNewEscalationResource -->
        <test-method is-config="true" signature="backToHomePage2(org.testng.ITestResult)[pri:0, instance:function.A_testClassCreate@496bc455]" started-at="2026-02-20T17:33:36 IST" name="backToHomePage2" finished-at="2026-02-20T17:33:42 IST" duration-ms="5888" status="PASS">
          <params>
            <param index="0">
              <value>
                <![CDATA[[TestResult name=createNewEscalationResource status=SUCCESS method=A_testClassCreate.createNewEscalationResource()[pri:0, instance:function.A_testClassCreate@496bc455]]]]>
              </value>
            </param>
          </params>
          <reporter-output>
          </reporter-output>
        </test-method> <!-- backToHomePage2 -->
        <test-method is-config="true" signature="backToHomePage()[pri:0, instance:function.A_testClassCreate@496bc455]" started-at="2026-02-20T17:33:42 IST" name="backToHomePage" finished-at="2026-02-20T17:33:49 IST" duration-ms="7499" status="PASS">
          <reporter-output>
          </reporter-output>
        </test-method> <!-- backToHomePage -->
        <test-method signature="createNewAlarmEscalation()[pri:0, instance:function.A_testClassCreate@496bc455]" started-at="2026-02-20T17:33:49 IST" name="createNewAlarmEscalation" finished-at="2026-02-20T17:34:18 IST" duration-ms="28980" status="PASS">
          <reporter-output>
            <line>
              <![CDATA[ ]]>
            </line>
            <line>
              <![CDATA[The process of creating new alarm escaltion is started.]]>
            </line>
            <line>
              <![CDATA[The process of creating new aalarm escaltion is complete.]]>
            </line>
            <line>
              <![CDATA[ ]]>
            </line>
          </reporter-output>
        </test-method> <!-- createNewAlarmEscalation -->
        <test-method is-config="true" signature="backToHomePage2(org.testng.ITestResult)[pri:0, instance:function.A_testClassCreate@496bc455]" started-at="2026-02-20T17:34:18 IST" name="backToHomePage2" finished-at="2026-02-20T17:34:25 IST" duration-ms="6480" status="PASS">
          <params>
            <param index="0">
              <value>
                <![CDATA[[TestResult name=createNewAlarmEscalation status=SUCCESS method=A_testClassCreate.createNewAlarmEscalation()[pri:0, instance:function.A_testClassCreate@496bc455]]]]>
              </value>
            </param>
          </params>
          <reporter-output>
          </reporter-output>
        </test-method> <!-- backToHomePage2 -->
        <test-method is-config="true" signature="backToHomePage()[pri:0, instance:function.A_testClassCreate@496bc455]" started-at="2026-02-20T17:34:25 IST" name="backToHomePage" finished-at="2026-02-20T17:34:33 IST" duration-ms="8374" status="PASS">
          <reporter-output>
          </reporter-output>
        </test-method> <!-- backToHomePage -->
        <test-method signature="manualAlarmByNewEscResource()[pri:0, instance:function.A_testClassCreate@496bc455]" started-at="2026-02-20T17:34:33 IST" name="manualAlarmByNewEscResource" finished-at="2026-02-20T17:34:59 IST" duration-ms="25672" status="PASS">
          <reporter-output>
            <line>
              <![CDATA[ ]]>
            </line>
            <line>
              <![CDATA[The process of creating manual alarm by new escalation resource is started.]]>
            </line>
            <line>
              <![CDATA[The process of creating nmanual alarm by new escalation resource is complete.]]>
            </line>
            <line>
              <![CDATA[ ]]>
            </line>
          </reporter-output>
        </test-method> <!-- manualAlarmByNewEscResource -->
        <test-method is-config="true" signature="backToHomePage2(org.testng.ITestResult)[pri:0, instance:function.A_testClassCreate@496bc455]" started-at="2026-02-20T17:34:59 IST" name="backToHomePage2" finished-at="2026-02-20T17:35:05 IST" duration-ms="5619" status="PASS">
          <params>
            <param index="0">
              <value>
                <![CDATA[[TestResult name=manualAlarmByNewEscResource status=SUCCESS method=A_testClassCreate.manualAlarmByNewEscResource()[pri:0, instance:function.A_testClassCreate@496bc455]]]]>
              </value>
            </param>
          </params>
          <reporter-output>
          </reporter-output>
        </test-method> <!-- backToHomePage2 -->
        <test-method is-config="true" signature="backToHomePage()[pri:0, instance:function.A_testClassCreate@496bc455]" started-at="2026-02-20T17:35:05 IST" name="backToHomePage" finished-at="2026-02-20T17:35:12 IST" duration-ms="7176" status="PASS">
          <reporter-output>
          </reporter-output>
        </test-method> <!-- backToHomePage -->
        <test-method signature="sendMessageToManualAlarmUser()[pri:0, instance:function.A_testClassCreate@496bc455]" started-at="2026-02-20T17:35:12 IST" name="sendMessageToManualAlarmUser" finished-at="2026-02-20T17:35:46 IST" duration-ms="34801" status="PASS">
          <reporter-output>
            <line>
              <![CDATA[ ]]>
            </line>
            <line>
              <![CDATA[The process of send message to manual alarm user is started.]]>
            </line>
            <line>
              <![CDATA[The process of send message to manual alarm user is complete.]]>
            </line>
            <line>
              <![CDATA[ ]]>
            </line>
          </reporter-output>
        </test-method> <!-- sendMessageToManualAlarmUser -->
        <test-method is-config="true" signature="backToHomePage2(org.testng.ITestResult)[pri:0, instance:function.A_testClassCreate@496bc455]" started-at="2026-02-20T17:35:46 IST" name="backToHomePage2" finished-at="2026-02-20T17:35:52 IST" duration-ms="5539" status="PASS">
          <params>
            <param index="0">
              <value>
                <![CDATA[[TestResult name=sendMessageToManualAlarmUser status=SUCCESS method=A_testClassCreate.sendMessageToManualAlarmUser()[pri:0, instance:function.A_testClassCreate@496bc455]]]]>
              </value>
            </param>
          </params>
          <reporter-output>
          </reporter-output>
        </test-method> <!-- backToHomePage2 -->
        <test-method is-config="true" signature="backToHomePage()[pri:0, instance:function.A_testClassCreate@496bc455]" started-at="2026-02-20T17:35:52 IST" name="backToHomePage" finished-at="2026-02-20T17:36:00 IST" duration-ms="7482" status="PASS">
          <reporter-output>
          </reporter-output>
        </test-method> <!-- backToHomePage -->
        <test-method signature="createMonitorInformationByAttribute()[pri:0, instance:function.A_testClassCreate@496bc455]" started-at="2026-02-20T17:36:00 IST" name="createMonitorInformationByAttribute" finished-at="2026-02-20T17:36:54 IST" duration-ms="54865" status="PASS">
          <reporter-output>
            <line>
              <![CDATA[ ]]>
            </line>
            <line>
              <![CDATA[The process for creating a new monitor information using attributes has been initiated.]]>
            </line>
            <line>
              <![CDATA[The process for creating a new monitor information using attributes has been completed successfully.]]>
            </line>
            <line>
              <![CDATA[ ]]>
            </line>
          </reporter-output>
        </test-method> <!-- createMonitorInformationByAttribute -->
        <test-method is-config="true" signature="backToHomePage2(org.testng.ITestResult)[pri:0, instance:function.A_testClassCreate@496bc455]" started-at="2026-02-20T17:36:54 IST" name="backToHomePage2" finished-at="2026-02-20T17:37:00 IST" duration-ms="5661" status="PASS">
          <params>
            <param index="0">
              <value>
                <![CDATA[[TestResult name=createMonitorInformationByAttribute status=SUCCESS method=A_testClassCreate.createMonitorInformationByAttribute()[pri:0, instance:function.A_testClassCreate@496bc455]]]]>
              </value>
            </param>
          </params>
          <reporter-output>
          </reporter-output>
        </test-method> <!-- backToHomePage2 -->
        <test-method is-config="true" signature="backToHomePage()[pri:0, instance:function.A_testClassCreate@496bc455]" started-at="2026-02-20T17:37:00 IST" name="backToHomePage" finished-at="2026-02-20T17:37:08 IST" duration-ms="8114" status="PASS">
          <reporter-output>
          </reporter-output>
        </test-method> <!-- backToHomePage -->
        <test-method signature="createMonitorInformationByResource()[pri:0, instance:function.A_testClassCreate@496bc455]" started-at="2026-02-20T17:37:08 IST" name="createMonitorInformationByResource" finished-at="2026-02-20T17:38:03 IST" duration-ms="54814" status="PASS">
          <reporter-output>
            <line>
              <![CDATA[ ]]>
            </line>
            <line>
              <![CDATA[The process for creating a new monitor information using Resource has been initiated.]]>
            </line>
            <line>
              <![CDATA[The process for creating a new monitor information using Resource has been completed successfully.]]>
            </line>
            <line>
              <![CDATA[ ]]>
            </line>
          </reporter-output>
        </test-method> <!-- createMonitorInformationByResource -->
        <test-method is-config="true" signature="backToHomePage2(org.testng.ITestResult)[pri:0, instance:function.A_testClassCreate@496bc455]" started-at="2026-02-20T17:38:03 IST" name="backToHomePage2" finished-at="2026-02-20T17:38:09 IST" duration-ms="5907" status="PASS">
          <params>
            <param index="0">
              <value>
                <![CDATA[[TestResult name=createMonitorInformationByResource status=SUCCESS method=A_testClassCreate.createMonitorInformationByResource()[pri:0, instance:function.A_testClassCreate@496bc455]]]]>
              </value>
            </param>
          </params>
          <reporter-output>
          </reporter-output>
        </test-method> <!-- backToHomePage2 -->
        <test-method is-config="true" signature="backToHomePage()[pri:0, instance:function.A_testClassCreate@496bc455]" started-at="2026-02-20T17:38:09 IST" name="backToHomePage" finished-at="2026-02-20T17:38:16 IST" duration-ms="7347" status="PASS">
          <reporter-output>
          </reporter-output>
        </test-method> <!-- backToHomePage -->
        <test-method signature="createMonitorInformationByFireFighter()[pri:0, instance:function.A_testClassCreate@496bc455]" started-at="2026-02-20T17:38:16 IST" name="createMonitorInformationByFireFighter" finished-at="2026-02-20T17:39:11 IST" duration-ms="54817" status="PASS">
          <reporter-output>
            <line>
              <![CDATA[ ]]>
            </line>
            <line>
              <![CDATA[The process for creating a new monitor information using Fire Fighters has been initiated.]]>
            </line>
            <line>
              <![CDATA[The process for creating a new monitor information using Fire Fighters has been completed successfully.]]>
            </line>
            <line>
              <![CDATA[ ]]>
            </line>
          </reporter-output>
        </test-method> <!-- createMonitorInformationByFireFighter -->
        <test-method is-config="true" signature="backToHomePage2(org.testng.ITestResult)[pri:0, instance:function.A_testClassCreate@496bc455]" started-at="2026-02-20T17:39:11 IST" name="backToHomePage2" finished-at="2026-02-20T17:39:17 IST" duration-ms="5965" status="PASS">
          <params>
            <param index="0">
              <value>
                <![CDATA[[TestResult name=createMonitorInformationByFireFighter status=SUCCESS method=A_testClassCreate.createMonitorInformationByFireFighter()[pri:0, instance:function.A_testClassCreate@496bc455]]]]>
              </value>
            </param>
          </params>
          <reporter-output>
          </reporter-output>
        </test-method> <!-- backToHomePage2 -->
        <test-method is-config="true" signature="backToHomePage()[pri:0, instance:function.A_testClassCreate@496bc455]" started-at="2026-02-20T17:39:17 IST" name="backToHomePage" finished-at="2026-02-20T17:39:24 IST" duration-ms="7350" status="PASS">
          <reporter-output>
          </reporter-output>
        </test-method> <!-- backToHomePage -->
        <test-method signature="createMonitorInformationByStations()[pri:0, instance:function.A_testClassCreate@496bc455]" started-at="2026-02-20T17:39:24 IST" name="createMonitorInformationByStations" finished-at="2026-02-20T17:40:17 IST" duration-ms="52440" status="PASS">
          <reporter-output>
            <line>
              <![CDATA[ ]]>
            </line>
            <line>
              <![CDATA[The process for creating a new monitor information using Fire Stations has been initiated.]]>
            </line>
            <line>
              <![CDATA[The process for creating a new monitor information using Stations has been completed successfully.]]>
            </line>
            <line>
              <![CDATA[ ]]>
            </line>
          </reporter-output>
        </test-method> <!-- createMonitorInformationByStations -->
        <test-method is-config="true" signature="backToHomePage2(org.testng.ITestResult)[pri:0, instance:function.A_testClassCreate@496bc455]" started-at="2026-02-20T17:40:17 IST" name="backToHomePage2" finished-at="2026-02-20T17:40:23 IST" duration-ms="6349" status="PASS">
          <params>
            <param index="0">
              <value>
                <![CDATA[[TestResult name=createMonitorInformationByStations status=SUCCESS method=A_testClassCreate.createMonitorInformationByStations()[pri:0, instance:function.A_testClassCreate@496bc455]]]]>
              </value>
            </param>
          </params>
          <reporter-output>
          </reporter-output>
        </test-method> <!-- backToHomePage2 -->
        <test-method is-config="true" signature="backToHomePage()[pri:0, instance:function.A_testClassCreate@496bc455]" started-at="2026-02-20T17:40:23 IST" name="backToHomePage" finished-at="2026-02-20T17:40:30 IST" duration-ms="7295" status="PASS">
          <reporter-output>
          </reporter-output>
        </test-method> <!-- backToHomePage -->
        <test-method signature="createMonitorInformationByFireFighterForTwoStation()[pri:0, instance:function.A_testClassCreate@496bc455]" started-at="2026-02-20T17:40:30 IST" name="createMonitorInformationByFireFighterForTwoStation" finished-at="2026-02-20T17:41:30 IST" duration-ms="59504" status="PASS">
          <reporter-output>
            <line>
              <![CDATA[ ]]>
            </line>
            <line>
              <![CDATA[The process for creating a new monitor information using Fire Stations has been initiated.]]>
            </line>
            <line>
              <![CDATA[The process for creating a new monitor information using Stations has been completed successfully.]]>
            </line>
            <line>
              <![CDATA[ ]]>
            </line>
          </reporter-output>
        </test-method> <!-- createMonitorInformationByFireFighterForTwoStation -->
        <test-method is-config="true" signature="backToHomePage2(org.testng.ITestResult)[pri:0, instance:function.A_testClassCreate@496bc455]" started-at="2026-02-20T17:41:30 IST" name="backToHomePage2" finished-at="2026-02-20T17:41:36 IST" duration-ms="6147" status="PASS">
          <params>
            <param index="0">
              <value>
                <![CDATA[[TestResult name=createMonitorInformationByFireFighterForTwoStation status=SUCCESS method=A_testClassCreate.createMonitorInformationByFireFighterForTwoStation()[pri:0, instance:function.A_testClassCreate@496bc455]]]]>
              </value>
            </param>
          </params>
          <reporter-output>
          </reporter-output>
        </test-method> <!-- backToHomePage2 -->
        <test-method is-config="true" signature="backToHomePage()[pri:0, instance:function.A_testClassCreate@496bc455]" started-at="2026-02-20T17:41:36 IST" name="backToHomePage" finished-at="2026-02-20T17:41:44 IST" duration-ms="7652" status="PASS">
          <reporter-output>
          </reporter-output>
        </test-method> <!-- backToHomePage -->
        <test-method signature="create1MinInformationEventByAttribute()[pri:0, instance:function.A_testClassCreate@496bc455]" started-at="2026-02-20T17:41:44 IST" name="create1MinInformationEventByAttribute" finished-at="2026-02-20T17:42:43 IST" duration-ms="59370" status="PASS">
          <reporter-output>
            <line>
              <![CDATA[ ]]>
            </line>
            <line>
              <![CDATA[The process for creating a new Information-Event using attribute has been initiated.]]>
            </line>
            <line>
              <![CDATA[The process for creating a new Information-Event using attribute has been completed successfully.]]>
            </line>
            <line>
              <![CDATA[ ]]>
            </line>
          </reporter-output>
        </test-method> <!-- create1MinInformationEventByAttribute -->
        <test-method is-config="true" signature="backToHomePage2(org.testng.ITestResult)[pri:0, instance:function.A_testClassCreate@496bc455]" started-at="2026-02-20T17:42:43 IST" name="backToHomePage2" finished-at="2026-02-20T17:42:49 IST" duration-ms="6159" status="PASS">
          <params>
            <param index="0">
              <value>
                <![CDATA[[TestResult name=create1MinInformationEventByAttribute status=SUCCESS method=A_testClassCreate.create1MinInformationEventByAttribute()[pri:0, instance:function.A_testClassCreate@496bc455]]]]>
              </value>
            </param>
          </params>
          <reporter-output>
          </reporter-output>
        </test-method> <!-- backToHomePage2 -->
        <test-method is-config="true" signature="backToHomePage()[pri:0, instance:function.A_testClassCreate@496bc455]" started-at="2026-02-20T17:42:49 IST" name="backToHomePage" finished-at="2026-02-20T17:42:56 IST" duration-ms="7187" status="PASS">
          <reporter-output>
          </reporter-output>
        </test-method> <!-- backToHomePage -->
        <test-method signature="create1HrInformationEventByResource()[pri:0, instance:function.A_testClassCreate@496bc455]" started-at="2026-02-20T17:42:56 IST" name="create1HrInformationEventByResource" finished-at="2026-02-20T17:43:56 IST" duration-ms="59436" status="PASS">
          <reporter-output>
            <line>
              <![CDATA[ ]]>
            </line>
            <line>
              <![CDATA[The process for creating a new Information-Event using resource has been initiated.]]>
            </line>
            <line>
              <![CDATA[The process for creating a new Information-Event using resource has been completed successfully.]]>
            </line>
            <line>
              <![CDATA[ ]]>
            </line>
          </reporter-output>
        </test-method> <!-- create1HrInformationEventByResource -->
        <test-method is-config="true" signature="backToHomePage2(org.testng.ITestResult)[pri:0, instance:function.A_testClassCreate@496bc455]" started-at="2026-02-20T17:43:56 IST" name="backToHomePage2" finished-at="2026-02-20T17:44:02 IST" duration-ms="6222" status="PASS">
          <params>
            <param index="0">
              <value>
                <![CDATA[[TestResult name=create1HrInformationEventByResource status=SUCCESS method=A_testClassCreate.create1HrInformationEventByResource()[pri:0, instance:function.A_testClassCreate@496bc455]]]]>
              </value>
            </param>
          </params>
          <reporter-output>
          </reporter-output>
        </test-method> <!-- backToHomePage2 -->
        <test-method is-config="true" signature="backToHomePage()[pri:0, instance:function.A_testClassCreate@496bc455]" started-at="2026-02-20T17:44:02 IST" name="backToHomePage" finished-at="2026-02-20T17:44:10 IST" duration-ms="8279" status="PASS">
          <reporter-output>
          </reporter-output>
        </test-method> <!-- backToHomePage -->
        <test-method signature="create1DayInformationEventByFireFighter()[pri:0, instance:function.A_testClassCreate@496bc455]" started-at="2026-02-20T17:44:10 IST" name="create1DayInformationEventByFireFighter" finished-at="2026-02-20T17:45:18 IST" duration-ms="67106" status="PASS">
          <reporter-output>
            <line>
              <![CDATA[ ]]>
            </line>
            <line>
              <![CDATA[The process for creating a new Information-Event using fire fighter  has been initiated.]]>
            </line>
            <line>
              <![CDATA[The process for creating a new Information-Event using fire fighter has been completed successfully.]]>
            </line>
            <line>
              <![CDATA[ ]]>
            </line>
          </reporter-output>
        </test-method> <!-- create1DayInformationEventByFireFighter -->
        <test-method is-config="true" signature="backToHomePage2(org.testng.ITestResult)[pri:0, instance:function.A_testClassCreate@496bc455]" started-at="2026-02-20T17:45:18 IST" name="backToHomePage2" finished-at="2026-02-20T17:45:24 IST" duration-ms="6876" status="PASS">
          <params>
            <param index="0">
              <value>
                <![CDATA[[TestResult name=create1DayInformationEventByFireFighter status=SUCCESS method=A_testClassCreate.create1DayInformationEventByFireFighter()[pri:0, instance:function.A_testClassCreate@496bc455]]]]>
              </value>
            </param>
          </params>
          <reporter-output>
          </reporter-output>
        </test-method> <!-- backToHomePage2 -->
        <test-method is-config="true" signature="backToHomePage()[pri:0, instance:function.A_testClassCreate@496bc455]" started-at="2026-02-20T17:45:24 IST" name="backToHomePage" finished-at="2026-02-20T17:45:32 IST" duration-ms="7382" status="PASS">
          <reporter-output>
          </reporter-output>
        </test-method> <!-- backToHomePage -->
        <test-method signature="createFullDayInformationEventByStation()[pri:0, instance:function.A_testClassCreate@496bc455]" started-at="2026-02-20T17:45:32 IST" name="createFullDayInformationEventByStation" finished-at="2026-02-20T17:46:18 IST" duration-ms="46378" status="PASS">
          <reporter-output>
            <line>
              <![CDATA[ ]]>
            </line>
            <line>
              <![CDATA[The process for creating a new Information-Event full day using stations has been initiated.]]>
            </line>
            <line>
              <![CDATA[The process for creating a new  Information-Event full day using stations has been completed successfully.]]>
            </line>
            <line>
              <![CDATA[ ]]>
            </line>
          </reporter-output>
        </test-method> <!-- createFullDayInformationEventByStation -->
        <test-method is-config="true" signature="backToHomePage2(org.testng.ITestResult)[pri:0, instance:function.A_testClassCreate@496bc455]" started-at="2026-02-20T17:46:18 IST" name="backToHomePage2" finished-at="2026-02-20T17:46:25 IST" duration-ms="6651" status="PASS">
          <params>
            <param index="0">
              <value>
                <![CDATA[[TestResult name=createFullDayInformationEventByStation status=SUCCESS method=A_testClassCreate.createFullDayInformationEventByStation()[pri:0, instance:function.A_testClassCreate@496bc455]]]]>
              </value>
            </param>
          </params>
          <reporter-output>
          </reporter-output>
        </test-method> <!-- backToHomePage2 -->
        <test-method is-config="true" signature="backToHomePage()[pri:0, instance:function.A_testClassCreate@496bc455]" started-at="2026-02-20T17:46:25 IST" name="backToHomePage" finished-at="2026-02-20T17:46:32 IST" duration-ms="7521" status="PASS">
          <reporter-output>
          </reporter-output>
        </test-method> <!-- backToHomePage -->
        <test-method signature="SendMessageTo1DayInformationEventByFireFighter()[pri:0, instance:function.A_testClassCreate@496bc455]" started-at="2026-02-20T17:46:32 IST" name="SendMessageTo1DayInformationEventByFireFighter" finished-at="2026-02-20T17:46:58 IST" duration-ms="26055" status="PASS">
          <reporter-output>
            <line>
              <![CDATA[ ]]>
            </line>
            <line>
              <![CDATA[The process for sending messages for full-day Information Events using stations has been initiated..]]>
            </line>
            <line>
              <![CDATA[The process for sending messages for full-day Information Events using stations  has been completed successfully.]]>
            </line>
            <line>
              <![CDATA[ ]]>
            </line>
          </reporter-output>
        </test-method> <!-- SendMessageTo1DayInformationEventByFireFighter -->
        <test-method is-config="true" signature="backToHomePage2(org.testng.ITestResult)[pri:0, instance:function.A_testClassCreate@496bc455]" started-at="2026-02-20T17:46:58 IST" name="backToHomePage2" finished-at="2026-02-20T17:47:04 IST" duration-ms="5727" status="PASS">
          <params>
            <param index="0">
              <value>
                <![CDATA[[TestResult name=SendMessageTo1DayInformationEventByFireFighter status=SUCCESS method=A_testClassCreate.SendMessageTo1DayInformationEventByFireFighter()[pri:0, instance:function.A_testClassCreate@496bc455]]]]>
              </value>
            </param>
          </params>
          <reporter-output>
          </reporter-output>
        </test-method> <!-- backToHomePage2 -->
        <test-method is-config="true" signature="backToHomePage()[pri:0, instance:function.A_testClassCreate@496bc455]" started-at="2026-02-20T17:47:04 IST" name="backToHomePage" finished-at="2026-02-20T17:47:11 IST" duration-ms="7257" status="PASS">
          <reporter-output>
          </reporter-output>
        </test-method> <!-- backToHomePage -->
        <test-method signature="createCalendarEventByAttribute()[pri:0, instance:function.A_testClassCreate@496bc455]" started-at="2026-02-20T17:47:11 IST" name="createCalendarEventByAttribute" finished-at="2026-02-20T17:47:55 IST" duration-ms="43185" status="PASS">
          <reporter-output>
            <line>
              <![CDATA[ ]]>
            </line>
            <line>
              <![CDATA[The process for creating calendar event by attribute has been initiated..]]>
            </line>
            <line>
              <![CDATA[The process for creating calendar event by attribute has been completed successfully.]]>
            </line>
            <line>
              <![CDATA[ ]]>
            </line>
          </reporter-output>
        </test-method> <!-- createCalendarEventByAttribute -->
        <test-method is-config="true" signature="backToHomePage2(org.testng.ITestResult)[pri:0, instance:function.A_testClassCreate@496bc455]" started-at="2026-02-20T17:47:55 IST" name="backToHomePage2" finished-at="2026-02-20T17:48:01 IST" duration-ms="6056" status="PASS">
          <params>
            <param index="0">
              <value>
                <![CDATA[[TestResult name=createCalendarEventByAttribute status=SUCCESS method=A_testClassCreate.createCalendarEventByAttribute()[pri:0, instance:function.A_testClassCreate@496bc455]]]]>
              </value>
            </param>
          </params>
          <reporter-output>
          </reporter-output>
        </test-method> <!-- backToHomePage2 -->
        <test-method is-config="true" signature="backToHomePage()[pri:0, instance:function.A_testClassCreate@496bc455]" started-at="2026-02-20T17:48:01 IST" name="backToHomePage" finished-at="2026-02-20T17:48:08 IST" duration-ms="7311" status="PASS">
          <reporter-output>
          </reporter-output>
        </test-method> <!-- backToHomePage -->
        <test-method signature="createCalendarEventByResource()[pri:0, instance:function.A_testClassCreate@496bc455]" started-at="2026-02-20T17:48:08 IST" name="createCalendarEventByResource" finished-at="2026-02-20T17:48:51 IST" duration-ms="43207" status="PASS">
          <reporter-output>
            <line>
              <![CDATA[ ]]>
            </line>
            <line>
              <![CDATA[The process for creating calendar event by Resource has been initiated..]]>
            </line>
            <line>
              <![CDATA[The process for creating calendar event by Resource has been completed successfully.]]>
            </line>
            <line>
              <![CDATA[ ]]>
            </line>
          </reporter-output>
        </test-method> <!-- createCalendarEventByResource -->
        <test-method is-config="true" signature="backToHomePage2(org.testng.ITestResult)[pri:0, instance:function.A_testClassCreate@496bc455]" started-at="2026-02-20T17:48:51 IST" name="backToHomePage2" finished-at="2026-02-20T17:48:57 IST" duration-ms="5788" status="PASS">
          <params>
            <param index="0">
              <value>
                <![CDATA[[TestResult name=createCalendarEventByResource status=SUCCESS method=A_testClassCreate.createCalendarEventByResource()[pri:0, instance:function.A_testClassCreate@496bc455]]]]>
              </value>
            </param>
          </params>
          <reporter-output>
          </reporter-output>
        </test-method> <!-- backToHomePage2 -->
        <test-method is-config="true" signature="backToHomePage()[pri:0, instance:function.A_testClassCreate@496bc455]" started-at="2026-02-20T17:48:57 IST" name="backToHomePage" finished-at="2026-02-20T17:49:04 IST" duration-ms="7316" status="PASS">
          <reporter-output>
          </reporter-output>
        </test-method> <!-- backToHomePage -->
        <test-method signature="createCalendarEventByFireFughterMS()[pri:0, instance:function.A_testClassCreate@496bc455]" started-at="2026-02-20T17:49:04 IST" name="createCalendarEventByFireFughterMS" finished-at="2026-02-20T17:49:55 IST" duration-ms="50439" status="PASS">
          <reporter-output>
            <line>
              <![CDATA[ ]]>
            </line>
            <line>
              <![CDATA[The process for creating calendar event by fire fighters has been initiated..]]>
            </line>
            <line>
              <![CDATA[The process for creating calendar event by fire fighters has been completed successfully.]]>
            </line>
            <line>
              <![CDATA[ ]]>
            </line>
          </reporter-output>
        </test-method> <!-- createCalendarEventByFireFughterMS -->
        <test-method is-config="true" signature="backToHomePage2(org.testng.ITestResult)[pri:0, instance:function.A_testClassCreate@496bc455]" started-at="2026-02-20T17:49:55 IST" name="backToHomePage2" finished-at="2026-02-20T17:50:01 IST" duration-ms="6279" status="PASS">
          <params>
            <param index="0">
              <value>
                <![CDATA[[TestResult name=createCalendarEventByFireFughterMS status=SUCCESS method=A_testClassCreate.createCalendarEventByFireFughterMS()[pri:0, instance:function.A_testClassCreate@496bc455]]]]>
              </value>
            </param>
          </params>
          <reporter-output>
          </reporter-output>
        </test-method> <!-- backToHomePage2 -->
        <test-method is-config="true" signature="backToHomePage()[pri:0, instance:function.A_testClassCreate@496bc455]" started-at="2026-02-20T17:50:01 IST" name="backToHomePage" finished-at="2026-02-20T17:50:08 IST" duration-ms="7461" status="PASS">
          <reporter-output>
          </reporter-output>
        </test-method> <!-- backToHomePage -->
        <test-method signature="createCalendarEventByStationsMS()[pri:0, instance:function.A_testClassCreate@496bc455]" started-at="2026-02-20T17:50:08 IST" name="createCalendarEventByStationsMS" finished-at="2026-02-20T17:50:46 IST" duration-ms="37635" status="PASS">
          <reporter-output>
            <line>
              <![CDATA[ ]]>
            </line>
            <line>
              <![CDATA[The process for creating calendar event by stations has been initiated..]]>
            </line>
            <line>
              <![CDATA[The process for creating calendar event by stations has been completed successfully.]]>
            </line>
            <line>
              <![CDATA[ ]]>
            </line>
          </reporter-output>
        </test-method> <!-- createCalendarEventByStationsMS -->
        <test-method is-config="true" signature="backToHomePage2(org.testng.ITestResult)[pri:0, instance:function.A_testClassCreate@496bc455]" started-at="2026-02-20T17:50:46 IST" name="backToHomePage2" finished-at="2026-02-20T17:50:52 IST" duration-ms="6030" status="PASS">
          <params>
            <param index="0">
              <value>
                <![CDATA[[TestResult name=createCalendarEventByStationsMS status=SUCCESS method=A_testClassCreate.createCalendarEventByStationsMS()[pri:0, instance:function.A_testClassCreate@496bc455]]]]>
              </value>
            </param>
          </params>
          <reporter-output>
          </reporter-output>
        </test-method> <!-- backToHomePage2 -->
        <test-method is-config="true" signature="backToHomePage()[pri:0, instance:function.A_testClassCreate@496bc455]" started-at="2026-02-20T17:50:52 IST" name="backToHomePage" finished-at="2026-02-20T17:51:00 IST" duration-ms="7557" status="PASS">
          <reporter-output>
          </reporter-output>
        </test-method> <!-- backToHomePage -->
        <test-method signature="createNewAlarmTemplateByResource()[pri:0, instance:function.A_testClassCreate@496bc455]" started-at="2026-02-20T17:51:00 IST" name="createNewAlarmTemplateByResource" finished-at="2026-02-20T17:51:36 IST" duration-ms="36688" status="PASS">
          <reporter-output>
            <line>
              <![CDATA[ ]]>
            </line>
            <line>
              <![CDATA[The process of creating new alarm template by resource is started.]]>
            </line>
            <line>
              <![CDATA[The process of creating new alarm template by resource is complete.]]>
            </line>
            <line>
              <![CDATA[ ]]>
            </line>
          </reporter-output>
        </test-method> <!-- createNewAlarmTemplateByResource -->
        <test-method is-config="true" signature="backToHomePage2(org.testng.ITestResult)[pri:0, instance:function.A_testClassCreate@496bc455]" started-at="2026-02-20T17:51:36 IST" name="backToHomePage2" finished-at="2026-02-20T17:51:42 IST" duration-ms="5713" status="PASS">
          <params>
            <param index="0">
              <value>
                <![CDATA[[TestResult name=createNewAlarmTemplateByResource status=SUCCESS method=A_testClassCreate.createNewAlarmTemplateByResource()[pri:0, instance:function.A_testClassCreate@496bc455]]]]>
              </value>
            </param>
          </params>
          <reporter-output>
          </reporter-output>
        </test-method> <!-- backToHomePage2 -->
        <test-method is-config="true" signature="backToHomePage()[pri:0, instance:function.A_testClassCreate@496bc455]" started-at="2026-02-20T17:51:42 IST" name="backToHomePage" finished-at="2026-02-20T17:51:49 IST" duration-ms="7322" status="PASS">
          <reporter-output>
          </reporter-output>
        </test-method> <!-- backToHomePage -->
        <test-method signature="createNewAlarmTemplateByFirefighter()[pri:0, instance:function.A_testClassCreate@496bc455]" started-at="2026-02-20T17:51:49 IST" name="createNewAlarmTemplateByFirefighter" finished-at="2026-02-20T17:52:37 IST" duration-ms="47820" status="PASS">
          <reporter-output>
            <line>
              <![CDATA[ ]]>
            </line>
            <line>
              <![CDATA[The process of creating new alarm template by fire fighter is started.]]>
            </line>
            <line>
              <![CDATA[The process of creating new alarm template by fire fighter is complete.]]>
            </line>
            <line>
              <![CDATA[ ]]>
            </line>
          </reporter-output>
        </test-method> <!-- createNewAlarmTemplateByFirefighter -->
        <test-method is-config="true" signature="backToHomePage2(org.testng.ITestResult)[pri:0, instance:function.A_testClassCreate@496bc455]" started-at="2026-02-20T17:52:37 IST" name="backToHomePage2" finished-at="2026-02-20T17:52:43 IST" duration-ms="5567" status="PASS">
          <params>
            <param index="0">
              <value>
                <![CDATA[[TestResult name=createNewAlarmTemplateByFirefighter status=SUCCESS method=A_testClassCreate.createNewAlarmTemplateByFirefighter()[pri:0, instance:function.A_testClassCreate@496bc455]]]]>
              </value>
            </param>
          </params>
          <reporter-output>
          </reporter-output>
        </test-method> <!-- backToHomePage2 -->
        <test-method is-config="true" signature="backToHomePage()[pri:0, instance:function.A_testClassCreate@496bc455]" started-at="2026-02-20T17:52:43 IST" name="backToHomePage" finished-at="2026-02-20T17:52:50 IST" duration-ms="7149" status="PASS">
          <reporter-output>
          </reporter-output>
        </test-method> <!-- backToHomePage -->
        <test-method signature="createNewAlarmLoop()[pri:0, instance:function.A_testClassCreate@496bc455]" started-at="2026-02-20T17:52:50 IST" name="createNewAlarmLoop" finished-at="2026-02-20T17:53:15 IST" duration-ms="25019" status="PASS">
          <reporter-output>
            <line>
              <![CDATA[ ]]>
            </line>
            <line>
              <![CDATA[The process of creating new alarm loop is started.]]>
            </line>
            <line>
              <![CDATA[The process of creating new alarm loop is is complete.]]>
            </line>
            <line>
              <![CDATA[ ]]>
            </line>
          </reporter-output>
        </test-method> <!-- createNewAlarmLoop -->
        <test-method is-config="true" signature="backToHomePage2(org.testng.ITestResult)[pri:0, instance:function.A_testClassCreate@496bc455]" started-at="2026-02-20T17:53:15 IST" name="backToHomePage2" finished-at="2026-02-20T17:53:20 IST" duration-ms="5457" status="PASS">
          <params>
            <param index="0">
              <value>
                <![CDATA[[TestResult name=createNewAlarmLoop status=SUCCESS method=A_testClassCreate.createNewAlarmLoop()[pri:0, instance:function.A_testClassCreate@496bc455]]]]>
              </value>
            </param>
          </params>
          <reporter-output>
          </reporter-output>
        </test-method> <!-- backToHomePage2 -->
        <test-method is-config="true" signature="backToHomePage()[pri:0, instance:function.A_testClassCreate@496bc455]" started-at="2026-02-20T17:53:20 IST" name="backToHomePage" finished-at="2026-02-20T17:53:28 IST" duration-ms="7754" status="PASS">
          <reporter-output>
          </reporter-output>
        </test-method> <!-- backToHomePage -->
        <test-method signature="createEventCategory()[pri:0, instance:function.A_testClassCreate@496bc455]" started-at="2026-02-20T17:53:28 IST" name="createEventCategory" finished-at="2026-02-20T17:53:46 IST" duration-ms="17379" status="PASS">
          <reporter-output>
            <line>
              <![CDATA[ ]]>
            </line>
            <line>
              <![CDATA[The process for creating event category  has been initiated..]]>
            </line>
            <line>
              <![CDATA[The process for ccreating event category has been completed successfully.]]>
            </line>
            <line>
              <![CDATA[ ]]>
            </line>
          </reporter-output>
        </test-method> <!-- createEventCategory -->
        <test-method is-config="true" signature="backToHomePage2(org.testng.ITestResult)[pri:0, instance:function.A_testClassCreate@496bc455]" started-at="2026-02-20T17:53:46 IST" name="backToHomePage2" finished-at="2026-02-20T17:53:52 IST" duration-ms="6376" status="PASS">
          <params>
            <param index="0">
              <value>
                <![CDATA[[TestResult name=createEventCategory status=SUCCESS method=A_testClassCreate.createEventCategory()[pri:0, instance:function.A_testClassCreate@496bc455]]]]>
              </value>
            </param>
          </params>
          <reporter-output>
          </reporter-output>
        </test-method> <!-- backToHomePage2 -->
        <test-method is-config="true" signature="logOut()[pri:0, instance:function.A_testClassCreate@496bc455]" started-at="2026-02-20T17:53:52 IST" name="logOut" finished-at="2026-02-20T17:53:56 IST" duration-ms="4425" status="PASS">
          <reporter-output>
            <line>
              <![CDATA[Logout sucessfully.]]>
            </line>
            <line>
              <![CDATA[ ]]>
            </line>
          </reporter-output>
        </test-method> <!-- logOut -->
        <test-method is-config="true" signature="AfterTest()[pri:0, instance:function.A_testClassCreate@496bc455]" started-at="2026-02-20T17:53:56 IST" name="AfterTest" finished-at="2026-02-20T17:53:56 IST" duration-ms="0" status="PASS">
          <reporter-output>
            <line>
              <![CDATA[Refresh the URL before successfully closing the browser.]]>
            </line>
          </reporter-output>
        </test-method> <!-- AfterTest -->
        <test-method is-config="true" signature="AfterSute()[pri:0, instance:function.A_testClassCreate@496bc455]" started-at="2026-02-20T17:53:56 IST" name="AfterSute" finished-at="2026-02-20T17:53:57 IST" duration-ms="230" status="PASS">
          <reporter-output>
            <line>
              <![CDATA[Browser close sucessfully.]]>
            </line>
            <line>
              <![CDATA[ ]]>
            </line>
            <line>
              <![CDATA[Good to see you again.]]>
            </line>
          </reporter-output>
        </test-method> <!-- AfterSute -->
      </class> <!-- function.A_testClassCreate -->
    </test> <!-- Test -->
  </suite> <!-- Suite -->
</testng-results>
