<?xml version="1.0" encoding="UTF-8"?>
<testng-results ignored="0" total="1" passed="0" failed="1" skipped="0">
  <reporter-output>
    <line>
      <![CDATA[Well come to RETTERAlarm Live branch]]>
    </line>
    <line>
      <![CDATA[Logged in user-6039-DE-andrew-deptu-2]]>
    </line>
    <line>
      <![CDATA[|*******************************************************|]]>
    </line>
    <line>
      <![CDATA[ ]]>
    </line>
    <line>
      <![CDATA[The process of creating a manual alarm by resource is started.]]>
    </line>
    <line>
      <![CDATA[Logout sucessfully.]]>
    </line>
    <line>
      <![CDATA[ ]]>
    </line>
    <line>
      <![CDATA[Refresh the URL before successfully closing the browser.]]>
    </line>
    <line>
      <![CDATA[Browser close sucessfully.]]>
    </line>
    <line>
      <![CDATA[ ]]>
    </line>
    <line>
      <![CDATA[Good to see you again.]]>
    </line>
  </reporter-output>
  <suite started-at="2025-10-29T15:00:25 IST" name="Failed suite [Suite]" finished-at="2025-10-29T15:01:51 IST" duration-ms="86482">
    <groups>
    </groups>
    <test started-at="2025-10-29T15:00:25 IST" name="Test(failed)" finished-at="2025-10-29T15:01:51 IST" duration-ms="86482">
      <class name="function.A_testClassCreate">
        <test-method is-config="true" signature="BeforeSuite()[pri:0, instance:function.A_testClassCreate@4b013c76]" started-at="2025-10-29T15:00:15 IST" name="BeforeSuite" finished-at="2025-10-29T15:00:25 IST" duration-ms="9540" status="PASS">
          <reporter-output>
            <line>
              <![CDATA[Well come to RETTERAlarm Live branch]]>
            </line>
          </reporter-output>
        </test-method> <!-- BeforeSuite -->
        <test-method is-config="true" signature="BeforeTest()[pri:0, instance:function.A_testClassCreate@4b013c76]" started-at="2025-10-29T15:00:25 IST" name="BeforeTest" finished-at="2025-10-29T15:00:35 IST" duration-ms="10012" status="PASS">
          <reporter-output>
            <line>
              <![CDATA[Logged in user-6039-DE-andrew-deptu-2]]>
            </line>
          </reporter-output>
        </test-method> <!-- BeforeTest -->
        <test-method is-config="true" signature="createObject()[pri:0, instance:function.A_testClassCreate@4b013c76]" started-at="2025-10-29T15:00:35 IST" name="createObject" finished-at="2025-10-29T15:00:35 IST" duration-ms="37" status="PASS">
          <reporter-output>
          </reporter-output>
        </test-method> <!-- createObject -->
        <test-method is-config="true" signature="backToHomePage()[pri:0, instance:function.A_testClassCreate@4b013c76]" started-at="2025-10-29T15:00:35 IST" name="backToHomePage" finished-at="2025-10-29T15:00:40 IST" duration-ms="5360" status="PASS">
          <reporter-output>
            <line>
              <![CDATA[|*******************************************************|]]>
            </line>
          </reporter-output>
        </test-method> <!-- backToHomePage -->
        <test-method signature="manualAlarmByResourceMs()[pri:0, instance:function.A_testClassCreate@4b013c76]" started-at="2025-10-29T15:00:40 IST" name="manualAlarmByResourceMs" finished-at="2025-10-29T15:01:26 IST" duration-ms="45788" status="FAIL">
          <exception class="org.openqa.selenium.NoSuchElementException">
            <message>
              <![CDATA[no such element: Unable to locate element: {"method":"xpath","selector":"(//input[contains(@id,"selectedResources")])[2]"}
  (Session info: chrome=141.0.7390.123)
For documentation on this error, please visit: https://www.selenium.dev/documentation/webdriver/troubleshooting/errors#no-such-element-exception
Build info: version: '4.17.0', revision: 'e52b1be057*'
System info: os.name: 'Windows 11', os.arch: 'amd64', os.version: '10.0', java.version: '17.0.9'
Driver info: org.openqa.selenium.chrome.ChromeDriver
Command: [cc49a7f860fa66892d85c8dc54448bf0, findElement {using=xpath, value=(//input[contains(@id,"selectedResources")])[2]}]
Capabilities {acceptInsecureCerts: false, browserName: chrome, browserVersion: 141.0.7390.123, chrome: {chromedriverVersion: 141.0.7390.122 (b477534e7e1..., userDataDir: C:\Users\BHUPESH\AppData\Lo...}, fedcm:accounts: true, goog:chromeOptions: {debuggerAddress: localhost:64011}, networkConnectionEnabled: false, pageLoadStrategy: normal, platformName: windows, proxy: Proxy(), se:cdp: ws://localhost:64011/devtoo..., se:cdpVersion: 141.0.7390.123, setWindowRect: true, strictFileInteractability: false, timeouts: {implicit: 0, pageLoad: 300000, script: 30000}, unhandledPromptBehavior: dismiss and notify, webauthn:extension:credBlob: true, webauthn:extension:largeBlob: true, webauthn:extension:minPinLength: true, webauthn:extension:prf: true, webauthn:virtualAuthenticators: true}
Session ID: cc49a7f860fa66892d85c8dc54448bf0]]>
            </message>
            <full-stacktrace>
              <![CDATA[org.openqa.selenium.NoSuchElementException: no such element: Unable to locate element: {"method":"xpath","selector":"(//input[contains(@id,"selectedResources")])[2]"}
  (Session info: chrome=141.0.7390.123)
For documentation on this error, please visit: https://www.selenium.dev/documentation/webdriver/troubleshooting/errors#no-such-element-exception
Build info: version: '4.17.0', revision: 'e52b1be057*'
System info: os.name: 'Windows 11', os.arch: 'amd64', os.version: '10.0', java.version: '17.0.9'
Driver info: org.openqa.selenium.chrome.ChromeDriver
Command: [cc49a7f860fa66892d85c8dc54448bf0, findElement {using=xpath, value=(//input[contains(@id,"selectedResources")])[2]}]
Capabilities {acceptInsecureCerts: false, browserName: chrome, browserVersion: 141.0.7390.123, chrome: {chromedriverVersion: 141.0.7390.122 (b477534e7e1..., userDataDir: C:\Users\BHUPESH\AppData\Lo...}, fedcm:accounts: true, goog:chromeOptions: {debuggerAddress: localhost:64011}, networkConnectionEnabled: false, pageLoadStrategy: normal, platformName: windows, proxy: Proxy(), se:cdp: ws://localhost:64011/devtoo..., se:cdpVersion: 141.0.7390.123, setWindowRect: true, strictFileInteractability: false, timeouts: {implicit: 0, pageLoad: 300000, script: 30000}, unhandledPromptBehavior: dismiss and notify, webauthn:extension:credBlob: true, webauthn:extension:largeBlob: true, webauthn:extension:minPinLength: true, webauthn:extension:prf: true, webauthn:virtualAuthenticators: true}
Session ID: cc49a7f860fa66892d85c8dc54448bf0
at java.base/jdk.internal.reflect.NativeConstructorAccessorImpl.newInstance0(Native Method)
at java.base/jdk.internal.reflect.NativeConstructorAccessorImpl.newInstance(NativeConstructorAccessorImpl.java:77)
at java.base/jdk.internal.reflect.DelegatingConstructorAccessorImpl.newInstance(DelegatingConstructorAccessorImpl.java:45)
at java.base/java.lang.reflect.Constructor.newInstanceWithCaller(Constructor.java:499)
at java.base/java.lang.reflect.Constructor.newInstance(Constructor.java:480)
at org.openqa.selenium.remote.codec.w3c.W3CHttpResponseCodec.createException(W3CHttpResponseCodec.java:185)
at org.openqa.selenium.remote.codec.w3c.W3CHttpResponseCodec.decode(W3CHttpResponseCodec.java:134)
at org.openqa.selenium.remote.codec.w3c.W3CHttpResponseCodec.decode(W3CHttpResponseCodec.java:51)
at org.openqa.selenium.remote.HttpCommandExecutor.execute(HttpCommandExecutor.java:190)
at org.openqa.selenium.remote.service.DriverCommandExecutor.invokeExecute(DriverCommandExecutor.java:216)
at org.openqa.selenium.remote.service.DriverCommandExecutor.execute(DriverCommandExecutor.java:174)
at org.openqa.selenium.remote.RemoteWebDriver.execute(RemoteWebDriver.java:519)
at org.openqa.selenium.remote.ElementLocation$ElementFinder$2.findElement(ElementLocation.java:165)
at org.openqa.selenium.remote.ElementLocation.findElement(ElementLocation.java:59)
at org.openqa.selenium.remote.RemoteWebDriver.findElement(RemoteWebDriver.java:356)
at org.openqa.selenium.remote.RemoteWebDriver.findElement(RemoteWebDriver.java:350)
at org.openqa.selenium.support.pagefactory.DefaultElementLocator.findElement(DefaultElementLocator.java:68)
at org.openqa.selenium.support.pagefactory.internal.LocatingElementHandler.invoke(LocatingElementHandler.java:38)
at jdk.proxy2/jdk.proxy2.$Proxy22.click(Unknown Source)
at function.F_manualAlarm.manualAlarmByResourceMs(F_manualAlarm.java:1891)
at function.A_testClassCreate.manualAlarmByResourceMs(A_testClassCreate.java:334)
at java.base/jdk.internal.reflect.NativeMethodAccessorImpl.invoke0(Native Method)
at java.base/jdk.internal.reflect.NativeMethodAccessorImpl.invoke(NativeMethodAccessorImpl.java:77)
at java.base/jdk.internal.reflect.DelegatingMethodAccessorImpl.invoke(DelegatingMethodAccessorImpl.java:43)
at java.base/java.lang.reflect.Method.invoke(Method.java:568)
at org.testng.internal.invokers.MethodInvocationHelper.invokeMethod(MethodInvocationHelper.java:139)
at org.testng.internal.invokers.TestInvoker.invokeMethod(TestInvoker.java:664)
at org.testng.internal.invokers.TestInvoker.invokeTestMethod(TestInvoker.java:228)
at org.testng.internal.invokers.MethodRunner.runInSequence(MethodRunner.java:63)
at org.testng.internal.invokers.TestInvoker$MethodInvocationAgent.invoke(TestInvoker.java:961)
at org.testng.internal.invokers.TestInvoker.invokeTestMethods(TestInvoker.java:201)
at org.testng.internal.invokers.TestMethodWorker.invokeTestMethods(TestMethodWorker.java:148)
at org.testng.internal.invokers.TestMethodWorker.run(TestMethodWorker.java:128)
at java.base/java.util.ArrayList.forEach(ArrayList.java:1511)
at org.testng.TestRunner.privateRun(TestRunner.java:819)
at org.testng.TestRunner.run(TestRunner.java:619)
at org.testng.SuiteRunner.runTest(SuiteRunner.java:443)
at org.testng.SuiteRunner.runSequentially(SuiteRunner.java:437)
at org.testng.SuiteRunner.privateRun(SuiteRunner.java:397)
at org.testng.SuiteRunner.run(SuiteRunner.java:336)
at org.testng.SuiteRunnerWorker.runSuite(SuiteRunnerWorker.java:52)
at org.testng.SuiteRunnerWorker.run(SuiteRunnerWorker.java:95)
at org.testng.TestNG.runSuitesSequentially(TestNG.java:1301)
at org.testng.TestNG.runSuitesLocally(TestNG.java:1228)
at org.testng.TestNG.runSuites(TestNG.java:1134)
at org.testng.TestNG.run(TestNG.java:1101)
at org.testng.remote.AbstractRemoteTestNG.run(AbstractRemoteTestNG.java:115)
at org.testng.remote.RemoteTestNG.initAndRun(RemoteTestNG.java:251)
at org.testng.remote.RemoteTestNG.main(RemoteTestNG.java:77)
]]>
            </full-stacktrace>
          </exception> <!-- org.openqa.selenium.NoSuchElementException -->
          <reporter-output>
            <line>
              <![CDATA[ ]]>
            </line>
            <line>
              <![CDATA[The process of creating a manual alarm by resource is started.]]>
            </line>
          </reporter-output>
        </test-method> <!-- manualAlarmByResourceMs -->
        <test-method is-config="true" signature="backToHomePage2()[pri:0, instance:function.A_testClassCreate@4b013c76]" started-at="2025-10-29T15:01:26 IST" name="backToHomePage2" finished-at="2025-10-29T15:01:47 IST" duration-ms="21201" status="PASS">
          <reporter-output>
          </reporter-output>
        </test-method> <!-- backToHomePage2 -->
        <test-method is-config="true" signature="logOut()[pri:0, instance:function.A_testClassCreate@4b013c76]" started-at="2025-10-29T15:01:47 IST" name="logOut" finished-at="2025-10-29T15:01:51 IST" duration-ms="3786" status="PASS">
          <reporter-output>
            <line>
              <![CDATA[Logout sucessfully.]]>
            </line>
            <line>
              <![CDATA[ ]]>
            </line>
          </reporter-output>
        </test-method> <!-- logOut -->
        <test-method is-config="true" signature="AfterTest()[pri:0, instance:function.A_testClassCreate@4b013c76]" started-at="2025-10-29T15:01:51 IST" name="AfterTest" finished-at="2025-10-29T15:01:51 IST" duration-ms="269" status="PASS">
          <reporter-output>
            <line>
              <![CDATA[Refresh the URL before successfully closing the browser.]]>
            </line>
          </reporter-output>
        </test-method> <!-- AfterTest -->
        <test-method is-config="true" signature="AfterSute()[pri:0, instance:function.A_testClassCreate@4b013c76]" started-at="2025-10-29T15:01:51 IST" name="AfterSute" finished-at="2025-10-29T15:01:52 IST" duration-ms="254" status="PASS">
          <reporter-output>
            <line>
              <![CDATA[Browser close sucessfully.]]>
            </line>
            <line>
              <![CDATA[ ]]>
            </line>
            <line>
              <![CDATA[Good to see you again.]]>
            </line>
          </reporter-output>
        </test-method> <!-- AfterSute -->
      </class> <!-- function.A_testClassCreate -->
    </test> <!-- Test(failed) -->
  </suite> <!-- Failed suite [Suite] -->
</testng-results>
