<?xml version="1.0" encoding="UTF-8"?>
<testng-results ignored="0" total="16" passed="16" failed="0" skipped="0">
  <reporter-output>
    <line>
      <![CDATA[Well come to RETTERAlarm Live branch]]>
    </line>
    <line>
      <![CDATA[Logged in user-6039-DE-andrew-deptu-2]]>
    </line>
    <line>
      <![CDATA[|*******************************************************|]]>
    </line>
    <line>
      <![CDATA[ ]]>
    </line>
    <line>
      <![CDATA[The process of send message to old api alarm user is started.]]>
    </line>
    <line>
      <![CDATA[The process of send message to old api alarm user is complete.]]>
    </line>
    <line>
      <![CDATA[ ]]>
    </line>
    <line>
      <![CDATA[|*******************************************************|]]>
    </line>
    <line>
      <![CDATA[ ]]>
    </line>
    <line>
      <![CDATA[The process of send message to new api alarm user is started.]]>
    </line>
    <line>
      <![CDATA[image attached properly]]>
    </line>
    <line>
      <![CDATA[pdf attached properly]]>
    </line>
    <line>
      <![CDATA[word file attached properly]]>
    </line>
    <line>
      <![CDATA[The process of send message to new api alarm user is complete.]]>
    </line>
    <line>
      <![CDATA[ ]]>
    </line>
    <line>
      <![CDATA[|*******************************************************|]]>
    </line>
    <line>
      <![CDATA[ ]]>
    </line>
    <line>
      <![CDATA[The process of creating a manual alarm by attribute  is started.]]>
    </line>
    <line>
      <![CDATA[The process of creating a manual alarm by attribute is complete.]]>
    </line>
    <line>
      <![CDATA[ ]]>
    </line>
    <line>
      <![CDATA[|*******************************************************|]]>
    </line>
    <line>
      <![CDATA[ ]]>
    </line>
    <line>
      <![CDATA[The process of creating a manual alarm by resource is started.]]>
    </line>
    <line>
      <![CDATA[The process of creating a manual alarm by resource is complete.]]>
    </line>
    <line>
      <![CDATA[ ]]>
    </line>
    <line>
      <![CDATA[|*******************************************************|]]>
    </line>
    <line>
      <![CDATA[ ]]>
    </line>
    <line>
      <![CDATA[The process of creating a manual alarm by firefighter is started.]]>
    </line>
    <line>
      <![CDATA[The process of creating a manual alarm by firefighter is complete.]]>
    </line>
    <line>
      <![CDATA[ ]]>
    </line>
    <line>
      <![CDATA[|*******************************************************|]]>
    </line>
    <line>
      <![CDATA[ ]]>
    </line>
    <line>
      <![CDATA[The process of creating a low priority multi station manual alarm by attribute  is started.]]>
    </line>
    <line>
      <![CDATA[The process of creating a low priority multi station manual alarm by attribute is complete.]]>
    </line>
    <line>
      <![CDATA[ ]]>
    </line>
    <line>
      <![CDATA[|*******************************************************|]]>
    </line>
    <line>
      <![CDATA[ ]]>
    </line>
    <line>
      <![CDATA[The process of creating a manual alarm by escaltion resource-single station is started.]]>
    </line>
    <line>
      <![CDATA[The process of creating a manual alarm by escaltion resource-single station is complete.]]>
    </line>
    <line>
      <![CDATA[ ]]>
    </line>
    <line>
      <![CDATA[|*******************************************************|]]>
    </line>
    <line>
      <![CDATA[ ]]>
    </line>
    <line>
      <![CDATA[The process of creating a manual alarm by escaltion resource-multi station is started.]]>
    </line>
    <line>
      <![CDATA[The process of creating a manual alarm by escaltion resource-multi station is complete.]]>
    </line>
    <line>
      <![CDATA[ ]]>
    </line>
    <line>
      <![CDATA[|*******************************************************|]]>
    </line>
    <line>
      <![CDATA[ ]]>
    </line>
    <line>
      <![CDATA[The process of creating a manual alarm by attribute st2 and extend to st1 by resource is started.]]>
    </line>
    <line>
      <![CDATA[The process of creating a manual alarm by attribute st2 and extend to st1 by resource is complete.]]>
    </line>
    <line>
      <![CDATA[ ]]>
    </line>
    <line>
      <![CDATA[|*******************************************************|]]>
    </line>
    <line>
      <![CDATA[ ]]>
    </line>
    <line>
      <![CDATA[The process of creating a manual alarm by template is started.]]>
    </line>
    <line>
      <![CDATA[The process of creating a manual alarm by template is complete.]]>
    </line>
    <line>
      <![CDATA[ ]]>
    </line>
    <line>
      <![CDATA[|*******************************************************|]]>
    </line>
    <line>
      <![CDATA[ ]]>
    </line>
    <line>
      <![CDATA[The process of send message to manual alarm user is started.]]>
    </line>
    <line>
      <![CDATA[The process of send message to manual alarm user is complete.]]>
    </line>
    <line>
      <![CDATA[ ]]>
    </line>
    <line>
      <![CDATA[|*******************************************************|]]>
    </line>
    <line>
      <![CDATA[ ]]>
    </line>
    <line>
      <![CDATA[The process of creating new alarm resource is started.]]>
    </line>
    <line>
      <![CDATA[The process of creating new alarm resource is complete.]]>
    </line>
    <line>
      <![CDATA[ ]]>
    </line>
    <line>
      <![CDATA[|*******************************************************|]]>
    </line>
    <line>
      <![CDATA[ ]]>
    </line>
    <line>
      <![CDATA[The process of creating new alarm loop is started.]]>
    </line>
    <line>
      <![CDATA[The process of creating new alarm loop is is complete.]]>
    </line>
    <line>
      <![CDATA[ ]]>
    </line>
    <line>
      <![CDATA[|*******************************************************|]]>
    </line>
    <line>
      <![CDATA[ ]]>
    </line>
    <line>
      <![CDATA[The process of creating new alarm template by attribute is started.]]>
    </line>
    <line>
      <![CDATA[The process of creating new alarm template by attribute is complete.]]>
    </line>
    <line>
      <![CDATA[ ]]>
    </line>
    <line>
      <![CDATA[|*******************************************************|]]>
    </line>
    <line>
      <![CDATA[ ]]>
    </line>
    <line>
      <![CDATA[The process of creating new alarm template by resource is started.]]>
    </line>
    <line>
      <![CDATA[The process of creating new alarm template by resource is complete.]]>
    </line>
    <line>
      <![CDATA[ ]]>
    </line>
    <line>
      <![CDATA[|*******************************************************|]]>
    </line>
    <line>
      <![CDATA[ ]]>
    </line>
    <line>
      <![CDATA[The process of creating new alarm template by fire fighter is started.]]>
    </line>
    <line>
      <![CDATA[The process of creating new alarm template by fire fighter is complete.]]>
    </line>
    <line>
      <![CDATA[ ]]>
    </line>
    <line>
      <![CDATA[Logout sucessfully.]]>
    </line>
    <line>
      <![CDATA[ ]]>
    </line>
    <line>
      <![CDATA[Refresh the URL before successfully closing the browser.]]>
    </line>
    <line>
      <![CDATA[Browser close sucessfully.]]>
    </line>
    <line>
      <![CDATA[ ]]>
    </line>
    <line>
      <![CDATA[Good to see you again.]]>
    </line>
  </reporter-output>
  <suite started-at="2025-06-13T11:29:21 IST" name="Suite" finished-at="2025-06-13T11:47:27 IST" duration-ms="1085475">
    <groups>
    </groups>
    <test started-at="2025-06-13T11:29:21 IST" name="Test" finished-at="2025-06-13T11:47:27 IST" duration-ms="1085475">
      <class name="function.A_testClassCreate">
        <test-method is-config="true" signature="BeforeSuite()[pri:0, instance:function.A_testClassCreate@5149d738]" started-at="2025-06-13T11:29:11 IST" name="BeforeSuite" finished-at="2025-06-13T11:29:21 IST" duration-ms="10322" status="PASS">
          <reporter-output>
            <line>
              <![CDATA[Well come to RETTERAlarm Live branch]]>
            </line>
          </reporter-output>
        </test-method> <!-- BeforeSuite -->
        <test-method is-config="true" signature="BeforeTest()[pri:0, instance:function.A_testClassCreate@5149d738]" started-at="2025-06-13T11:29:21 IST" name="BeforeTest" finished-at="2025-06-13T11:29:29 IST" duration-ms="7625" status="PASS">
          <reporter-output>
            <line>
              <![CDATA[Logged in user-6039-DE-andrew-deptu-2]]>
            </line>
          </reporter-output>
        </test-method> <!-- BeforeTest -->
        <test-method is-config="true" signature="createObject()[pri:0, instance:function.A_testClassCreate@5149d738]" started-at="2025-06-13T11:29:29 IST" name="createObject" finished-at="2025-06-13T11:29:29 IST" duration-ms="13" status="PASS">
          <reporter-output>
          </reporter-output>
        </test-method> <!-- createObject -->
        <test-method is-config="true" signature="backToHomePage()[pri:0, instance:function.A_testClassCreate@5149d738]" started-at="2025-06-13T11:29:29 IST" name="backToHomePage" finished-at="2025-06-13T11:29:35 IST" duration-ms="5608" status="PASS">
          <reporter-output>
            <line>
              <![CDATA[|*******************************************************|]]>
            </line>
          </reporter-output>
        </test-method> <!-- backToHomePage -->
        <test-method signature="sendMessageToOldApiAlarmUser()[pri:0, instance:function.A_testClassCreate@5149d738]" started-at="2025-06-13T11:29:35 IST" name="sendMessageToOldApiAlarmUser" finished-at="2025-06-13T11:30:11 IST" duration-ms="36280" status="PASS">
          <reporter-output>
            <line>
              <![CDATA[ ]]>
            </line>
            <line>
              <![CDATA[The process of send message to old api alarm user is started.]]>
            </line>
            <line>
              <![CDATA[The process of send message to old api alarm user is complete.]]>
            </line>
            <line>
              <![CDATA[ ]]>
            </line>
          </reporter-output>
        </test-method> <!-- sendMessageToOldApiAlarmUser -->
        <test-method is-config="true" signature="backToHomePage2()[pri:0, instance:function.A_testClassCreate@5149d738]" started-at="2025-06-13T11:30:11 IST" name="backToHomePage2" finished-at="2025-06-13T11:30:32 IST" duration-ms="20973" status="PASS">
          <reporter-output>
          </reporter-output>
        </test-method> <!-- backToHomePage2 -->
        <test-method is-config="true" signature="backToHomePage()[pri:0, instance:function.A_testClassCreate@5149d738]" started-at="2025-06-13T11:30:32 IST" name="backToHomePage" finished-at="2025-06-13T11:30:37 IST" duration-ms="5377" status="PASS">
          <reporter-output>
            <line>
              <![CDATA[|*******************************************************|]]>
            </line>
          </reporter-output>
        </test-method> <!-- backToHomePage -->
        <test-method signature="sendMessageToNewApiAlarmUser()[pri:0, instance:function.A_testClassCreate@5149d738]" started-at="2025-06-13T11:30:37 IST" name="sendMessageToNewApiAlarmUser" finished-at="2025-06-13T11:31:49 IST" duration-ms="72179" status="PASS">
          <reporter-output>
            <line>
              <![CDATA[ ]]>
            </line>
            <line>
              <![CDATA[The process of send message to new api alarm user is started.]]>
            </line>
            <line>
              <![CDATA[image attached properly]]>
            </line>
            <line>
              <![CDATA[pdf attached properly]]>
            </line>
            <line>
              <![CDATA[word file attached properly]]>
            </line>
            <line>
              <![CDATA[The process of send message to new api alarm user is complete.]]>
            </line>
            <line>
              <![CDATA[ ]]>
            </line>
          </reporter-output>
        </test-method> <!-- sendMessageToNewApiAlarmUser -->
        <test-method is-config="true" signature="backToHomePage2()[pri:0, instance:function.A_testClassCreate@5149d738]" started-at="2025-06-13T11:31:49 IST" name="backToHomePage2" finished-at="2025-06-13T11:32:10 IST" duration-ms="20902" status="PASS">
          <reporter-output>
          </reporter-output>
        </test-method> <!-- backToHomePage2 -->
        <test-method is-config="true" signature="backToHomePage()[pri:0, instance:function.A_testClassCreate@5149d738]" started-at="2025-06-13T11:32:10 IST" name="backToHomePage" finished-at="2025-06-13T11:32:16 IST" duration-ms="5482" status="PASS">
          <reporter-output>
            <line>
              <![CDATA[|*******************************************************|]]>
            </line>
          </reporter-output>
        </test-method> <!-- backToHomePage -->
        <test-method signature="manualaByAttributeSingleStation()[pri:0, instance:function.A_testClassCreate@5149d738]" started-at="2025-06-13T11:32:16 IST" name="manualaByAttributeSingleStation" finished-at="2025-06-13T11:33:02 IST" duration-ms="45760" status="PASS">
          <reporter-output>
            <line>
              <![CDATA[ ]]>
            </line>
            <line>
              <![CDATA[The process of creating a manual alarm by attribute  is started.]]>
            </line>
            <line>
              <![CDATA[The process of creating a manual alarm by attribute is complete.]]>
            </line>
            <line>
              <![CDATA[ ]]>
            </line>
          </reporter-output>
        </test-method> <!-- manualaByAttributeSingleStation -->
        <test-method is-config="true" signature="backToHomePage2()[pri:0, instance:function.A_testClassCreate@5149d738]" started-at="2025-06-13T11:33:02 IST" name="backToHomePage2" finished-at="2025-06-13T11:33:23 IST" duration-ms="21408" status="PASS">
          <reporter-output>
          </reporter-output>
        </test-method> <!-- backToHomePage2 -->
        <test-method is-config="true" signature="backToHomePage()[pri:0, instance:function.A_testClassCreate@5149d738]" started-at="2025-06-13T11:33:23 IST" name="backToHomePage" finished-at="2025-06-13T11:33:29 IST" duration-ms="6342" status="PASS">
          <reporter-output>
            <line>
              <![CDATA[|*******************************************************|]]>
            </line>
          </reporter-output>
        </test-method> <!-- backToHomePage -->
        <test-method signature="manualAlarmByResourceMs()[pri:0, instance:function.A_testClassCreate@5149d738]" started-at="2025-06-13T11:33:29 IST" name="manualAlarmByResourceMs" finished-at="2025-06-13T11:34:01 IST" duration-ms="31823" status="PASS">
          <reporter-output>
            <line>
              <![CDATA[ ]]>
            </line>
            <line>
              <![CDATA[The process of creating a manual alarm by resource is started.]]>
            </line>
            <line>
              <![CDATA[The process of creating a manual alarm by resource is complete.]]>
            </line>
            <line>
              <![CDATA[ ]]>
            </line>
          </reporter-output>
        </test-method> <!-- manualAlarmByResourceMs -->
        <test-method is-config="true" signature="backToHomePage2()[pri:0, instance:function.A_testClassCreate@5149d738]" started-at="2025-06-13T11:34:01 IST" name="backToHomePage2" finished-at="2025-06-13T11:34:22 IST" duration-ms="21151" status="PASS">
          <reporter-output>
          </reporter-output>
        </test-method> <!-- backToHomePage2 -->
        <test-method is-config="true" signature="backToHomePage()[pri:0, instance:function.A_testClassCreate@5149d738]" started-at="2025-06-13T11:34:22 IST" name="backToHomePage" finished-at="2025-06-13T11:34:29 IST" duration-ms="6281" status="PASS">
          <reporter-output>
            <line>
              <![CDATA[|*******************************************************|]]>
            </line>
          </reporter-output>
        </test-method> <!-- backToHomePage -->
        <test-method signature="manualAlarmByFirefighterMs()[pri:0, instance:function.A_testClassCreate@5149d738]" started-at="2025-06-13T11:34:29 IST" name="manualAlarmByFirefighterMs" finished-at="2025-06-13T11:35:22 IST" duration-ms="53149" status="PASS">
          <reporter-output>
            <line>
              <![CDATA[ ]]>
            </line>
            <line>
              <![CDATA[The process of creating a manual alarm by firefighter is started.]]>
            </line>
            <line>
              <![CDATA[The process of creating a manual alarm by firefighter is complete.]]>
            </line>
            <line>
              <![CDATA[ ]]>
            </line>
          </reporter-output>
        </test-method> <!-- manualAlarmByFirefighterMs -->
        <test-method is-config="true" signature="backToHomePage2()[pri:0, instance:function.A_testClassCreate@5149d738]" started-at="2025-06-13T11:35:22 IST" name="backToHomePage2" finished-at="2025-06-13T11:35:42 IST" duration-ms="20697" status="PASS">
          <reporter-output>
          </reporter-output>
        </test-method> <!-- backToHomePage2 -->
        <test-method is-config="true" signature="backToHomePage()[pri:0, instance:function.A_testClassCreate@5149d738]" started-at="2025-06-13T11:35:42 IST" name="backToHomePage" finished-at="2025-06-13T11:35:48 IST" duration-ms="5334" status="PASS">
          <reporter-output>
            <line>
              <![CDATA[|*******************************************************|]]>
            </line>
          </reporter-output>
        </test-method> <!-- backToHomePage -->
        <test-method signature="manualaByAttributeMSLP()[pri:0, instance:function.A_testClassCreate@5149d738]" started-at="2025-06-13T11:35:48 IST" name="manualaByAttributeMSLP" finished-at="2025-06-13T11:36:29 IST" duration-ms="40866" status="PASS">
          <reporter-output>
            <line>
              <![CDATA[ ]]>
            </line>
            <line>
              <![CDATA[The process of creating a low priority multi station manual alarm by attribute  is started.]]>
            </line>
            <line>
              <![CDATA[The process of creating a low priority multi station manual alarm by attribute is complete.]]>
            </line>
            <line>
              <![CDATA[ ]]>
            </line>
          </reporter-output>
        </test-method> <!-- manualaByAttributeMSLP -->
        <test-method is-config="true" signature="backToHomePage2()[pri:0, instance:function.A_testClassCreate@5149d738]" started-at="2025-06-13T11:36:29 IST" name="backToHomePage2" finished-at="2025-06-13T11:36:50 IST" duration-ms="20945" status="PASS">
          <reporter-output>
          </reporter-output>
        </test-method> <!-- backToHomePage2 -->
        <test-method is-config="true" signature="backToHomePage()[pri:0, instance:function.A_testClassCreate@5149d738]" started-at="2025-06-13T11:36:50 IST" name="backToHomePage" finished-at="2025-06-13T11:36:55 IST" duration-ms="5388" status="PASS">
          <reporter-output>
            <line>
              <![CDATA[|*******************************************************|]]>
            </line>
          </reporter-output>
        </test-method> <!-- backToHomePage -->
        <test-method signature="manualAlarmByEscResourceSingleStation()[pri:0, instance:function.A_testClassCreate@5149d738]" started-at="2025-06-13T11:36:55 IST" name="manualAlarmByEscResourceSingleStation" finished-at="2025-06-13T11:37:26 IST" duration-ms="30707" status="PASS">
          <reporter-output>
            <line>
              <![CDATA[ ]]>
            </line>
            <line>
              <![CDATA[The process of creating a manual alarm by escaltion resource-single station is started.]]>
            </line>
            <line>
              <![CDATA[The process of creating a manual alarm by escaltion resource-single station is complete.]]>
            </line>
            <line>
              <![CDATA[ ]]>
            </line>
          </reporter-output>
        </test-method> <!-- manualAlarmByEscResourceSingleStation -->
        <test-method is-config="true" signature="backToHomePage2()[pri:0, instance:function.A_testClassCreate@5149d738]" started-at="2025-06-13T11:37:26 IST" name="backToHomePage2" finished-at="2025-06-13T11:37:48 IST" duration-ms="22056" status="PASS">
          <reporter-output>
          </reporter-output>
        </test-method> <!-- backToHomePage2 -->
        <test-method is-config="true" signature="backToHomePage()[pri:0, instance:function.A_testClassCreate@5149d738]" started-at="2025-06-13T11:37:48 IST" name="backToHomePage" finished-at="2025-06-13T11:37:53 IST" duration-ms="5446" status="PASS">
          <reporter-output>
            <line>
              <![CDATA[|*******************************************************|]]>
            </line>
          </reporter-output>
        </test-method> <!-- backToHomePage -->
        <test-method signature="manualAlarmByEscResourceMs()[pri:0, instance:function.A_testClassCreate@5149d738]" started-at="2025-06-13T11:37:53 IST" name="manualAlarmByEscResourceMs" finished-at="2025-06-13T11:38:20 IST" duration-ms="27158" status="PASS">
          <reporter-output>
            <line>
              <![CDATA[ ]]>
            </line>
            <line>
              <![CDATA[The process of creating a manual alarm by escaltion resource-multi station is started.]]>
            </line>
            <line>
              <![CDATA[The process of creating a manual alarm by escaltion resource-multi station is complete.]]>
            </line>
            <line>
              <![CDATA[ ]]>
            </line>
          </reporter-output>
        </test-method> <!-- manualAlarmByEscResourceMs -->
        <test-method is-config="true" signature="backToHomePage2()[pri:0, instance:function.A_testClassCreate@5149d738]" started-at="2025-06-13T11:38:20 IST" name="backToHomePage2" finished-at="2025-06-13T11:38:42 IST" duration-ms="21971" status="PASS">
          <reporter-output>
          </reporter-output>
        </test-method> <!-- backToHomePage2 -->
        <test-method is-config="true" signature="backToHomePage()[pri:0, instance:function.A_testClassCreate@5149d738]" started-at="2025-06-13T11:38:42 IST" name="backToHomePage" finished-at="2025-06-13T11:38:49 IST" duration-ms="6372" status="PASS">
          <reporter-output>
            <line>
              <![CDATA[|*******************************************************|]]>
            </line>
          </reporter-output>
        </test-method> <!-- backToHomePage -->
        <test-method signature="manualaByAttributeExtend1StStResource()[pri:0, instance:function.A_testClassCreate@5149d738]" started-at="2025-06-13T11:38:49 IST" name="manualaByAttributeExtend1StStResource" finished-at="2025-06-13T11:39:47 IST" duration-ms="58705" status="PASS">
          <reporter-output>
            <line>
              <![CDATA[ ]]>
            </line>
            <line>
              <![CDATA[The process of creating a manual alarm by attribute st2 and extend to st1 by resource is started.]]>
            </line>
            <line>
              <![CDATA[The process of creating a manual alarm by attribute st2 and extend to st1 by resource is complete.]]>
            </line>
            <line>
              <![CDATA[ ]]>
            </line>
          </reporter-output>
        </test-method> <!-- manualaByAttributeExtend1StStResource -->
        <test-method is-config="true" signature="backToHomePage2()[pri:0, instance:function.A_testClassCreate@5149d738]" started-at="2025-06-13T11:39:47 IST" name="backToHomePage2" finished-at="2025-06-13T11:40:08 IST" duration-ms="20714" status="PASS">
          <reporter-output>
          </reporter-output>
        </test-method> <!-- backToHomePage2 -->
        <test-method is-config="true" signature="backToHomePage()[pri:0, instance:function.A_testClassCreate@5149d738]" started-at="2025-06-13T11:40:08 IST" name="backToHomePage" finished-at="2025-06-13T11:40:14 IST" duration-ms="5340" status="PASS">
          <reporter-output>
            <line>
              <![CDATA[|*******************************************************|]]>
            </line>
          </reporter-output>
        </test-method> <!-- backToHomePage -->
        <test-method signature="manualAlarmByTemplate()[pri:0, instance:function.A_testClassCreate@5149d738]" started-at="2025-06-13T11:40:14 IST" name="manualAlarmByTemplate" finished-at="2025-06-13T11:40:46 IST" duration-ms="32270" status="PASS">
          <reporter-output>
            <line>
              <![CDATA[ ]]>
            </line>
            <line>
              <![CDATA[The process of creating a manual alarm by template is started.]]>
            </line>
            <line>
              <![CDATA[The process of creating a manual alarm by template is complete.]]>
            </line>
            <line>
              <![CDATA[ ]]>
            </line>
          </reporter-output>
        </test-method> <!-- manualAlarmByTemplate -->
        <test-method is-config="true" signature="backToHomePage2()[pri:0, instance:function.A_testClassCreate@5149d738]" started-at="2025-06-13T11:40:46 IST" name="backToHomePage2" finished-at="2025-06-13T11:41:07 IST" duration-ms="20917" status="PASS">
          <reporter-output>
          </reporter-output>
        </test-method> <!-- backToHomePage2 -->
        <test-method is-config="true" signature="backToHomePage()[pri:0, instance:function.A_testClassCreate@5149d738]" started-at="2025-06-13T11:41:07 IST" name="backToHomePage" finished-at="2025-06-13T11:41:12 IST" duration-ms="5391" status="PASS">
          <reporter-output>
            <line>
              <![CDATA[|*******************************************************|]]>
            </line>
          </reporter-output>
        </test-method> <!-- backToHomePage -->
        <test-method signature="sendMessageToManualAlarmUser()[pri:0, instance:function.A_testClassCreate@5149d738]" started-at="2025-06-13T11:41:12 IST" name="sendMessageToManualAlarmUser" finished-at="2025-06-13T11:41:48 IST" duration-ms="35504" status="PASS">
          <reporter-output>
            <line>
              <![CDATA[ ]]>
            </line>
            <line>
              <![CDATA[The process of send message to manual alarm user is started.]]>
            </line>
            <line>
              <![CDATA[The process of send message to manual alarm user is complete.]]>
            </line>
            <line>
              <![CDATA[ ]]>
            </line>
          </reporter-output>
        </test-method> <!-- sendMessageToManualAlarmUser -->
        <test-method is-config="true" signature="backToHomePage2()[pri:0, instance:function.A_testClassCreate@5149d738]" started-at="2025-06-13T11:41:48 IST" name="backToHomePage2" finished-at="2025-06-13T11:42:10 IST" duration-ms="22558" status="PASS">
          <reporter-output>
          </reporter-output>
        </test-method> <!-- backToHomePage2 -->
        <test-method is-config="true" signature="backToHomePage()[pri:0, instance:function.A_testClassCreate@5149d738]" started-at="2025-06-13T11:42:10 IST" name="backToHomePage" finished-at="2025-06-13T11:42:16 IST" duration-ms="5397" status="PASS">
          <reporter-output>
            <line>
              <![CDATA[|*******************************************************|]]>
            </line>
          </reporter-output>
        </test-method> <!-- backToHomePage -->
        <test-method signature="createNewResource()[pri:0, instance:function.A_testClassCreate@5149d738]" started-at="2025-06-13T11:42:16 IST" name="createNewResource" finished-at="2025-06-13T11:42:48 IST" duration-ms="32641" status="PASS">
          <reporter-output>
            <line>
              <![CDATA[ ]]>
            </line>
            <line>
              <![CDATA[The process of creating new alarm resource is started.]]>
            </line>
            <line>
              <![CDATA[The process of creating new alarm resource is complete.]]>
            </line>
            <line>
              <![CDATA[ ]]>
            </line>
          </reporter-output>
        </test-method> <!-- createNewResource -->
        <test-method is-config="true" signature="backToHomePage2()[pri:0, instance:function.A_testClassCreate@5149d738]" started-at="2025-06-13T11:42:48 IST" name="backToHomePage2" finished-at="2025-06-13T11:43:13 IST" duration-ms="24668" status="PASS">
          <reporter-output>
          </reporter-output>
        </test-method> <!-- backToHomePage2 -->
        <test-method is-config="true" signature="backToHomePage()[pri:0, instance:function.A_testClassCreate@5149d738]" started-at="2025-06-13T11:43:13 IST" name="backToHomePage" finished-at="2025-06-13T11:43:18 IST" duration-ms="5437" status="PASS">
          <reporter-output>
            <line>
              <![CDATA[|*******************************************************|]]>
            </line>
          </reporter-output>
        </test-method> <!-- backToHomePage -->
        <test-method signature="createNewAlarmLoop()[pri:0, instance:function.A_testClassCreate@5149d738]" started-at="2025-06-13T11:43:18 IST" name="createNewAlarmLoop" finished-at="2025-06-13T11:43:43 IST" duration-ms="24794" status="PASS">
          <reporter-output>
            <line>
              <![CDATA[ ]]>
            </line>
            <line>
              <![CDATA[The process of creating new alarm loop is started.]]>
            </line>
            <line>
              <![CDATA[The process of creating new alarm loop is is complete.]]>
            </line>
            <line>
              <![CDATA[ ]]>
            </line>
          </reporter-output>
        </test-method> <!-- createNewAlarmLoop -->
        <test-method is-config="true" signature="backToHomePage2()[pri:0, instance:function.A_testClassCreate@5149d738]" started-at="2025-06-13T11:43:43 IST" name="backToHomePage2" finished-at="2025-06-13T11:44:04 IST" duration-ms="20848" status="PASS">
          <reporter-output>
          </reporter-output>
        </test-method> <!-- backToHomePage2 -->
        <test-method is-config="true" signature="backToHomePage()[pri:0, instance:function.A_testClassCreate@5149d738]" started-at="2025-06-13T11:44:04 IST" name="backToHomePage" finished-at="2025-06-13T11:44:09 IST" duration-ms="5455" status="PASS">
          <reporter-output>
            <line>
              <![CDATA[|*******************************************************|]]>
            </line>
          </reporter-output>
        </test-method> <!-- backToHomePage -->
        <test-method signature="createNewAlarmTemplateByAttribute()[pri:0, instance:function.A_testClassCreate@5149d738]" started-at="2025-06-13T11:44:09 IST" name="createNewAlarmTemplateByAttribute" finished-at="2025-06-13T11:44:51 IST" duration-ms="41196" status="PASS">
          <reporter-output>
            <line>
              <![CDATA[ ]]>
            </line>
            <line>
              <![CDATA[The process of creating new alarm template by attribute is started.]]>
            </line>
            <line>
              <![CDATA[The process of creating new alarm template by attribute is complete.]]>
            </line>
            <line>
              <![CDATA[ ]]>
            </line>
          </reporter-output>
        </test-method> <!-- createNewAlarmTemplateByAttribute -->
        <test-method is-config="true" signature="backToHomePage2()[pri:0, instance:function.A_testClassCreate@5149d738]" started-at="2025-06-13T11:44:51 IST" name="backToHomePage2" finished-at="2025-06-13T11:45:12 IST" duration-ms="20979" status="PASS">
          <reporter-output>
          </reporter-output>
        </test-method> <!-- backToHomePage2 -->
        <test-method is-config="true" signature="backToHomePage()[pri:0, instance:function.A_testClassCreate@5149d738]" started-at="2025-06-13T11:45:12 IST" name="backToHomePage" finished-at="2025-06-13T11:45:17 IST" duration-ms="5339" status="PASS">
          <reporter-output>
            <line>
              <![CDATA[|*******************************************************|]]>
            </line>
          </reporter-output>
        </test-method> <!-- backToHomePage -->
        <test-method signature="createNewAlarmTemplateByResource()[pri:0, instance:function.A_testClassCreate@5149d738]" started-at="2025-06-13T11:45:17 IST" name="createNewAlarmTemplateByResource" finished-at="2025-06-13T11:45:51 IST" duration-ms="33642" status="PASS">
          <reporter-output>
            <line>
              <![CDATA[ ]]>
            </line>
            <line>
              <![CDATA[The process of creating new alarm template by resource is started.]]>
            </line>
            <line>
              <![CDATA[The process of creating new alarm template by resource is complete.]]>
            </line>
            <line>
              <![CDATA[ ]]>
            </line>
          </reporter-output>
        </test-method> <!-- createNewAlarmTemplateByResource -->
        <test-method is-config="true" signature="backToHomePage2()[pri:0, instance:function.A_testClassCreate@5149d738]" started-at="2025-06-13T11:45:51 IST" name="backToHomePage2" finished-at="2025-06-13T11:46:11 IST" duration-ms="20785" status="PASS">
          <reporter-output>
          </reporter-output>
        </test-method> <!-- backToHomePage2 -->
        <test-method is-config="true" signature="backToHomePage()[pri:0, instance:function.A_testClassCreate@5149d738]" started-at="2025-06-13T11:46:11 IST" name="backToHomePage" finished-at="2025-06-13T11:46:17 IST" duration-ms="5367" status="PASS">
          <reporter-output>
            <line>
              <![CDATA[|*******************************************************|]]>
            </line>
          </reporter-output>
        </test-method> <!-- backToHomePage -->
        <test-method signature="createNewAlarmTemplateByFirefighter()[pri:0, instance:function.A_testClassCreate@5149d738]" started-at="2025-06-13T11:46:17 IST" name="createNewAlarmTemplateByFirefighter" finished-at="2025-06-13T11:47:02 IST" duration-ms="45357" status="PASS">
          <reporter-output>
            <line>
              <![CDATA[ ]]>
            </line>
            <line>
              <![CDATA[The process of creating new alarm template by fire fighter is started.]]>
            </line>
            <line>
              <![CDATA[The process of creating new alarm template by fire fighter is complete.]]>
            </line>
            <line>
              <![CDATA[ ]]>
            </line>
          </reporter-output>
        </test-method> <!-- createNewAlarmTemplateByFirefighter -->
        <test-method is-config="true" signature="backToHomePage2()[pri:0, instance:function.A_testClassCreate@5149d738]" started-at="2025-06-13T11:47:02 IST" name="backToHomePage2" finished-at="2025-06-13T11:47:23 IST" duration-ms="20885" status="PASS">
          <reporter-output>
          </reporter-output>
        </test-method> <!-- backToHomePage2 -->
        <test-method is-config="true" signature="logOut()[pri:0, instance:function.A_testClassCreate@5149d738]" started-at="2025-06-13T11:47:23 IST" name="logOut" finished-at="2025-06-13T11:47:27 IST" duration-ms="3667" status="PASS">
          <reporter-output>
            <line>
              <![CDATA[Logout sucessfully.]]>
            </line>
            <line>
              <![CDATA[ ]]>
            </line>
          </reporter-output>
        </test-method> <!-- logOut -->
        <test-method is-config="true" signature="AfterTest()[pri:0, instance:function.A_testClassCreate@5149d738]" started-at="2025-06-13T11:47:27 IST" name="AfterTest" finished-at="2025-06-13T11:47:27 IST" duration-ms="257" status="PASS">
          <reporter-output>
            <line>
              <![CDATA[Refresh the URL before successfully closing the browser.]]>
            </line>
          </reporter-output>
        </test-method> <!-- AfterTest -->
        <test-method is-config="true" signature="AfterSute()[pri:0, instance:function.A_testClassCreate@5149d738]" started-at="2025-06-13T11:47:27 IST" name="AfterSute" finished-at="2025-06-13T11:47:27 IST" duration-ms="235" status="PASS">
          <reporter-output>
            <line>
              <![CDATA[Browser close sucessfully.]]>
            </line>
            <line>
              <![CDATA[ ]]>
            </line>
            <line>
              <![CDATA[Good to see you again.]]>
            </line>
          </reporter-output>
        </test-method> <!-- AfterSute -->
      </class> <!-- function.A_testClassCreate -->
    </test> <!-- Test -->
  </suite> <!-- Suite -->
</testng-results>
