<?xml version="1.0" encoding="UTF-8"?>
<!-- Generated by org.testng.reporters.JUnitXMLReporter -->
<testsuite ignored="96" hostname="ATPL" failures="1" tests="1" name="Test(failed)(failed)(failed)(failed)" time="106.222" errors="0" timestamp="2026-09-05T15:10:06 IST">
  <testcase classname="function.A_testClassCreate" name="testAlarm_recursiv_weekly_users" time="82.691">
    <failure type="org.openqa.selenium.ElementClickInterceptedException" message="element click intercepted: Element &amp;lt;input autocomplete=&amp;quot;off&amp;quot; placeholder=&amp;quot;Select...&amp;quot; id=&amp;quot;dx_dx-6a24efca-70db-5748-dd41-2665cc8d1693_selectedUsers[7c6089f6b614f4dbe40922f02ecf1d6b93419ed90b]&amp;quot; class=&amp;quot;dx-texteditor-input&amp;quot; aria-haspopup=&amp;quot;listbox&amp;quot; aria-autocomplete=&amp;quot;list&amp;quot; role=&amp;quot;combobox&amp;quot; type=&amp;quot;text&amp;quot; spellcheck=&amp;quot;false&amp;quot; tabindex=&amp;quot;0&amp;quot; size=&amp;quot;1&amp;quot; aria-expanded=&amp;quot;false&amp;quot;&amp;gt; is not clickable at point (364, 609). Other element would receive the click: &amp;lt;div class=&amp;quot;dx-list-item-before-bag dx-list-select-checkbox-container&amp;quot;&amp;gt;...&amp;lt;/div&amp;gt;
  (Session info: chrome=152.0.7977.76)
Build info: version: &amp;apos;4.17.0&amp;apos;, revision: &amp;apos;e52b1be057*&amp;apos;
System info: os.name: &amp;apos;Windows 11&amp;apos;, os.arch: &amp;apos;amd64&amp;apos;, os.version: &amp;apos;10.0&amp;apos;, java.version: &amp;apos;21.0.11&amp;apos;
Driver info: org.openqa.selenium.chrome.ChromeDriver
Command: [4636c0e5c627a45dfd109be923edacbc, clickElement {id=f.49208FCD5B55D61CAAAC1E0C565E9ED9.d.F6C7E2444CEA9AF4DC63B70F3883D5B2.e.8520}]
Capabilities {acceptInsecureCerts: false, browserName: chrome, browserVersion: 152.0.7977.76, chrome: {chromedriverVersion: 152.0.7977.82 (d04cdb24d67b..., userDataDir: C:\Users\Bhupesh\AppData\Lo...}, fedcm:accounts: true, goog:chromeOptions: {debuggerAddress: localhost:56992}, goog:processID: 24728, networkConnectionEnabled: false, pageLoadStrategy: normal, platformName: windows, proxy: Proxy(), se:cdp: ws://localhost:56992/devtoo..., se:cdpVersion: 152.0.7977.76, setWindowRect: true, strictFileInteractability: false, timeouts: {implicit: 0, pageLoad: 300000, script: 30000}, unhandledPromptBehavior: dismiss and notify, webauthn:extension:credBlob: true, webauthn:extension:largeBlob: true, webauthn:extension:minPinLength: true, webauthn:extension:prf: true, webauthn:virtualAuthenticators: true}
Element: [[ChromeDriver: chrome on windows (4636c0e5c627a45dfd109be923edacbc)] -&amp;gt; xpath: (//input[contains(@id,&amp;quot;selectedUsers&amp;quot;)])[2]]
Session ID: 4636c0e5c627a45dfd109be923edacbc">
      <![CDATA[org.openqa.selenium.ElementClickInterceptedException: element click intercepted: Element <input autocomplete="off" placeholder="Select..." id="dx_dx-6a24efca-70db-5748-dd41-2665cc8d1693_selectedUsers[7c6089f6b614f4dbe40922f02ecf1d6b93419ed90b]" class="dx-texteditor-input" aria-haspopup="listbox" aria-autocomplete="list" role="combobox" type="text" spellcheck="false" tabindex="0" size="1" aria-expanded="false"> is not clickable at point (364, 609). Other element would receive the click: <div class="dx-list-item-before-bag dx-list-select-checkbox-container">...</div>
  (Session info: chrome=152.0.7977.76)
Build info: version: '4.17.0', revision: 'e52b1be057*'
System info: os.name: 'Windows 11', os.arch: 'amd64', os.version: '10.0', java.version: '21.0.11'
Driver info: org.openqa.selenium.chrome.ChromeDriver
Command: [4636c0e5c627a45dfd109be923edacbc, clickElement {id=f.49208FCD5B55D61CAAAC1E0C565E9ED9.d.F6C7E2444CEA9AF4DC63B70F3883D5B2.e.8520}]
Capabilities {acceptInsecureCerts: false, browserName: chrome, browserVersion: 152.0.7977.76, chrome: {chromedriverVersion: 152.0.7977.82 (d04cdb24d67b..., userDataDir: C:\Users\Bhupesh\AppData\Lo...}, fedcm:accounts: true, goog:chromeOptions: {debuggerAddress: localhost:56992}, goog:processID: 24728, networkConnectionEnabled: false, pageLoadStrategy: normal, platformName: windows, proxy: Proxy(), se:cdp: ws://localhost:56992/devtoo..., se:cdpVersion: 152.0.7977.76, setWindowRect: true, strictFileInteractability: false, timeouts: {implicit: 0, pageLoad: 300000, script: 30000}, unhandledPromptBehavior: dismiss and notify, webauthn:extension:credBlob: true, webauthn:extension:largeBlob: true, webauthn:extension:minPinLength: true, webauthn:extension:prf: true, webauthn:virtualAuthenticators: true}
Element: [[ChromeDriver: chrome on windows (4636c0e5c627a45dfd109be923edacbc)] -> xpath: (//input[contains(@id,"selectedUsers")])[2]]
Session ID: 4636c0e5c627a45dfd109be923edacbc
at org.openqa.selenium.remote.codec.w3c.W3CHttpResponseCodec.createException(W3CHttpResponseCodec.java:185)
at org.openqa.selenium.remote.codec.w3c.W3CHttpResponseCodec.decode(W3CHttpResponseCodec.java:134)
at org.openqa.selenium.remote.codec.w3c.W3CHttpResponseCodec.decode(W3CHttpResponseCodec.java:51)
at org.openqa.selenium.remote.HttpCommandExecutor.execute(HttpCommandExecutor.java:190)
at org.openqa.selenium.remote.service.DriverCommandExecutor.invokeExecute(DriverCommandExecutor.java:216)
at org.openqa.selenium.remote.service.DriverCommandExecutor.execute(DriverCommandExecutor.java:174)
at org.openqa.selenium.remote.RemoteWebDriver.execute(RemoteWebDriver.java:519)
at org.openqa.selenium.remote.RemoteWebElement.execute(RemoteWebElement.java:223)
at org.openqa.selenium.remote.RemoteWebElement.click(RemoteWebElement.java:76)
at org.openqa.selenium.support.pagefactory.internal.LocatingElementHandler.invoke(LocatingElementHandler.java:51)
at jdk.proxy2/jdk.proxy2.$Proxy22.click(Unknown Source)
at function.F_manualTestAlarm.testAlarm_recursiv_weekly_users(F_manualTestAlarm.java:1837)
at function.A_testClassCreate.testAlarm_recursiv_weekly_users(A_testClassCreate.java:442)
at java.base/java.util.ArrayList.forEach(ArrayList.java:1596)
... Removed 30 stack frames]]>
    </failure>
  </testcase> <!-- testAlarm_recursiv_weekly_users -->
  <testcase classname="function.A_testClassCreate" name="createChatFroupByAttributeMS" time="0.0">
    <ignored/>
  </testcase> <!-- createChatFroupByAttributeMS -->
  <testcase classname="function.A_testClassCreate" name="TestAlarm_Recursive_Monthly_DateyWise_Attribute" time="0.0">
    <ignored/>
  </testcase> <!-- TestAlarm_Recursive_Monthly_DateyWise_Attribute -->
  <testcase classname="function.A_testClassCreate" name="manualAlarmByUersMs" time="0.0">
    <ignored/>
  </testcase> <!-- manualAlarmByUersMs -->
  <testcase classname="function.A_testClassCreate" name="CheckAlarmExtendFunctionalityNewApi" time="0.0">
    <ignored/>
  </testcase> <!-- CheckAlarmExtendFunctionalityNewApi -->
  <testcase classname="function.A_testClassCreate" name="ManualAlarmForDircetCall" time="0.0">
    <ignored/>
  </testcase> <!-- ManualAlarmForDircetCall -->
  <testcase classname="function.A_testClassCreate" name="addVehicleUser" time="0.0">
    <ignored/>
  </testcase> <!-- addVehicleUser -->
  <testcase classname="function.A_testClassCreate" name="createEventCategory" time="0.0">
    <ignored/>
  </testcase> <!-- createEventCategory -->
  <testcase classname="function.A_testClassCreate" name="manualaByAttributeMSLP" time="0.0">
    <ignored/>
  </testcase> <!-- manualaByAttributeMSLP -->
  <testcase classname="function.A_testClassCreate" name="create1DayInformationEventByFireFighter" time="0.0">
    <ignored/>
  </testcase> <!-- create1DayInformationEventByFireFighter -->
  <testcase classname="function.A_testClassCreate" name="createAlarmByNewlyAddedTemplateFromTemplateModule" time="0.0">
    <ignored/>
  </testcase> <!-- createAlarmByNewlyAddedTemplateFromTemplateModule -->
  <testcase classname="function.A_testClassCreate" name="createMonitorInformationByFireFighterForTwoStation" time="0.0">
    <ignored/>
  </testcase> <!-- createMonitorInformationByFireFighterForTwoStation -->
  <testcase classname="function.A_testClassCreate" name="TCAlarmTemplateCheckingValidation" time="0.0">
    <ignored/>
  </testcase> <!-- TCAlarmTemplateCheckingValidation -->
  <testcase classname="function.A_testClassCreate" name="addAppUser" time="0.0">
    <ignored/>
  </testcase> <!-- addAppUser -->
  <testcase classname="function.A_testClassCreate" name="sendMessageToChatGroupCreatedByAttribute" time="0.0">
    <ignored/>
  </testcase> <!-- sendMessageToChatGroupCreatedByAttribute -->
  <testcase classname="function.A_testClassCreate" name="testAlarm_recursiv_daily_Resource" time="0.0">
    <ignored/>
  </testcase> <!-- testAlarm_recursiv_daily_Resource -->
  <testcase classname="function.A_testClassCreate" name="createChatFroupByFireFighterMS" time="0.0">
    <ignored/>
  </testcase> <!-- createChatFroupByFireFighterMS -->
  <testcase classname="function.A_testClassCreate" name="updateUser" time="0.0">
    <ignored/>
  </testcase> <!-- updateUser -->
  <testcase classname="function.A_testClassCreate" name="addMultiRoleUser" time="0.0">
    <ignored/>
  </testcase> <!-- addMultiRoleUser -->
  <testcase classname="function.A_testClassCreate" name="create1MinInformationEventByAttribute" time="0.0">
    <ignored/>
  </testcase> <!-- create1MinInformationEventByAttribute -->
  <testcase classname="function.A_testClassCreate" name="createChatFroupByResourceMS" time="0.0">
    <ignored/>
  </testcase> <!-- createChatFroupByResourceMS -->
  <testcase classname="function.A_testClassCreate" name="importUser" time="0.0">
    <ignored/>
  </testcase> <!-- importUser -->
  <testcase classname="function.A_testClassCreate" name="sendMessageToNewApiAlarmUser" time="0.0">
    <ignored/>
  </testcase> <!-- sendMessageToNewApiAlarmUser -->
  <testcase classname="function.A_testClassCreate" name="manualAlarmByOldEsclationTemplateFromSt02ToSt01" time="0.0">
    <ignored/>
  </testcase> <!-- manualAlarmByOldEsclationTemplateFromSt02ToSt01 -->
  <testcase classname="function.A_testClassCreate" name="importEventWith1minReminder" time="0.0">
    <ignored/>
  </testcase> <!-- importEventWith1minReminder -->
  <testcase classname="function.A_testClassCreate" name="smokeForinformation" time="0.0">
    <ignored/>
  </testcase> <!-- smokeForinformation -->
  <testcase classname="function.A_testClassCreate" name="TCInfoeventValidationChecking" time="0.0">
    <ignored/>
  </testcase> <!-- TCInfoeventValidationChecking -->
  <testcase classname="function.A_testClassCreate" name="Bhupesh_testAlarm_recursiv_daily_Attribute_0522" time="0.0">
    <ignored/>
  </testcase> <!-- Bhupesh_testAlarm_recursiv_daily_Attribute_0522 -->
  <testcase classname="function.A_testClassCreate" name="smokeForEventCategory" time="0.0">
    <ignored/>
  </testcase> <!-- smokeForEventCategory -->
  <testcase classname="function.A_testClassCreate" name="Bhupesh_testAlarm_recursiv_daily_Resource_0527" time="0.0">
    <ignored/>
  </testcase> <!-- Bhupesh_testAlarm_recursiv_daily_Resource_0527 -->
  <testcase classname="function.A_testClassCreate" name="Bhupesh_testAlarm_recursiv_weekly_Wednesday_Resource" time="0.0">
    <ignored/>
  </testcase> <!-- Bhupesh_testAlarm_recursiv_weekly_Wednesday_Resource -->
  <testcase classname="function.A_testClassCreate" name="createNewResource" time="0.0">
    <ignored/>
  </testcase> <!-- createNewResource -->
  <testcase classname="function.A_testClassCreate" name="createFullDayInformationEventByStation" time="0.0">
    <ignored/>
  </testcase> <!-- createFullDayInformationEventByStation -->
  <testcase classname="function.A_testClassCreate" name="manualAlarmByResourceMsLP" time="0.0">
    <ignored/>
  </testcase> <!-- manualAlarmByResourceMsLP -->
  <testcase classname="function.A_testClassCreate" name="create1HrInformationEventByResource" time="0.0">
    <ignored/>
  </testcase> <!-- create1HrInformationEventByResource -->
  <testcase classname="function.A_testClassCreate" name="editStationMonitor" time="0.0">
    <ignored/>
  </testcase> <!-- editStationMonitor -->
  <testcase classname="function.A_testClassCreate" name="CheckManualAlarmEscalationFunctionality" time="0.0">
    <ignored/>
  </testcase> <!-- CheckManualAlarmEscalationFunctionality -->
  <testcase classname="function.A_testClassCreate" name="smokeForManualAlarm" time="0.0">
    <ignored/>
  </testcase> <!-- smokeForManualAlarm -->
  <testcase classname="function.A_testClassCreate" name="createCalendarEventByResource" time="0.0">
    <ignored/>
  </testcase> <!-- createCalendarEventByResource -->
  <testcase classname="function.A_testClassCreate" name="Bhupesh_testAlarm_recursiv_weekly_monday_attribute" time="0.0">
    <ignored/>
  </testcase> <!-- Bhupesh_testAlarm_recursiv_weekly_monday_attribute -->
  <testcase classname="function.A_testClassCreate" name="manualAlarmByResourceMsHP" time="0.0">
    <ignored/>
  </testcase> <!-- manualAlarmByResourceMsHP -->
  <testcase classname="function.A_testClassCreate" name="smokeAlarmTemplate" time="0.0">
    <ignored/>
  </testcase> <!-- smokeAlarmTemplate -->
  <testcase classname="function.A_testClassCreate" name="createNewAlarmTemplateByAttribute" time="0.0">
    <ignored/>
  </testcase> <!-- createNewAlarmTemplateByAttribute -->
  <testcase classname="function.A_testClassCreate" name="createNewAlarmLoop" time="0.0">
    <ignored/>
  </testcase> <!-- createNewAlarmLoop -->
  <testcase classname="function.A_testClassCreate" name="manualaByAttributeExtend1To01StEscResourceFrom02" time="0.0">
    <ignored/>
  </testcase> <!-- manualaByAttributeExtend1To01StEscResourceFrom02 -->
  <testcase classname="function.A_testClassCreate" name="ManualAlarForCheckEscalationAlarmCall" time="0.0">
    <ignored/>
  </testcase> <!-- ManualAlarForCheckEscalationAlarmCall -->
  <testcase classname="function.A_testClassCreate" name="createMonitorInformationByAttribute" time="0.0">
    <ignored/>
  </testcase> <!-- createMonitorInformationByAttribute -->
  <testcase classname="function.A_testClassCreate" name="sendMessageToChatGroupCreatedByFireFighter" time="0.0">
    <ignored/>
  </testcase> <!-- sendMessageToChatGroupCreatedByFireFighter -->
  <testcase classname="function.A_testClassCreate" name="smokeForAlrmLoop" time="0.0">
    <ignored/>
  </testcase> <!-- smokeForAlrmLoop -->
  <testcase classname="function.A_testClassCreate" name="createNewEscalationResource" time="0.0">
    <ignored/>
  </testcase> <!-- createNewEscalationResource -->
  <testcase classname="function.A_testClassCreate" name="nextStage" time="0.0">
    <ignored/>
  </testcase> <!-- nextStage -->
  <testcase classname="function.A_testClassCreate" name="createNewAlarmEscalation" time="0.0">
    <ignored/>
  </testcase> <!-- createNewAlarmEscalation -->
  <testcase classname="function.A_testClassCreate" name="ManualAlarForCheckExtendAlarmCall" time="0.0">
    <ignored/>
  </testcase> <!-- ManualAlarForCheckExtendAlarmCall -->
  <testcase classname="function.A_testClassCreate" name="sendMessageToApiEsclationAlarm" time="0.0">
    <ignored/>
  </testcase> <!-- sendMessageToApiEsclationAlarm -->
  <testcase classname="function.A_testClassCreate" name="Bhupesh_testAlarm_recursiv_weekly_friday_users" time="0.0">
    <ignored/>
  </testcase> <!-- Bhupesh_testAlarm_recursiv_weekly_friday_users -->
  <testcase classname="function.A_testClassCreate" name="sendMessageToChatGroupCreatedByAlarmLoop" time="0.0">
    <ignored/>
  </testcase> <!-- sendMessageToChatGroupCreatedByAlarmLoop -->
  <testcase classname="function.A_testClassCreate" name="SendMessageTo1DayInformationEventByFireFighter" time="0.0">
    <ignored/>
  </testcase> <!-- SendMessageTo1DayInformationEventByFireFighter -->
  <testcase classname="function.A_testClassCreate" name="createCalendarEventByAttribute" time="0.0">
    <ignored/>
  </testcase> <!-- createCalendarEventByAttribute -->
  <testcase classname="function.A_testClassCreate" name="addOverviewMonitor" time="0.0">
    <ignored/>
  </testcase> <!-- addOverviewMonitor -->
  <testcase classname="function.A_testClassCreate" name="createChatFroupByAlarmLoopsMS" time="0.0">
    <ignored/>
  </testcase> <!-- createChatFroupByAlarmLoopsMS -->
  <testcase classname="function.A_testClassCreate" name="createCalendarEventByFireFughterMS" time="0.0">
    <ignored/>
  </testcase> <!-- createCalendarEventByFireFughterMS -->
  <testcase classname="function.A_testClassCreate" name="manualAlarmByNewEscResource" time="0.0">
    <ignored/>
  </testcase> <!-- manualAlarmByNewEscResource -->
  <testcase classname="function.A_testClassCreate" name="manualAlarmByEscResourceSingleStation" time="0.0">
    <ignored/>
  </testcase> <!-- manualAlarmByEscResourceSingleStation -->
  <testcase classname="function.A_testClassCreate" name="createCalendarEventByStationsMS" time="0.0">
    <ignored/>
  </testcase> <!-- createCalendarEventByStationsMS -->
  <testcase classname="function.A_testClassCreate" name="editOverviewMonitor" time="0.0">
    <ignored/>
  </testcase> <!-- editOverviewMonitor -->
  <testcase classname="function.A_testClassCreate" name="createNewAlarmTemplateByResource" time="0.0">
    <ignored/>
  </testcase> <!-- createNewAlarmTemplateByResource -->
  <testcase classname="function.A_testClassCreate" name="manualAlarmByNewTemplate" time="0.0">
    <ignored/>
  </testcase> <!-- manualAlarmByNewTemplate -->
  <testcase classname="function.A_testClassCreate" name="manualaByAttributeSingleStation" time="0.0">
    <ignored/>
  </testcase> <!-- manualaByAttributeSingleStation -->
  <testcase classname="function.A_testClassCreate" name="createMonitorInformationByStations" time="0.0">
    <ignored/>
  </testcase> <!-- createMonitorInformationByStations -->
  <testcase classname="function.A_testClassCreate" name="editStation" time="0.0">
    <ignored/>
  </testcase> <!-- editStation -->
  <testcase classname="function.A_testClassCreate" name="TCCalenderEventValidationChecking" time="0.0">
    <ignored/>
  </testcase> <!-- TCCalenderEventValidationChecking -->
  <testcase classname="function.A_testClassCreate" name="createMonitorInformationByFireFighter" time="0.0">
    <ignored/>
  </testcase> <!-- createMonitorInformationByFireFighter -->
  <testcase classname="function.A_testClassCreate" name="manualAlarmByNewREsource" time="0.0">
    <ignored/>
  </testcase> <!-- manualAlarmByNewREsource -->
  <testcase classname="function.A_testClassCreate" name="TCMonitorInformationValidationChecking" time="0.0">
    <ignored/>
  </testcase> <!-- TCMonitorInformationValidationChecking -->
  <testcase classname="function.A_testClassCreate" name="TCNewAlarmLoopCheckingValidation" time="0.0">
    <ignored/>
  </testcase> <!-- TCNewAlarmLoopCheckingValidation -->
  <testcase classname="function.A_testClassCreate" name="TestAlarm_Recursive_Monthly_DayWise_Attribute" time="0.0">
    <ignored/>
  </testcase> <!-- TestAlarm_Recursive_Monthly_DayWise_Attribute -->
  <testcase classname="function.A_testClassCreate" name="sendMessageToOldApiAlarmUser" time="0.0">
    <ignored/>
  </testcase> <!-- sendMessageToOldApiAlarmUser -->
  <testcase classname="function.A_testClassCreate" name="manualAlarmByEscResourceMs" time="0.0">
    <ignored/>
  </testcase> <!-- manualAlarmByEscResourceMs -->
  <testcase classname="function.A_testClassCreate" name="verifyAllApiAlarmsCretaed" time="0.0">
    <ignored/>
  </testcase> <!-- verifyAllApiAlarmsCretaed -->
  <testcase classname="function.A_testClassCreate" name="TCResourceValidationChecking" time="0.0">
    <ignored/>
  </testcase> <!-- TCResourceValidationChecking -->
  <testcase classname="function.A_testClassCreate" name="testAlarm_EscaltionCallSmsEmail" time="0.0">
    <ignored/>
  </testcase> <!-- testAlarm_EscaltionCallSmsEmail -->
  <testcase classname="function.A_testClassCreate" name="smokeForCreateManualAlarm" time="0.0">
    <ignored/>
  </testcase> <!-- smokeForCreateManualAlarm -->
  <testcase classname="function.A_testClassCreate" name="smokeForResource" time="0.0">
    <ignored/>
  </testcase> <!-- smokeForResource -->
  <testcase classname="function.A_testClassCreate" name="createNewAlarmTemplateByFirefighter" time="0.0">
    <ignored/>
  </testcase> <!-- createNewAlarmTemplateByFirefighter -->
  <testcase classname="function.A_testClassCreate" name="smokeForCalendar" time="0.0">
    <ignored/>
  </testcase> <!-- smokeForCalendar -->
  <testcase classname="function.A_testClassCreate" name="smokeForEscalation" time="0.0">
    <ignored/>
  </testcase> <!-- smokeForEscalation -->
  <testcase classname="function.A_testClassCreate" name="addStataionUser" time="0.0">
    <ignored/>
  </testcase> <!-- addStataionUser -->
  <testcase classname="function.A_testClassCreate" name="Bhupesh_testAlarm_recursiv_daily_Users_0532" time="0.0">
    <ignored/>
  </testcase> <!-- Bhupesh_testAlarm_recursiv_daily_Users_0532 -->
  <testcase classname="function.A_testClassCreate" name="testAlarm_Direct_CallSmsEmail" time="0.0">
    <ignored/>
  </testcase> <!-- testAlarm_Direct_CallSmsEmail -->
  <testcase classname="function.A_testClassCreate" name="TestAlarm_OneTime_Attribute" time="0.0">
    <ignored/>
  </testcase> <!-- TestAlarm_OneTime_Attribute -->
  <testcase classname="function.A_testClassCreate" name="sendMessageToManualAlarmUser" time="0.0">
    <ignored/>
  </testcase> <!-- sendMessageToManualAlarmUser -->
  <testcase classname="function.A_testClassCreate" name="createMonitorInformationByResource" time="0.0">
    <ignored/>
  </testcase> <!-- createMonitorInformationByResource -->
  <testcase classname="function.A_testClassCreate" name="CheckApiAlarmEscalationFunctionality" time="0.0">
    <ignored/>
  </testcase> <!-- CheckApiAlarmEscalationFunctionality -->
  <testcase classname="function.A_testClassCreate" name="TCManualAlarmMSCheckingValidation" time="0.0">
    <ignored/>
  </testcase> <!-- TCManualAlarmMSCheckingValidation -->
  <testcase classname="function.A_testClassCreate" name="addStationMonitor" time="0.0">
    <ignored/>
  </testcase> <!-- addStationMonitor -->
  <testcase classname="function.A_testClassCreate" name="sendMessageToChatGroupCreatedByResource" time="0.0">
    <ignored/>
  </testcase> <!-- sendMessageToChatGroupCreatedByResource -->
  <testcase classname="function.A_testClassCreate" name="addNewStation" time="0.0">
    <ignored/>
  </testcase> <!-- addNewStation -->
</testsuite> <!-- Test(failed)(failed)(failed)(failed) -->
