<?xml version="1.0" encoding="UTF-8"?>
<!-- Generated by org.testng.reporters.JUnitReportReporter -->
<testsuite hostname="DESKTOP-T6L47BI" failures="0" tests="8" name="function.A_testClassCreate" time="419.586" errors="0" timestamp="2026-02-20T16:20:11 IST" skipped="0">
  <testcase classname="function.A_testClassCreate" name="createCalendarEventByResource" time="56.363">
    <system-out>
      <![CDATA[ 
The process for creating calendar event by Resource has been initiated..
The process for creating calendar event by Resource has been completed successfully.
 ]]>
    </system-out>
  </testcase> <!-- createCalendarEventByResource -->
  <testcase classname="function.A_testClassCreate" name="createNewAlarmLoop" time="38.942">
    <system-out>
      <![CDATA[ 
The process of creating new alarm loop is started.
The process of creating new alarm loop is is complete.
 ]]>
    </system-out>
  </testcase> <!-- createNewAlarmLoop -->
  <testcase classname="function.A_testClassCreate" name="createCalendarEventByAttribute" time="58.482">
    <system-out>
      <![CDATA[ 
The process for creating calendar event by attribute has been initiated..
The process for creating calendar event by attribute has been completed successfully.
 ]]>
    </system-out>
  </testcase> <!-- createCalendarEventByAttribute -->
  <testcase classname="function.A_testClassCreate" name="createEventCategory" time="32.011">
    <system-out>
      <![CDATA[ 
The process for creating event category  has been initiated..
The process for ccreating event category has been completed successfully.
 ]]>
    </system-out>
  </testcase> <!-- createEventCategory -->
  <testcase classname="function.A_testClassCreate" name="createCalendarEventByStationsMS" time="53.275">
    <system-out>
      <![CDATA[ 
The process for creating calendar event by stations has been initiated..
The process for creating calendar event by stations has been completed successfully.
 ]]>
    </system-out>
  </testcase> <!-- createCalendarEventByStationsMS -->
  <testcase classname="function.A_testClassCreate" name="createNewAlarmTemplateByFirefighter" time="62.026">
    <system-out>
      <![CDATA[ 
The process of creating new alarm template by fire fighter is started.
The process of creating new alarm template by fire fighter is complete.
 ]]>
    </system-out>
  </testcase> <!-- createNewAlarmTemplateByFirefighter -->
  <testcase classname="function.A_testClassCreate" name="createCalendarEventByFireFughterMS" time="66.811">
    <system-out>
      <![CDATA[ 
The process for creating calendar event by fire fighters has been initiated..
The process for creating calendar event by fire fighters has been completed successfully.
 ]]>
    </system-out>
  </testcase> <!-- createCalendarEventByFireFughterMS -->
  <testcase classname="function.A_testClassCreate" name="createNewAlarmTemplateByResource" time="51.676">
    <system-out>
      <![CDATA[ 
The process of creating new alarm template by resource is started.
The process of creating new alarm template by resource is complete.
 ]]>
    </system-out>
  </testcase> <!-- createNewAlarmTemplateByResource -->
  <system-out>
    <![CDATA[Well come to RETTERAlarm Testing branch
Logged in user-914-IN-U11-U011-1
 
The process for creating calendar event by attribute has been initiated..
The process for creating calendar event by attribute has been completed successfully.
 
 
The process for creating calendar event by Resource has been initiated..
The process for creating calendar event by Resource has been completed successfully.
 
 
The process for creating calendar event by fire fighters has been initiated..
The process for creating calendar event by fire fighters has been completed successfully.
 
 
The process for creating calendar event by stations has been initiated..
The process for creating calendar event by stations has been completed successfully.
 
 
The process of creating new alarm template by resource is started.
The process of creating new alarm template by resource is complete.
 
 
The process of creating new alarm template by fire fighter is started.
The process of creating new alarm template by fire fighter is complete.
 
 
The process of creating new alarm loop is started.
The process of creating new alarm loop is is complete.
 
 
The process for creating event category  has been initiated..
The process for ccreating event category has been completed successfully.
 
Logout sucessfully.
 
Refresh the URL before successfully closing the browser.
Browser close sucessfully.
 
Good to see you again.]]>
  </system-out>
</testsuite> <!-- function.A_testClassCreate -->
