<?xml version="1.0" encoding="UTF-8"?>
<!-- Generated by org.testng.reporters.JUnitReportReporter -->
<testsuite hostname="DESKTOP-T6L47BI" failures="0" tests="8" name="function.A_testClassDelte" time="415.559" errors="0" timestamp="2026-02-04T19:05:21 IST" skipped="0">
  <testcase classname="function.A_testClassDelte" name="deletedeleteEventCatogery" time="45.324">
    <system-out>
      <![CDATA[ 
The process of delete event catogery is started.
The process of delete event catogery is complete.
 ]]>
    </system-out>
  </testcase> <!-- deletedeleteEventCatogery -->
  <testcase classname="function.A_testClassDelte" name="deleteAlarmLoop" time="50.675">
    <system-out>
      <![CDATA[ 
The process of delete alarm loop is started.
The process of delete alarm loop is complete.
 ]]>
    </system-out>
  </testcase> <!-- deleteAlarmLoop -->
  <testcase classname="function.A_testClassDelte" name="deleteCalendarEvent" time="81.287">
    <system-out>
      <![CDATA[ 
The process of delete calendar event is started.
The process of delete calendar event is complete.
 ]]>
    </system-out>
  </testcase> <!-- deleteCalendarEvent -->
  <testcase classname="function.A_testClassDelte" name="deleteManualAlarm" time="59.316">
    <system-out>
      <![CDATA[ 
The process of delete alarms is started.
The process of delete alarms is complete.
 ]]>
    </system-out>
  </testcase> <!-- deleteManualAlarm -->
  <testcase classname="function.A_testClassDelte" name="delete_infoEvent" time="43.679">
    <system-out>
      <![CDATA[ 
The process of delete information or event is started.
The process of delete information or event is complete.
 ]]>
    </system-out>
  </testcase> <!-- delete_infoEvent -->
  <testcase classname="function.A_testClassDelte" name="deleteResource" time="48.024">
    <system-out>
      <![CDATA[ 
The process of delete alarm resource is started.
The process of delete alarm resource is complete.
 ]]>
    </system-out>
  </testcase> <!-- deleteResource -->
  <testcase classname="function.A_testClassDelte" name="deleteAlarmTemplate" time="50.327">
    <system-out>
      <![CDATA[ 
The process of delete alarm template is started.
The process of delete alarm template is complete.
 ]]>
    </system-out>
  </testcase> <!-- deleteAlarmTemplate -->
  <testcase classname="function.A_testClassDelte" name="deleteAlarmEscalation" time="36.927">
    <system-out>
      <![CDATA[ 
The process of delete AlarmEscalation is started.
The process of delete AlarmEscalation is complete.
 ]]>
    </system-out>
  </testcase> <!-- deleteAlarmEscalation -->
  <system-out>
    <![CDATA[Well come to RETTERAlarm Live branch
Logged in user-6039-DE-andrew-deptu-2
 
The process of delete AlarmEscalation is started.
The process of delete AlarmEscalation is complete.
 
 
The process of delete alarm loop is started.
The process of delete alarm loop is complete.
 
 
The process of delete alarm template is started.
The process of delete alarm template is complete.
 
 
The process of delete calendar event is started.
The process of delete calendar event is complete.
 
 
The process of delete alarms is started.
The process of delete alarms is complete.
 
 
The process of delete alarm resource is started.
The process of delete alarm resource is complete.
 
 
The process of delete information or event is started.
The process of delete information or event is complete.
 
 
The process of delete event catogery is started.
The process of delete event catogery is complete.
 
Logout sucessfully.
 
Refresh the URL before successfully closing the browser.
Browser close sucessfully.
 
Good to see you again.]]>
  </system-out>
</testsuite> <!-- function.A_testClassDelte -->
