<?xml version="1.0" encoding="UTF-8"?>
<!-- Generated by org.testng.reporters.JUnitReportReporter -->
<testsuite hostname="DESKTOP-T6L47BI" failures="0" tests="36" name="function.A_testClassCreate" time="1999.649" errors="2" timestamp="2026-02-20T17:53:57 IST" skipped="0">
  <testcase classname="function.A_testClassCreate" name="createMonitorInformationByResource" time="67.950">
    <system-out>
      <![CDATA[ 
The process for creating a new monitor information using Resource has been initiated.
The process for creating a new monitor information using Resource has been completed successfully.
 ]]>
    </system-out>
  </testcase> <!-- createMonitorInformationByResource -->
  <testcase classname="function.A_testClassCreate" name="createMonitorInformationByStations" time="65.632">
    <system-out>
      <![CDATA[ 
The process for creating a new monitor information using Fire Stations has been initiated.
The process for creating a new monitor information using Stations has been completed successfully.
 ]]>
    </system-out>
  </testcase> <!-- createMonitorInformationByStations -->
  <testcase classname="function.A_testClassCreate" name="manualaByAttributeMSLP" time="50.828">
    <system-out>
      <![CDATA[ 
The process of creating a low priority multi station manual alarm by attribute  is started.
The process of creating a low priority multi station manual alarm by attribute is complete.
 ]]>
    </system-out>
  </testcase> <!-- manualaByAttributeMSLP -->
  <testcase classname="function.A_testClassCreate" name="createNewAlarmTemplateByResource" time="51.189">
    <system-out>
      <![CDATA[ 
The process of creating new alarm template by resource is started.
The process of creating new alarm template by resource is complete.
 ]]>
    </system-out>
  </testcase> <!-- createNewAlarmTemplateByResource -->
  <testcase classname="function.A_testClassCreate" name="manualAlarmByEscResourceSingleStation" time="40.596">
    <system-out>
      <![CDATA[ 
The process of creating a manual alarm by escaltion resource-single station is started.
The process of creating a manual alarm by escaltion resource-single station is complete.
 ]]>
    </system-out>
  </testcase> <!-- manualAlarmByEscResourceSingleStation -->
  <testcase classname="function.A_testClassCreate" name="manualAlarmByFirefighterMs" time="63.981">
    <system-out>
      <![CDATA[ 
The process of creating a manual alarm by firefighter is started.
The process of creating a manual alarm by firefighter is complete.
 ]]>
    </system-out>
  </testcase> <!-- manualAlarmByFirefighterMs -->
  <testcase classname="function.A_testClassCreate" name="createCalendarEventByAttribute" time="57.086">
    <system-out>
      <![CDATA[ 
The process for creating calendar event by attribute has been initiated..
The process for creating calendar event by attribute has been completed successfully.
 ]]>
    </system-out>
  </testcase> <!-- createCalendarEventByAttribute -->
  <testcase classname="function.A_testClassCreate" name="createCalendarEventByStationsMS" time="50.664">
    <system-out>
      <![CDATA[ 
The process for creating calendar event by stations has been initiated..
The process for creating calendar event by stations has been completed successfully.
 ]]>
    </system-out>
  </testcase> <!-- createCalendarEventByStationsMS -->
  <testcase classname="function.A_testClassCreate" name="createMonitorInformationByFireFighterForTwoStation" time="72.586">
    <system-out>
      <![CDATA[ 
The process for creating a new monitor information using Fire Stations has been initiated.
The process for creating a new monitor information using Stations has been completed successfully.
 ]]>
    </system-out>
  </testcase> <!-- createMonitorInformationByFireFighterForTwoStation -->
  <testcase classname="function.A_testClassCreate" name="create1HrInformationEventByResource" time="72.380">
    <system-out>
      <![CDATA[ 
The process for creating a new Information-Event using resource has been initiated.
The process for creating a new Information-Event using resource has been completed successfully.
 ]]>
    </system-out>
  </testcase> <!-- create1HrInformationEventByResource -->
  <testcase classname="function.A_testClassCreate" name="createAlarmByNewlyAddedTemplateFromTemplateModule" time="46.194">
    <system-out>
      <![CDATA[ 
The process for creating Alarm By Newly Added Template From Template Module has been initiated.
The process for creating Alarm By Newly Added Template From Template Module has been completed successfully.
 ]]>
    </system-out>
  </testcase> <!-- createAlarmByNewlyAddedTemplateFromTemplateModule -->
  <testcase classname="function.A_testClassCreate" name="createMonitorInformationByAttribute" time="68.142">
    <system-out>
      <![CDATA[ 
The process for creating a new monitor information using attributes has been initiated.
The process for creating a new monitor information using attributes has been completed successfully.
 ]]>
    </system-out>
  </testcase> <!-- createMonitorInformationByAttribute -->
  <testcase classname="function.A_testClassCreate" name="create1MinInformationEventByAttribute" time="72.329">
    <system-out>
      <![CDATA[ 
The process for creating a new Information-Event using attribute has been initiated.
The process for creating a new Information-Event using attribute has been completed successfully.
 ]]>
    </system-out>
  </testcase> <!-- create1MinInformationEventByAttribute -->
  <testcase classname="function.A_testClassCreate" name="sendMessageToOldApiAlarmUser" time="41.321">
    <error message="no such element: Unable to locate element: {&quot;method&quot;:&quot;xpath&quot;,&quot;selector&quot;:&quot;(//i[@class=&quot;dx-icon dx-icon-overflow&quot;])[2]&quot;}
  (Session info: chrome=145.0.7632.76)
For documentation on this error, please visit: https://www.selenium.dev/documentation/webdriver/troubleshooting/errors#no-such-element-exception
Build info: version: &#039;4.17.0&#039;, revision: &#039;e52b1be057*&#039;
System info: os.name: &#039;Windows 11&#039;, os.arch: &#039;amd64&#039;, os.version: &#039;10.0&#039;, java.version: &#039;17.0.9&#039;
Driver info: org.openqa.selenium.chrome.ChromeDriver
Command: [26db152cac2fc59cca192e3eee48875a, findElement {using=xpath, value=(//i[@class=&quot;dx-icon dx-icon-overflow&quot;])[2]}]
Capabilities {acceptInsecureCerts: false, browserName: chrome, browserVersion: 145.0.7632.76, chrome: {chromedriverVersion: 145.0.7632.77 (da516187054a..., userDataDir: C:\Users\BHUPESH\AppData\Lo...}, fedcm:accounts: true, goog:chromeOptions: {debuggerAddress: localhost:54610}, goog:processID: 19796, networkConnectionEnabled: false, pageLoadStrategy: normal, platformName: windows, proxy: Proxy(), se:cdp: ws://localhost:54610/devtoo..., se:cdpVersion: 145.0.7632.76, setWindowRect: true, strictFileInteractability: false, timeouts: {implicit: 0, pageLoad: 300000, script: 30000}, unhandledPromptBehavior: dismiss and notify, webauthn:extension:credBlob: true, webauthn:extension:largeBlob: true, webauthn:extension:minPinLength: true, webauthn:extension:prf: true, webauthn:virtualAuthenticators: true}
Session ID: 26db152cac2fc59cca192e3eee48875a" type="org.openqa.selenium.NoSuchElementException">
      <![CDATA[org.openqa.selenium.NoSuchElementException: no such element: Unable to locate element: {"method":"xpath","selector":"(//i[@class="dx-icon dx-icon-overflow"])[2]"}
  (Session info: chrome=145.0.7632.76)
For documentation on this error, please visit: https://www.selenium.dev/documentation/webdriver/troubleshooting/errors#no-such-element-exception
Build info: version: '4.17.0', revision: 'e52b1be057*'
System info: os.name: 'Windows 11', os.arch: 'amd64', os.version: '10.0', java.version: '17.0.9'
Driver info: org.openqa.selenium.chrome.ChromeDriver
Command: [26db152cac2fc59cca192e3eee48875a, findElement {using=xpath, value=(//i[@class="dx-icon dx-icon-overflow"])[2]}]
Capabilities {acceptInsecureCerts: false, browserName: chrome, browserVersion: 145.0.7632.76, chrome: {chromedriverVersion: 145.0.7632.77 (da516187054a..., userDataDir: C:\Users\BHUPESH\AppData\Lo...}, fedcm:accounts: true, goog:chromeOptions: {debuggerAddress: localhost:54610}, goog:processID: 19796, networkConnectionEnabled: false, pageLoadStrategy: normal, platformName: windows, proxy: Proxy(), se:cdp: ws://localhost:54610/devtoo..., se:cdpVersion: 145.0.7632.76, setWindowRect: true, strictFileInteractability: false, timeouts: {implicit: 0, pageLoad: 300000, script: 30000}, unhandledPromptBehavior: dismiss and notify, webauthn:extension:credBlob: true, webauthn:extension:largeBlob: true, webauthn:extension:minPinLength: true, webauthn:extension:prf: true, webauthn:virtualAuthenticators: true}
Session ID: 26db152cac2fc59cca192e3eee48875a
at java.base/jdk.internal.reflect.NativeConstructorAccessorImpl.newInstance0(Native Method)
at java.base/jdk.internal.reflect.NativeConstructorAccessorImpl.newInstance(NativeConstructorAccessorImpl.java:77)
at java.base/jdk.internal.reflect.DelegatingConstructorAccessorImpl.newInstance(DelegatingConstructorAccessorImpl.java:45)
at java.base/java.lang.reflect.Constructor.newInstanceWithCaller(Constructor.java:499)
at java.base/java.lang.reflect.Constructor.newInstance(Constructor.java:480)
at org.openqa.selenium.remote.codec.w3c.W3CHttpResponseCodec.createException(W3CHttpResponseCodec.java:185)
at org.openqa.selenium.remote.codec.w3c.W3CHttpResponseCodec.decode(W3CHttpResponseCodec.java:134)
at org.openqa.selenium.remote.codec.w3c.W3CHttpResponseCodec.decode(W3CHttpResponseCodec.java:51)
at org.openqa.selenium.remote.HttpCommandExecutor.execute(HttpCommandExecutor.java:190)
at org.openqa.selenium.remote.service.DriverCommandExecutor.invokeExecute(DriverCommandExecutor.java:216)
at org.openqa.selenium.remote.service.DriverCommandExecutor.execute(DriverCommandExecutor.java:174)
at org.openqa.selenium.remote.RemoteWebDriver.execute(RemoteWebDriver.java:519)
at org.openqa.selenium.remote.ElementLocation$ElementFinder$2.findElement(ElementLocation.java:165)
at org.openqa.selenium.remote.ElementLocation.findElement(ElementLocation.java:59)
at org.openqa.selenium.remote.RemoteWebDriver.findElement(RemoteWebDriver.java:356)
at org.openqa.selenium.remote.RemoteWebDriver.findElement(RemoteWebDriver.java:350)
at org.openqa.selenium.support.pagefactory.DefaultElementLocator.findElement(DefaultElementLocator.java:68)
at org.openqa.selenium.support.pagefactory.internal.LocatingElementHandler.invoke(LocatingElementHandler.java:38)
at jdk.proxy2/jdk.proxy2.$Proxy22.click(Unknown Source)
at function.F_manualAlarm.sendMessageToOldApiAlarmUser(F_manualAlarm.java:966)
at function.A_testClassCreate.sendMessageToOldApiAlarmUser(A_testClassCreate.java:732)
at java.base/jdk.internal.reflect.NativeMethodAccessorImpl.invoke0(Native Method)
at java.base/jdk.internal.reflect.NativeMethodAccessorImpl.invoke(NativeMethodAccessorImpl.java:77)
at java.base/jdk.internal.reflect.DelegatingMethodAccessorImpl.invoke(DelegatingMethodAccessorImpl.java:43)
at java.base/java.lang.reflect.Method.invoke(Method.java:568)
at org.testng.internal.invokers.MethodInvocationHelper.invokeMethod(MethodInvocationHelper.java:139)
at org.testng.internal.invokers.TestInvoker.invokeMethod(TestInvoker.java:664)
at org.testng.internal.invokers.TestInvoker.invokeTestMethod(TestInvoker.java:228)
at org.testng.internal.invokers.MethodRunner.runInSequence(MethodRunner.java:63)
at org.testng.internal.invokers.TestInvoker$MethodInvocationAgent.invoke(TestInvoker.java:961)
at org.testng.internal.invokers.TestInvoker.invokeTestMethods(TestInvoker.java:201)
at org.testng.internal.invokers.TestMethodWorker.invokeTestMethods(TestMethodWorker.java:148)
at org.testng.internal.invokers.TestMethodWorker.run(TestMethodWorker.java:128)
at java.base/java.util.ArrayList.forEach(ArrayList.java:1511)
at org.testng.TestRunner.privateRun(TestRunner.java:819)
at org.testng.TestRunner.run(TestRunner.java:619)
at org.testng.SuiteRunner.runTest(SuiteRunner.java:443)
at org.testng.SuiteRunner.runSequentially(SuiteRunner.java:437)
at org.testng.SuiteRunner.privateRun(SuiteRunner.java:397)
at org.testng.SuiteRunner.run(SuiteRunner.java:336)
at org.testng.SuiteRunnerWorker.runSuite(SuiteRunnerWorker.java:52)
at org.testng.SuiteRunnerWorker.run(SuiteRunnerWorker.java:95)
at org.testng.TestNG.runSuitesSequentially(TestNG.java:1301)
at org.testng.TestNG.runSuitesLocally(TestNG.java:1228)
at org.testng.TestNG.runSuites(TestNG.java:1134)
at org.testng.TestNG.run(TestNG.java:1101)
at org.testng.remote.AbstractRemoteTestNG.run(AbstractRemoteTestNG.java:115)
at org.testng.remote.RemoteTestNG.initAndRun(RemoteTestNG.java:251)
at org.testng.remote.RemoteTestNG.main(RemoteTestNG.java:77)
]]>
    </error>
    <system-out>
      <![CDATA[ 
The process of send message to old api alarm user is started.]]>
    </system-out>
  </testcase> <!-- sendMessageToOldApiAlarmUser -->
  <testcase classname="function.A_testClassCreate" name="createMonitorInformationByFireFighter" time="68.130">
    <system-out>
      <![CDATA[ 
The process for creating a new monitor information using Fire Fighters has been initiated.
The process for creating a new monitor information using Fire Fighters has been completed successfully.
 ]]>
    </system-out>
  </testcase> <!-- createMonitorInformationByFireFighter -->
  <testcase classname="function.A_testClassCreate" name="create1DayInformationEventByFireFighter" time="81.513">
    <system-out>
      <![CDATA[ 
The process for creating a new Information-Event using fire fighter  has been initiated.
The process for creating a new Information-Event using fire fighter has been completed successfully.
 ]]>
    </system-out>
  </testcase> <!-- create1DayInformationEventByFireFighter -->
  <testcase classname="function.A_testClassCreate" name="manualAlarmByResourceMs" time="78.615">
    <system-out>
      <![CDATA[ 
The process of creating a manual alarm by resource is started.
The process of creating a manual alarm by resource is complete.
 ]]>
    </system-out>
  </testcase> <!-- manualAlarmByResourceMs -->
  <testcase classname="function.A_testClassCreate" name="sendMessageToManualAlarmUser" time="48.932">
    <system-out>
      <![CDATA[ 
The process of send message to manual alarm user is started.
The process of send message to manual alarm user is complete.
 ]]>
    </system-out>
  </testcase> <!-- sendMessageToManualAlarmUser -->
  <testcase classname="function.A_testClassCreate" name="createNewAlarmTemplateByFirefighter" time="60.776">
    <system-out>
      <![CDATA[ 
The process of creating new alarm template by fire fighter is started.
The process of creating new alarm template by fire fighter is complete.
 ]]>
    </system-out>
  </testcase> <!-- createNewAlarmTemplateByFirefighter -->
  <testcase classname="function.A_testClassCreate" name="sendMessageToNewApiAlarmUser" time="51.464">
    <error message="no such element: Unable to locate element: {&quot;method&quot;:&quot;xpath&quot;,&quot;selector&quot;:&quot;(//i[@class=&quot;dx-icon dx-icon-overflow&quot;])[2]&quot;}
  (Session info: chrome=145.0.7632.76)
For documentation on this error, please visit: https://www.selenium.dev/documentation/webdriver/troubleshooting/errors#no-such-element-exception
Build info: version: &#039;4.17.0&#039;, revision: &#039;e52b1be057*&#039;
System info: os.name: &#039;Windows 11&#039;, os.arch: &#039;amd64&#039;, os.version: &#039;10.0&#039;, java.version: &#039;17.0.9&#039;
Driver info: org.openqa.selenium.chrome.ChromeDriver
Command: [26db152cac2fc59cca192e3eee48875a, findElement {using=xpath, value=(//i[@class=&quot;dx-icon dx-icon-overflow&quot;])[2]}]
Capabilities {acceptInsecureCerts: false, browserName: chrome, browserVersion: 145.0.7632.76, chrome: {chromedriverVersion: 145.0.7632.77 (da516187054a..., userDataDir: C:\Users\BHUPESH\AppData\Lo...}, fedcm:accounts: true, goog:chromeOptions: {debuggerAddress: localhost:54610}, goog:processID: 19796, networkConnectionEnabled: false, pageLoadStrategy: normal, platformName: windows, proxy: Proxy(), se:cdp: ws://localhost:54610/devtoo..., se:cdpVersion: 145.0.7632.76, setWindowRect: true, strictFileInteractability: false, timeouts: {implicit: 0, pageLoad: 300000, script: 30000}, unhandledPromptBehavior: dismiss and notify, webauthn:extension:credBlob: true, webauthn:extension:largeBlob: true, webauthn:extension:minPinLength: true, webauthn:extension:prf: true, webauthn:virtualAuthenticators: true}
Session ID: 26db152cac2fc59cca192e3eee48875a" type="org.openqa.selenium.NoSuchElementException">
      <![CDATA[org.openqa.selenium.NoSuchElementException: no such element: Unable to locate element: {"method":"xpath","selector":"(//i[@class="dx-icon dx-icon-overflow"])[2]"}
  (Session info: chrome=145.0.7632.76)
For documentation on this error, please visit: https://www.selenium.dev/documentation/webdriver/troubleshooting/errors#no-such-element-exception
Build info: version: '4.17.0', revision: 'e52b1be057*'
System info: os.name: 'Windows 11', os.arch: 'amd64', os.version: '10.0', java.version: '17.0.9'
Driver info: org.openqa.selenium.chrome.ChromeDriver
Command: [26db152cac2fc59cca192e3eee48875a, findElement {using=xpath, value=(//i[@class="dx-icon dx-icon-overflow"])[2]}]
Capabilities {acceptInsecureCerts: false, browserName: chrome, browserVersion: 145.0.7632.76, chrome: {chromedriverVersion: 145.0.7632.77 (da516187054a..., userDataDir: C:\Users\BHUPESH\AppData\Lo...}, fedcm:accounts: true, goog:chromeOptions: {debuggerAddress: localhost:54610}, goog:processID: 19796, networkConnectionEnabled: false, pageLoadStrategy: normal, platformName: windows, proxy: Proxy(), se:cdp: ws://localhost:54610/devtoo..., se:cdpVersion: 145.0.7632.76, setWindowRect: true, strictFileInteractability: false, timeouts: {implicit: 0, pageLoad: 300000, script: 30000}, unhandledPromptBehavior: dismiss and notify, webauthn:extension:credBlob: true, webauthn:extension:largeBlob: true, webauthn:extension:minPinLength: true, webauthn:extension:prf: true, webauthn:virtualAuthenticators: true}
Session ID: 26db152cac2fc59cca192e3eee48875a
at java.base/jdk.internal.reflect.NativeConstructorAccessorImpl.newInstance0(Native Method)
at java.base/jdk.internal.reflect.NativeConstructorAccessorImpl.newInstance(NativeConstructorAccessorImpl.java:77)
at java.base/jdk.internal.reflect.DelegatingConstructorAccessorImpl.newInstance(DelegatingConstructorAccessorImpl.java:45)
at java.base/java.lang.reflect.Constructor.newInstanceWithCaller(Constructor.java:499)
at java.base/java.lang.reflect.Constructor.newInstance(Constructor.java:480)
at org.openqa.selenium.remote.codec.w3c.W3CHttpResponseCodec.createException(W3CHttpResponseCodec.java:185)
at org.openqa.selenium.remote.codec.w3c.W3CHttpResponseCodec.decode(W3CHttpResponseCodec.java:134)
at org.openqa.selenium.remote.codec.w3c.W3CHttpResponseCodec.decode(W3CHttpResponseCodec.java:51)
at org.openqa.selenium.remote.HttpCommandExecutor.execute(HttpCommandExecutor.java:190)
at org.openqa.selenium.remote.service.DriverCommandExecutor.invokeExecute(DriverCommandExecutor.java:216)
at org.openqa.selenium.remote.service.DriverCommandExecutor.execute(DriverCommandExecutor.java:174)
at org.openqa.selenium.remote.RemoteWebDriver.execute(RemoteWebDriver.java:519)
at org.openqa.selenium.remote.ElementLocation$ElementFinder$2.findElement(ElementLocation.java:165)
at org.openqa.selenium.remote.ElementLocation.findElement(ElementLocation.java:59)
at org.openqa.selenium.remote.RemoteWebDriver.findElement(RemoteWebDriver.java:356)
at org.openqa.selenium.remote.RemoteWebDriver.findElement(RemoteWebDriver.java:350)
at org.openqa.selenium.support.pagefactory.DefaultElementLocator.findElement(DefaultElementLocator.java:68)
at org.openqa.selenium.support.pagefactory.internal.LocatingElementHandler.invoke(LocatingElementHandler.java:38)
at jdk.proxy2/jdk.proxy2.$Proxy22.click(Unknown Source)
at function.F_manualAlarm.sendMessageToNewApiAlarmUser(F_manualAlarm.java:1039)
at function.A_testClassCreate.sendMessageToNewApiAlarmUser(A_testClassCreate.java:746)
at java.base/jdk.internal.reflect.NativeMethodAccessorImpl.invoke0(Native Method)
at java.base/jdk.internal.reflect.NativeMethodAccessorImpl.invoke(NativeMethodAccessorImpl.java:77)
at java.base/jdk.internal.reflect.DelegatingMethodAccessorImpl.invoke(DelegatingMethodAccessorImpl.java:43)
at java.base/java.lang.reflect.Method.invoke(Method.java:568)
at org.testng.internal.invokers.MethodInvocationHelper.invokeMethod(MethodInvocationHelper.java:139)
at org.testng.internal.invokers.TestInvoker.invokeMethod(TestInvoker.java:664)
at org.testng.internal.invokers.TestInvoker.invokeTestMethod(TestInvoker.java:228)
at org.testng.internal.invokers.MethodRunner.runInSequence(MethodRunner.java:63)
at org.testng.internal.invokers.TestInvoker$MethodInvocationAgent.invoke(TestInvoker.java:961)
at org.testng.internal.invokers.TestInvoker.invokeTestMethods(TestInvoker.java:201)
at org.testng.internal.invokers.TestMethodWorker.invokeTestMethods(TestMethodWorker.java:148)
at org.testng.internal.invokers.TestMethodWorker.run(TestMethodWorker.java:128)
at java.base/java.util.ArrayList.forEach(ArrayList.java:1511)
at org.testng.TestRunner.privateRun(TestRunner.java:819)
at org.testng.TestRunner.run(TestRunner.java:619)
at org.testng.SuiteRunner.runTest(SuiteRunner.java:443)
at org.testng.SuiteRunner.runSequentially(SuiteRunner.java:437)
at org.testng.SuiteRunner.privateRun(SuiteRunner.java:397)
at org.testng.SuiteRunner.run(SuiteRunner.java:336)
at org.testng.SuiteRunnerWorker.runSuite(SuiteRunnerWorker.java:52)
at org.testng.SuiteRunnerWorker.run(SuiteRunnerWorker.java:95)
at org.testng.TestNG.runSuitesSequentially(TestNG.java:1301)
at org.testng.TestNG.runSuitesLocally(TestNG.java:1228)
at org.testng.TestNG.runSuites(TestNG.java:1134)
at org.testng.TestNG.run(TestNG.java:1101)
at org.testng.remote.AbstractRemoteTestNG.run(AbstractRemoteTestNG.java:115)
at org.testng.remote.RemoteTestNG.initAndRun(RemoteTestNG.java:251)
at org.testng.remote.RemoteTestNG.main(RemoteTestNG.java:77)
]]>
    </error>
    <system-out>
      <![CDATA[ 
The process of send message to new api alarm user is started.]]>
    </system-out>
  </testcase> <!-- sendMessageToNewApiAlarmUser -->
  <testcase classname="function.A_testClassCreate" name="createFullDayInformationEventByStation" time="59.253">
    <system-out>
      <![CDATA[ 
The process for creating a new Information-Event full day using stations has been initiated.
The process for creating a new  Information-Event full day using stations has been completed successfully.
 ]]>
    </system-out>
  </testcase> <!-- createFullDayInformationEventByStation -->
  <testcase classname="function.A_testClassCreate" name="manualAlarmByOldEsclationTemplateFromSt02ToSt01" time="44.344">
    <system-out>
      <![CDATA[ 
The process of creating a manual alarm by template is started.
The process of creating a manual alarm by template is complete.
 ]]>
    </system-out>
  </testcase> <!-- manualAlarmByOldEsclationTemplateFromSt02ToSt01 -->
  <testcase classname="function.A_testClassCreate" name="createCalendarEventByFireFughterMS" time="63.905">
    <system-out>
      <![CDATA[ 
The process for creating calendar event by fire fighters has been initiated..
The process for creating calendar event by fire fighters has been completed successfully.
 ]]>
    </system-out>
  </testcase> <!-- createCalendarEventByFireFughterMS -->
  <testcase classname="function.A_testClassCreate" name="createNewEscalationResource" time="46.958">
    <system-out>
      <![CDATA[ 
The process of creating new escaltion resource is started.
The process of creating new escaltion resource is complete.
 ]]>
    </system-out>
  </testcase> <!-- createNewEscalationResource -->
  <testcase classname="function.A_testClassCreate" name="createNewAlarmTemplateByAttribute" time="59.420">
    <system-out>
      <![CDATA[ 
The process of creating new alarm template by attribute is started.
The process of creating new alarm template by attribute is complete.
 ]]>
    </system-out>
  </testcase> <!-- createNewAlarmTemplateByAttribute -->
  <testcase classname="function.A_testClassCreate" name="manualaByAttributeSingleStation" time="59.254">
    <system-out>
      <![CDATA[ 
The process of creating a manual alarm by attribute  is started.
The process of creating a manual alarm by attribute is complete.
 ]]>
    </system-out>
  </testcase> <!-- manualaByAttributeSingleStation -->
  <testcase classname="function.A_testClassCreate" name="manualAlarmByEscResourceMs" time="40.695">
    <system-out>
      <![CDATA[ 
The process of creating a manual alarm by escaltion resource-multi station is started.
The process of creating a manual alarm by escaltion resource-multi station is complete.
 ]]>
    </system-out>
  </testcase> <!-- manualAlarmByEscResourceMs -->
  <testcase classname="function.A_testClassCreate" name="manualAlarmByNewEscResource" time="39.434">
    <system-out>
      <![CDATA[ 
The process of creating manual alarm by new escalation resource is started.
The process of creating nmanual alarm by new escalation resource is complete.
 ]]>
    </system-out>
  </testcase> <!-- manualAlarmByNewEscResource -->
  <testcase classname="function.A_testClassCreate" name="createNewAlarmLoop" time="38.512">
    <system-out>
      <![CDATA[ 
The process of creating new alarm loop is started.
The process of creating new alarm loop is is complete.
 ]]>
    </system-out>
  </testcase> <!-- createNewAlarmLoop -->
  <testcase classname="function.A_testClassCreate" name="createNewAlarmEscalation" time="42.624">
    <system-out>
      <![CDATA[ 
The process of creating new alarm escaltion is started.
The process of creating new aalarm escaltion is complete.
 ]]>
    </system-out>
  </testcase> <!-- createNewAlarmEscalation -->
  <testcase classname="function.A_testClassCreate" name="createCalendarEventByResource" time="56.640">
    <system-out>
      <![CDATA[ 
The process for creating calendar event by Resource has been initiated..
The process for creating calendar event by Resource has been completed successfully.
 ]]>
    </system-out>
  </testcase> <!-- createCalendarEventByResource -->
  <testcase classname="function.A_testClassCreate" name="createEventCategory" time="30.930">
    <system-out>
      <![CDATA[ 
The process for creating event category  has been initiated..
The process for ccreating event category has been completed successfully.
 ]]>
    </system-out>
  </testcase> <!-- createEventCategory -->
  <testcase classname="function.A_testClassCreate" name="createNewResource" time="52.653">
    <system-out>
      <![CDATA[ 
The process of creating new alarm resource is started.
The process of creating new alarm resource is complete.
 ]]>
    </system-out>
  </testcase> <!-- createNewResource -->
  <testcase classname="function.A_testClassCreate" name="manualAlarmByNewREsource" time="41.011">
    <system-out>
      <![CDATA[ 
The process of creating a manual alarm by new resource  is started.
The process of creating a manual alarm by new resource is complete.
 ]]>
    </system-out>
  </testcase> <!-- manualAlarmByNewREsource -->
  <testcase classname="function.A_testClassCreate" name="SendMessageTo1DayInformationEventByFireFighter" time="38.698">
    <system-out>
      <![CDATA[ 
The process for sending messages for full-day Information Events using stations has been initiated..
The process for sending messages for full-day Information Events using stations  has been completed successfully.
 ]]>
    </system-out>
  </testcase> <!-- SendMessageTo1DayInformationEventByFireFighter -->
  <testcase classname="function.A_testClassCreate" name="manualaByAttributeExtend1To01StEscResourceFrom02" time="75.010">
    <system-out>
      <![CDATA[ 
The process of creating a manual alarm by attribute st2 and extend to st1 by resource is started.
The process of creating a manual alarm by attribute st2 and extend to st1 by resource is complete.
 ]]>
    </system-out>
  </testcase> <!-- manualaByAttributeExtend1To01StEscResourceFrom02 -->
  <system-out>
    <![CDATA[Well come to RETTERAlarm Testing branch
Logged in user-914-IN-U11-U011-1
 
The process of send message to new api alarm user is started.
 
The process of send message to old api alarm user is started.
 
The process of creating a manual alarm by attribute  is started.
The process of creating a manual alarm by attribute is complete.
 
 
The process of creating a manual alarm by resource is started.
The process of creating a manual alarm by resource is complete.
 
 
The process of creating a manual alarm by firefighter is started.
The process of creating a manual alarm by firefighter is complete.
 
 
The process of creating a low priority multi station manual alarm by attribute  is started.
The process of creating a low priority multi station manual alarm by attribute is complete.
 
 
The process of creating a manual alarm by escaltion resource-single station is started.
The process of creating a manual alarm by escaltion resource-single station is complete.
 
 
The process of creating a manual alarm by escaltion resource-multi station is started.
The process of creating a manual alarm by escaltion resource-multi station is complete.
 
 
The process of creating a manual alarm by attribute st2 and extend to st1 by resource is started.
The process of creating a manual alarm by attribute st2 and extend to st1 by resource is complete.
 
 
The process of creating a manual alarm by template is started.
The process of creating a manual alarm by template is complete.
 
 
The process of creating new alarm template by attribute is started.
The process of creating new alarm template by attribute is complete.
 
 
The process for creating Alarm By Newly Added Template From Template Module has been initiated.
The process for creating Alarm By Newly Added Template From Template Module has been completed successfully.
 
 
The process of creating new alarm resource is started.
The process of creating new alarm resource is complete.
 
 
The process of creating a manual alarm by new resource  is started.
The process of creating a manual alarm by new resource is complete.
 
 
The process of creating new escaltion resource is started.
The process of creating new escaltion resource is complete.
 
 
The process of creating new alarm escaltion is started.
The process of creating new aalarm escaltion is complete.
 
 
The process of creating manual alarm by new escalation resource is started.
The process of creating nmanual alarm by new escalation resource is complete.
 
 
The process of send message to manual alarm user is started.
The process of send message to manual alarm user is complete.
 
 
The process for creating a new monitor information using attributes has been initiated.
The process for creating a new monitor information using attributes has been completed successfully.
 
 
The process for creating a new monitor information using Resource has been initiated.
The process for creating a new monitor information using Resource has been completed successfully.
 
 
The process for creating a new monitor information using Fire Fighters has been initiated.
The process for creating a new monitor information using Fire Fighters has been completed successfully.
 
 
The process for creating a new monitor information using Fire Stations has been initiated.
The process for creating a new monitor information using Stations has been completed successfully.
 
 
The process for creating a new monitor information using Fire Stations has been initiated.
The process for creating a new monitor information using Stations has been completed successfully.
 
 
The process for creating a new Information-Event using attribute has been initiated.
The process for creating a new Information-Event using attribute has been completed successfully.
 
 
The process for creating a new Information-Event using resource has been initiated.
The process for creating a new Information-Event using resource has been completed successfully.
 
 
The process for creating a new Information-Event using fire fighter  has been initiated.
The process for creating a new Information-Event using fire fighter has been completed successfully.
 
 
The process for creating a new Information-Event full day using stations has been initiated.
The process for creating a new  Information-Event full day using stations has been completed successfully.
 
 
The process for sending messages for full-day Information Events using stations has been initiated..
The process for sending messages for full-day Information Events using stations  has been completed successfully.
 
 
The process for creating calendar event by attribute has been initiated..
The process for creating calendar event by attribute has been completed successfully.
 
 
The process for creating calendar event by Resource has been initiated..
The process for creating calendar event by Resource has been completed successfully.
 
 
The process for creating calendar event by fire fighters has been initiated..
The process for creating calendar event by fire fighters has been completed successfully.
 
 
The process for creating calendar event by stations has been initiated..
The process for creating calendar event by stations has been completed successfully.
 
 
The process of creating new alarm template by resource is started.
The process of creating new alarm template by resource is complete.
 
 
The process of creating new alarm template by fire fighter is started.
The process of creating new alarm template by fire fighter is complete.
 
 
The process of creating new alarm loop is started.
The process of creating new alarm loop is is complete.
 
 
The process for creating event category  has been initiated..
The process for ccreating event category has been completed successfully.
 
Logout sucessfully.
 
Refresh the URL before successfully closing the browser.
Browser close sucessfully.
 
Good to see you again.]]>
  </system-out>
</testsuite> <!-- function.A_testClassCreate -->
