<?xml version="1.0" encoding="UTF-8"?>
<!-- Generated by org.testng.reporters.JUnitReportReporter -->
<testsuite hostname="DESKTOP-T6L47BI" failures="0" tests="9" name="function.A_testClassCreate" time="211.889" errors="0" timestamp="2026-02-17T18:34:39 IST" skipped="0">
  <testcase classname="function.A_testClassCreate" name="smokeForManualAlarm" time="25.941"/>
  <testcase classname="function.A_testClassCreate" name="smokeForCalendar" time="19.666"/>
  <testcase classname="function.A_testClassCreate" name="smokeForinformation" time="22.743"/>
  <testcase classname="function.A_testClassCreate" name="smokeAlarmTemplate" time="20.861"/>
  <testcase classname="function.A_testClassCreate" name="smokeForAlrmLoop" time="21.241"/>
  <testcase classname="function.A_testClassCreate" name="smokeForCreateManualAlarm" time="38.980"/>
  <testcase classname="function.A_testClassCreate" name="smokeForResource" time="22.909"/>
  <testcase classname="function.A_testClassCreate" name="smokeForEventCategory" time="20.108"/>
  <testcase classname="function.A_testClassCreate" name="smokeForEscalation" time="19.440"/>
  <system-out>
    <![CDATA[Well come to RETTERAlarm Live branch
Logged in user-6039-DE-andrew-deptu-2
Logout sucessfully.
 
Refresh the URL before successfully closing the browser.
Browser close sucessfully.
 
Good to see you again.]]>
  </system-out>
</testsuite> <!-- function.A_testClassCreate -->
