<?xml version="1.0" encoding="UTF-8"?>
<!-- Generated by org.testng.reporters.JUnitReportReporter -->
<testsuite hostname="DESKTOP-T6L47BI" failures="0" tests="2" name="function.A_testClassCreate" time="125.528" errors="0" timestamp="2026-02-20T11:57:08 IST" skipped="0">
  <testcase classname="function.A_testClassCreate" name="sendMessageToManualAlarmUser" time="48.076">
    <system-out>
      <![CDATA[ 
The process of send message to manual alarm user is started.
The process of send message to manual alarm user is complete.
 ]]>
    </system-out>
  </testcase> <!-- sendMessageToManualAlarmUser -->
  <testcase classname="function.A_testClassCreate" name="manualaByAttributeExtend1To01StEscResourceFrom02" time="77.452">
    <system-out>
      <![CDATA[ 
The process of creating a manual alarm by attribute st2 and extend to st1 by resource is started.
The process of creating a manual alarm by attribute st2 and extend to st1 by resource is complete.
 ]]>
    </system-out>
  </testcase> <!-- manualaByAttributeExtend1To01StEscResourceFrom02 -->
  <system-out>
    <![CDATA[Well come to RETTERAlarm Live branch
Logged in user-6039-DE-andrew-deptu-2
 
The process of creating a manual alarm by attribute st2 and extend to st1 by resource is started.
The process of creating a manual alarm by attribute st2 and extend to st1 by resource is complete.
 
 
The process of send message to manual alarm user is started.
The process of send message to manual alarm user is complete.
 
Logout sucessfully.
 
Refresh the URL before successfully closing the browser.
Browser close sucessfully.
 
Good to see you again.]]>
  </system-out>
</testsuite> <!-- function.A_testClassCreate -->
