<?xml version="1.0" encoding="UTF-8"?>
<!-- Generated by org.testng.reporters.JUnitReportReporter -->
<testsuite hostname="DESKTOP-T6L47BI" failures="0" tests="9" name="function.A_testClassCreate" time="211.864" errors="0" timestamp="2026-02-05T14:55:02 IST" skipped="0">
  <testcase classname="function.A_testClassCreate" name="smokeAlarmTemplate" time="19.890"/>
  <testcase classname="function.A_testClassCreate" name="smokeForEventCategory" time="22.796"/>
  <testcase classname="function.A_testClassCreate" name="smokeForManualAlarm" time="26.840"/>
  <testcase classname="function.A_testClassCreate" name="smokeForEscalation" time="15.554"/>
  <testcase classname="function.A_testClassCreate" name="smokeForResource" time="22.765"/>
  <testcase classname="function.A_testClassCreate" name="smokeForCalendar" time="19.519"/>
  <testcase classname="function.A_testClassCreate" name="smokeForAlrmLoop" time="20.448"/>
  <testcase classname="function.A_testClassCreate" name="smokeForCreateManualAlarm" time="38.473"/>
  <testcase classname="function.A_testClassCreate" name="smokeForinformation" time="25.579"/>
  <system-out>
    <![CDATA[Well come to RETTERAlarm Live branch
Logged in user-6039-DE-andrew-deptu-2
Logout sucessfully.
 
Refresh the URL before successfully closing the browser.
Browser close sucessfully.
 
Good to see you again.]]>
  </system-out>
</testsuite> <!-- function.A_testClassCreate -->
