<?xml version="1.0" encoding="UTF-8"?>
<!-- Generated by org.testng.reporters.JUnitReportReporter -->
<testsuite hostname="DESKTOP-T6L47BI" failures="0" tests="1" name="function.A_testClassCreate" time="33.235" errors="0" timestamp="2026-02-20T16:12:28 IST" skipped="0">
  <testcase classname="function.A_testClassCreate" name="createEventCategory" time="33.235">
    <system-out>
      <![CDATA[ 
The process for creating event category  has been initiated..
The process for ccreating event category has been completed successfully.
 ]]>
    </system-out>
  </testcase> <!-- createEventCategory -->
  <system-out>
    <![CDATA[Well come to RETTERAlarm Testing branch
Logged in user-914-IN-U11-U011-1
 
The process for creating event category  has been initiated..
The process for ccreating event category has been completed successfully.
 
Logout sucessfully.
 
Refresh the URL before successfully closing the browser.
Browser close sucessfully.
 
Good to see you again.]]>
  </system-out>
</testsuite> <!-- function.A_testClassCreate -->
