<?xml version="1.0" encoding="UTF-8"?>
<!-- Generated by org.testng.reporters.JUnitReportReporter -->
<testsuite hostname="DESKTOP-T6L47BI" failures="0" tests="4" name="function.A_testClassCreate" time="249.622" errors="0" timestamp="2026-02-04T19:10:58 IST" skipped="0">
  <testcase classname="function.A_testClassCreate" name="createCalendarEventByResource" time="58.939">
    <system-out>
      <![CDATA[ 
The process for creating calendar event by Resource has been initiated..
The process for creating calendar event by Resource has been completed successfully.
 ]]>
    </system-out>
  </testcase> <!-- createCalendarEventByResource -->
  <testcase classname="function.A_testClassCreate" name="createCalendarEventByFireFughterMS" time="67.080">
    <system-out>
      <![CDATA[ 
The process for creating calendar event by fire fighters has been initiated..
The process for creating calendar event by fire fighters has been completed successfully.
 ]]>
    </system-out>
  </testcase> <!-- createCalendarEventByFireFughterMS -->
  <testcase classname="function.A_testClassCreate" name="createCalendarEventByAttribute" time="60.163">
    <system-out>
      <![CDATA[ 
The process for creating calendar event by attribute has been initiated..
The process for creating calendar event by attribute has been completed successfully.
 ]]>
    </system-out>
  </testcase> <!-- createCalendarEventByAttribute -->
  <testcase classname="function.A_testClassCreate" name="createCalendarEventByStationsMS" time="63.440">
    <system-out>
      <![CDATA[ 
The process for creating calendar event by stations has been initiated..
The process for creating calendar event by stations has been completed successfully.
 ]]>
    </system-out>
  </testcase> <!-- createCalendarEventByStationsMS -->
  <system-out>
    <![CDATA[Well come to RETTERAlarm Live branch
Logged in user-6039-DE-andrew-deptu-2
 
The process for creating calendar event by attribute has been initiated..
The process for creating calendar event by attribute has been completed successfully.
 
 
The process for creating calendar event by Resource has been initiated..
The process for creating calendar event by Resource has been completed successfully.
 
 
The process for creating calendar event by fire fighters has been initiated..
The process for creating calendar event by fire fighters has been completed successfully.
 
 
The process for creating calendar event by stations has been initiated..
The process for creating calendar event by stations has been completed successfully.
 
Logout sucessfully.
 
Refresh the URL before successfully closing the browser.
Browser close sucessfully.
 
Good to see you again.]]>
  </system-out>
</testsuite> <!-- function.A_testClassCreate -->
