<?xml version="1.0" encoding="UTF-8"?>
<!-- Generated by org.testng.reporters.JUnitReportReporter -->
<testsuite hostname="DESKTOP-T6L47BI" failures="0" tests="8" name="function.A_testClassCreate" time="345.988" errors="0" timestamp="2026-05-06T18:26:14 IST" skipped="0">
  <testcase classname="function.A_testClassCreate" name="createChatFroupByResourceMS" time="50.680">
    <system-out>
      <![CDATA[ 
The process of create chat group by resource is started.
The process of create chat group by resource is complete.
 ]]>
    </system-out>
  </testcase> <!-- createChatFroupByResourceMS -->
  <testcase classname="function.A_testClassCreate" name="createChatFroupByAlarmLoopsMS" time="49.576">
    <system-out>
      <![CDATA[ 
The process of create chat group by alarm loop is started.
The process of create chat group by alarm loop is complete.
 ]]>
    </system-out>
  </testcase> <!-- createChatFroupByAlarmLoopsMS -->
  <testcase classname="function.A_testClassCreate" name="sendMessageToChatGroupCreatedByAttribute" time="31.698">
    <system-out>
      <![CDATA[ 
The process of send message to chat group by attribute is started.
The process of send message to chat group by attribute is complete.
 ]]>
    </system-out>
  </testcase> <!-- sendMessageToChatGroupCreatedByAttribute -->
  <testcase classname="function.A_testClassCreate" name="sendMessageToChatGroupCreatedByAlarmLoop" time="31.314">
    <system-out>
      <![CDATA[ 
The process of send message to chat group by alarm loop is started.
The process of send message to chat group by alarm loop is complete.
 ]]>
    </system-out>
  </testcase> <!-- sendMessageToChatGroupCreatedByAlarmLoop -->
  <testcase classname="function.A_testClassCreate" name="createChatFroupByAttributeMS" time="54.198">
    <system-out>
      <![CDATA[ 
The process of create chat group by attribute is started.
The process of create chat group by attribute is complete.
 ]]>
    </system-out>
  </testcase> <!-- createChatFroupByAttributeMS -->
  <testcase classname="function.A_testClassCreate" name="createChatFroupByFireFighterMS" time="60.889">
    <system-out>
      <![CDATA[ 
The process of create chat group by fire fighter is started.
The process of create chat group by fire fighter is complete.
 ]]>
    </system-out>
  </testcase> <!-- createChatFroupByFireFighterMS -->
  <testcase classname="function.A_testClassCreate" name="sendMessageToChatGroupCreatedByFireFighter" time="32.707">
    <system-out>
      <![CDATA[ 
The process of send message to chat group by fire fighter is started.
The process of send message to chat group by fire fighter is complete.
 ]]>
    </system-out>
  </testcase> <!-- sendMessageToChatGroupCreatedByFireFighter -->
  <testcase classname="function.A_testClassCreate" name="sendMessageToChatGroupCreatedByResource" time="34.926">
    <system-out>
      <![CDATA[ 
The process of send message to chat group by resource is started.
The process of send message to chat group by resource is complete.
 ]]>
    </system-out>
  </testcase> <!-- sendMessageToChatGroupCreatedByResource -->
  <system-out>
    <![CDATA[Well come to RETTERAlarm Live branch
Logged in user-6039-DE-andrew-deptu-2
 
The process of create chat group by attribute is started.
The process of create chat group by attribute is complete.
 
 
The process of create chat group by resource is started.
The process of create chat group by resource is complete.
 
 
The process of create chat group by alarm loop is started.
The process of create chat group by alarm loop is complete.
 
 
The process of create chat group by fire fighter is started.
The process of create chat group by fire fighter is complete.
 
 
The process of send message to chat group by attribute is started.
The process of send message to chat group by attribute is complete.
 
 
The process of send message to chat group by resource is started.
The process of send message to chat group by resource is complete.
 
 
The process of send message to chat group by alarm loop is started.
The process of send message to chat group by alarm loop is complete.
 
 
The process of send message to chat group by fire fighter is started.
The process of send message to chat group by fire fighter is complete.
 
Logout sucessfully.
 
Refresh the URL before successfully closing the browser.
Browser close sucessfully.
 
Good to see you again.]]>
  </system-out>
</testsuite> <!-- function.A_testClassCreate -->
