<?xml version="1.0" encoding="UTF-8"?>
<!-- Generated by org.testng.reporters.JUnitReportReporter -->
<testsuite hostname="DESKTOP-T6L47BI" failures="0" tests="18" name="function.A_testClassCreate" time="1025.212" errors="1" timestamp="2026-02-03T13:31:10 IST" skipped="0">
  <testcase classname="function.A_testClassCreate" name="createNewAlarmTemplateByFirefighter" time="59.400">
    <system-out>
      <![CDATA[ 
The process of creating new alarm template by fire fighter is started.
The process of creating new alarm template by fire fighter is complete.
 ]]>
    </system-out>
  </testcase> <!-- createNewAlarmTemplateByFirefighter -->
  <testcase classname="function.A_testClassCreate" name="createEventCategory" time="28.162">
    <system-out>
      <![CDATA[ 
The process for creating event category  has been initiated..
The process for ccreating event category has been completed successfully.
 ]]>
    </system-out>
  </testcase> <!-- createEventCategory -->
  <testcase classname="function.A_testClassCreate" name="createMonitorInformationByResource" time="64.358">
    <system-out>
      <![CDATA[ 
The process for creating a new monitor information using Resource has been initiated.
The process for creating a new monitor information using Resource has been completed successfully.
 ]]>
    </system-out>
  </testcase> <!-- createMonitorInformationByResource -->
  <testcase classname="function.A_testClassCreate" name="createNewAlarmLoop" time="34.937">
    <system-out>
      <![CDATA[ 
The process of creating new alarm loop is started.
The process of creating new alarm loop is is complete.
 ]]>
    </system-out>
  </testcase> <!-- createNewAlarmLoop -->
  <testcase classname="function.A_testClassCreate" name="create1HrInformationEventByResource" time="70.274">
    <system-out>
      <![CDATA[ 
The process for creating a new Information-Event using resource has been initiated.
The process for creating a new Information-Event using resource has been completed successfully.
 ]]>
    </system-out>
  </testcase> <!-- create1HrInformationEventByResource -->
  <testcase classname="function.A_testClassCreate" name="createCalendarEventByAttribute" time="51.935">
    <system-out>
      <![CDATA[ 
The process for creating calendar event by attribute has been initiated..
The process for creating calendar event by attribute has been completed successfully.
 ]]>
    </system-out>
  </testcase> <!-- createCalendarEventByAttribute -->
  <testcase classname="function.A_testClassCreate" name="createMonitorInformationByFireFighter" time="67.948">
    <system-out>
      <![CDATA[ 
The process for creating a new monitor information using Fire Fighters has been initiated.
The process for creating a new monitor information using Fire Fighters has been completed successfully.
 ]]>
    </system-out>
  </testcase> <!-- createMonitorInformationByFireFighter -->
  <testcase classname="function.A_testClassCreate" name="createNewAlarmTemplateByResource" time="45.752">
    <system-out>
      <![CDATA[ 
The process of creating new alarm template by resource is started.
The process of creating new alarm template by resource is complete.
 ]]>
    </system-out>
  </testcase> <!-- createNewAlarmTemplateByResource -->
  <testcase classname="function.A_testClassCreate" name="create1MinInformationEventByAttribute" time="67.921">
    <system-out>
      <![CDATA[ 
The process for creating a new Information-Event using attribute has been initiated.
The process for creating a new Information-Event using attribute has been completed successfully.
 ]]>
    </system-out>
  </testcase> <!-- create1MinInformationEventByAttribute -->
  <testcase classname="function.A_testClassCreate" name="createMonitorInformationByAttribute" time="65.112">
    <system-out>
      <![CDATA[ 
The process for creating a new monitor information using attributes has been initiated.
The process for creating a new monitor information using attributes has been completed successfully.
 ]]>
    </system-out>
  </testcase> <!-- createMonitorInformationByAttribute -->
  <testcase classname="function.A_testClassCreate" name="createMonitorInformationByStations" time="63.806">
    <system-out>
      <![CDATA[ 
The process for creating a new monitor information using Fire Stations has been initiated.
The process for creating a new monitor information using Stations has been completed successfully.
 ]]>
    </system-out>
  </testcase> <!-- createMonitorInformationByStations -->
  <testcase classname="function.A_testClassCreate" name="createMonitorInformationByFireFighterForTwoStation" time="75.158">
    <error message="no such element: Unable to locate element: {&quot;method&quot;:&quot;xpath&quot;,&quot;selector&quot;:&quot;(//td[contains(translate(text(),&#039;BG&#039;,&#039;bg&#039;),&#039;bg&#039;)])[1]&quot;}
  (Session info: chrome=144.0.7559.110)
For documentation on this error, please visit: https://www.selenium.dev/documentation/webdriver/troubleshooting/errors#no-such-element-exception
Build info: version: &#039;4.17.0&#039;, revision: &#039;e52b1be057*&#039;
System info: os.name: &#039;Windows 11&#039;, os.arch: &#039;amd64&#039;, os.version: &#039;10.0&#039;, java.version: &#039;17.0.9&#039;
Driver info: org.openqa.selenium.chrome.ChromeDriver
Command: [3f70c998423f9ef2a7eaf02acec68787, findElement {using=xpath, value=(//td[contains(translate(text(),&#039;BG&#039;,&#039;bg&#039;),&#039;bg&#039;)])[1]}]
Capabilities {acceptInsecureCerts: false, browserName: chrome, browserVersion: 144.0.7559.110, chrome: {chromedriverVersion: 144.0.7559.109 (6a8d5e49388..., userDataDir: C:\Users\BHUPESH\AppData\Lo...}, fedcm:accounts: true, goog:chromeOptions: {debuggerAddress: localhost:59312}, goog:processID: 21540, networkConnectionEnabled: false, pageLoadStrategy: normal, platformName: windows, proxy: Proxy(), se:cdp: ws://localhost:59312/devtoo..., se:cdpVersion: 144.0.7559.110, setWindowRect: true, strictFileInteractability: false, timeouts: {implicit: 0, pageLoad: 300000, script: 30000}, unhandledPromptBehavior: dismiss and notify, webauthn:extension:credBlob: true, webauthn:extension:largeBlob: true, webauthn:extension:minPinLength: true, webauthn:extension:prf: true, webauthn:virtualAuthenticators: true}
Session ID: 3f70c998423f9ef2a7eaf02acec68787" type="org.openqa.selenium.NoSuchElementException">
      <![CDATA[org.openqa.selenium.NoSuchElementException: no such element: Unable to locate element: {"method":"xpath","selector":"(//td[contains(translate(text(),'BG','bg'),'bg')])[1]"}
  (Session info: chrome=144.0.7559.110)
For documentation on this error, please visit: https://www.selenium.dev/documentation/webdriver/troubleshooting/errors#no-such-element-exception
Build info: version: '4.17.0', revision: 'e52b1be057*'
System info: os.name: 'Windows 11', os.arch: 'amd64', os.version: '10.0', java.version: '17.0.9'
Driver info: org.openqa.selenium.chrome.ChromeDriver
Command: [3f70c998423f9ef2a7eaf02acec68787, findElement {using=xpath, value=(//td[contains(translate(text(),'BG','bg'),'bg')])[1]}]
Capabilities {acceptInsecureCerts: false, browserName: chrome, browserVersion: 144.0.7559.110, chrome: {chromedriverVersion: 144.0.7559.109 (6a8d5e49388..., userDataDir: C:\Users\BHUPESH\AppData\Lo...}, fedcm:accounts: true, goog:chromeOptions: {debuggerAddress: localhost:59312}, goog:processID: 21540, networkConnectionEnabled: false, pageLoadStrategy: normal, platformName: windows, proxy: Proxy(), se:cdp: ws://localhost:59312/devtoo..., se:cdpVersion: 144.0.7559.110, setWindowRect: true, strictFileInteractability: false, timeouts: {implicit: 0, pageLoad: 300000, script: 30000}, unhandledPromptBehavior: dismiss and notify, webauthn:extension:credBlob: true, webauthn:extension:largeBlob: true, webauthn:extension:minPinLength: true, webauthn:extension:prf: true, webauthn:virtualAuthenticators: true}
Session ID: 3f70c998423f9ef2a7eaf02acec68787
at java.base/jdk.internal.reflect.NativeConstructorAccessorImpl.newInstance0(Native Method)
at java.base/jdk.internal.reflect.NativeConstructorAccessorImpl.newInstance(NativeConstructorAccessorImpl.java:77)
at java.base/jdk.internal.reflect.DelegatingConstructorAccessorImpl.newInstance(DelegatingConstructorAccessorImpl.java:45)
at java.base/java.lang.reflect.Constructor.newInstanceWithCaller(Constructor.java:499)
at java.base/java.lang.reflect.Constructor.newInstance(Constructor.java:480)
at org.openqa.selenium.remote.codec.w3c.W3CHttpResponseCodec.createException(W3CHttpResponseCodec.java:185)
at org.openqa.selenium.remote.codec.w3c.W3CHttpResponseCodec.decode(W3CHttpResponseCodec.java:134)
at org.openqa.selenium.remote.codec.w3c.W3CHttpResponseCodec.decode(W3CHttpResponseCodec.java:51)
at org.openqa.selenium.remote.HttpCommandExecutor.execute(HttpCommandExecutor.java:190)
at org.openqa.selenium.remote.service.DriverCommandExecutor.invokeExecute(DriverCommandExecutor.java:216)
at org.openqa.selenium.remote.service.DriverCommandExecutor.execute(DriverCommandExecutor.java:174)
at org.openqa.selenium.remote.RemoteWebDriver.execute(RemoteWebDriver.java:519)
at org.openqa.selenium.remote.ElementLocation$ElementFinder$2.findElement(ElementLocation.java:165)
at org.openqa.selenium.remote.ElementLocation.findElement(ElementLocation.java:59)
at org.openqa.selenium.remote.RemoteWebDriver.findElement(RemoteWebDriver.java:356)
at org.openqa.selenium.remote.RemoteWebDriver.findElement(RemoteWebDriver.java:350)
at org.openqa.selenium.support.pagefactory.DefaultElementLocator.findElement(DefaultElementLocator.java:68)
at org.openqa.selenium.support.pagefactory.internal.LocatingElementHandler.invoke(LocatingElementHandler.java:38)
at jdk.proxy2/jdk.proxy2.$Proxy22.getText(Unknown Source)
at function.L_Information.createMonitorInformationByFireFighterForTwoStation(L_Information.java:948)
at function.A_testClassCreate.createMonitorInformationByFireFighterForTwoStation(A_testClassCreate.java:404)
at java.base/jdk.internal.reflect.NativeMethodAccessorImpl.invoke0(Native Method)
at java.base/jdk.internal.reflect.NativeMethodAccessorImpl.invoke(NativeMethodAccessorImpl.java:77)
at java.base/jdk.internal.reflect.DelegatingMethodAccessorImpl.invoke(DelegatingMethodAccessorImpl.java:43)
at java.base/java.lang.reflect.Method.invoke(Method.java:568)
at org.testng.internal.invokers.MethodInvocationHelper.invokeMethod(MethodInvocationHelper.java:139)
at org.testng.internal.invokers.TestInvoker.invokeMethod(TestInvoker.java:664)
at org.testng.internal.invokers.TestInvoker.invokeTestMethod(TestInvoker.java:228)
at org.testng.internal.invokers.MethodRunner.runInSequence(MethodRunner.java:63)
at org.testng.internal.invokers.TestInvoker$MethodInvocationAgent.invoke(TestInvoker.java:961)
at org.testng.internal.invokers.TestInvoker.invokeTestMethods(TestInvoker.java:201)
at org.testng.internal.invokers.TestMethodWorker.invokeTestMethods(TestMethodWorker.java:148)
at org.testng.internal.invokers.TestMethodWorker.run(TestMethodWorker.java:128)
at java.base/java.util.ArrayList.forEach(ArrayList.java:1511)
at org.testng.TestRunner.privateRun(TestRunner.java:819)
at org.testng.TestRunner.run(TestRunner.java:619)
at org.testng.SuiteRunner.runTest(SuiteRunner.java:443)
at org.testng.SuiteRunner.runSequentially(SuiteRunner.java:437)
at org.testng.SuiteRunner.privateRun(SuiteRunner.java:397)
at org.testng.SuiteRunner.run(SuiteRunner.java:336)
at org.testng.SuiteRunnerWorker.runSuite(SuiteRunnerWorker.java:52)
at org.testng.SuiteRunnerWorker.run(SuiteRunnerWorker.java:95)
at org.testng.TestNG.runSuitesSequentially(TestNG.java:1301)
at org.testng.TestNG.runSuitesLocally(TestNG.java:1228)
at org.testng.TestNG.runSuites(TestNG.java:1134)
at org.testng.TestNG.run(TestNG.java:1101)
at org.testng.remote.AbstractRemoteTestNG.run(AbstractRemoteTestNG.java:115)
at org.testng.remote.RemoteTestNG.initAndRun(RemoteTestNG.java:251)
at org.testng.remote.RemoteTestNG.main(RemoteTestNG.java:77)
]]>
    </error>
    <system-out>
      <![CDATA[ 
The process for creating a new monitor information using Fire Stations has been initiated.]]>
    </system-out>
  </testcase> <!-- createMonitorInformationByFireFighterForTwoStation -->
  <testcase classname="function.A_testClassCreate" name="createFullDayInformationEventByStation" time="54.730">
    <system-out>
      <![CDATA[ 
The process for creating a new Information-Event full day using stations has been initiated.
The process for creating a new  Information-Event full day using stations has been completed successfully.
 ]]>
    </system-out>
  </testcase> <!-- createFullDayInformationEventByStation -->
  <testcase classname="function.A_testClassCreate" name="create1DayInformationEventByFireFighter" time="78.312">
    <system-out>
      <![CDATA[ 
The process for creating a new Information-Event using fire fighter  has been initiated.
The process for creating a new Information-Event using fire fighter has been completed successfully.
 ]]>
    </system-out>
  </testcase> <!-- create1DayInformationEventByFireFighter -->
  <testcase classname="function.A_testClassCreate" name="createCalendarEventByResource" time="53.969">
    <system-out>
      <![CDATA[ 
The process for creating calendar event by Resource has been initiated..
The process for creating calendar event by Resource has been completed successfully.
 ]]>
    </system-out>
  </testcase> <!-- createCalendarEventByResource -->
  <testcase classname="function.A_testClassCreate" name="SendMessageTo1DayInformationEventByFireFighter" time="35.160">
    <system-out>
      <![CDATA[ 
The process for sending messages for full-day Information Events using stations has been initiated..
The process for sending messages for full-day Information Events using stations  has been completed successfully.
 ]]>
    </system-out>
  </testcase> <!-- SendMessageTo1DayInformationEventByFireFighter -->
  <testcase classname="function.A_testClassCreate" name="createCalendarEventByFireFughterMS" time="61.509">
    <system-out>
      <![CDATA[ 
The process for creating calendar event by fire fighters has been initiated..
The process for creating calendar event by fire fighters has been completed successfully.
 ]]>
    </system-out>
  </testcase> <!-- createCalendarEventByFireFughterMS -->
  <testcase classname="function.A_testClassCreate" name="createCalendarEventByStationsMS" time="46.769">
    <system-out>
      <![CDATA[ 
The process for creating calendar event by stations has been initiated..
The process for creating calendar event by stations has been completed successfully.
 ]]>
    </system-out>
  </testcase> <!-- createCalendarEventByStationsMS -->
  <system-out>
    <![CDATA[Well come to RETTERAlarm Live branch
Logged in user-6039-DE-andrew-deptu-2
 
The process for creating a new monitor information using attributes has been initiated.
The process for creating a new monitor information using attributes has been completed successfully.
 
 
The process for creating a new monitor information using Resource has been initiated.
The process for creating a new monitor information using Resource has been completed successfully.
 
 
The process for creating a new monitor information using Fire Fighters has been initiated.
The process for creating a new monitor information using Fire Fighters has been completed successfully.
 
 
The process for creating a new monitor information using Fire Stations has been initiated.
The process for creating a new monitor information using Stations has been completed successfully.
 
 
The process for creating a new monitor information using Fire Stations has been initiated.
 
The process for creating a new Information-Event using attribute has been initiated.
The process for creating a new Information-Event using attribute has been completed successfully.
 
 
The process for creating a new Information-Event using resource has been initiated.
The process for creating a new Information-Event using resource has been completed successfully.
 
 
The process for creating a new Information-Event using fire fighter  has been initiated.
The process for creating a new Information-Event using fire fighter has been completed successfully.
 
 
The process for creating a new Information-Event full day using stations has been initiated.
The process for creating a new  Information-Event full day using stations has been completed successfully.
 
 
The process for sending messages for full-day Information Events using stations has been initiated..
The process for sending messages for full-day Information Events using stations  has been completed successfully.
 
 
The process for creating calendar event by attribute has been initiated..
The process for creating calendar event by attribute has been completed successfully.
 
 
The process for creating calendar event by Resource has been initiated..
The process for creating calendar event by Resource has been completed successfully.
 
 
The process for creating calendar event by fire fighters has been initiated..
The process for creating calendar event by fire fighters has been completed successfully.
 
 
The process for creating calendar event by stations has been initiated..
The process for creating calendar event by stations has been completed successfully.
 
 
The process of creating new alarm template by resource is started.
The process of creating new alarm template by resource is complete.
 
 
The process of creating new alarm template by fire fighter is started.
The process of creating new alarm template by fire fighter is complete.
 
 
The process of creating new alarm loop is started.
The process of creating new alarm loop is is complete.
 
 
The process for creating event category  has been initiated..
The process for ccreating event category has been completed successfully.
 
Logout sucessfully.
 
Refresh the URL before successfully closing the browser.
Browser close sucessfully.
 
Good to see you again.]]>
  </system-out>
</testsuite> <!-- function.A_testClassCreate -->
