<?xml version="1.0" encoding="UTF-8"?>
<!-- Generated by org.testng.reporters.JUnitReportReporter -->
<testsuite hostname="DESKTOP-T6L47BI" failures="0" tests="41" name="function.A_testClassCreate" time="75.580" errors="1" timestamp="2026-04-28T15:14:55 IST" skipped="38">
  <testcase classname="function.A_testClassCreate" name="manualAlarmByFirefighterMs" time="16.317">
    <skipped/>
  </testcase> <!-- manualAlarmByFirefighterMs -->
  <testcase classname="function.A_testClassCreate" name="SendMessageTo1DayInformationEventByFireFighter" time="7.324">
    <skipped/>
  </testcase> <!-- SendMessageTo1DayInformationEventByFireFighter -->
  <testcase classname="function.A_testClassCreate" name="createCalendarEventByAttribute" time="0.000">
    <skipped/>
  </testcase> <!-- createCalendarEventByAttribute -->
  <testcase classname="function.A_testClassCreate" name="CheckAlarmExtendFunctionality" time="0.000">
    <skipped/>
  </testcase> <!-- CheckAlarmExtendFunctionality -->
  <testcase classname="function.A_testClassCreate" name="createMonitorInformationByFireFighter" time="0.000">
    <skipped/>
  </testcase> <!-- createMonitorInformationByFireFighter -->
  <testcase classname="function.A_testClassCreate" name="createNewAlarmTemplateByResource" time="0.000">
    <skipped/>
  </testcase> <!-- createNewAlarmTemplateByResource -->
  <testcase classname="function.A_testClassCreate" name="createNewAlarmEscalation" time="0.000">
    <skipped/>
  </testcase> <!-- createNewAlarmEscalation -->
  <testcase classname="function.A_testClassCreate" name="createCalendarEventByStationsMS" time="0.000">
    <skipped/>
  </testcase> <!-- createCalendarEventByStationsMS -->
  <testcase classname="function.A_testClassCreate" name="manualAlarmByNewREsource" time="0.000">
    <skipped/>
  </testcase> <!-- manualAlarmByNewREsource -->
  <testcase classname="function.A_testClassCreate" name="createMonitorInformationByStations" time="0.000">
    <skipped/>
  </testcase> <!-- createMonitorInformationByStations -->
  <testcase classname="function.A_testClassCreate" name="sendMessageToNewApiAlarmUser" time="25.806">
    <system-out>
      <![CDATA[ 
The process of send message to new api alarm user is started.
[31m✖ [0mChat option not found.
The process of send message to new api alarm user is complete.
 ]]>
    </system-out>
  </testcase> <!-- sendMessageToNewApiAlarmUser -->
  <testcase classname="function.A_testClassCreate" name="sendMessageToManualAlarmUser" time="0.000">
    <skipped/>
  </testcase> <!-- sendMessageToManualAlarmUser -->
  <testcase classname="function.A_testClassCreate" name="manualAlarmByNewEscResource" time="0.000">
    <skipped/>
  </testcase> <!-- manualAlarmByNewEscResource -->
  <testcase classname="function.A_testClassCreate" name="createMonitorInformationByFireFighterForTwoStation" time="0.000">
    <skipped/>
  </testcase> <!-- createMonitorInformationByFireFighterForTwoStation -->
  <testcase classname="function.A_testClassCreate" name="sendMessageToOldApiAlarmUser" time="22.934">
    <system-out>
      <![CDATA[ 
The process of send message to old api alarm user is started.
[31m✖ [0mChat option not found.
The process of send message to old api alarm user is complete.
 ]]>
    </system-out>
  </testcase> <!-- sendMessageToOldApiAlarmUser -->
  <testcase classname="function.A_testClassCreate" name="create1MinInformationEventByAttribute" time="0.000">
    <skipped/>
  </testcase> <!-- create1MinInformationEventByAttribute -->
  <testcase classname="function.A_testClassCreate" name="CheckApiAlarmEscalationFunctionality" time="0.000">
    <skipped/>
  </testcase> <!-- CheckApiAlarmEscalationFunctionality -->
  <testcase classname="function.A_testClassCreate" name="manualaByAttributeMSLP" time="0.000">
    <skipped/>
  </testcase> <!-- manualaByAttributeMSLP -->
  <testcase classname="function.A_testClassCreate" name="createCalendarEventByResource" time="0.000">
    <skipped/>
  </testcase> <!-- createCalendarEventByResource -->
  <testcase classname="function.A_testClassCreate" name="backToHomePage2" time="3.197">
    <error message="invalid session id: session deleted as the browser has closed the connection
from disconnected: not connected to DevTools
  (Session info: chrome=147.0.7727.116)
Build info: version: &#039;4.17.0&#039;, revision: &#039;e52b1be057*&#039;
System info: os.name: &#039;Windows 11&#039;, os.arch: &#039;amd64&#039;, os.version: &#039;10.0&#039;, java.version: &#039;17.0.9&#039;
Driver info: org.openqa.selenium.chrome.ChromeDriver
Command: [c3ca2ed1e47ff2783bea23fd1dfc968f, get {url=https://live.retteralarm.de/}]
Capabilities {acceptInsecureCerts: false, browserName: chrome, browserVersion: 147.0.7727.116, chrome: {chromedriverVersion: 147.0.7727.117 (474cc805edd..., userDataDir: C:\Users\BHUPESH\AppData\Lo...}, fedcm:accounts: true, goog:chromeOptions: {debuggerAddress: localhost:63342}, goog:processID: 13632, networkConnectionEnabled: false, pageLoadStrategy: normal, platformName: windows, proxy: Proxy(), se:cdp: ws://localhost:63342/devtoo..., se:cdpVersion: 147.0.7727.116, setWindowRect: true, strictFileInteractability: false, timeouts: {implicit: 0, pageLoad: 300000, script: 30000}, unhandledPromptBehavior: dismiss and notify, webauthn:extension:credBlob: true, webauthn:extension:largeBlob: true, webauthn:extension:minPinLength: true, webauthn:extension:prf: true, webauthn:virtualAuthenticators: true}
Session ID: c3ca2ed1e47ff2783bea23fd1dfc968f" type="org.openqa.selenium.NoSuchSessionException">
      <![CDATA[org.openqa.selenium.NoSuchSessionException: invalid session id: session deleted as the browser has closed the connection
from disconnected: not connected to DevTools
  (Session info: chrome=147.0.7727.116)
Build info: version: '4.17.0', revision: 'e52b1be057*'
System info: os.name: 'Windows 11', os.arch: 'amd64', os.version: '10.0', java.version: '17.0.9'
Driver info: org.openqa.selenium.chrome.ChromeDriver
Command: [c3ca2ed1e47ff2783bea23fd1dfc968f, get {url=https://live.retteralarm.de/}]
Capabilities {acceptInsecureCerts: false, browserName: chrome, browserVersion: 147.0.7727.116, chrome: {chromedriverVersion: 147.0.7727.117 (474cc805edd..., userDataDir: C:\Users\BHUPESH\AppData\Lo...}, fedcm:accounts: true, goog:chromeOptions: {debuggerAddress: localhost:63342}, goog:processID: 13632, networkConnectionEnabled: false, pageLoadStrategy: normal, platformName: windows, proxy: Proxy(), se:cdp: ws://localhost:63342/devtoo..., se:cdpVersion: 147.0.7727.116, setWindowRect: true, strictFileInteractability: false, timeouts: {implicit: 0, pageLoad: 300000, script: 30000}, unhandledPromptBehavior: dismiss and notify, webauthn:extension:credBlob: true, webauthn:extension:largeBlob: true, webauthn:extension:minPinLength: true, webauthn:extension:prf: true, webauthn:virtualAuthenticators: true}
Session ID: c3ca2ed1e47ff2783bea23fd1dfc968f
at java.base/jdk.internal.reflect.NativeConstructorAccessorImpl.newInstance0(Native Method)
at java.base/jdk.internal.reflect.NativeConstructorAccessorImpl.newInstance(NativeConstructorAccessorImpl.java:77)
at java.base/jdk.internal.reflect.DelegatingConstructorAccessorImpl.newInstance(DelegatingConstructorAccessorImpl.java:45)
at java.base/java.lang.reflect.Constructor.newInstanceWithCaller(Constructor.java:499)
at java.base/java.lang.reflect.Constructor.newInstance(Constructor.java:480)
at org.openqa.selenium.remote.codec.w3c.W3CHttpResponseCodec.createException(W3CHttpResponseCodec.java:185)
at org.openqa.selenium.remote.codec.w3c.W3CHttpResponseCodec.decode(W3CHttpResponseCodec.java:134)
at org.openqa.selenium.remote.codec.w3c.W3CHttpResponseCodec.decode(W3CHttpResponseCodec.java:51)
at org.openqa.selenium.remote.HttpCommandExecutor.execute(HttpCommandExecutor.java:190)
at org.openqa.selenium.remote.service.DriverCommandExecutor.invokeExecute(DriverCommandExecutor.java:216)
at org.openqa.selenium.remote.service.DriverCommandExecutor.execute(DriverCommandExecutor.java:174)
at org.openqa.selenium.remote.RemoteWebDriver.execute(RemoteWebDriver.java:519)
at org.openqa.selenium.remote.RemoteWebDriver.get(RemoteWebDriver.java:301)
at org.openqa.selenium.remote.RemoteWebDriver$RemoteNavigation.to(RemoteWebDriver.java:1064)
at function.D_homePage.backToHomePage(D_homePage.java:41)
at function.A_testClassCreate.backToHomePage2(A_testClassCreate.java:1050)
at java.base/jdk.internal.reflect.NativeMethodAccessorImpl.invoke0(Native Method)
at java.base/jdk.internal.reflect.NativeMethodAccessorImpl.invoke(NativeMethodAccessorImpl.java:77)
at java.base/jdk.internal.reflect.DelegatingMethodAccessorImpl.invoke(DelegatingMethodAccessorImpl.java:43)
at java.base/java.lang.reflect.Method.invoke(Method.java:568)
at org.testng.internal.invokers.MethodInvocationHelper.invokeMethod(MethodInvocationHelper.java:139)
at org.testng.internal.invokers.MethodInvocationHelper.invokeMethodConsideringTimeout(MethodInvocationHelper.java:69)
at org.testng.internal.invokers.ConfigInvoker.invokeConfigurationMethod(ConfigInvoker.java:393)
at org.testng.internal.invokers.ConfigInvoker.invokeConfigurations(ConfigInvoker.java:326)
at org.testng.internal.invokers.TestInvoker.runConfigMethods(TestInvoker.java:810)
at org.testng.internal.invokers.TestInvoker.runAfterConfigurations(TestInvoker.java:779)
at org.testng.internal.invokers.TestInvoker.invokeMethod(TestInvoker.java:755)
at org.testng.internal.invokers.TestInvoker.invokeTestMethod(TestInvoker.java:228)
at org.testng.internal.invokers.MethodRunner.runInSequence(MethodRunner.java:63)
at org.testng.internal.invokers.TestInvoker$MethodInvocationAgent.invoke(TestInvoker.java:961)
at org.testng.internal.invokers.TestInvoker.invokeTestMethods(TestInvoker.java:201)
at org.testng.internal.invokers.TestMethodWorker.invokeTestMethods(TestMethodWorker.java:148)
at org.testng.internal.invokers.TestMethodWorker.run(TestMethodWorker.java:128)
at java.base/java.util.ArrayList.forEach(ArrayList.java:1511)
at org.testng.TestRunner.privateRun(TestRunner.java:819)
at org.testng.TestRunner.run(TestRunner.java:619)
at org.testng.SuiteRunner.runTest(SuiteRunner.java:443)
at org.testng.SuiteRunner.runSequentially(SuiteRunner.java:437)
at org.testng.SuiteRunner.privateRun(SuiteRunner.java:397)
at org.testng.SuiteRunner.run(SuiteRunner.java:336)
at org.testng.SuiteRunnerWorker.runSuite(SuiteRunnerWorker.java:52)
at org.testng.SuiteRunnerWorker.run(SuiteRunnerWorker.java:95)
at org.testng.TestNG.runSuitesSequentially(TestNG.java:1301)
at org.testng.TestNG.runSuitesLocally(TestNG.java:1228)
at org.testng.TestNG.runSuites(TestNG.java:1134)
at org.testng.TestNG.run(TestNG.java:1101)
at org.testng.remote.AbstractRemoteTestNG.run(AbstractRemoteTestNG.java:115)
at org.testng.remote.RemoteTestNG.initAndRun(RemoteTestNG.java:251)
at org.testng.remote.RemoteTestNG.main(RemoteTestNG.java:77)
]]>
    </error>
  </testcase> <!-- backToHomePage2 -->
  <testcase classname="function.A_testClassCreate" name="createNewEscalationResource" time="0.000">
    <skipped/>
  </testcase> <!-- createNewEscalationResource -->
  <testcase classname="function.A_testClassCreate" name="createEventCategory" time="0.000">
    <skipped/>
  </testcase> <!-- createEventCategory -->
  <testcase classname="function.A_testClassCreate" name="createNewAlarmTemplateByFirefighter" time="0.000">
    <skipped/>
  </testcase> <!-- createNewAlarmTemplateByFirefighter -->
  <testcase classname="function.A_testClassCreate" name="createNewAlarmLoop" time="0.000">
    <skipped/>
  </testcase> <!-- createNewAlarmLoop -->
  <testcase classname="function.A_testClassCreate" name="sendMessageToApiEsclationAlarm" time="0.001">
    <skipped/>
  </testcase> <!-- sendMessageToApiEsclationAlarm -->
  <testcase classname="function.A_testClassCreate" name="manualAlarmByEscResourceMs" time="0.000">
    <skipped/>
  </testcase> <!-- manualAlarmByEscResourceMs -->
  <testcase classname="function.A_testClassCreate" name="createFullDayInformationEventByStation" time="0.000">
    <skipped/>
  </testcase> <!-- createFullDayInformationEventByStation -->
  <testcase classname="function.A_testClassCreate" name="createMonitorInformationByResource" time="0.000">
    <skipped/>
  </testcase> <!-- createMonitorInformationByResource -->
  <testcase classname="function.A_testClassCreate" name="createCalendarEventByFireFughterMS" time="0.000">
    <skipped/>
  </testcase> <!-- createCalendarEventByFireFughterMS -->
  <testcase classname="function.A_testClassCreate" name="manualAlarmByOldEsclationTemplateFromSt02ToSt01" time="0.000">
    <skipped/>
  </testcase> <!-- manualAlarmByOldEsclationTemplateFromSt02ToSt01 -->
  <testcase classname="function.A_testClassCreate" name="createNewResource" time="0.000">
    <skipped/>
  </testcase> <!-- createNewResource -->
  <testcase classname="function.A_testClassCreate" name="createNewAlarmTemplateByAttribute" time="0.001">
    <skipped/>
  </testcase> <!-- createNewAlarmTemplateByAttribute -->
  <testcase classname="function.A_testClassCreate" name="manualaByAttributeExtend1To01StEscResourceFrom02" time="0.000">
    <skipped/>
  </testcase> <!-- manualaByAttributeExtend1To01StEscResourceFrom02 -->
  <testcase classname="function.A_testClassCreate" name="create1HrInformationEventByResource" time="0.000">
    <skipped/>
  </testcase> <!-- create1HrInformationEventByResource -->
  <testcase classname="function.A_testClassCreate" name="createAlarmByNewlyAddedTemplateFromTemplateModule" time="0.000">
    <skipped/>
  </testcase> <!-- createAlarmByNewlyAddedTemplateFromTemplateModule -->
  <testcase classname="function.A_testClassCreate" name="CheckManualAlarmEscalationFunctionality" time="0.000">
    <skipped/>
  </testcase> <!-- CheckManualAlarmEscalationFunctionality -->
  <testcase classname="function.A_testClassCreate" name="create1DayInformationEventByFireFighter" time="0.000">
    <skipped/>
  </testcase> <!-- create1DayInformationEventByFireFighter -->
  <testcase classname="function.A_testClassCreate" name="manualAlarmByEscResourceSingleStation" time="0.000">
    <skipped/>
  </testcase> <!-- manualAlarmByEscResourceSingleStation -->
  <testcase classname="function.A_testClassCreate" name="manualAlarmByResourceMs" time="0.000">
    <skipped/>
  </testcase> <!-- manualAlarmByResourceMs -->
  <testcase classname="function.A_testClassCreate" name="manualaByAttributeSingleStation" time="0.000">
    <skipped/>
  </testcase> <!-- manualaByAttributeSingleStation -->
  <testcase classname="function.A_testClassCreate" name="createMonitorInformationByAttribute" time="0.000">
    <skipped/>
  </testcase> <!-- createMonitorInformationByAttribute -->
  <system-out>
    <![CDATA[Well come to RETTERAlarm Live branch
Logged in user-6039-DE-andrew-deptu-2
 
The process of send message to new api alarm user is started.
[31m✖ [0mChat option not found.
The process of send message to new api alarm user is complete.
 
 
The process of send message to old api alarm user is started.
[31m✖ [0mChat option not found.
The process of send message to old api alarm user is complete.
 ]]>
  </system-out>
</testsuite> <!-- function.A_testClassCreate -->
